{"contracts/Delegation.sol":{"l":{"83":0,"87":0,"91":0,"95":0,"96":0,"97":0,"98":0,"102":0,"103":0,"109":0,"111":0,"112":0,"114":0,"116":0,"120":0,"124":0,"125":0,"129":0,"130":0,"131":0,"132":0,"136":0,"140":0,"142":0,"144":0,"145":0,"148":0,"149":0,"150":0,"151":0,"152":0,"153":0,"154":0,"155":0,"157":0,"161":0,"162":0,"163":0,"165":0,"166":0,"169":0,"171":0,"172":0,"173":0,"174":0,"176":0,"177":0,"180":0,"181":0,"183":0,"184":0,"186":0,"187":0,"190":0,"194":0,"195":0,"196":0,"197":0,"198":0,"199":0,"200":0,"201":0,"219":0,"221":0,"222":0,"225":0,"226":0,"229":0,"239":0,"240":0,"246":0,"251":0,"253":0,"254":0,"257":0,"264":0,"266":0,"267":0,"272":0,"275":0,"277":0,"278":0,"284":0,"286":0,"287":0,"289":0,"294":0,"295":0,"297":0,"299":0,"300":0,"302":0,"312":0,"323":0,"324":0,"325":0,"326":0,"328":0,"340":0,"341":0,"342":0,"343":0,"345":0,"350":0,"351":0,"353":0,"355":0,"356":0,"369":0,"370":0,"382":0,"384":0,"385":0,"386":0,"388":0},"path":"/Users/gauravkumar/Documents/DAO/contracts/Delegation.sol","s":{"1":0,"2":0,"3":0,"4":0,"5":0,"6":0,"7":0,"8":0,"9":0,"10":0,"11":0,"12":0,"13":0,"14":0,"15":0,"16":0,"17":0,"18":0,"19":0,"20":0,"21":0,"22":0,"23":0,"24":0,"25":0,"26":0,"27":0,"28":0,"29":0,"30":0,"31":0,"32":0,"33":0,"34":0,"35":0,"36":0,"37":0,"38":0,"39":0,"40":0,"41":0,"42":0,"43":0,"44":0,"45":0,"46":0,"47":0,"48":0,"49":0,"50":0,"51":0,"52":0,"53":0,"54":0,"55":0,"56":0,"57":0,"58":0,"59":0,"60":0,"61":0,"62":0,"63":0,"64":0,"65":0,"66":0,"67":0,"68":0,"69":0,"70":0,"71":0,"72":0,"73":0,"74":0,"75":0,"76":0,"77":0,"78":0,"79":0,"80":0,"81":0,"82":0,"83":0,"84":0,"85":0,"86":0,"87":0,"88":0,"89":0,"90":0,"91":0,"92":0,"93":0,"94":0,"95":0,"96":0,"97":0,"98":0,"99":0,"100":0,"101":0,"102":0,"103":0,"104":0,"105":0,"106":0,"107":0,"108":0,"109":0,"110":0,"111":0,"112":0},"b":{"1":[0,0],"2":[0,0],"3":[0,0],"4":[0,0],"5":[0,0],"6":[0,0],"7":[0,0],"8":[0,0],"9":[0,0],"10":[0,0],"11":[0,0],"12":[0,0],"13":[0,0],"14":[0,0],"15":[0,0],"16":[0,0],"17":[0,0],"18":[0,0],"19":[0,0],"20":[0,0],"21":[0,0],"22":[0,0],"23":[0,0],"24":[0,0],"25":[0,0],"26":[0,0],"27":[0,0],"28":[0,0],"29":[0,0],"30":[0,0],"31":[0,0]},"f":{"1":0,"2":0,"3":0,"4":0,"5":0,"6":0,"7":0,"8":0,"9":0,"10":0,"11":0,"12":0,"13":0,"14":0,"15":0,"16":0,"17":0,"18":0,"19":0,"20":0,"21":0,"22":0,"23":0,"24":0,"25":0,"26":0},"fnMap":{"1":{"name":"getOwnershipAdmin","line":82,"loc":{"start":{"line":82,"column":2},"end":{"line":84,"column":2}}},"2":{"name":"getEmergencyAdmin","line":86,"loc":{"start":{"line":86,"column":2},"end":{"line":88,"column":2}}},"3":{"name":"getDelegation","line":90,"loc":{"start":{"line":90,"column":2},"end":{"line":92,"column":2}}},"4":{"name":"approve","line":94,"loc":{"start":{"line":94,"column":2},"end":{"line":99,"column":0}}},"5":{"name":"approve","line":101,"loc":{"start":{"line":101,"column":0},"end":{"line":104,"column":0}}},"6":{"name":"constructor","line":108,"loc":{"start":{"line":108,"column":2},"end":{"line":117,"column":2}}},"7":{"name":"tokenURI","line":119,"loc":{"start":{"line":119,"column":0},"end":{"line":121,"column":0}}},"8":{"name":"mint","line":123,"loc":{"start":{"line":123,"column":0},"end":{"line":133,"column":0}}},"9":{"name":"getbalance","line":135,"loc":{"start":{"line":135,"column":0},"end":{"line":137,"column":0}}},"10":{"name":"burn","line":139,"loc":{"start":{"line":139,"column":0},"end":{"line":158,"column":0}}},"11":{"name":"transfer","line":160,"loc":{"start":{"line":160,"column":0},"end":{"line":191,"column":0}}},"12":{"name":"cancel_boost","line":193,"loc":{"start":{"line":193,"column":0},"end":{"line":202,"column":0}}},"13":{"name":"safeTransferFrom","line":204,"loc":{"start":{"line":204,"column":0},"end":{"line":231,"column":0}}},"14":{"name":"setApproveForAll","line":233,"loc":{"start":{"line":233,"column":0},"end":{"line":241,"column":0}}},"15":{"name":"getowner","line":245,"loc":{"start":{"line":245,"column":0},"end":{"line":247,"column":0}}},"16":{"name":"adjusted_balance_of","line":250,"loc":{"start":{"line":250,"column":2},"end":{"line":258,"column":2}}},"17":{"name":"kill_delegation","line":262,"loc":{"start":{"line":262,"column":2},"end":{"line":268,"column":2}}},"18":{"name":"set_delegation","line":271,"loc":{"start":{"line":271,"column":2},"end":{"line":279,"column":2}}},"19":{"name":"commit_set_admins","line":283,"loc":{"start":{"line":283,"column":2},"end":{"line":290,"column":2}}},"20":{"name":"apply_set_admins","line":293,"loc":{"start":{"line":293,"column":2},"end":{"line":303,"column":2}}},"21":{"name":"cancel_boost","line":305,"loc":{"start":{"line":305,"column":2},"end":{"line":313,"column":0}}},"22":{"name":"batch_cancel_boosts","line":315,"loc":{"start":{"line":315,"column":0},"end":{"line":330,"column":0}}},"23":{"name":"create_boost","line":332,"loc":{"start":{"line":332,"column":0},"end":{"line":347,"column":0}}},"24":{"name":"extend_boost","line":349,"loc":{"start":{"line":349,"column":0},"end":{"line":358,"column":0}}},"25":{"name":"set_delegation_status","line":361,"loc":{"start":{"line":361,"column":0},"end":{"line":371,"column":0}}},"26":{"name":"batch_set_delegation_status","line":373,"loc":{"start":{"line":373,"column":0},"end":{"line":390,"column":0}}}},"statementMap":{"1":{"start":{"line":83,"column":4},"end":{"line":83,"column":26}},"2":{"start":{"line":87,"column":4},"end":{"line":87,"column":26}},"3":{"start":{"line":91,"column":4},"end":{"line":91,"column":21}},"4":{"start":{"line":95,"column":4},"end":{"line":95,"column":38}},"5":{"start":{"line":96,"column":4},"end":{"line":96,"column":98}},"6":{"start":{"line":97,"column":4},"end":{"line":97,"column":37}},"7":{"start":{"line":98,"column":4},"end":{"line":98,"column":52}},"8":{"start":{"line":102,"column":4},"end":{"line":102,"column":37}},"9":{"start":{"line":103,"column":4},"end":{"line":103,"column":53}},"10":{"start":{"line":109,"column":4},"end":{"line":109,"column":27}},"11":{"start":{"line":111,"column":4},"end":{"line":111,"column":29}},"12":{"start":{"line":112,"column":4},"end":{"line":112,"column":29}},"13":{"start":{"line":114,"column":4},"end":{"line":114,"column":23}},"14":{"start":{"line":116,"column":4},"end":{"line":116,"column":35}},"15":{"start":{"line":120,"column":4},"end":{"line":120,"column":66}},"16":{"start":{"line":124,"column":4},"end":{"line":124,"column":37}},"17":{"start":{"line":125,"column":4},"end":{"line":125,"column":53}},"18":{"start":{"line":129,"column":4},"end":{"line":129,"column":105}},"19":{"start":{"line":130,"column":4},"end":{"line":130,"column":22}},"20":{"start":{"line":131,"column":4},"end":{"line":131,"column":27}},"21":{"start":{"line":132,"column":4},"end":{"line":132,"column":59}},"22":{"start":{"line":136,"column":4},"end":{"line":136,"column":28}},"23":{"start":{"line":140,"column":4},"end":{"line":140,"column":38}},"24":{"start":{"line":142,"column":4},"end":{"line":142,"column":48}},"25":{"start":{"line":144,"column":4},"end":{"line":144,"column":24}},"26":{"start":{"line":145,"column":4},"end":{"line":145,"column":42}},"27":{"start":{"line":148,"column":4},"end":{"line":148,"column":109}},"28":{"start":{"line":149,"column":4},"end":{"line":149,"column":66}},"29":{"start":{"line":150,"column":4},"end":{"line":150,"column":133}},"30":{"start":{"line":151,"column":4},"end":{"line":151,"column":76}},"31":{"start":{"line":152,"column":4},"end":{"line":152,"column":5453}},"32":{"start":{"line":153,"column":8},"end":{"line":153,"column":73}},"33":{"start":{"line":154,"column":8},"end":{"line":154,"column":72}},"34":{"start":{"line":155,"column":8},"end":{"line":155,"column":57}},"35":{"start":{"line":157,"column":4},"end":{"line":157,"column":122}},"36":{"start":{"line":161,"column":4},"end":{"line":161,"column":133}},"37":{"start":{"line":162,"column":4},"end":{"line":162,"column":37}},"38":{"start":{"line":163,"column":4},"end":{"line":163,"column":60}},"39":{"start":{"line":165,"column":4},"end":{"line":165,"column":69}},"40":{"start":{"line":166,"column":4},"end":{"line":166,"column":69}},"41":{"start":{"line":169,"column":4},"end":{"line":169,"column":48}},"42":{"start":{"line":171,"column":4},"end":{"line":171,"column":24}},"43":{"start":{"line":172,"column":4},"end":{"line":172,"column":107}},"44":{"start":{"line":173,"column":4},"end":{"line":173,"column":22}},"45":{"start":{"line":174,"column":4},"end":{"line":174,"column":27}},"46":{"start":{"line":176,"column":4},"end":{"line":176,"column":136}},"47":{"start":{"line":177,"column":4},"end":{"line":177,"column":81}},"48":{"start":{"line":180,"column":4},"end":{"line":180,"column":6842}},"49":{"start":{"line":181,"column":8},"end":{"line":181,"column":86}},"50":{"start":{"line":183,"column":8},"end":{"line":183,"column":69}},"51":{"start":{"line":184,"column":8},"end":{"line":184,"column":88}},"52":{"start":{"line":186,"column":8},"end":{"line":186,"column":72}},"53":{"start":{"line":187,"column":8},"end":{"line":187,"column":57}},"54":{"start":{"line":190,"column":4},"end":{"line":190,"column":46}},"55":{"start":{"line":194,"column":2},"end":{"line":194,"column":67}},"56":{"start":{"line":195,"column":2},"end":{"line":195,"column":39}},"57":{"start":{"line":196,"column":2},"end":{"line":196,"column":134}},"58":{"start":{"line":197,"column":4},"end":{"line":197,"column":65}},"59":{"start":{"line":198,"column":4},"end":{"line":198,"column":81}},"60":{"start":{"line":199,"column":4},"end":{"line":199,"column":85}},"61":{"start":{"line":200,"column":4},"end":{"line":200,"column":71}},"62":{"start":{"line":201,"column":4},"end":{"line":201,"column":57}},"63":{"start":{"line":219,"column":4},"end":{"line":219,"column":34}},"64":{"start":{"line":221,"column":4},"end":{"line":221,"column":9155}},"65":{"start":{"line":222,"column":8},"end":{"line":222,"column":9198}},"66":{"start":{"line":225,"column":8},"end":{"line":225,"column":28}},"67":{"start":{"line":229,"column":8},"end":{"line":229,"column":100}},"68":{"start":{"line":239,"column":4},"end":{"line":239,"column":54}},"69":{"start":{"line":240,"column":4},"end":{"line":240,"column":63}},"70":{"start":{"line":246,"column":4},"end":{"line":246,"column":29}},"71":{"start":{"line":251,"column":4},"end":{"line":251,"column":36}},"72":{"start":{"line":253,"column":4},"end":{"line":253,"column":10324}},"73":{"start":{"line":254,"column":6},"end":{"line":254,"column":53}},"74":{"start":{"line":257,"column":4},"end":{"line":257,"column":66}},"75":{"start":{"line":264,"column":4},"end":{"line":264,"column":74}},"76":{"start":{"line":266,"column":4},"end":{"line":266,"column":28}},"77":{"start":{"line":267,"column":4},"end":{"line":267,"column":36}},"78":{"start":{"line":272,"column":4},"end":{"line":272,"column":41}},"79":{"start":{"line":275,"column":4},"end":{"line":275,"column":60}},"80":{"start":{"line":277,"column":4},"end":{"line":277,"column":27}},"81":{"start":{"line":278,"column":4},"end":{"line":278,"column":35}},"82":{"start":{"line":284,"column":4},"end":{"line":284,"column":41}},"83":{"start":{"line":286,"column":4},"end":{"line":286,"column":36}},"84":{"start":{"line":287,"column":4},"end":{"line":287,"column":36}},"85":{"start":{"line":289,"column":4},"end":{"line":289,"column":41}},"86":{"start":{"line":294,"column":4},"end":{"line":294,"column":45}},"87":{"start":{"line":295,"column":4},"end":{"line":295,"column":45}},"88":{"start":{"line":297,"column":4},"end":{"line":297,"column":41}},"89":{"start":{"line":299,"column":4},"end":{"line":299,"column":29}},"90":{"start":{"line":300,"column":4},"end":{"line":300,"column":29}},"91":{"start":{"line":302,"column":4},"end":{"line":302,"column":40}},"92":{"start":{"line":312,"column":4},"end":{"line":312,"column":63}},"93":{"start":{"line":323,"column":4},"end":{"line":323,"column":12684}},"94":{"start":{"line":324,"column":8},"end":{"line":324,"column":45}},"95":{"start":{"line":325,"column":8},"end":{"line":325,"column":12805}},"96":{"start":{"line":328,"column":8},"end":{"line":328,"column":42}},"97":{"start":{"line":340,"column":2},"end":{"line":340,"column":34}},"98":{"start":{"line":341,"column":2},"end":{"line":341,"column":78}},"99":{"start":{"line":342,"column":2},"end":{"line":342,"column":107}},"100":{"start":{"line":343,"column":2},"end":{"line":343,"column":72}},"101":{"start":{"line":345,"column":2},"end":{"line":345,"column":113}},"102":{"start":{"line":350,"column":2},"end":{"line":350,"column":67}},"103":{"start":{"line":351,"column":2},"end":{"line":351,"column":39}},"104":{"start":{"line":353,"column":4},"end":{"line":353,"column":78}},"105":{"start":{"line":355,"column":4},"end":{"line":355,"column":101}},"106":{"start":{"line":356,"column":4},"end":{"line":356,"column":71}},"107":{"start":{"line":369,"column":4},"end":{"line":369,"column":128}},"108":{"start":{"line":370,"column":4},"end":{"line":370,"column":82}},"109":{"start":{"line":382,"column":4},"end":{"line":382,"column":127}},"110":{"start":{"line":384,"column":4},"end":{"line":384,"column":16160}},"111":{"start":{"line":385,"column":8},"end":{"line":385,"column":16223}},"112":{"start":{"line":388,"column":8},"end":{"line":388,"column":100}}},"branchMap":{"1":{"line":96,"type":"if","locations":[{"start":{"line":96,"column":4},"end":{"line":96,"column":4}},{"start":{"line":96,"column":4},"end":{"line":96,"column":4}}]},"2":{"line":96,"type":"cond-expr","locations":[{"start":{"line":96,"column":12},"end":{"line":96,"column":30}},{"start":{"line":96,"column":35},"end":{"line":96,"column":69}}]},"3":{"line":124,"type":"if","locations":[{"start":{"line":124,"column":4},"end":{"line":124,"column":4}},{"start":{"line":124,"column":4},"end":{"line":124,"column":4}}]},"4":{"line":125,"type":"if","locations":[{"start":{"line":125,"column":4},"end":{"line":125,"column":4}},{"start":{"line":125,"column":4},"end":{"line":125,"column":4}}]},"5":{"line":152,"type":"if","locations":[{"start":{"line":152,"column":4},"end":{"line":152,"column":4}},{"start":{"line":152,"column":4},"end":{"line":152,"column":4}}]},"6":{"line":162,"type":"if","locations":[{"start":{"line":162,"column":4},"end":{"line":162,"column":4}},{"start":{"line":162,"column":4},"end":{"line":162,"column":4}}]},"7":{"line":163,"type":"if","locations":[{"start":{"line":163,"column":4},"end":{"line":163,"column":4}},{"start":{"line":163,"column":4},"end":{"line":163,"column":4}}]},"8":{"line":180,"type":"if","locations":[{"start":{"line":180,"column":4},"end":{"line":180,"column":4}},{"start":{"line":180,"column":4},"end":{"line":180,"column":4}}]},"9":{"line":197,"type":"if","locations":[{"start":{"line":197,"column":4},"end":{"line":197,"column":4}},{"start":{"line":197,"column":4},"end":{"line":197,"column":4}}]},"10":{"line":199,"type":"if","locations":[{"start":{"line":199,"column":4},"end":{"line":199,"column":4}},{"start":{"line":199,"column":4},"end":{"line":199,"column":4}}]},"11":{"line":199,"type":"cond-expr","locations":[{"start":{"line":199,"column":12},"end":{"line":199,"column":30}},{"start":{"line":199,"column":35},"end":{"line":199,"column":69}}]},"12":{"line":199,"type":"cond-expr","locations":[{"start":{"line":199,"column":12},"end":{"line":199,"column":69}},{"start":{"line":199,"column":74},"end":{"line":199,"column":84}}]},"13":{"line":221,"type":"if","locations":[{"start":{"line":221,"column":4},"end":{"line":221,"column":4}},{"start":{"line":221,"column":4},"end":{"line":221,"column":4}}]},"14":{"line":229,"type":"if","locations":[{"start":{"line":229,"column":8},"end":{"line":229,"column":8}},{"start":{"line":229,"column":8},"end":{"line":229,"column":8}}]},"15":{"line":253,"type":"if","locations":[{"start":{"line":253,"column":4},"end":{"line":253,"column":4}},{"start":{"line":253,"column":4},"end":{"line":253,"column":4}}]},"16":{"line":264,"type":"if","locations":[{"start":{"line":264,"column":4},"end":{"line":264,"column":4}},{"start":{"line":264,"column":4},"end":{"line":264,"column":4}}]},"17":{"line":264,"type":"cond-expr","locations":[{"start":{"line":264,"column":12},"end":{"line":264,"column":40}},{"start":{"line":264,"column":45},"end":{"line":264,"column":73}}]},"18":{"line":272,"type":"if","locations":[{"start":{"line":272,"column":4},"end":{"line":272,"column":4}},{"start":{"line":272,"column":4},"end":{"line":272,"column":4}}]},"19":{"line":284,"type":"if","locations":[{"start":{"line":284,"column":4},"end":{"line":284,"column":4}},{"start":{"line":284,"column":4},"end":{"line":284,"column":4}}]},"20":{"line":297,"type":"if","locations":[{"start":{"line":297,"column":4},"end":{"line":297,"column":4}},{"start":{"line":297,"column":4},"end":{"line":297,"column":4}}]},"21":{"line":325,"type":"if","locations":[{"start":{"line":325,"column":8},"end":{"line":325,"column":8}},{"start":{"line":325,"column":8},"end":{"line":325,"column":8}}]},"22":{"line":340,"type":"if","locations":[{"start":{"line":340,"column":2},"end":{"line":340,"column":2}},{"start":{"line":340,"column":2},"end":{"line":340,"column":2}}]},"23":{"line":341,"type":"if","locations":[{"start":{"line":341,"column":2},"end":{"line":341,"column":2}},{"start":{"line":341,"column":2},"end":{"line":341,"column":2}}]},"24":{"line":341,"type":"cond-expr","locations":[{"start":{"line":341,"column":10},"end":{"line":341,"column":33}},{"start":{"line":341,"column":38},"end":{"line":341,"column":77}}]},"25":{"line":353,"type":"if","locations":[{"start":{"line":353,"column":4},"end":{"line":353,"column":4}},{"start":{"line":353,"column":4},"end":{"line":353,"column":4}}]},"26":{"line":353,"type":"cond-expr","locations":[{"start":{"line":353,"column":12},"end":{"line":353,"column":34}},{"start":{"line":353,"column":39},"end":{"line":353,"column":77}}]},"27":{"line":369,"type":"if","locations":[{"start":{"line":369,"column":4},"end":{"line":369,"column":4}},{"start":{"line":369,"column":4},"end":{"line":369,"column":4}}]},"28":{"line":369,"type":"cond-expr","locations":[{"start":{"line":369,"column":12},"end":{"line":369,"column":34}},{"start":{"line":369,"column":39},"end":{"line":369,"column":78}}]},"29":{"line":382,"type":"if","locations":[{"start":{"line":382,"column":4},"end":{"line":382,"column":4}},{"start":{"line":382,"column":4},"end":{"line":382,"column":4}}]},"30":{"line":382,"type":"cond-expr","locations":[{"start":{"line":382,"column":12},"end":{"line":382,"column":34}},{"start":{"line":382,"column":39},"end":{"line":382,"column":77}}]},"31":{"line":385,"type":"if","locations":[{"start":{"line":385,"column":8},"end":{"line":385,"column":8}},{"start":{"line":385,"column":8},"end":{"line":385,"column":8}}]}}},"contracts/ERC20CRV.sol":{"l":{"68":3,"69":3,"70":3,"71":3,"72":3,"73":3,"74":3,"75":3,"77":3,"78":3,"79":3,"80":3,"86":0,"90":0,"94":0,"98":0,"102":0,"106":0,"110":0,"114":0,"121":0,"122":0,"124":0,"125":0,"127":0,"128":0,"130":0,"131":0,"132":0,"135":0,"137":0,"141":0,"142":0,"143":0,"144":0,"146":0,"149":0,"156":0,"157":0,"164":0,"165":0,"166":0,"168":0,"176":0,"177":0,"178":0,"180":0,"185":0,"191":0,"200":0,"201":0,"202":0,"203":0,"206":0,"207":0,"208":0,"211":0,"213":0,"214":0,"215":0,"216":0,"217":0,"220":0,"221":0,"222":0,"224":0,"227":0,"229":0,"230":0,"234":0,"235":0,"236":0,"239":0,"246":0,"247":0,"248":0,"249":0,"256":0,"257":0,"258":0,"266":0,"276":0,"277":0,"279":0,"280":0,"281":0,"283":0,"284":0,"293":0,"294":0,"295":0,"296":0,"297":0,"298":0,"299":0,"300":0,"301":0,"312":0,"313":0,"314":0,"315":0,"319":0,"323":0,"332":0,"333":0,"334":0,"335":0,"336":0,"337":0,"338":0,"339":0,"340":0,"341":0,"349":0,"350":0,"351":0,"352":0,"353":0,"354":0,"355":0,"356":0,"357":0,"365":0,"366":0,"367":0},"path":"/Users/gauravkumar/Documents/DAO/contracts/ERC20CRV.sol","s":{"1":3,"2":3,"3":3,"4":3,"5":3,"6":3,"7":3,"8":3,"9":3,"10":3,"11":3,"12":3,"13":0,"14":0,"15":0,"16":0,"17":0,"18":0,"19":0,"20":0,"21":0,"22":0,"23":0,"24":0,"25":0,"26":0,"27":0,"28":0,"29":0,"30":0,"31":0,"32":0,"33":0,"34":0,"35":0,"36":0,"37":0,"38":0,"39":0,"40":0,"41":0,"42":0,"43":0,"44":0,"45":0,"46":0,"47":0,"48":0,"49":0,"50":0,"51":0,"52":0,"53":0,"54":0,"55":0,"56":0,"57":0,"58":0,"59":0,"60":0,"61":0,"62":0,"63":0,"64":0,"65":0,"66":0,"67":0,"68":0,"69":0,"70":0,"71":0,"72":0,"73":0,"74":0,"75":0,"76":0,"77":0,"78":0,"79":0,"80":0,"81":0,"82":0,"83":0,"84":0,"85":0,"86":0,"87":0,"88":0,"89":0,"90":0,"91":0,"92":0,"93":0,"94":0,"95":0,"96":0,"97":0,"98":0,"99":0,"100":0,"101":0,"102":0,"103":0,"104":0,"105":0,"106":0,"107":0,"108":0,"109":0,"110":0,"111":0,"112":0,"113":0,"114":0,"115":0,"116":0,"117":0,"118":0,"119":0,"120":0,"121":0},"b":{"1":[0,0],"2":[0,0],"3":[0,0],"4":[0,0],"5":[0,0],"6":[0,0],"7":[0,0],"8":[0,0],"9":[0,0],"10":[0,0],"11":[0,0],"12":[0,0],"13":[0,0],"14":[0,0],"15":[0,0],"16":[0,0],"17":[0,0],"18":[0,0],"19":[0,0],"20":[0,0],"21":[0,0],"22":[0,0],"23":[0,0],"24":[0,0],"25":[0,0],"26":[0,0],"27":[0,0],"28":[0,0],"29":[0,0],"30":[0,0],"31":[0,0],"32":[0,0],"33":[0,0]},"f":{"1":3,"2":0,"3":0,"4":0,"5":0,"6":0,"7":0,"8":0,"9":0,"10":0,"11":0,"12":0,"13":0,"14":0,"15":0,"16":0,"17":0,"18":0,"19":0,"20":0,"21":0,"22":0,"23":0,"24":0,"25":0,"26":0,"27":0,"28":0},"fnMap":{"1":{"name":"constructor","line":61,"loc":{"start":{"line":61,"column":4},"end":{"line":82,"column":4}}},"2":{"name":"name","line":84,"loc":{"start":{"line":84,"column":4},"end":{"line":87,"column":4}}},"3":{"name":"symbol","line":89,"loc":{"start":{"line":89,"column":4},"end":{"line":91,"column":4}}},"4":{"name":"decimals","line":93,"loc":{"start":{"line":93,"column":4},"end":{"line":95,"column":4}}},"5":{"name":"totalSupply","line":97,"loc":{"start":{"line":97,"column":4},"end":{"line":99,"column":4}}},"6":{"name":"balanceOf","line":101,"loc":{"start":{"line":101,"column":4},"end":{"line":103,"column":4}}},"7":{"name":"get_admin","line":105,"loc":{"start":{"line":105,"column":4},"end":{"line":107,"column":4}}},"8":{"name":"get_minter","line":109,"loc":{"start":{"line":109,"column":4},"end":{"line":111,"column":4}}},"9":{"name":"get_block_timestamp","line":113,"loc":{"start":{"line":113,"column":4},"end":{"line":115,"column":4}}},"10":{"name":"_update_mining_parameters","line":117,"loc":{"start":{"line":117,"column":4},"end":{"line":138,"column":4}}},"11":{"name":"totalSupplyAt","line":140,"loc":{"start":{"line":140,"column":4},"end":{"line":150,"column":4}}},"12":{"name":"update_mining_parameters","line":152,"loc":{"start":{"line":152,"column":4},"end":{"line":158,"column":4}}},"13":{"name":"start_epoch_time_write","line":160,"loc":{"start":{"line":160,"column":4},"end":{"line":170,"column":4}}},"14":{"name":"future_epoch_time_write","line":172,"loc":{"start":{"line":172,"column":4},"end":{"line":182,"column":4}}},"15":{"name":"_available_supply","line":184,"loc":{"start":{"line":184,"column":4},"end":{"line":186,"column":4}}},"16":{"name":"available_supply","line":188,"loc":{"start":{"line":188,"column":4},"end":{"line":192,"column":4}}},"17":{"name":"mintable_in_timeframe","line":195,"loc":{"start":{"line":195,"column":4},"end":{"line":240,"column":4}}},"18":{"name":"set_minter","line":242,"loc":{"start":{"line":242,"column":4},"end":{"line":250,"column":4}}},"19":{"name":"set_admin","line":252,"loc":{"start":{"line":252,"column":4},"end":{"line":259,"column":4}}},"20":{"name":"allowance","line":261,"loc":{"start":{"line":261,"column":4},"end":{"line":267,"column":4}}},"21":{"name":"transfer","line":269,"loc":{"start":{"line":269,"column":4},"end":{"line":285,"column":4}}},"22":{"name":"transferFrom","line":287,"loc":{"start":{"line":287,"column":4},"end":{"line":302,"column":4}}},"23":{"name":"approve","line":304,"loc":{"start":{"line":304,"column":4},"end":{"line":316,"column":4}}},"24":{"name":"uinttoint","line":318,"loc":{"start":{"line":318,"column":4},"end":{"line":320,"column":2}}},"25":{"name":"inttouint","line":322,"loc":{"start":{"line":322,"column":2},"end":{"line":324,"column":2}}},"26":{"name":"mint","line":326,"loc":{"start":{"line":326,"column":4},"end":{"line":342,"column":4}}},"27":{"name":"burn","line":344,"loc":{"start":{"line":344,"column":4},"end":{"line":358,"column":4}}},"28":{"name":"set_name","line":360,"loc":{"start":{"line":360,"column":4},"end":{"line":368,"column":4}}}},"statementMap":{"1":{"start":{"line":68,"column":8},"end":{"line":68,"column":62}},"2":{"start":{"line":69,"column":8},"end":{"line":69,"column":20}},"3":{"start":{"line":70,"column":8},"end":{"line":70,"column":24}},"4":{"start":{"line":71,"column":8},"end":{"line":71,"column":28}},"5":{"start":{"line":72,"column":8},"end":{"line":72,"column":41}},"6":{"start":{"line":73,"column":8},"end":{"line":73,"column":33}},"7":{"start":{"line":74,"column":8},"end":{"line":74,"column":25}},"8":{"start":{"line":75,"column":8},"end":{"line":75,"column":60}},"9":{"start":{"line":77,"column":8},"end":{"line":77,"column":81}},"10":{"start":{"line":78,"column":8},"end":{"line":78,"column":24}},"11":{"start":{"line":79,"column":8},"end":{"line":79,"column":15}},"12":{"start":{"line":80,"column":8},"end":{"line":80,"column":39}},"13":{"start":{"line":86,"column":8},"end":{"line":86,"column":20}},"14":{"start":{"line":90,"column":8},"end":{"line":90,"column":22}},"15":{"start":{"line":94,"column":8},"end":{"line":94,"column":24}},"16":{"start":{"line":98,"column":8},"end":{"line":98,"column":27}},"17":{"start":{"line":102,"column":8},"end":{"line":102,"column":31}},"18":{"start":{"line":106,"column":8},"end":{"line":106,"column":20}},"19":{"start":{"line":110,"column":8},"end":{"line":110,"column":21}},"20":{"start":{"line":114,"column":8},"end":{"line":114,"column":30}},"21":{"start":{"line":121,"column":8},"end":{"line":121,"column":28}},"22":{"start":{"line":122,"column":8},"end":{"line":122,"column":56}},"23":{"start":{"line":124,"column":8},"end":{"line":124,"column":46}},"24":{"start":{"line":125,"column":8},"end":{"line":125,"column":24}},"25":{"start":{"line":127,"column":8},"end":{"line":127,"column":3764}},"26":{"start":{"line":128,"column":12},"end":{"line":128,"column":31}},"27":{"start":{"line":130,"column":12},"end":{"line":130,"column":61}},"28":{"start":{"line":131,"column":12},"end":{"line":131,"column":51}},"29":{"start":{"line":132,"column":12},"end":{"line":132,"column":72}},"30":{"start":{"line":135,"column":8},"end":{"line":135,"column":19}},"31":{"start":{"line":137,"column":8},"end":{"line":137,"column":80}},"32":{"start":{"line":141,"column":8},"end":{"line":141,"column":32}},"33":{"start":{"line":142,"column":8},"end":{"line":142,"column":4279}},"34":{"start":{"line":143,"column":12},"end":{"line":143,"column":4365}},"35":{"start":{"line":144,"column":16},"end":{"line":144,"column":96}},"36":{"start":{"line":149,"column":8},"end":{"line":149,"column":65}},"37":{"start":{"line":156,"column":8},"end":{"line":156,"column":86}},"38":{"start":{"line":157,"column":8},"end":{"line":157,"column":34}},"39":{"start":{"line":164,"column":8},"end":{"line":164,"column":5411}},"40":{"start":{"line":165,"column":12},"end":{"line":165,"column":38}},"41":{"start":{"line":166,"column":12},"end":{"line":166,"column":35}},"42":{"start":{"line":168,"column":12},"end":{"line":168,"column":35}},"43":{"start":{"line":176,"column":8},"end":{"line":176,"column":5889}},"44":{"start":{"line":177,"column":12},"end":{"line":177,"column":38}},"45":{"start":{"line":178,"column":12},"end":{"line":178,"column":57}},"46":{"start":{"line":180,"column":12},"end":{"line":180,"column":57}},"47":{"start":{"line":185,"column":8},"end":{"line":185,"column":79}},"48":{"start":{"line":191,"column":8},"end":{"line":191,"column":34}},"49":{"start":{"line":200,"column":8},"end":{"line":200,"column":59}},"50":{"start":{"line":201,"column":8},"end":{"line":201,"column":27}},"51":{"start":{"line":202,"column":8},"end":{"line":202,"column":53}},"52":{"start":{"line":203,"column":8},"end":{"line":203,"column":35}},"53":{"start":{"line":206,"column":8},"end":{"line":206,"column":7173}},"54":{"start":{"line":207,"column":12},"end":{"line":207,"column":52}},"55":{"start":{"line":208,"column":12},"end":{"line":208,"column":86}},"56":{"start":{"line":211,"column":8},"end":{"line":211,"column":141}},"57":{"start":{"line":213,"column":8},"end":{"line":213,"column":7535}},"58":{"start":{"line":214,"column":12},"end":{"line":214,"column":7632}},"59":{"start":{"line":215,"column":16},"end":{"line":215,"column":41}},"60":{"start":{"line":216,"column":16},"end":{"line":216,"column":7728}},"61":{"start":{"line":217,"column":20},"end":{"line":217,"column":73}},"62":{"start":{"line":220,"column":16},"end":{"line":220,"column":45}},"63":{"start":{"line":221,"column":16},"end":{"line":221,"column":7948}},"64":{"start":{"line":223,"column":23},"end":{"line":223,"column":8107}},"65":{"start":{"line":224,"column":20},"end":{"line":224,"column":53}},"66":{"start":{"line":227,"column":16},"end":{"line":227,"column":70}},"67":{"start":{"line":229,"column":16},"end":{"line":229,"column":8314}},"68":{"start":{"line":234,"column":12},"end":{"line":234,"column":52}},"69":{"start":{"line":235,"column":12},"end":{"line":235,"column":86}},"70":{"start":{"line":236,"column":12},"end":{"line":236,"column":107}},"71":{"start":{"line":239,"column":8},"end":{"line":239,"column":22}},"72":{"start":{"line":246,"column":8},"end":{"line":246,"column":64}},"73":{"start":{"line":247,"column":8},"end":{"line":247,"column":69}},"74":{"start":{"line":248,"column":8},"end":{"line":248,"column":23}},"75":{"start":{"line":249,"column":8},"end":{"line":249,"column":31}},"76":{"start":{"line":256,"column":8},"end":{"line":256,"column":63}},"77":{"start":{"line":257,"column":8},"end":{"line":257,"column":21}},"78":{"start":{"line":258,"column":8},"end":{"line":258,"column":29}},"79":{"start":{"line":266,"column":8},"end":{"line":266,"column":43}},"80":{"start":{"line":276,"column":8},"end":{"line":276,"column":57}},"81":{"start":{"line":277,"column":8},"end":{"line":277,"column":60}},"82":{"start":{"line":279,"column":8},"end":{"line":279,"column":70}},"83":{"start":{"line":280,"column":8},"end":{"line":280,"column":36}},"84":{"start":{"line":281,"column":8},"end":{"line":281,"column":29}},"85":{"start":{"line":283,"column":8},"end":{"line":283,"column":45}},"86":{"start":{"line":284,"column":8},"end":{"line":284,"column":19}},"87":{"start":{"line":293,"column":8},"end":{"line":293,"column":61}},"88":{"start":{"line":294,"column":8},"end":{"line":294,"column":58}},"89":{"start":{"line":295,"column":8},"end":{"line":295,"column":81}},"90":{"start":{"line":296,"column":8},"end":{"line":296,"column":65}},"91":{"start":{"line":297,"column":8},"end":{"line":297,"column":32}},"92":{"start":{"line":298,"column":8},"end":{"line":298,"column":30}},"93":{"start":{"line":299,"column":8},"end":{"line":299,"column":46}},"94":{"start":{"line":300,"column":8},"end":{"line":300,"column":41}},"95":{"start":{"line":301,"column":8},"end":{"line":301,"column":19}},"96":{"start":{"line":312,"column":8},"end":{"line":312,"column":61}},"97":{"start":{"line":313,"column":8},"end":{"line":313,"column":48}},"98":{"start":{"line":314,"column":8},"end":{"line":314,"column":51}},"99":{"start":{"line":315,"column":8},"end":{"line":315,"column":19}},"100":{"start":{"line":319,"column":4},"end":{"line":319,"column":19}},"101":{"start":{"line":323,"column":4},"end":{"line":323,"column":20}},"102":{"start":{"line":332,"column":8},"end":{"line":332,"column":75}},"103":{"start":{"line":333,"column":8},"end":{"line":333,"column":57}},"104":{"start":{"line":334,"column":8},"end":{"line":334,"column":58}},"105":{"start":{"line":335,"column":8},"end":{"line":335,"column":58}},"106":{"start":{"line":336,"column":8},"end":{"line":336,"column":29}},"107":{"start":{"line":337,"column":8},"end":{"line":337,"column":30}},"108":{"start":{"line":338,"column":8},"end":{"line":338,"column":48}},"109":{"start":{"line":339,"column":8},"end":{"line":339,"column":96}},"110":{"start":{"line":341,"column":8},"end":{"line":341,"column":19}},"111":{"start":{"line":349,"column":8},"end":{"line":349,"column":75}},"112":{"start":{"line":350,"column":8},"end":{"line":350,"column":58}},"113":{"start":{"line":351,"column":8},"end":{"line":351,"column":70}},"114":{"start":{"line":352,"column":8},"end":{"line":352,"column":37}},"115":{"start":{"line":353,"column":8},"end":{"line":353,"column":29}},"116":{"start":{"line":354,"column":8},"end":{"line":354,"column":55}},"117":{"start":{"line":355,"column":8},"end":{"line":355,"column":101}},"118":{"start":{"line":357,"column":8},"end":{"line":357,"column":19}},"119":{"start":{"line":365,"column":8},"end":{"line":365,"column":75}},"120":{"start":{"line":366,"column":8},"end":{"line":366,"column":20}},"121":{"start":{"line":367,"column":8},"end":{"line":367,"column":24}}},"branchMap":{"1":{"line":127,"type":"if","locations":[{"start":{"line":127,"column":8},"end":{"line":127,"column":8}},{"start":{"line":127,"column":8},"end":{"line":127,"column":8}}]},"2":{"line":143,"type":"if","locations":[{"start":{"line":143,"column":12},"end":{"line":143,"column":12}},{"start":{"line":143,"column":12},"end":{"line":143,"column":12}}]},"3":{"line":156,"type":"if","locations":[{"start":{"line":156,"column":8},"end":{"line":156,"column":8}},{"start":{"line":156,"column":8},"end":{"line":156,"column":8}}]},"4":{"line":164,"type":"if","locations":[{"start":{"line":164,"column":8},"end":{"line":164,"column":8}},{"start":{"line":164,"column":8},"end":{"line":164,"column":8}}]},"5":{"line":176,"type":"if","locations":[{"start":{"line":176,"column":8},"end":{"line":176,"column":8}},{"start":{"line":176,"column":8},"end":{"line":176,"column":8}}]},"6":{"line":200,"type":"if","locations":[{"start":{"line":200,"column":8},"end":{"line":200,"column":8}},{"start":{"line":200,"column":8},"end":{"line":200,"column":8}}]},"7":{"line":206,"type":"if","locations":[{"start":{"line":206,"column":8},"end":{"line":206,"column":8}},{"start":{"line":206,"column":8},"end":{"line":206,"column":8}}]},"8":{"line":211,"type":"if","locations":[{"start":{"line":211,"column":8},"end":{"line":211,"column":8}},{"start":{"line":211,"column":8},"end":{"line":211,"column":8}}]},"9":{"line":214,"type":"if","locations":[{"start":{"line":214,"column":12},"end":{"line":214,"column":12}},{"start":{"line":214,"column":12},"end":{"line":214,"column":12}}]},"10":{"line":216,"type":"if","locations":[{"start":{"line":216,"column":16},"end":{"line":216,"column":16}},{"start":{"line":216,"column":16},"end":{"line":216,"column":16}}]},"11":{"line":221,"type":"if","locations":[{"start":{"line":221,"column":16},"end":{"line":221,"column":16}},{"start":{"line":221,"column":16},"end":{"line":221,"column":16}}]},"12":{"line":223,"type":"if","locations":[{"start":{"line":223,"column":23},"end":{"line":223,"column":23}},{"start":{"line":223,"column":23},"end":{"line":223,"column":23}}]},"13":{"line":229,"type":"if","locations":[{"start":{"line":229,"column":16},"end":{"line":229,"column":16}},{"start":{"line":229,"column":16},"end":{"line":229,"column":16}}]},"14":{"line":236,"type":"if","locations":[{"start":{"line":236,"column":12},"end":{"line":236,"column":12}},{"start":{"line":236,"column":12},"end":{"line":236,"column":12}}]},"15":{"line":246,"type":"if","locations":[{"start":{"line":246,"column":8},"end":{"line":246,"column":8}},{"start":{"line":246,"column":8},"end":{"line":246,"column":8}}]},"16":{"line":247,"type":"if","locations":[{"start":{"line":247,"column":8},"end":{"line":247,"column":8}},{"start":{"line":247,"column":8},"end":{"line":247,"column":8}}]},"17":{"line":256,"type":"if","locations":[{"start":{"line":256,"column":8},"end":{"line":256,"column":8}},{"start":{"line":256,"column":8},"end":{"line":256,"column":8}}]},"18":{"line":276,"type":"if","locations":[{"start":{"line":276,"column":8},"end":{"line":276,"column":8}},{"start":{"line":276,"column":8},"end":{"line":276,"column":8}}]},"19":{"line":277,"type":"if","locations":[{"start":{"line":277,"column":8},"end":{"line":277,"column":8}},{"start":{"line":277,"column":8},"end":{"line":277,"column":8}}]},"20":{"line":279,"type":"if","locations":[{"start":{"line":279,"column":8},"end":{"line":279,"column":8}},{"start":{"line":279,"column":8},"end":{"line":279,"column":8}}]},"21":{"line":293,"type":"if","locations":[{"start":{"line":293,"column":8},"end":{"line":293,"column":8}},{"start":{"line":293,"column":8},"end":{"line":293,"column":8}}]},"22":{"line":294,"type":"if","locations":[{"start":{"line":294,"column":8},"end":{"line":294,"column":8}},{"start":{"line":294,"column":8},"end":{"line":294,"column":8}}]},"23":{"line":295,"type":"if","locations":[{"start":{"line":295,"column":8},"end":{"line":295,"column":8}},{"start":{"line":295,"column":8},"end":{"line":295,"column":8}}]},"24":{"line":296,"type":"if","locations":[{"start":{"line":296,"column":8},"end":{"line":296,"column":8}},{"start":{"line":296,"column":8},"end":{"line":296,"column":8}}]},"25":{"line":312,"type":"if","locations":[{"start":{"line":312,"column":8},"end":{"line":312,"column":8}},{"start":{"line":312,"column":8},"end":{"line":312,"column":8}}]},"26":{"line":332,"type":"if","locations":[{"start":{"line":332,"column":8},"end":{"line":332,"column":8}},{"start":{"line":332,"column":8},"end":{"line":332,"column":8}}]},"27":{"line":333,"type":"if","locations":[{"start":{"line":333,"column":8},"end":{"line":333,"column":8}},{"start":{"line":333,"column":8},"end":{"line":333,"column":8}}]},"28":{"line":334,"type":"if","locations":[{"start":{"line":334,"column":8},"end":{"line":334,"column":8}},{"start":{"line":334,"column":8},"end":{"line":334,"column":8}}]},"29":{"line":335,"type":"if","locations":[{"start":{"line":335,"column":8},"end":{"line":335,"column":8}},{"start":{"line":335,"column":8},"end":{"line":335,"column":8}}]},"30":{"line":349,"type":"if","locations":[{"start":{"line":349,"column":8},"end":{"line":349,"column":8}},{"start":{"line":349,"column":8},"end":{"line":349,"column":8}}]},"31":{"line":350,"type":"if","locations":[{"start":{"line":350,"column":8},"end":{"line":350,"column":8}},{"start":{"line":350,"column":8},"end":{"line":350,"column":8}}]},"32":{"line":351,"type":"if","locations":[{"start":{"line":351,"column":8},"end":{"line":351,"column":8}},{"start":{"line":351,"column":8},"end":{"line":351,"column":8}}]},"33":{"line":365,"type":"if","locations":[{"start":{"line":365,"column":8},"end":{"line":365,"column":8}},{"start":{"line":365,"column":8},"end":{"line":365,"column":8}}]}}},"contracts/Utils.sol":{"l":{"119":0,"123":0,"127":0,"129":0,"130":0,"131":0,"133":0,"149":0,"150":0,"153":0,"154":0,"158":0,"159":0,"167":0,"168":0,"171":0,"176":0,"177":0,"178":0,"179":0,"180":0,"181":0,"182":0,"183":0,"190":0,"191":0,"193":0,"201":0,"202":0,"204":0,"209":0,"210":0,"212":0,"213":0,"214":0,"215":0,"216":0,"218":0,"219":0,"220":0,"221":0,"222":0,"223":0,"224":0,"225":0,"227":0,"231":0,"237":0,"238":0,"242":0,"243":0,"245":0,"250":0,"251":0,"253":0,"258":0,"259":0,"261":0,"269":0,"271":0,"275":0,"276":0,"279":0,"287":0,"288":0,"289":0,"293":0,"302":0,"303":0,"308":0,"311":0,"312":0,"314":0,"315":0,"322":0,"325":0,"326":0,"334":0,"346":0,"351":0,"352":0,"353":0,"354":0,"363":0,"364":0,"365":0,"389":0,"390":0,"391":0,"393":0,"394":0,"398":0,"401":0,"404":0,"406":0,"407":0,"409":0,"410":0,"412":0,"413":0,"415":0,"438":0,"439":0,"440":0,"460":0,"482":0},"path":"/Users/gauravkumar/Documents/DAO/contracts/Utils.sol","s":{"1":0,"2":0,"3":0,"4":0,"5":0,"6":0,"7":0,"8":0,"9":0,"10":0,"11":0,"12":0,"13":0,"14":0,"15":0,"16":0,"17":0,"18":0,"19":0,"20":0,"21":0,"22":0,"23":0,"24":0,"25":0,"26":0,"27":0,"28":0,"29":0,"30":0,"31":0,"32":0,"33":0,"34":0,"35":0,"36":0,"37":0,"38":0,"39":0,"40":0,"41":0,"42":0,"43":0,"44":0,"45":0,"46":0,"47":0,"48":0,"49":0,"50":0,"51":0,"52":0,"53":0,"54":0,"55":0,"56":0,"57":0,"58":0,"59":0,"60":0,"61":0,"62":0,"63":0,"64":0,"65":0,"66":0,"67":0,"68":0,"69":0,"70":0,"71":0,"72":0,"73":0,"74":0,"75":0,"76":0,"77":0,"78":0,"79":0,"80":0,"81":0,"82":0,"83":0,"84":0,"85":0,"86":0,"87":0,"88":0,"89":0,"90":0,"91":0,"92":0,"93":0,"94":0,"95":0,"96":0,"97":0,"98":0,"99":0,"100":0},"b":{"1":[0,0],"2":[0,0],"3":[0,0],"4":[0,0],"5":[0,0],"6":[0,0],"7":[0,0],"8":[0,0],"9":[0,0],"10":[0,0],"11":[0,0],"12":[0,0],"13":[0,0],"14":[0,0],"15":[0,0],"16":[0,0],"17":[0,0],"18":[0,0],"19":[0,0],"20":[0,0],"21":[0,0],"22":[0,0],"23":[0,0],"24":[0,0]},"f":{"1":0,"2":0,"3":0,"4":0,"5":0,"6":0,"7":0,"8":0,"9":0,"10":0,"11":0,"12":0,"13":0,"14":0,"15":0,"16":0,"17":0,"18":0,"19":0,"20":0,"21":0,"22":0,"23":0,"24":0,"25":0},"fnMap":{"1":{"name":"uinttoint","line":118,"loc":{"start":{"line":118,"column":4},"end":{"line":120,"column":2}}},"2":{"name":"inttouint","line":122,"loc":{"start":{"line":122,"column":2},"end":{"line":124,"column":2}}},"3":{"name":"timechecker","line":126,"loc":{"start":{"line":126,"column":2},"end":{"line":135,"column":2}}},"4":{"name":"memcpy","line":147,"loc":{"start":{"line":147,"column":5},"end":{"line":164,"column":4}}},"5":{"name":"toSlice","line":166,"loc":{"start":{"line":166,"column":3},"end":{"line":172,"column":4}}},"6":{"name":"concat","line":175,"loc":{"start":{"line":175,"column":2},"end":{"line":184,"column":4}}},"7":{"name":"shift","line":186,"loc":{"start":{"line":186,"column":4},"end":{"line":195,"column":0}}},"8":{"name":"shift","line":197,"loc":{"start":{"line":197,"column":0},"end":{"line":206,"column":0}}},"9":{"name":"_uint_to_string","line":208,"loc":{"start":{"line":208,"column":0},"end":{"line":228,"column":0}}},"10":{"name":"_deconstruct_bias_slope","line":230,"loc":{"start":{"line":230,"column":0},"end":{"line":232,"column":0}}},"11":{"name":"_calc_bias_slope","line":234,"loc":{"start":{"line":234,"column":0},"end":{"line":239,"column":0}}},"12":{"name":"max","line":241,"loc":{"start":{"line":241,"column":0},"end":{"line":247,"column":0}}},"13":{"name":"max","line":249,"loc":{"start":{"line":249,"column":0},"end":{"line":255,"column":0}}},"14":{"name":"abs","line":257,"loc":{"start":{"line":257,"column":0},"end":{"line":263,"column":0}}},"15":{"name":"get_token_id","line":265,"loc":{"start":{"line":265,"column":0},"end":{"line":272,"column":0}}},"16":{"name":"is_contract","line":274,"loc":{"start":{"line":274,"column":0},"end":{"line":280,"column":0}}},"17":{"name":"received_boost","line":282,"loc":{"start":{"line":282,"column":0},"end":{"line":290,"column":0}}},"18":{"name":"_is_approved_or_owner","line":292,"loc":{"start":{"line":292,"column":0},"end":{"line":296,"column":0}}},"19":{"name":"adjusted_balance_of","line":298,"loc":{"start":{"line":298,"column":0},"end":{"line":348,"column":0}}},"20":{"name":"ycalc","line":350,"loc":{"start":{"line":350,"column":0},"end":{"line":355,"column":0}}},"21":{"name":"delegated_boost","line":357,"loc":{"start":{"line":357,"column":0},"end":{"line":366,"column":0}}},"22":{"name":"calc_boost_bias_slope","line":368,"loc":{"start":{"line":368,"column":0},"end":{"line":417,"column":0}}},"23":{"name":"token_boost","line":432,"loc":{"start":{"line":432,"column":0},"end":{"line":441,"column":0}}},"24":{"name":"token_expiry","line":455,"loc":{"start":{"line":455,"column":0},"end":{"line":461,"column":0}}},"25":{"name":"token_cancel_time","line":476,"loc":{"start":{"line":476,"column":0},"end":{"line":483,"column":0}}}},"statementMap":{"1":{"start":{"line":119,"column":4},"end":{"line":119,"column":19}},"2":{"start":{"line":123,"column":4},"end":{"line":123,"column":20}},"3":{"start":{"line":127,"column":6},"end":{"line":127,"column":56}},"4":{"start":{"line":129,"column":4},"end":{"line":129,"column":39}},"5":{"start":{"line":130,"column":4},"end":{"line":130,"column":49}},"6":{"start":{"line":131,"column":4},"end":{"line":131,"column":67}},"7":{"start":{"line":133,"column":4},"end":{"line":133,"column":22}},"8":{"start":{"line":149,"column":8},"end":{"line":149,"column":3363}},"9":{"start":{"line":153,"column":12},"end":{"line":153,"column":21}},"10":{"start":{"line":154,"column":12},"end":{"line":154,"column":20}},"11":{"start":{"line":158,"column":8},"end":{"line":158,"column":41}},"12":{"start":{"line":167,"column":8},"end":{"line":167,"column":16}},"13":{"start":{"line":171,"column":8},"end":{"line":171,"column":42}},"14":{"start":{"line":176,"column":7},"end":{"line":176,"column":37}},"15":{"start":{"line":177,"column":7},"end":{"line":177,"column":38}},"16":{"start":{"line":178,"column":8},"end":{"line":178,"column":62}},"17":{"start":{"line":179,"column":8},"end":{"line":179,"column":19}},"18":{"start":{"line":181,"column":8},"end":{"line":181,"column":43}},"19":{"start":{"line":182,"column":8},"end":{"line":182,"column":57}},"20":{"start":{"line":183,"column":8},"end":{"line":183,"column":18}},"21":{"start":{"line":190,"column":4},"end":{"line":190,"column":4642}},"22":{"start":{"line":191,"column":8},"end":{"line":191,"column":53}},"23":{"start":{"line":193,"column":8},"end":{"line":193,"column":53}},"24":{"start":{"line":201,"column":4},"end":{"line":201,"column":5000}},"25":{"start":{"line":202,"column":8},"end":{"line":202,"column":62}},"26":{"start":{"line":204,"column":8},"end":{"line":204,"column":62}},"27":{"start":{"line":209,"column":5},"end":{"line":209,"column":5249}},"28":{"start":{"line":210,"column":12},"end":{"line":210,"column":22}},"29":{"start":{"line":212,"column":8},"end":{"line":212,"column":19}},"30":{"start":{"line":213,"column":8},"end":{"line":213,"column":16}},"31":{"start":{"line":214,"column":8},"end":{"line":214,"column":5345}},"32":{"start":{"line":216,"column":12},"end":{"line":216,"column":18}},"33":{"start":{"line":218,"column":8},"end":{"line":218,"column":42}},"34":{"start":{"line":219,"column":8},"end":{"line":219,"column":20}},"35":{"start":{"line":220,"column":8},"end":{"line":220,"column":5486}},"36":{"start":{"line":221,"column":12},"end":{"line":221,"column":18}},"37":{"start":{"line":222,"column":12},"end":{"line":222,"column":56}},"38":{"start":{"line":223,"column":12},"end":{"line":223,"column":36}},"39":{"start":{"line":224,"column":12},"end":{"line":224,"column":23}},"40":{"start":{"line":225,"column":12},"end":{"line":225,"column":19}},"41":{"start":{"line":227,"column":8},"end":{"line":227,"column":27}},"42":{"start":{"line":231,"column":4},"end":{"line":231,"column":81}},"43":{"start":{"line":237,"column":4},"end":{"line":237,"column":44}},"44":{"start":{"line":238,"column":4},"end":{"line":238,"column":44}},"45":{"start":{"line":242,"column":4},"end":{"line":242,"column":6230}},"46":{"start":{"line":243,"column":8},"end":{"line":243,"column":16}},"47":{"start":{"line":245,"column":8},"end":{"line":245,"column":16}},"48":{"start":{"line":250,"column":4},"end":{"line":250,"column":6369}},"49":{"start":{"line":251,"column":8},"end":{"line":251,"column":16}},"50":{"start":{"line":253,"column":8},"end":{"line":253,"column":16}},"51":{"start":{"line":258,"column":4},"end":{"line":258,"column":6498}},"52":{"start":{"line":259,"column":8},"end":{"line":259,"column":17}},"53":{"start":{"line":261,"column":8},"end":{"line":261,"column":16}},"54":{"start":{"line":269,"column":4},"end":{"line":269,"column":40}},"55":{"start":{"line":271,"column":4},"end":{"line":271,"column":56}},"56":{"start":{"line":275,"column":2},"end":{"line":275,"column":13}},"57":{"start":{"line":279,"column":2},"end":{"line":279,"column":19}},"58":{"start":{"line":287,"column":4},"end":{"line":287,"column":69}},"59":{"start":{"line":288,"column":4},"end":{"line":288,"column":44}},"60":{"start":{"line":289,"column":4},"end":{"line":289,"column":63}},"61":{"start":{"line":293,"column":4},"end":{"line":293,"column":7906}},"62":{"start":{"line":302,"column":4},"end":{"line":302,"column":64}},"63":{"start":{"line":303,"column":4},"end":{"line":303,"column":8440}},"64":{"start":{"line":308,"column":8},"end":{"line":308,"column":16}},"65":{"start":{"line":311,"column":4},"end":{"line":311,"column":79}},"66":{"start":{"line":312,"column":4},"end":{"line":312,"column":44}},"67":{"start":{"line":314,"column":4},"end":{"line":314,"column":8869}},"68":{"start":{"line":315,"column":8},"end":{"line":315,"column":84}},"69":{"start":{"line":322,"column":8},"end":{"line":322,"column":65}},"70":{"start":{"line":325,"column":4},"end":{"line":325,"column":9400}},"71":{"start":{"line":326,"column":8},"end":{"line":326,"column":83}},"72":{"start":{"line":334,"column":8},"end":{"line":334,"column":70}},"73":{"start":{"line":346,"column":4},"end":{"line":346,"column":46}},"74":{"start":{"line":351,"column":4},"end":{"line":351,"column":88}},"75":{"start":{"line":352,"column":4},"end":{"line":352,"column":76}},"76":{"start":{"line":353,"column":4},"end":{"line":353,"column":107}},"77":{"start":{"line":354,"column":4},"end":{"line":354,"column":12}},"78":{"start":{"line":363,"column":4},"end":{"line":363,"column":80}},"79":{"start":{"line":364,"column":4},"end":{"line":364,"column":44}},"80":{"start":{"line":365,"column":4},"end":{"line":365,"column":60}},"81":{"start":{"line":389,"column":4},"end":{"line":389,"column":64}},"82":{"start":{"line":390,"column":4},"end":{"line":390,"column":94}},"83":{"start":{"line":391,"column":4},"end":{"line":391,"column":89}},"84":{"start":{"line":393,"column":4},"end":{"line":393,"column":77}},"85":{"start":{"line":394,"column":4},"end":{"line":394,"column":62}},"86":{"start":{"line":398,"column":4},"end":{"line":398,"column":13092}},"87":{"start":{"line":401,"column":8},"end":{"line":401,"column":69}},"88":{"start":{"line":404,"column":4},"end":{"line":404,"column":80}},"89":{"start":{"line":406,"column":4},"end":{"line":406,"column":88}},"90":{"start":{"line":407,"column":4},"end":{"line":407,"column":67}},"91":{"start":{"line":409,"column":4},"end":{"line":409,"column":124}},"92":{"start":{"line":410,"column":4},"end":{"line":410,"column":29}},"93":{"start":{"line":412,"column":4},"end":{"line":412,"column":67}},"94":{"start":{"line":413,"column":4},"end":{"line":413,"column":38}},"95":{"start":{"line":415,"column":4},"end":{"line":415,"column":67}},"96":{"start":{"line":438,"column":0},"end":{"line":438,"column":112}},"97":{"start":{"line":439,"column":4},"end":{"line":439,"column":44}},"98":{"start":{"line":440,"column":4},"end":{"line":440,"column":44}},"99":{"start":{"line":460,"column":4},"end":{"line":460,"column":72}},"100":{"start":{"line":482,"column":4},"end":{"line":482,"column":84}}},"branchMap":{"1":{"line":129,"type":"if","locations":[{"start":{"line":129,"column":4},"end":{"line":129,"column":4}},{"start":{"line":129,"column":4},"end":{"line":129,"column":4}}]},"2":{"line":130,"type":"if","locations":[{"start":{"line":130,"column":4},"end":{"line":130,"column":4}},{"start":{"line":130,"column":4},"end":{"line":130,"column":4}}]},"3":{"line":131,"type":"if","locations":[{"start":{"line":131,"column":4},"end":{"line":131,"column":4}},{"start":{"line":131,"column":4},"end":{"line":131,"column":4}}]},"4":{"line":190,"type":"if","locations":[{"start":{"line":190,"column":4},"end":{"line":190,"column":4}},{"start":{"line":190,"column":4},"end":{"line":190,"column":4}}]},"5":{"line":201,"type":"if","locations":[{"start":{"line":201,"column":4},"end":{"line":201,"column":4}},{"start":{"line":201,"column":4},"end":{"line":201,"column":4}}]},"6":{"line":209,"type":"if","locations":[{"start":{"line":209,"column":5},"end":{"line":209,"column":5}},{"start":{"line":209,"column":5},"end":{"line":209,"column":5}}]},"7":{"line":242,"type":"if","locations":[{"start":{"line":242,"column":4},"end":{"line":242,"column":4}},{"start":{"line":242,"column":4},"end":{"line":242,"column":4}}]},"8":{"line":250,"type":"if","locations":[{"start":{"line":250,"column":4},"end":{"line":250,"column":4}},{"start":{"line":250,"column":4},"end":{"line":250,"column":4}}]},"9":{"line":258,"type":"if","locations":[{"start":{"line":258,"column":4},"end":{"line":258,"column":4}},{"start":{"line":258,"column":4},"end":{"line":258,"column":4}}]},"10":{"line":269,"type":"if","locations":[{"start":{"line":269,"column":4},"end":{"line":269,"column":4}},{"start":{"line":269,"column":4},"end":{"line":269,"column":4}}]},"11":{"line":293,"type":"if","locations":[{"start":{"line":293,"column":4},"end":{"line":293,"column":4}},{"start":{"line":293,"column":4},"end":{"line":293,"column":4}}]},"12":{"line":293,"type":"cond-expr","locations":[{"start":{"line":293,"column":12},"end":{"line":293,"column":40}},{"start":{"line":294,"column":11},"end":{"line":294,"column":43}}]},"13":{"line":293,"type":"cond-expr","locations":[{"start":{"line":293,"column":12},"end":{"line":294,"column":43}},{"start":{"line":295,"column":11},"end":{"line":295,"column":40}}]},"14":{"line":303,"type":"if","locations":[{"start":{"line":303,"column":4},"end":{"line":303,"column":4}},{"start":{"line":303,"column":4},"end":{"line":303,"column":4}}]},"15":{"line":314,"type":"if","locations":[{"start":{"line":314,"column":4},"end":{"line":314,"column":4}},{"start":{"line":314,"column":4},"end":{"line":314,"column":4}}]},"16":{"line":325,"type":"if","locations":[{"start":{"line":325,"column":4},"end":{"line":325,"column":4}},{"start":{"line":325,"column":4},"end":{"line":325,"column":4}}]},"17":{"line":389,"type":"if","locations":[{"start":{"line":389,"column":4},"end":{"line":389,"column":4}},{"start":{"line":389,"column":4},"end":{"line":389,"column":4}}]},"18":{"line":390,"type":"if","locations":[{"start":{"line":390,"column":4},"end":{"line":390,"column":4}},{"start":{"line":390,"column":4},"end":{"line":390,"column":4}}]},"19":{"line":391,"type":"if","locations":[{"start":{"line":391,"column":4},"end":{"line":391,"column":4}},{"start":{"line":391,"column":4},"end":{"line":391,"column":4}}]},"20":{"line":394,"type":"if","locations":[{"start":{"line":394,"column":4},"end":{"line":394,"column":4}},{"start":{"line":394,"column":4},"end":{"line":394,"column":4}}]},"21":{"line":398,"type":"if","locations":[{"start":{"line":398,"column":4},"end":{"line":398,"column":4}},{"start":{"line":398,"column":4},"end":{"line":398,"column":4}}]},"22":{"line":407,"type":"if","locations":[{"start":{"line":407,"column":4},"end":{"line":407,"column":4}},{"start":{"line":407,"column":4},"end":{"line":407,"column":4}}]},"23":{"line":410,"type":"if","locations":[{"start":{"line":410,"column":4},"end":{"line":410,"column":4}},{"start":{"line":410,"column":4},"end":{"line":410,"column":4}}]},"24":{"line":413,"type":"if","locations":[{"start":{"line":413,"column":4},"end":{"line":413,"column":4}},{"start":{"line":413,"column":4},"end":{"line":413,"column":4}}]}}},"contracts/VEDinterfaces.sol":{"l":{"142":0,"146":0,"147":0,"148":0,"152":0,"166":0,"167":0,"182":0,"183":0,"198":0,"199":0},"path":"/Users/gauravkumar/Documents/DAO/contracts/VEDinterfaces.sol","s":{"1":0,"2":0,"3":0,"4":0,"5":0,"6":0,"7":0,"8":0,"9":0,"10":0,"11":0},"b":{"1":[0,0],"2":[0,0],"3":[0,0],"4":[0,0]},"f":{"1":0,"2":0,"3":0,"4":0,"5":0,"6":0},"fnMap":{"1":{"name":"get_boost_token_data","line":141,"loc":{"start":{"line":141,"column":0},"end":{"line":143,"column":0}}},"2":{"name":"transfer_boost_permission","line":145,"loc":{"start":{"line":145,"column":0},"end":{"line":149,"column":0}}},"3":{"name":"get_boost_token_dinfo","line":151,"loc":{"start":{"line":151,"column":0},"end":{"line":153,"column":0}}},"4":{"name":"commit_transfer_ownership","line":163,"loc":{"start":{"line":163,"column":0},"end":{"line":168,"column":0}}},"5":{"name":"accept_transfer_ownership","line":179,"loc":{"start":{"line":179,"column":0},"end":{"line":184,"column":0}}},"6":{"name":"set_base_uri","line":194,"loc":{"start":{"line":194,"column":0},"end":{"line":200,"column":0}}}},"statementMap":{"1":{"start":{"line":142,"column":4},"end":{"line":142,"column":39}},"2":{"start":{"line":146,"column":4},"end":{"line":146,"column":71}},"3":{"start":{"line":147,"column":4},"end":{"line":147,"column":66}},"4":{"start":{"line":148,"column":4},"end":{"line":148,"column":81}},"5":{"start":{"line":152,"column":4},"end":{"line":152,"column":40}},"6":{"start":{"line":166,"column":4},"end":{"line":166,"column":45}},"7":{"start":{"line":167,"column":4},"end":{"line":167,"column":23}},"8":{"start":{"line":182,"column":4},"end":{"line":182,"column":59}},"9":{"start":{"line":183,"column":4},"end":{"line":183,"column":23}},"10":{"start":{"line":198,"column":4},"end":{"line":198,"column":45}},"11":{"start":{"line":199,"column":4},"end":{"line":199,"column":23}}},"branchMap":{"1":{"line":148,"type":"if","locations":[{"start":{"line":148,"column":4},"end":{"line":148,"column":4}},{"start":{"line":148,"column":4},"end":{"line":148,"column":4}}]},"2":{"line":166,"type":"if","locations":[{"start":{"line":166,"column":4},"end":{"line":166,"column":4}},{"start":{"line":166,"column":4},"end":{"line":166,"column":4}}]},"3":{"line":182,"type":"if","locations":[{"start":{"line":182,"column":4},"end":{"line":182,"column":4}},{"start":{"line":182,"column":4},"end":{"line":182,"column":4}}]},"4":{"line":198,"type":"if","locations":[{"start":{"line":198,"column":4},"end":{"line":198,"column":4}},{"start":{"line":198,"column":4},"end":{"line":198,"column":4}}]}}},"contracts/VotingEscrow.sol":{"l":{"117":0,"118":0,"120":0,"128":0,"129":0,"131":0,"132":0,"133":0,"135":0,"136":0,"137":0,"142":0,"146":0,"150":0,"154":0,"158":0,"162":0,"163":0,"164":0,"169":0,"170":0,"171":0,"172":0,"173":0,"177":0,"178":0,"182":0,"183":0,"187":0,"188":0,"189":0,"190":0,"196":0,"200":0,"204":0,"205":0,"209":0,"213":0,"223":0,"224":0,"225":0,"226":0,"227":0,"229":0,"232":0,"233":0,"234":0,"236":0,"237":0,"238":0,"244":0,"245":0,"246":0,"247":0,"249":0,"253":0,"254":0,"255":0,"257":0,"261":0,"262":0,"263":0,"264":0,"270":0,"271":0,"274":0,"275":0,"276":0,"277":0,"279":0,"281":0,"282":0,"283":0,"284":0,"286":0,"287":0,"289":0,"290":0,"291":0,"292":0,"293":0,"294":0,"295":0,"297":0,"301":0,"304":0,"307":0,"308":0,"309":0,"310":0,"312":0,"313":0,"317":0,"319":0,"323":0,"325":0,"326":0,"327":0,"329":0,"332":0,"333":0,"334":0,"335":0,"340":0,"342":0,"343":0,"344":0,"345":0,"357":0,"358":0,"360":0,"361":0,"363":0,"364":0,"365":0,"367":0,"373":0,"375":0,"376":0,"379":0,"380":0,"387":0,"400":0,"402":0,"403":0,"404":0,"406":0,"415":0,"416":0,"417":0,"419":0,"420":0,"421":0,"422":0,"424":0,"433":0,"434":0,"436":0,"437":0,"438":0,"440":0,"448":0,"449":0,"450":0,"452":0,"453":0,"454":0,"455":0,"457":0,"465":0,"466":0,"467":0,"469":0,"470":0,"471":0,"472":0,"473":0,"474":0,"479":0,"481":0,"483":0,"484":0,"495":0,"496":0,"497":0,"498":0,"499":0,"501":0,"502":0,"503":0,"505":0,"509":0,"513":0,"524":0,"525":0,"526":0,"528":0,"529":0,"530":0,"531":0,"533":0,"547":0,"548":0,"549":0,"550":0,"552":0,"553":0,"554":0,"555":0,"557":0,"571":0,"574":0,"575":0,"576":0,"577":0,"578":0,"580":0,"581":0,"582":0,"584":0,"588":0,"590":0,"591":0,"592":0,"593":0,"594":0,"595":0,"596":0,"597":0,"598":0,"600":0,"601":0,"603":0,"604":0,"605":0,"608":0,"609":0,"610":0,"612":0,"623":0,"624":0,"625":0,"626":0,"627":0,"628":0,"629":0,"631":0,"633":0,"634":0,"635":0,"637":0,"638":0,"642":0,"643":0,"645":0,"654":0,"655":0,"656":0,"665":0,"666":0,"667":0,"668":0,"677":0,"678":0,"679":0,"681":0,"682":0,"683":0,"684":0,"685":0,"686":0,"689":0,"690":0,"695":0,"702":0,"703":0},"path":"/Users/gauravkumar/Documents/DAO/contracts/VotingEscrow.sol","s":{"1":0,"2":0,"3":0,"4":0,"5":0,"6":0,"7":0,"8":0,"9":0,"10":0,"11":0,"12":0,"13":0,"14":0,"15":0,"16":0,"17":0,"18":0,"19":0,"20":0,"21":0,"22":0,"23":0,"24":0,"25":0,"26":0,"27":0,"28":0,"29":0,"30":0,"31":0,"32":0,"33":0,"34":0,"35":0,"36":0,"37":0,"38":0,"39":0,"40":0,"41":0,"42":0,"43":0,"44":0,"45":0,"46":0,"47":0,"48":0,"49":0,"50":0,"51":0,"52":0,"53":0,"54":0,"55":0,"56":0,"57":0,"58":0,"59":0,"60":0,"61":0,"62":0,"63":0,"64":0,"65":0,"66":0,"67":0,"68":0,"69":0,"70":0,"71":0,"72":0,"73":0,"74":0,"75":0,"76":0,"77":0,"78":0,"79":0,"80":0,"81":0,"82":0,"83":0,"84":0,"85":0,"86":0,"87":0,"88":0,"89":0,"90":0,"91":0,"92":0,"93":0,"94":0,"95":0,"96":0,"97":0,"98":0,"99":0,"100":0,"101":0,"102":0,"103":0,"104":0,"105":0,"106":0,"107":0,"108":0,"109":0,"110":0,"111":0,"112":0,"113":0,"114":0,"115":0,"116":0,"117":0,"118":0,"119":0,"120":0,"121":0,"122":0,"123":0,"124":0,"125":0,"126":0,"127":0,"128":0,"129":0,"130":0,"131":0,"132":0,"133":0,"134":0,"135":0,"136":0,"137":0,"138":0,"139":0,"140":0,"141":0,"142":0,"143":0,"144":0,"145":0,"146":0,"147":0,"148":0,"149":0,"150":0,"151":0,"152":0,"153":0,"154":0,"155":0,"156":0,"157":0,"158":0,"159":0,"160":0,"161":0,"162":0,"163":0,"164":0,"165":0,"166":0,"167":0,"168":0,"169":0,"170":0,"171":0,"172":0,"173":0,"174":0,"175":0,"176":0,"177":0,"178":0,"179":0,"180":0,"181":0,"182":0,"183":0,"184":0,"185":0,"186":0,"187":0,"188":0,"189":0,"190":0,"191":0,"192":0,"193":0,"194":0,"195":0,"196":0,"197":0,"198":0,"199":0,"200":0,"201":0,"202":0,"203":0,"204":0,"205":0,"206":0,"207":0,"208":0,"209":0,"210":0,"211":0,"212":0,"213":0,"214":0,"215":0,"216":0,"217":0,"218":0,"219":0,"220":0,"221":0,"222":0,"223":0,"224":0,"225":0,"226":0,"227":0,"228":0,"229":0,"230":0,"231":0,"232":0,"233":0,"234":0,"235":0,"236":0,"237":0,"238":0,"239":0,"240":0,"241":0,"242":0,"243":0,"244":0,"245":0,"246":0,"247":0,"248":0,"249":0,"250":0,"251":0,"252":0},"b":{"1":[0,0],"2":[0,0],"3":[0,0],"4":[0,0],"5":[0,0],"6":[0,0],"7":[0,0],"8":[0,0],"9":[0,0],"10":[0,0],"11":[0,0],"12":[0,0],"13":[0,0],"14":[0,0],"15":[0,0],"16":[0,0],"17":[0,0],"18":[0,0],"19":[0,0],"20":[0,0],"21":[0,0],"22":[0,0],"23":[0,0],"24":[0,0],"25":[0,0],"26":[0,0],"27":[0,0],"28":[0,0],"29":[0,0],"30":[0,0],"31":[0,0],"32":[0,0],"33":[0,0],"34":[0,0],"35":[0,0],"36":[0,0],"37":[0,0],"38":[0,0],"39":[0,0],"40":[0,0],"41":[0,0],"42":[0,0],"43":[0,0],"44":[0,0],"45":[0,0],"46":[0,0],"47":[0,0],"48":[0,0],"49":[0,0],"50":[0,0],"51":[0,0],"52":[0,0],"53":[0,0],"54":[0,0],"55":[0,0],"56":[0,0],"57":[0,0],"58":[0,0],"59":[0,0],"60":[0,0],"61":[0,0],"62":[0,0],"63":[0,0],"64":[0,0],"65":[0,0],"66":[0,0],"67":[0,0],"68":[0,0],"69":[0,0],"70":[0,0],"71":[0,0]},"f":{"1":0,"2":0,"3":0,"4":0,"5":0,"6":0,"7":0,"8":0,"9":0,"10":0,"11":0,"12":0,"13":0,"14":0,"15":0,"16":0,"17":0,"18":0,"19":0,"20":0,"21":0,"22":0,"23":0,"24":0,"25":0,"26":0,"27":0,"28":0,"29":0,"30":0,"31":0,"32":0,"33":0,"34":0},"fnMap":{"1":{"name":"constructor","line":109,"loc":{"start":{"line":109,"column":2},"end":{"line":138,"column":2}}},"2":{"name":"get_block_number","line":141,"loc":{"start":{"line":141,"column":2},"end":{"line":143,"column":2}}},"3":{"name":"get_admin","line":145,"loc":{"start":{"line":145,"column":2},"end":{"line":147,"column":2}}},"4":{"name":"get_controller","line":149,"loc":{"start":{"line":149,"column":2},"end":{"line":151,"column":2}}},"5":{"name":"get_smart_wallet_checker","line":153,"loc":{"start":{"line":153,"column":2},"end":{"line":155,"column":2}}},"6":{"name":"get_block_timestamp","line":157,"loc":{"start":{"line":157,"column":2},"end":{"line":159,"column":2}}},"7":{"name":"commit_transfer_ownership","line":161,"loc":{"start":{"line":161,"column":2},"end":{"line":165,"column":2}}},"8":{"name":"apply_transfer_ownership","line":167,"loc":{"start":{"line":167,"column":2},"end":{"line":174,"column":2}}},"9":{"name":"commit_smart_wallet_checker","line":176,"loc":{"start":{"line":176,"column":2},"end":{"line":179,"column":2}}},"10":{"name":"apply_smart_wallet_checker","line":181,"loc":{"start":{"line":181,"column":2},"end":{"line":184,"column":2}}},"11":{"name":"assert_not_contract","line":186,"loc":{"start":{"line":186,"column":2},"end":{"line":193,"column":2}}},"12":{"name":"uinttoint","line":195,"loc":{"start":{"line":195,"column":2},"end":{"line":197,"column":2}}},"13":{"name":"inttouint","line":199,"loc":{"start":{"line":199,"column":2},"end":{"line":201,"column":2}}},"14":{"name":"get_last_user_slope","line":203,"loc":{"start":{"line":203,"column":2},"end":{"line":206,"column":2}}},"15":{"name":"user_point_history__ts","line":208,"loc":{"start":{"line":208,"column":2},"end":{"line":210,"column":2}}},"16":{"name":"locked__end","line":212,"loc":{"start":{"line":212,"column":2},"end":{"line":214,"column":2}}},"17":{"name":"_checkpoint","line":216,"loc":{"start":{"line":216,"column":2},"end":{"line":347,"column":2}}},"18":{"name":"_deposit_for","line":349,"loc":{"start":{"line":349,"column":2},"end":{"line":381,"column":2}}},"19":{"name":"checkpoint","line":383,"loc":{"start":{"line":383,"column":2},"end":{"line":388,"column":2}}},"20":{"name":"deposit_for","line":390,"loc":{"start":{"line":390,"column":2},"end":{"line":407,"column":2}}},"21":{"name":"create_lock","line":409,"loc":{"start":{"line":409,"column":2},"end":{"line":425,"column":2}}},"22":{"name":"increase_amount","line":427,"loc":{"start":{"line":427,"column":2},"end":{"line":441,"column":2}}},"23":{"name":"increase_unlock_time","line":443,"loc":{"start":{"line":443,"column":2},"end":{"line":458,"column":2}}},"24":{"name":"withdraw","line":460,"loc":{"start":{"line":460,"column":2},"end":{"line":485,"column":2}}},"25":{"name":"find_block_epoch","line":487,"loc":{"start":{"line":487,"column":2},"end":{"line":510,"column":2}}},"26":{"name":"getVotingPowerAt","line":512,"loc":{"start":{"line":512,"column":2},"end":{"line":514,"column":2}}},"27":{"name":"balanceOf","line":516,"loc":{"start":{"line":516,"column":2},"end":{"line":535,"column":2}}},"28":{"name":"balanceOf","line":539,"loc":{"start":{"line":539,"column":2},"end":{"line":559,"column":2}}},"29":{"name":"balanceOfAt","line":561,"loc":{"start":{"line":561,"column":2},"end":{"line":614,"column":2}}},"30":{"name":"supply_at","line":616,"loc":{"start":{"line":616,"column":2},"end":{"line":646,"column":2}}},"31":{"name":"totalSupplyAtEpoch","line":648,"loc":{"start":{"line":648,"column":2},"end":{"line":657,"column":2}}},"32":{"name":"totalSupply","line":659,"loc":{"start":{"line":659,"column":2},"end":{"line":669,"column":2}}},"33":{"name":"totalSupplyAt","line":671,"loc":{"start":{"line":671,"column":2},"end":{"line":696,"column":2}}},"34":{"name":"changeController","line":698,"loc":{"start":{"line":698,"column":2},"end":{"line":704,"column":2}}}},"statementMap":{"1":{"start":{"line":117,"column":4},"end":{"line":117,"column":21}},"2":{"start":{"line":118,"column":4},"end":{"line":118,"column":21}},"3":{"start":{"line":120,"column":4},"end":{"line":120,"column":3446}},"4":{"start":{"line":128,"column":4},"end":{"line":128,"column":26}},"5":{"start":{"line":129,"column":4},"end":{"line":129,"column":26}},"6":{"start":{"line":131,"column":4},"end":{"line":131,"column":52}},"7":{"start":{"line":132,"column":4},"end":{"line":132,"column":27}},"8":{"start":{"line":133,"column":4},"end":{"line":133,"column":23}},"9":{"start":{"line":135,"column":4},"end":{"line":135,"column":15}},"10":{"start":{"line":136,"column":4},"end":{"line":136,"column":19}},"11":{"start":{"line":137,"column":4},"end":{"line":137,"column":21}},"12":{"start":{"line":142,"column":4},"end":{"line":142,"column":23}},"13":{"start":{"line":146,"column":4},"end":{"line":146,"column":16}},"14":{"start":{"line":150,"column":4},"end":{"line":150,"column":21}},"15":{"start":{"line":154,"column":4},"end":{"line":154,"column":31}},"16":{"start":{"line":158,"column":4},"end":{"line":158,"column":26}},"17":{"start":{"line":162,"column":4},"end":{"line":162,"column":75}},"18":{"start":{"line":163,"column":4},"end":{"line":163,"column":22}},"19":{"start":{"line":164,"column":4},"end":{"line":164,"column":30}},"20":{"start":{"line":169,"column":4},"end":{"line":169,"column":74}},"21":{"start":{"line":170,"column":4},"end":{"line":170,"column":33}},"22":{"start":{"line":171,"column":4},"end":{"line":171,"column":48}},"23":{"start":{"line":172,"column":4},"end":{"line":172,"column":17}},"24":{"start":{"line":173,"column":4},"end":{"line":173,"column":31}},"25":{"start":{"line":177,"column":4},"end":{"line":177,"column":77}},"26":{"start":{"line":178,"column":4},"end":{"line":178,"column":37}},"27":{"start":{"line":182,"column":4},"end":{"line":182,"column":76}},"28":{"start":{"line":183,"column":4},"end":{"line":183,"column":53}},"29":{"start":{"line":187,"column":4},"end":{"line":187,"column":5196}},"30":{"start":{"line":188,"column":6},"end":{"line":188,"column":44}},"31":{"start":{"line":189,"column":6},"end":{"line":189,"column":5274}},"32":{"start":{"line":190,"column":8},"end":{"line":190,"column":97}},"33":{"start":{"line":196,"column":4},"end":{"line":196,"column":19}},"34":{"start":{"line":200,"column":4},"end":{"line":200,"column":20}},"35":{"start":{"line":204,"column":4},"end":{"line":204,"column":43}},"36":{"start":{"line":205,"column":4},"end":{"line":205,"column":49}},"37":{"start":{"line":209,"column":4},"end":{"line":209,"column":45}},"38":{"start":{"line":213,"column":4},"end":{"line":213,"column":28}},"39":{"start":{"line":223,"column":4},"end":{"line":223,"column":39}},"40":{"start":{"line":224,"column":4},"end":{"line":224,"column":39}},"41":{"start":{"line":225,"column":4},"end":{"line":225,"column":25}},"42":{"start":{"line":226,"column":4},"end":{"line":226,"column":25}},"43":{"start":{"line":227,"column":4},"end":{"line":227,"column":26}},"44":{"start":{"line":229,"column":4},"end":{"line":229,"column":6603}},"45":{"start":{"line":232,"column":8},"end":{"line":232,"column":6722}},"46":{"start":{"line":233,"column":12},"end":{"line":233,"column":82}},"47":{"start":{"line":234,"column":12},"end":{"line":234,"column":100}},"48":{"start":{"line":236,"column":8},"end":{"line":236,"column":6992}},"49":{"start":{"line":237,"column":12},"end":{"line":237,"column":82}},"50":{"start":{"line":238,"column":12},"end":{"line":238,"column":100}},"51":{"start":{"line":244,"column":8},"end":{"line":244,"column":49}},"52":{"start":{"line":245,"column":8},"end":{"line":245,"column":7525}},"53":{"start":{"line":246,"column":12},"end":{"line":246,"column":7568}},"54":{"start":{"line":247,"column":16},"end":{"line":247,"column":38}},"55":{"start":{"line":249,"column":16},"end":{"line":249,"column":57}},"56":{"start":{"line":253,"column":4},"end":{"line":253,"column":96}},"57":{"start":{"line":254,"column":4},"end":{"line":254,"column":7854}},"58":{"start":{"line":255,"column":8},"end":{"line":255,"column":41}},"59":{"start":{"line":257,"column":4},"end":{"line":257,"column":43}},"60":{"start":{"line":261,"column":4},"end":{"line":261,"column":48}},"61":{"start":{"line":262,"column":4},"end":{"line":262,"column":28}},"62":{"start":{"line":263,"column":4},"end":{"line":263,"column":8266}},"63":{"start":{"line":264,"column":8},"end":{"line":264,"column":101}},"64":{"start":{"line":270,"column":4},"end":{"line":270,"column":50}},"65":{"start":{"line":271,"column":4},"end":{"line":271,"column":8669}},"66":{"start":{"line":274,"column":6},"end":{"line":274,"column":16}},"67":{"start":{"line":275,"column":6},"end":{"line":275,"column":24}},"68":{"start":{"line":276,"column":6},"end":{"line":276,"column":8912}},"69":{"start":{"line":277,"column":10},"end":{"line":277,"column":30}},"70":{"start":{"line":279,"column":10},"end":{"line":279,"column":37}},"71":{"start":{"line":281,"column":6},"end":{"line":281,"column":94}},"72":{"start":{"line":282,"column":6},"end":{"line":282,"column":32}},"73":{"start":{"line":283,"column":6},"end":{"line":283,"column":9175}},"74":{"start":{"line":284,"column":10},"end":{"line":284,"column":28}},"75":{"start":{"line":286,"column":6},"end":{"line":286,"column":9266}},"76":{"start":{"line":287,"column":10},"end":{"line":287,"column":29}},"77":{"start":{"line":289,"column":6},"end":{"line":289,"column":26}},"78":{"start":{"line":290,"column":6},"end":{"line":290,"column":24}},"79":{"start":{"line":291,"column":6},"end":{"line":291,"column":103}},"80":{"start":{"line":292,"column":6},"end":{"line":292,"column":16}},"81":{"start":{"line":293,"column":6},"end":{"line":293,"column":9559}},"82":{"start":{"line":294,"column":10},"end":{"line":294,"column":38}},"83":{"start":{"line":297,"column":10},"end":{"line":297,"column":43}},"84":{"start":{"line":301,"column":4},"end":{"line":301,"column":17}},"85":{"start":{"line":304,"column":4},"end":{"line":304,"column":9799}},"86":{"start":{"line":307,"column":8},"end":{"line":307,"column":54}},"87":{"start":{"line":308,"column":8},"end":{"line":308,"column":51}},"88":{"start":{"line":309,"column":8},"end":{"line":309,"column":10081}},"89":{"start":{"line":310,"column":12},"end":{"line":310,"column":31}},"90":{"start":{"line":312,"column":8},"end":{"line":312,"column":10161}},"91":{"start":{"line":313,"column":12},"end":{"line":313,"column":30}},"92":{"start":{"line":317,"column":4},"end":{"line":317,"column":37}},"93":{"start":{"line":319,"column":4},"end":{"line":319,"column":10323}},"94":{"start":{"line":323,"column":8},"end":{"line":323,"column":10535}},"95":{"start":{"line":325,"column":12},"end":{"line":325,"column":36}},"96":{"start":{"line":326,"column":12},"end":{"line":326,"column":10705}},"97":{"start":{"line":327,"column":16},"end":{"line":327,"column":40}},"98":{"start":{"line":329,"column":12},"end":{"line":329,"column":53}},"99":{"start":{"line":332,"column":8},"end":{"line":332,"column":10913}},"100":{"start":{"line":333,"column":12},"end":{"line":333,"column":10968}},"101":{"start":{"line":334,"column":16},"end":{"line":334,"column":40}},"102":{"start":{"line":335,"column":16},"end":{"line":335,"column":57}},"103":{"start":{"line":340,"column":8},"end":{"line":340,"column":42}},"104":{"start":{"line":342,"column":8},"end":{"line":342,"column":38}},"105":{"start":{"line":343,"column":8},"end":{"line":343,"column":33}},"106":{"start":{"line":344,"column":8},"end":{"line":344,"column":31}},"107":{"start":{"line":345,"column":8},"end":{"line":345,"column":47}},"108":{"start":{"line":357,"column":4},"end":{"line":357,"column":50}},"109":{"start":{"line":358,"column":4},"end":{"line":358,"column":34}},"110":{"start":{"line":360,"column":4},"end":{"line":360,"column":34}},"111":{"start":{"line":361,"column":4},"end":{"line":361,"column":51}},"112":{"start":{"line":363,"column":4},"end":{"line":363,"column":57}},"113":{"start":{"line":364,"column":4},"end":{"line":364,"column":12230}},"114":{"start":{"line":365,"column":8},"end":{"line":365,"column":32}},"115":{"start":{"line":367,"column":4},"end":{"line":367,"column":26}},"116":{"start":{"line":373,"column":4},"end":{"line":373,"column":42}},"117":{"start":{"line":375,"column":4},"end":{"line":375,"column":12598}},"118":{"start":{"line":376,"column":8},"end":{"line":376,"column":71}},"119":{"start":{"line":379,"column":4},"end":{"line":379,"column":68}},"120":{"start":{"line":380,"column":4},"end":{"line":380,"column":54}},"121":{"start":{"line":387,"column":4},"end":{"line":387,"column":66}},"122":{"start":{"line":400,"column":4},"end":{"line":400,"column":48}},"123":{"start":{"line":402,"column":4},"end":{"line":402,"column":42}},"124":{"start":{"line":403,"column":4},"end":{"line":403,"column":56}},"125":{"start":{"line":404,"column":4},"end":{"line":404,"column":81}},"126":{"start":{"line":406,"column":4},"end":{"line":406,"column":96}},"127":{"start":{"line":415,"column":4},"end":{"line":415,"column":34}},"128":{"start":{"line":416,"column":4},"end":{"line":416,"column":54}},"129":{"start":{"line":417,"column":4},"end":{"line":417,"column":53}},"130":{"start":{"line":419,"column":4},"end":{"line":419,"column":44}},"131":{"start":{"line":420,"column":4},"end":{"line":420,"column":60}},"132":{"start":{"line":421,"column":4},"end":{"line":421,"column":83}},"133":{"start":{"line":422,"column":4},"end":{"line":422,"column":86}},"134":{"start":{"line":424,"column":4},"end":{"line":424,"column":75}},"135":{"start":{"line":433,"column":4},"end":{"line":433,"column":34}},"136":{"start":{"line":434,"column":4},"end":{"line":434,"column":53}},"137":{"start":{"line":436,"column":4},"end":{"line":436,"column":44}},"138":{"start":{"line":437,"column":4},"end":{"line":437,"column":56}},"139":{"start":{"line":438,"column":4},"end":{"line":438,"column":81}},"140":{"start":{"line":440,"column":4},"end":{"line":440,"column":69}},"141":{"start":{"line":448,"column":4},"end":{"line":448,"column":34}},"142":{"start":{"line":449,"column":4},"end":{"line":449,"column":53}},"143":{"start":{"line":450,"column":4},"end":{"line":450,"column":55}},"144":{"start":{"line":452,"column":4},"end":{"line":452,"column":57}},"145":{"start":{"line":453,"column":4},"end":{"line":453,"column":51}},"146":{"start":{"line":454,"column":4},"end":{"line":454,"column":72}},"147":{"start":{"line":455,"column":4},"end":{"line":455,"column":86}},"148":{"start":{"line":457,"column":4},"end":{"line":457,"column":74}},"149":{"start":{"line":465,"column":4},"end":{"line":465,"column":53}},"150":{"start":{"line":466,"column":4},"end":{"line":466,"column":68}},"151":{"start":{"line":467,"column":4},"end":{"line":467,"column":45}},"152":{"start":{"line":469,"column":4},"end":{"line":469,"column":45}},"153":{"start":{"line":470,"column":4},"end":{"line":470,"column":18}},"154":{"start":{"line":471,"column":4},"end":{"line":471,"column":21}},"155":{"start":{"line":472,"column":4},"end":{"line":472,"column":31}},"156":{"start":{"line":473,"column":4},"end":{"line":473,"column":34}},"157":{"start":{"line":474,"column":4},"end":{"line":474,"column":33}},"158":{"start":{"line":479,"column":4},"end":{"line":479,"column":47}},"159":{"start":{"line":481,"column":4},"end":{"line":481,"column":52}},"160":{"start":{"line":483,"column":4},"end":{"line":483,"column":53}},"161":{"start":{"line":484,"column":4},"end":{"line":484,"column":53}},"162":{"start":{"line":495,"column":4},"end":{"line":495,"column":19}},"163":{"start":{"line":496,"column":4},"end":{"line":496,"column":28}},"164":{"start":{"line":497,"column":4},"end":{"line":497,"column":17331}},"165":{"start":{"line":498,"column":6},"end":{"line":498,"column":17375}},"166":{"start":{"line":501,"column":6},"end":{"line":501,"column":42}},"167":{"start":{"line":502,"column":6},"end":{"line":502,"column":17472}},"168":{"start":{"line":503,"column":8},"end":{"line":503,"column":18}},"169":{"start":{"line":505,"column":8},"end":{"line":505,"column":22}},"170":{"start":{"line":509,"column":4},"end":{"line":509,"column":15}},"171":{"start":{"line":513,"column":4},"end":{"line":513,"column":29}},"172":{"start":{"line":524,"column":4},"end":{"line":524,"column":43}},"173":{"start":{"line":525,"column":4},"end":{"line":525,"column":18150}},"174":{"start":{"line":526,"column":8},"end":{"line":526,"column":16}},"175":{"start":{"line":528,"column":8},"end":{"line":528,"column":66}},"176":{"start":{"line":529,"column":8},"end":{"line":529,"column":122}},"177":{"start":{"line":530,"column":8},"end":{"line":530,"column":18405}},"178":{"start":{"line":531,"column":12},"end":{"line":531,"column":30}},"179":{"start":{"line":533,"column":8},"end":{"line":533,"column":41}},"180":{"start":{"line":547,"column":4},"end":{"line":547,"column":32}},"181":{"start":{"line":548,"column":4},"end":{"line":548,"column":43}},"182":{"start":{"line":549,"column":4},"end":{"line":549,"column":19053}},"183":{"start":{"line":550,"column":8},"end":{"line":550,"column":16}},"184":{"start":{"line":552,"column":8},"end":{"line":552,"column":66}},"185":{"start":{"line":553,"column":8},"end":{"line":553,"column":93}},"186":{"start":{"line":554,"column":8},"end":{"line":554,"column":19279}},"187":{"start":{"line":555,"column":12},"end":{"line":555,"column":30}},"188":{"start":{"line":557,"column":8},"end":{"line":557,"column":41}},"189":{"start":{"line":571,"column":4},"end":{"line":571,"column":66}},"190":{"start":{"line":574,"column":4},"end":{"line":574,"column":20}},"191":{"start":{"line":575,"column":4},"end":{"line":575,"column":41}},"192":{"start":{"line":576,"column":4},"end":{"line":576,"column":20045}},"193":{"start":{"line":577,"column":6},"end":{"line":577,"column":20089}},"194":{"start":{"line":580,"column":6},"end":{"line":580,"column":42}},"195":{"start":{"line":581,"column":6},"end":{"line":581,"column":20186}},"196":{"start":{"line":582,"column":8},"end":{"line":582,"column":18}},"197":{"start":{"line":584,"column":8},"end":{"line":584,"column":22}},"198":{"start":{"line":588,"column":4},"end":{"line":588,"column":56}},"199":{"start":{"line":590,"column":4},"end":{"line":590,"column":29}},"200":{"start":{"line":591,"column":4},"end":{"line":591,
[...]
66":0,"68":0,"70":0,"73":0,"74":0,"76":0,"77":0,"79":0,"80":0,"81":0,"83":0,"84":0,"86":0,"87":0,"88":0,"89":0,"97":0,"99":0,"100":0,"102":0,"103":0,"105":0,"108":0,"109":0,"110":0,"121":0,"123":0,"124":0,"125":0,"126":0,"127":0,"128":0,"134":0,"135":0,"137":0,"138":0,"141":0,"142":0,"144":0,"145":0,"146":0,"147":0,"150":0,"151":0,"152":0,"154":0,"156":0,"163":0,"166":0,"167":0,"169":0,"170":0,"171":0,"172":0,"176":0,"179":0,"180":0,"185":0,"186":0,"187":0,"192":0,"193":0,"224":0,"226":0,"228":0,"229":0,"232":0,"233":0,"234":0,"240":0,"247":0,"248":0,"250":0,"251":0,"254":0,"257":0,"258":0,"261":0,"262":0,"263":0,"264":0,"282":0,"284":0,"285":0,"286":0,"289":0,"291":0,"293":0,"295":0,"300":0,"304":0,"309":0,"310":0,"312":0,"313":0,"316":0,"319":0,"323":0,"329":0,"330":0,"332":0,"333":0,"335":0,"338":0,"339":0,"342":0,"343":0,"344":0,"345":0,"352":0,"357":0,"366":0,"367":0,"368":0,"377":0,"387":0,"397":0},"path":"/Users/gauravkumar/Documents/DAO/contracts/VotingEscrowDelegation.sol","s":{"1":0,"2":0,"3":0,"4":0,"5":0,"6":0,"7":0,"8":0,"9":0,"10":0,"11":0,"12":0,"13":0,"14":0,"15":0,"16":0,"17":0,"18":0,"19":0,"20":0,"21":0,"22":0,"23":0,"24":0,"25":0,"26":0,"27":0,"28":0,"29":0,"30":0,"31":0,"32":0,"33":0,"34":0,"35":0,"36":0,"37":0,"38":0,"39":0,"40":0,"41":0,"42":0,"43":0,"44":0,"45":0,"46":0,"47":0,"48":0,"49":0,"50":0,"51":0,"52":0,"53":0,"54":0,"55":0,"56":0,"57":0,"58":0,"59":0,"60":0,"61":0,"62":0,"63":0,"64":0,"65":0,"66":0,"67":0,"68":0,"69":0,"70":0,"71":0,"72":0,"73":0,"74":0,"75":0,"76":0,"77":0,"78":0,"79":0,"80":0,"81":0,"82":0,"83":0,"84":0,"85":0,"86":0,"87":0,"88":0,"89":0,"90":0,"91":0,"92":0,"93":0,"94":0,"95":0,"96":0,"97":0,"98":0,"99":0,"100":0,"101":0,"102":0,"103":0,"104":0,"105":0,"106":0,"107":0,"108":0,"109":0,"110":0,"111":0,"112":0,"113":0,"114":0,"115":0,"116":0,"117":0,"118":0,"119":0,"120":0,"121":0,"122":0,"123":0,"124":0,"125":0,"126":0,"127":0,"128":0,"129":0,"130":0,"131":0,"132":0,"133":0,"134":0,"135":0,"136":0,"137":0,"138":0,"139":0,"140":0,"141":0,"142":0,"143":0,"144":0,"145":0},"b":{"1":[0,0],"2":[0,0],"3":[0,0],"4":[0,0],"5":[0,0],"6":[0,0],"7":[0,0],"8":[0,0],"9":[0,0],"10":[0,0],"11":[0,0],"12":[0,0],"13":[0,0],"14":[0,0],"15":[0,0],"16":[0,0],"17":[0,0],"18":[0,0],"19":[0,0],"20":[0,0],"21":[0,0],"22":[0,0],"23":[0,0],"24":[0,0],"25":[0,0],"26":[0,0],"27":[0,0],"28":[0,0],"29":[0,0],"30":[0,0],"31":[0,0],"32":[0,0],"33":[0,0]},"f":{"1":0,"2":0,"3":0,"4":0,"5":0,"6":0,"7":0,"8":0,"9":0,"10":0,"11":0,"12":0,"13":0,"14":0},"fnMap":{"1":{"name":"constructor","line":11,"loc":{"start":{"line":11,"column":0},"end":{"line":18,"column":0}}},"2":{"name":"_update_enumeration_data","line":22,"loc":{"start":{"line":22,"column":0},"end":{"line":115,"column":0}}},"3":{"name":"_mint_boost","line":118,"loc":{"start":{"line":118,"column":0},"end":{"line":129,"column":0}}},"4":{"name":"_burn_boost","line":133,"loc":{"start":{"line":133,"column":0},"end":{"line":181,"column":0}}},"5":{"name":"_transfer_boost","line":184,"loc":{"start":{"line":184,"column":0},"end":{"line":188,"column":0}}},"6":{"name":"_set_delegation_status","line":191,"loc":{"start":{"line":191,"column":0},"end":{"line":194,"column":0}}},"7":{"name":"create_boost","line":198,"loc":{"start":{"line":198,"column":0},"end":{"line":266,"column":0}}},"8":{"name":"extend_boost","line":269,"loc":{"start":{"line":269,"column":0},"end":{"line":348,"column":0}}},"9":{"name":"adjusted_balance_of","line":351,"loc":{"start":{"line":351,"column":0},"end":{"line":353,"column":0}}},"10":{"name":"received_boost","line":356,"loc":{"start":{"line":356,"column":0},"end":{"line":358,"column":0}}},"11":{"name":"token_boost","line":361,"loc":{"start":{"line":361,"column":0},"end":{"line":369,"column":0}}},"12":{"name":"token_expiry","line":372,"loc":{"start":{"line":372,"column":0},"end":{"line":378,"column":0}}},"13":{"name":"token_cancel_time","line":381,"loc":{"start":{"line":381,"column":0},"end":{"line":388,"column":0}}},"14":{"name":"calc_boost_bias_slope","line":391,"loc":{"start":{"line":391,"column":0},"end":{"line":399,"column":0}}}},"statementMap":{"1":{"start":{"line":12,"column":4},"end":{"line":12,"column":15}},"2":{"start":{"line":13,"column":4},"end":{"line":13,"column":19}},"3":{"start":{"line":14,"column":4},"end":{"line":14,"column":23}},"4":{"start":{"line":16,"column":4},"end":{"line":16,"column":21}},"5":{"start":{"line":23,"column":8},"end":{"line":23,"column":77}},"6":{"start":{"line":24,"column":8},"end":{"line":24,"column":64}},"7":{"start":{"line":25,"column":8},"end":{"line":25,"column":52}},"8":{"start":{"line":26,"column":8},"end":{"line":26,"column":61}},"9":{"start":{"line":27,"column":8},"end":{"line":27,"column":80}},"10":{"start":{"line":30,"column":8},"end":{"line":30,"column":846}},"11":{"start":{"line":31,"column":12},"end":{"line":31,"column":35}},"12":{"start":{"line":32,"column":12},"end":{"line":32,"column":67}},"13":{"start":{"line":34,"column":12},"end":{"line":34,"column":50}},"14":{"start":{"line":36,"column":12},"end":{"line":36,"column":47}},"15":{"start":{"line":37,"column":12},"end":{"line":37,"column":58}},"16":{"start":{"line":38,"column":12},"end":{"line":38,"column":59}},"17":{"start":{"line":43,"column":12},"end":{"line":43,"column":103}},"18":{"start":{"line":44,"column":12},"end":{"line":44,"column":76}},"19":{"start":{"line":45,"column":12},"end":{"line":45,"column":54}},"20":{"start":{"line":48,"column":12},"end":{"line":48,"column":27}},"21":{"start":{"line":49,"column":15},"end":{"line":49,"column":1790}},"22":{"start":{"line":54,"column":12},"end":{"line":54,"column":51}},"23":{"start":{"line":55,"column":12},"end":{"line":55,"column":68}},"24":{"start":{"line":57,"column":12},"end":{"line":57,"column":2125}},"25":{"start":{"line":59,"column":16},"end":{"line":59,"column":75}},"26":{"start":{"line":60,"column":16},"end":{"line":60,"column":88}},"27":{"start":{"line":62,"column":16},"end":{"line":62,"column":123}},"28":{"start":{"line":63,"column":16},"end":{"line":63,"column":59}},"29":{"start":{"line":66,"column":12},"end":{"line":66,"column":46}},"30":{"start":{"line":68,"column":12},"end":{"line":68,"column":2778}},"31":{"start":{"line":70,"column":16},"end":{"line":70,"column":86}},"32":{"start":{"line":73,"column":16},"end":{"line":73,"column":137}},"33":{"start":{"line":74,"column":16},"end":{"line":74,"column":71}},"34":{"start":{"line":76,"column":12},"end":{"line":76,"column":58}},"35":{"start":{"line":77,"column":12},"end":{"line":77,"column":47}},"36":{"start":{"line":79,"column":12},"end":{"line":79,"column":3470}},"37":{"start":{"line":80,"column":16},"end":{"line":80,"column":105}},"38":{"start":{"line":81,"column":16},"end":{"line":81,"column":93}},"39":{"start":{"line":83,"column":16},"end":{"line":83,"column":131}},"40":{"start":{"line":84,"column":16},"end":{"line":84,"column":91}},"41":{"start":{"line":86,"column":12},"end":{"line":86,"column":73}},"42":{"start":{"line":87,"column":12},"end":{"line":87,"column":44}},"43":{"start":{"line":88,"column":12},"end":{"line":88,"column":55}},"44":{"start":{"line":89,"column":12},"end":{"line":89,"column":27}},"45":{"start":{"line":97,"column":12},"end":{"line":97,"column":4427}},"46":{"start":{"line":99,"column":16},"end":{"line":99,"column":86}},"47":{"start":{"line":100,"column":16},"end":{"line":100,"column":86}},"48":{"start":{"line":102,"column":16},"end":{"line":102,"column":118}},"49":{"start":{"line":103,"column":16},"end":{"line":103,"column":71}},"50":{"start":{"line":105,"column":12},"end":{"line":105,"column":58}},"51":{"start":{"line":108,"column":12},"end":{"line":108,"column":36}},"52":{"start":{"line":109,"column":12},"end":{"line":109,"column":58}},"53":{"start":{"line":110,"column":12},"end":{"line":110,"column":86}},"54":{"start":{"line":121,"column":4},"end":{"line":121,"column":116}},"55":{"start":{"line":123,"column":4},"end":{"line":123,"column":106}},"56":{"start":{"line":124,"column":4},"end":{"line":124,"column":38}},"57":{"start":{"line":125,"column":4},"end":{"line":125,"column":36}},"58":{"start":{"line":126,"column":4},"end":{"line":126,"column":38}},"59":{"start":{"line":127,"column":4},"end":{"line":127,"column":79}},"60":{"start":{"line":128,"column":4},"end":{"line":128,"column":53}},"61":{"start":{"line":134,"column":4},"end":{"line":134,"column":48}},"62":{"start":{"line":135,"column":4},"end":{"line":135,"column":43}},"63":{"start":{"line":137,"column":4},"end":{"line":137,"column":6370}},"64":{"start":{"line":138,"column":8},"end":{"line":138,"column":14}},"65":{"start":{"line":141,"column":4},"end":{"line":141,"column":44}},"66":{"start":{"line":142,"column":4},"end":{"line":142,"column":42}},"67":{"start":{"line":144,"column":4},"end":{"line":144,"column":17}},"68":{"start":{"line":145,"column":4},"end":{"line":145,"column":57}},"69":{"start":{"line":146,"column":4},"end":{"line":146,"column":24}},"70":{"start":{"line":147,"column":4},"end":{"line":147,"column":34}},"71":{"start":{"line":150,"column":4},"end":{"line":150,"column":55}},"72":{"start":{"line":151,"column":4},"end":{"line":151,"column":48}},"73":{"start":{"line":152,"column":4},"end":{"line":152,"column":67}},"74":{"start":{"line":154,"column":4},"end":{"line":154,"column":64}},"75":{"start":{"line":156,"column":4},"end":{"line":156,"column":6938}},"76":{"start":{"line":163,"column":8},"end":{"line":163,"column":7345}},"77":{"start":{"line":166,"column":12},"end":{"line":166,"column":7555}},"78":{"start":{"line":167,"column":16},"end":{"line":167,"column":59}},"79":{"start":{"line":169,"column":12},"end":{"line":169,"column":64}},"80":{"start":{"line":170,"column":12},"end":{"line":170,"column":7725}},"81":{"start":{"line":171,"column":16},"end":{"line":171,"column":36}},"82":{"start":{"line":175,"column":11},"end":{"line":175,"column":7863}},"83":{"start":{"line":176,"column":8},"end":{"line":176,"column":22}},"84":{"start":{"line":179,"column":4},"end":{"line":179,"column":85}},"85":{"start":{"line":180,"column":4},"end":{"line":180,"column":59}},"86":{"start":{"line":185,"column":4},"end":{"line":185,"column":96}},"87":{"start":{"line":186,"column":4},"end":{"line":186,"column":32}},"88":{"start":{"line":187,"column":4},"end":{"line":187,"column":30}},"89":{"start":{"line":192,"column":4},"end":{"line":192,"column":45}},"90":{"start":{"line":193,"column":4},"end":{"line":193,"column":62}},"91":{"start":{"line":224,"column":4},"end":{"line":224,"column":83}},"92":{"start":{"line":226,"column":4},"end":{"line":226,"column":66}},"93":{"start":{"line":228,"column":4},"end":{"line":228,"column":10195}},"94":{"start":{"line":229,"column":8},"end":{"line":229,"column":38}},"95":{"start":{"line":232,"column":4},"end":{"line":232,"column":83}},"96":{"start":{"line":233,"column":4},"end":{"line":233,"column":143}},"97":{"start":{"line":234,"column":4},"end":{"line":234,"column":45}},"98":{"start":{"line":240,"column":4},"end":{"line":240,"column":83}},"99":{"start":{"line":247,"column":4},"end":{"line":247,"column":58}},"100":{"start":{"line":248,"column":4},"end":{"line":248,"column":29}},"101":{"start":{"line":250,"column":4},"end":{"line":250,"column":100}},"102":{"start":{"line":251,"column":4},"end":{"line":251,"column":44}},"103":{"start":{"line":254,"column":4},"end":{"line":254,"column":81}},"104":{"start":{"line":257,"column":4},"end":{"line":257,"column":11292}},"105":{"start":{"line":258,"column":8},"end":{"line":258,"column":32}},"106":{"start":{"line":261,"column":4},"end":{"line":261,"column":81}},"107":{"start":{"line":262,"column":4},"end":{"line":262,"column":89}},"108":{"start":{"line":263,"column":4},"end":{"line":263,"column":49}},"109":{"start":{"line":264,"column":4},"end":{"line":264,"column":109}},"110":{"start":{"line":282,"column":4},"end":{"line":282,"column":69}},"111":{"start":{"line":284,"column":4},"end":{"line":284,"column":42}},"112":{"start":{"line":285,"column":4},"end":{"line":285,"column":27}},"113":{"start":{"line":286,"column":4},"end":{"line":286,"column":57}},"114":{"start":{"line":289,"column":4},"end":{"line":289,"column":48}},"115":{"start":{"line":291,"column":4},"end":{"line":291,"column":82}},"116":{"start":{"line":293,"column":4},"end":{"line":293,"column":66}},"117":{"start":{"line":295,"column":4},"end":{"line":295,"column":50}},"118":{"start":{"line":300,"column":4},"end":{"line":300,"column":44}},"119":{"start":{"line":304,"column":4},"end":{"line":304,"column":51}},"120":{"start":{"line":309,"column":4},"end":{"line":309,"column":54}},"121":{"start":{"line":310,"column":4},"end":{"line":310,"column":65}},"122":{"start":{"line":312,"column":4},"end":{"line":312,"column":14085}},"123":{"start":{"line":313,"column":8},"end":{"line":313,"column":38}},"124":{"start":{"line":316,"column":4},"end":{"line":316,"column":41}},"125":{"start":{"line":319,"column":4},"end":{"line":319,"column":68}},"126":{"start":{"line":323,"column":4},"end":{"line":323,"column":57}},"127":{"start":{"line":329,"column":4},"end":{"line":329,"column":17}},"128":{"start":{"line":330,"column":4},"end":{"line":330,"column":50}},"129":{"start":{"line":332,"column":4},"end":{"line":332,"column":72}},"130":{"start":{"line":333,"column":4},"end":{"line":333,"column":27}},"131":{"start":{"line":335,"column":4},"end":{"line":335,"column":80}},"132":{"start":{"line":338,"column":4},"end":{"line":338,"column":15210}},"133":{"start":{"line":339,"column":8},"end":{"line":339,"column":32}},"134":{"start":{"line":342,"column":4},"end":{"line":342,"column":47}},"135":{"start":{"line":343,"column":4},"end":{"line":343,"column":48}},"136":{"start":{"line":344,"column":4},"end":{"line":344,"column":83}},"137":{"start":{"line":345,"column":4},"end":{"line":345,"column":105}},"138":{"start":{"line":352,"column":4},"end":{"line":352,"column":53}},"139":{"start":{"line":357,"column":4},"end":{"line":357,"column":57}},"140":{"start":{"line":366,"column":4},"end":{"line":366,"column":85}},"141":{"start":{"line":367,"column":4},"end":{"line":367,"column":50}},"142":{"start":{"line":368,"column":4},"end":{"line":368,"column":44}},"143":{"start":{"line":377,"column":4},"end":{"line":377,"column":46}},"144":{"start":{"line":387,"column":4},"end":{"line":387,"column":51}},"145":{"start":{"line":397,"column":4},"end":{"line":397,"column":161}}},"branchMap":{"1":{"line":30,"type":"if","locations":[{"start":{"line":30,"column":8},"end":{"line":30,"column":8}},{"start":{"line":30,"column":8},"end":{"line":30,"column":8}}]},"2":{"line":49,"type":"if","locations":[{"start":{"line":49,"column":15},"end":{"line":49,"column":15}},{"start":{"line":49,"column":15},"end":{"line":49,"column":15}}]},"3":{"line":57,"type":"if","locations":[{"start":{"line":57,"column":12},"end":{"line":57,"column":12}},{"start":{"line":57,"column":12},"end":{"line":57,"column":12}}]},"4":{"line":68,"type":"if","locations":[{"start":{"line":68,"column":12},"end":{"line":68,"column":12}},{"start":{"line":68,"column":12},"end":{"line":68,"column":12}}]},"5":{"line":79,"type":"if","locations":[{"start":{"line":79,"column":12},"end":{"line":79,"column":12}},{"start":{"line":79,"column":12},"end":{"line":79,"column":12}}]},"6":{"line":97,"type":"if","locations":[{"start":{"line":97,"column":12},"end":{"line":97,"column":12}},{"start":{"line":97,"column":12},"end":{"line":97,"column":12}}]},"7":{"line":121,"type":"if","locations":[{"start":{"line":121,"column":4},"end":{"line":121,"column":4}},{"start":{"line":121,"column":4},"end":{"line":121,"column":4}}]},"8":{"line":121,"type":"if","locations":[{"start":{"line":121,"column":59},"end":{"line":121,"column":59}},{"start":{"line":121,"column":63},"end":{"line":121,"column":63}}]},"9":{"line":121,"type":"if","locations":[{"start":{"line":121,"column":104},"end":{"line":121,"column":104}},{"start":{"line":121,"column":108},"end":{"line":121,"column":108}}]},"10":{"line":137,"type":"if","locations":[{"start":{"line":137,"column":4},"end":{"line":137,"column":4}},{"start":{"line":137,"column":4},"end":{"line":137,"column":4}}]},"11":{"line":156,"type":"if","locations":[{"start":{"line":156,"column":4},"end":{"line":156,"column":4}},{"start":{"line":156,"column":4},"end":{"line":156,"column":4}}]},"12":{"line":166,"type":"if","locations":[{"start":{"line":166,"column":12},"end":{"line":166,"column":12}},{"start":{"line":166,"column":12},"end":{"line":166,"column":12}}]},"13":{"line":167,"type":"if","locations":[{"start":{"line":167,"column":16},"end":{"line":167,"column":16}},{"start":{"line":167,"column":16},"end":{"line":167,"column":16}}]},"14":{"line":170,"type":"if","locations":[{"start":{"line":170,"column":12},"end":{"line":170,"column":12}},{"start":{"line":170,"column":12},"end":{"line":170,"column":12}}]},"15":{"line":175,"type":"if","locations":[{"start":{"line":175,"column":11},"end":{"line":175,"column":11}},{"start":{"line":175,"column":11},"end":{"line":175,"column":11}}]},"16":{"line":228,"type":"if","locations":[{"start":{"line":228,"column":4},"end":{"line":228,"column":4}},{"start":{"line":228,"column":4},"end":{"line":228,"column":4}}]},"17":{"line":232,"type":"if","locations":[{"start":{"line":232,"column":4},"end":{"line":232,"column":4}},{"start":{"line":232,"column":4},"end":{"line":232,"column":4}}]},"18":{"line":233,"type":"if","locations":[{"start":{"line":233,"column":4},"end":{"line":233,"column":4}},{"start":{"line":233,"column":4},"end":{"line":233,"column":4}}]},"19":{"line":234,"type":"if","locations":[{"start":{"line":234,"column":4},"end":{"line":234,"column":4}},{"start":{"line":234,"column":4},"end":{"line":234,"column":4}}]},"20":{"line":248,"type":"if","locations":[{"start":{"line":248,"column":4},"end":{"line":248,"column":4}},{"start":{"line":248,"column":4},"end":{"line":248,"column":4}}]},"21":{"line":251,"type":"if","locations":[{"start":{"line":251,"column":4},"end":{"line":251,"column":4}},{"start":{"line":251,"column":4},"end":{"line":251,"column":4}}]},"22":{"line":257,"type":"if","locations":[{"start":{"line":257,"column":4},"end":{"line":257,"column":4}},{"start":{"line":257,"column":4},"end":{"line":257,"column":4}}]},"23":{"line":284,"type":"if","locations":[{"start":{"line":284,"column":4},"end":{"line":284,"column":4}},{"start":{"line":284,"column":4},"end":{"line":284,"column":4}}]},"24":{"line":285,"type":"if","locations":[{"start":{"line":285,"column":4},"end":{"line":285,"column":4}},{"start":{"line":285,"column":4},"end":{"line":285,"column":4}}]},"25":{"line":286,"type":"if","locations":[{"start":{"line":286,"column":4},"end":{"line":286,"column":4}},{"start":{"line":286,"column":4},"end":{"line":286,"column":4}}]},"26":{"line":300,"type":"if","locations":[{"start":{"line":300,"column":4},"end":{"line":300,"column":4}},{"start":{"line":300,"column":4},"end":{"line":300,"column":4}}]},"27":{"line":304,"type":"if","locations":[{"start":{"line":304,"column":4},"end":{"line":304,"column":4}},{"start":{"line":304,"column":4},"end":{"line":304,"column":4}}]},"28":{"line":312,"type":"if","locations":[{"start":{"line":312,"column":4},"end":{"line":312,"column":4}},{"start":{"line":312,"column":4},"end":{"line":312,"column":4}}]},"29":{"line":316,"type":"if","locations":[{"start":{"line":316,"column":4},"end":{"line":316,"column":4}},{"start":{"line":316,"column":4},"end":{"line":316,"column":4}}]},"30":{"line":329,"type":"if","locations":[{"start":{"line":329,"column":4},"end":{"line":329,"column":4}},{"start":{"line":329,"column":4},"end":{"line":329,"column":4}}]},"31":{"line":330,"type":"if","locations":[{"start":{"line":330,"column":4},"end":{"line":330,"column":4}},{"start":{"line":330,"column":4},"end":{"line":330,"column":4}}]},"32":{"line":333,"type":"if","locations":[{"start":{"line":333,"column":4},"end":{"line":333,"column":4}},{"start":{"line":333,"column":4},"end":{"line":333,"column":4}}]},"33":{"line":338,"type":"if","locations":[{"start":{"line":338,"column":4},"end":{"line":338,"column":4}},{"start":{"line":338,"column":4},"end":{"line":338,"column":4}}]}}}}
