{"contracts/ERC20CRV.sol":{"l":{"68":34,"69":34,"70":34,"71":34,"72":34,"73":34,"74":34,"75":34,"77":34,"78":34,"79":34,"80":34,"86":2,"90":2,"94":12,"98":4,"102":14,"106":4,"110":2,"114":3,"121":3,"122":3,"124":3,"125":3,"127":3,"128":3,"130":0,"131":0,"132":0,"135":3,"137":3,"141":2,"142":2,"143":1,"144":1,"146":0,"149":2,"156":1,"157":1,"164":2,"165":1,"166":1,"168":1,"176":2,"177":1,"178":1,"180":1,"185":0,"191":0,"200":0,"201":0,"202":0,"203":0,"206":0,"207":0,"208":0,"211":0,"213":0,"214":0,"215":0,"216":0,"217":0,"220":0,"221":0,"222":0,"224":0,"227":0,"229":0,"230":0,"234":0,"235":0,"236":0,"239":0,"246":1,"247":1,"248":1,"249":1,"256":1,"257":1,"258":1,"266":2,"276":1,"277":1,"279":1,"280":1,"281":1,"283":1,"284":1,"293":10,"294":10,"295":10,"296":10,"297":10,"298":10,"299":10,"300":10,"301":10,"312":13,"313":13,"314":13,"315":13,"319":4,"323":2,"332":1,"333":1,"334":1,"335":1,"336":1,"337":1,"338":1,"339":1,"340":1,"341":1,"349":1,"350":1,"351":1,"352":1,"353":1,"354":1,"355":1,"356":1,"357":1,"365":1,"366":1,"367":1},"path":"/Users/gauravkumar/Documents/DAO/contracts/ERC20CRV.sol","s":{"1":34,"2":34,"3":34,"4":34,"5":34,"6":34,"7":34,"8":34,"9":34,"10":34,"11":34,"12":34,"13":2,"14":2,"15":12,"16":4,"17":14,"18":4,"19":2,"20":3,"21":3,"22":3,"23":3,"24":3,"25":3,"26":3,"27":0,"28":0,"29":0,"30":3,"31":3,"32":2,"33":2,"34":1,"35":1,"36":2,"37":1,"38":1,"39":2,"40":1,"41":1,"42":1,"43":2,"44":1,"45":1,"46":1,"47":0,"48":0,"49":0,"50":0,"51":0,"52":0,"53":0,"54":0,"55":0,"56":0,"57":0,"58":0,"59":0,"60":0,"61":0,"62":0,"63":0,"64":0,"65":0,"66":0,"67":0,"68":0,"69":0,"70":0,"71":0,"72":1,"73":1,"74":1,"75":1,"76":1,"77":1,"78":1,"79":2,"80":1,"81":1,"82":1,"83":1,"84":1,"85":1,"86":1,"87":10,"88":10,"89":10,"90":10,"91":10,"92":10,"93":10,"94":10,"95":10,"96":13,"97":13,"98":13,"99":13,"100":4,"101":2,"102":1,"103":1,"104":1,"105":1,"106":1,"107":1,"108":1,"109":1,"110":1,"111":1,"112":1,"113":1,"114":1,"115":1,"116":1,"117":1,"118":1,"119":1,"120":1,"121":1},"b":{"1":[3,0],"2":[1,0],"3":[1,0],"4":[1,1],"5":[1,1],"6":[0,0],"7":[0,0],"8":[0,0],"9":[0,0],"10":[0,0],"11":[0,0],"12":[0,0],"13":[0,0],"14":[0,0],"15":[1,0],"16":[1,0],"17":[1,0],"18":[1,0],"19":[1,0],"20":[1,0],"21":[10,0],"22":[10,0],"23":[10,0],"24":[10,0],"25":[13,0],"26":[1,0],"27":[1,0],"28":[1,0],"29":[1,0],"30":[1,0],"31":[1,0],"32":[1,0],"33":[1,0]},"f":{"1":34,"2":2,"3":2,"4":12,"5":4,"6":14,"7":4,"8":2,"9":3,"10":3,"11":2,"12":1,"13":2,"14":2,"15":0,"16":0,"17":0,"18":1,"19":1,"20":2,"21":1,"22":10,"23":13,"24":4,"25":2,"26":1,"27":1,"28":1},"fnMap":{"1":{"name":"constructor","line":61,"loc":{"start":{"line":61,"column":4},"end":{"line":82,"column":4}}},"2":{"name":"name","line":84,"loc":{"start":{"line":84,"column":4},"end":{"line":87,"column":4}}},"3":{"name":"symbol","line":89,"loc":{"start":{"line":89,"column":4},"end":{"line":91,"column":4}}},"4":{"name":"decimals","line":93,"loc":{"start":{"line":93,"column":4},"end":{"line":95,"column":4}}},"5":{"name":"totalSupply","line":97,"loc":{"start":{"line":97,"column":4},"end":{"line":99,"column":4}}},"6":{"name":"balanceOf","line":101,"loc":{"start":{"line":101,"column":4},"end":{"line":103,"column":4}}},"7":{"name":"get_admin","line":105,"loc":{"start":{"line":105,"column":4},"end":{"line":107,"column":4}}},"8":{"name":"get_minter","line":109,"loc":{"start":{"line":109,"column":4},"end":{"line":111,"column":4}}},"9":{"name":"get_block_timestamp","line":113,"loc":{"start":{"line":113,"column":4},"end":{"line":115,"column":4}}},"10":{"name":"_update_mining_parameters","line":117,"loc":{"start":{"line":117,"column":4},"end":{"line":138,"column":4}}},"11":{"name":"totalSupplyAt","line":140,"loc":{"start":{"line":140,"column":4},"end":{"line":150,"column":4}}},"12":{"name":"update_mining_parameters","line":152,"loc":{"start":{"line":152,"column":4},"end":{"line":158,"column":4}}},"13":{"name":"start_epoch_time_write","line":160,"loc":{"start":{"line":160,"column":4},"end":{"line":170,"column":4}}},"14":{"name":"future_epoch_time_write","line":172,"loc":{"start":{"line":172,"column":4},"end":{"line":182,"column":4}}},"15":{"name":"_available_supply","line":184,"loc":{"start":{"line":184,"column":4},"end":{"line":186,"column":4}}},"16":{"name":"available_supply","line":188,"loc":{"start":{"line":188,"column":4},"end":{"line":192,"column":4}}},"17":{"name":"mintable_in_timeframe","line":195,"loc":{"start":{"line":195,"column":4},"end":{"line":240,"column":4}}},"18":{"name":"set_minter","line":242,"loc":{"start":{"line":242,"column":4},"end":{"line":250,"column":4}}},"19":{"name":"set_admin","line":252,"loc":{"start":{"line":252,"column":4},"end":{"line":259,"column":4}}},"20":{"name":"allowance","line":261,"loc":{"start":{"line":261,"column":4},"end":{"line":267,"column":4}}},"21":{"name":"transfer","line":269,"loc":{"start":{"line":269,"column":4},"end":{"line":285,"column":4}}},"22":{"name":"transferFrom","line":287,"loc":{"start":{"line":287,"column":4},"end":{"line":302,"column":4}}},"23":{"name":"approve","line":304,"loc":{"start":{"line":304,"column":4},"end":{"line":316,"column":4}}},"24":{"name":"uinttoint","line":318,"loc":{"start":{"line":318,"column":4},"end":{"line":320,"column":2}}},"25":{"name":"inttouint","line":322,"loc":{"start":{"line":322,"column":2},"end":{"line":324,"column":2}}},"26":{"name":"mint","line":326,"loc":{"start":{"line":326,"column":4},"end":{"line":342,"column":4}}},"27":{"name":"burn","line":344,"loc":{"start":{"line":344,"column":4},"end":{"line":358,"column":4}}},"28":{"name":"set_name","line":360,"loc":{"start":{"line":360,"column":4},"end":{"line":368,"column":4}}}},"statementMap":{"1":{"start":{"line":68,"column":8},"end":{"line":68,"column":62}},"2":{"start":{"line":69,"column":8},"end":{"line":69,"column":20}},"3":{"start":{"line":70,"column":8},"end":{"line":70,"column":24}},"4":{"start":{"line":71,"column":8},"end":{"line":71,"column":28}},"5":{"start":{"line":72,"column":8},"end":{"line":72,"column":41}},"6":{"start":{"line":73,"column":8},"end":{"line":73,"column":33}},"7":{"start":{"line":74,"column":8},"end":{"line":74,"column":25}},"8":{"start":{"line":75,"column":8},"end":{"line":75,"column":60}},"9":{"start":{"line":77,"column":8},"end":{"line":77,"column":81}},"10":{"start":{"line":78,"column":8},"end":{"line":78,"column":24}},"11":{"start":{"line":79,"column":8},"end":{"line":79,"column":15}},"12":{"start":{"line":80,"column":8},"end":{"line":80,"column":39}},"13":{"start":{"line":86,"column":8},"end":{"line":86,"column":20}},"14":{"start":{"line":90,"column":8},"end":{"line":90,"column":22}},"15":{"start":{"line":94,"column":8},"end":{"line":94,"column":24}},"16":{"start":{"line":98,"column":8},"end":{"line":98,"column":27}},"17":{"start":{"line":102,"column":8},"end":{"line":102,"column":31}},"18":{"start":{"line":106,"column":8},"end":{"line":106,"column":20}},"19":{"start":{"line":110,"column":8},"end":{"line":110,"column":21}},"20":{"start":{"line":114,"column":8},"end":{"line":114,"column":30}},"21":{"start":{"line":121,"column":8},"end":{"line":121,"column":28}},"22":{"start":{"line":122,"column":8},"end":{"line":122,"column":56}},"23":{"start":{"line":124,"column":8},"end":{"line":124,"column":46}},"24":{"start":{"line":125,"column":8},"end":{"line":125,"column":24}},"25":{"start":{"line":127,"column":8},"end":{"line":127,"column":3764}},"26":{"start":{"line":128,"column":12},"end":{"line":128,"column":31}},"27":{"start":{"line":130,"column":12},"end":{"line":130,"column":61}},"28":{"start":{"line":131,"column":12},"end":{"line":131,"column":51}},"29":{"start":{"line":132,"column":12},"end":{"line":132,"column":72}},"30":{"start":{"line":135,"column":8},"end":{"line":135,"column":19}},"31":{"start":{"line":137,"column":8},"end":{"line":137,"column":80}},"32":{"start":{"line":141,"column":8},"end":{"line":141,"column":32}},"33":{"start":{"line":142,"column":8},"end":{"line":142,"column":4279}},"34":{"start":{"line":143,"column":12},"end":{"line":143,"column":4365}},"35":{"start":{"line":144,"column":16},"end":{"line":144,"column":96}},"36":{"start":{"line":149,"column":8},"end":{"line":149,"column":65}},"37":{"start":{"line":156,"column":8},"end":{"line":156,"column":86}},"38":{"start":{"line":157,"column":8},"end":{"line":157,"column":34}},"39":{"start":{"line":164,"column":8},"end":{"line":164,"column":5411}},"40":{"start":{"line":165,"column":12},"end":{"line":165,"column":38}},"41":{"start":{"line":166,"column":12},"end":{"line":166,"column":35}},"42":{"start":{"line":168,"column":12},"end":{"line":168,"column":35}},"43":{"start":{"line":176,"column":8},"end":{"line":176,"column":5889}},"44":{"start":{"line":177,"column":12},"end":{"line":177,"column":38}},"45":{"start":{"line":178,"column":12},"end":{"line":178,"column":57}},"46":{"start":{"line":180,"column":12},"end":{"line":180,"column":57}},"47":{"start":{"line":185,"column":8},"end":{"line":185,"column":79}},"48":{"start":{"line":191,"column":8},"end":{"line":191,"column":34}},"49":{"start":{"line":200,"column":8},"end":{"line":200,"column":59}},"50":{"start":{"line":201,"column":8},"end":{"line":201,"column":27}},"51":{"start":{"line":202,"column":8},"end":{"line":202,"column":53}},"52":{"start":{"line":203,"column":8},"end":{"line":203,"column":35}},"53":{"start":{"line":206,"column":8},"end":{"line":206,"column":7173}},"54":{"start":{"line":207,"column":12},"end":{"line":207,"column":52}},"55":{"start":{"line":208,"column":12},"end":{"line":208,"column":86}},"56":{"start":{"line":211,"column":8},"end":{"line":211,"column":141}},"57":{"start":{"line":213,"column":8},"end":{"line":213,"column":7535}},"58":{"start":{"line":214,"column":12},"end":{"line":214,"column":7632}},"59":{"start":{"line":215,"column":16},"end":{"line":215,"column":41}},"60":{"start":{"line":216,"column":16},"end":{"line":216,"column":7728}},"61":{"start":{"line":217,"column":20},"end":{"line":217,"column":73}},"62":{"start":{"line":220,"column":16},"end":{"line":220,"column":45}},"63":{"start":{"line":221,"column":16},"end":{"line":221,"column":7948}},"64":{"start":{"line":223,"column":23},"end":{"line":223,"column":8107}},"65":{"start":{"line":224,"column":20},"end":{"line":224,"column":53}},"66":{"start":{"line":227,"column":16},"end":{"line":227,"column":70}},"67":{"start":{"line":229,"column":16},"end":{"line":229,"column":8314}},"68":{"start":{"line":234,"column":12},"end":{"line":234,"column":52}},"69":{"start":{"line":235,"column":12},"end":{"line":235,"column":86}},"70":{"start":{"line":236,"column":12},"end":{"line":236,"column":107}},"71":{"start":{"line":239,"column":8},"end":{"line":239,"column":22}},"72":{"start":{"line":246,"column":8},"end":{"line":246,"column":64}},"73":{"start":{"line":247,"column":8},"end":{"line":247,"column":69}},"74":{"start":{"line":248,"column":8},"end":{"line":248,"column":23}},"75":{"start":{"line":249,"column":8},"end":{"line":249,"column":31}},"76":{"start":{"line":256,"column":8},"end":{"line":256,"column":63}},"77":{"start":{"line":257,"column":8},"end":{"line":257,"column":21}},"78":{"start":{"line":258,"column":8},"end":{"line":258,"column":29}},"79":{"start":{"line":266,"column":8},"end":{"line":266,"column":43}},"80":{"start":{"line":276,"column":8},"end":{"line":276,"column":57}},"81":{"start":{"line":277,"column":8},"end":{"line":277,"column":60}},"82":{"start":{"line":279,"column":8},"end":{"line":279,"column":70}},"83":{"start":{"line":280,"column":8},"end":{"line":280,"column":36}},"84":{"start":{"line":281,"column":8},"end":{"line":281,"column":29}},"85":{"start":{"line":283,"column":8},"end":{"line":283,"column":45}},"86":{"start":{"line":284,"column":8},"end":{"line":284,"column":19}},"87":{"start":{"line":293,"column":8},"end":{"line":293,"column":61}},"88":{"start":{"line":294,"column":8},"end":{"line":294,"column":58}},"89":{"start":{"line":295,"column":8},"end":{"line":295,"column":81}},"90":{"start":{"line":296,"column":8},"end":{"line":296,"column":65}},"91":{"start":{"line":297,"column":8},"end":{"line":297,"column":32}},"92":{"start":{"line":298,"column":8},"end":{"line":298,"column":30}},"93":{"start":{"line":299,"column":8},"end":{"line":299,"column":46}},"94":{"start":{"line":300,"column":8},"end":{"line":300,"column":41}},"95":{"start":{"line":301,"column":8},"end":{"line":301,"column":19}},"96":{"start":{"line":312,"column":8},"end":{"line":312,"column":61}},"97":{"start":{"line":313,"column":8},"end":{"line":313,"column":48}},"98":{"start":{"line":314,"column":8},"end":{"line":314,"column":51}},"99":{"start":{"line":315,"column":8},"end":{"line":315,"column":19}},"100":{"start":{"line":319,"column":4},"end":{"line":319,"column":19}},"101":{"start":{"line":323,"column":4},"end":{"line":323,"column":20}},"102":{"start":{"line":332,"column":8},"end":{"line":332,"column":75}},"103":{"start":{"line":333,"column":8},"end":{"line":333,"column":57}},"104":{"start":{"line":334,"column":8},"end":{"line":334,"column":58}},"105":{"start":{"line":335,"column":8},"end":{"line":335,"column":58}},"106":{"start":{"line":336,"column":8},"end":{"line":336,"column":29}},"107":{"start":{"line":337,"column":8},"end":{"line":337,"column":30}},"108":{"start":{"line":338,"column":8},"end":{"line":338,"column":48}},"109":{"start":{"line":339,"column":8},"end":{"line":339,"column":96}},"110":{"start":{"line":341,"column":8},"end":{"line":341,"column":19}},"111":{"start":{"line":349,"column":8},"end":{"line":349,"column":75}},"112":{"start":{"line":350,"column":8},"end":{"line":350,"column":58}},"113":{"start":{"line":351,"column":8},"end":{"line":351,"column":70}},"114":{"start":{"line":352,"column":8},"end":{"line":352,"column":37}},"115":{"start":{"line":353,"column":8},"end":{"line":353,"column":29}},"116":{"start":{"line":354,"column":8},"end":{"line":354,"column":55}},"117":{"start":{"line":355,"column":8},"end":{"line":355,"column":101}},"118":{"start":{"line":357,"column":8},"end":{"line":357,"column":19}},"119":{"start":{"line":365,"column":8},"end":{"line":365,"column":75}},"120":{"start":{"line":366,"column":8},"end":{"line":366,"column":20}},"121":{"start":{"line":367,"column":8},"end":{"line":367,"column":24}}},"branchMap":{"1":{"line":127,"type":"if","locations":[{"start":{"line":127,"column":8},"end":{"line":127,"column":8}},{"start":{"line":127,"column":8},"end":{"line":127,"column":8}}]},"2":{"line":143,"type":"if","locations":[{"start":{"line":143,"column":12},"end":{"line":143,"column":12}},{"start":{"line":143,"column":12},"end":{"line":143,"column":12}}]},"3":{"line":156,"type":"if","locations":[{"start":{"line":156,"column":8},"end":{"line":156,"column":8}},{"start":{"line":156,"column":8},"end":{"line":156,"column":8}}]},"4":{"line":164,"type":"if","locations":[{"start":{"line":164,"column":8},"end":{"line":164,"column":8}},{"start":{"line":164,"column":8},"end":{"line":164,"column":8}}]},"5":{"line":176,"type":"if","locations":[{"start":{"line":176,"column":8},"end":{"line":176,"column":8}},{"start":{"line":176,"column":8},"end":{"line":176,"column":8}}]},"6":{"line":200,"type":"if","locations":[{"start":{"line":200,"column":8},"end":{"line":200,"column":8}},{"start":{"line":200,"column":8},"end":{"line":200,"column":8}}]},"7":{"line":206,"type":"if","locations":[{"start":{"line":206,"column":8},"end":{"line":206,"column":8}},{"start":{"line":206,"column":8},"end":{"line":206,"column":8}}]},"8":{"line":211,"type":"if","locations":[{"start":{"line":211,"column":8},"end":{"line":211,"column":8}},{"start":{"line":211,"column":8},"end":{"line":211,"column":8}}]},"9":{"line":214,"type":"if","locations":[{"start":{"line":214,"column":12},"end":{"line":214,"column":12}},{"start":{"line":214,"column":12},"end":{"line":214,"column":12}}]},"10":{"line":216,"type":"if","locations":[{"start":{"line":216,"column":16},"end":{"line":216,"column":16}},{"start":{"line":216,"column":16},"end":{"line":216,"column":16}}]},"11":{"line":221,"type":"if","locations":[{"start":{"line":221,"column":16},"end":{"line":221,"column":16}},{"start":{"line":221,"column":16},"end":{"line":221,"column":16}}]},"12":{"line":223,"type":"if","locations":[{"start":{"line":223,"column":23},"end":{"line":223,"column":23}},{"start":{"line":223,"column":23},"end":{"line":223,"column":23}}]},"13":{"line":229,"type":"if","locations":[{"start":{"line":229,"column":16},"end":{"line":229,"column":16}},{"start":{"line":229,"column":16},"end":{"line":229,"column":16}}]},"14":{"line":236,"type":"if","locations":[{"start":{"line":236,"column":12},"end":{"line":236,"column":12}},{"start":{"line":236,"column":12},"end":{"line":236,"column":12}}]},"15":{"line":246,"type":"if","locations":[{"start":{"line":246,"column":8},"end":{"line":246,"column":8}},{"start":{"line":246,"column":8},"end":{"line":246,"column":8}}]},"16":{"line":247,"type":"if","locations":[{"start":{"line":247,"column":8},"end":{"line":247,"column":8}},{"start":{"line":247,"column":8},"end":{"line":247,"column":8}}]},"17":{"line":256,"type":"if","locations":[{"start":{"line":256,"column":8},"end":{"line":256,"column":8}},{"start":{"line":256,"column":8},"end":{"line":256,"column":8}}]},"18":{"line":276,"type":"if","locations":[{"start":{"line":276,"column":8},"end":{"line":276,"column":8}},{"start":{"line":276,"column":8},"end":{"line":276,"column":8}}]},"19":{"line":277,"type":"if","locations":[{"start":{"line":277,"column":8},"end":{"line":277,"column":8}},{"start":{"line":277,"column":8},"end":{"line":277,"column":8}}]},"20":{"line":279,"type":"if","locations":[{"start":{"line":279,"column":8},"end":{"line":279,"column":8}},{"start":{"line":279,"column":8},"end":{"line":279,"column":8}}]},"21":{"line":293,"type":"if","locations":[{"start":{"line":293,"column":8},"end":{"line":293,"column":8}},{"start":{"line":293,"column":8},"end":{"line":293,"column":8}}]},"22":{"line":294,"type":"if","locations":[{"start":{"line":294,"column":8},"end":{"line":294,"column":8}},{"start":{"line":294,"column":8},"end":{"line":294,"column":8}}]},"23":{"line":295,"type":"if","locations":[{"start":{"line":295,"column":8},"end":{"line":295,"column":8}},{"start":{"line":295,"column":8},"end":{"line":295,"column":8}}]},"24":{"line":296,"type":"if","locations":[{"start":{"line":296,"column":8},"end":{"line":296,"column":8}},{"start":{"line":296,"column":8},"end":{"line":296,"column":8}}]},"25":{"line":312,"type":"if","locations":[{"start":{"line":312,"column":8},"end":{"line":312,"column":8}},{"start":{"line":312,"column":8},"end":{"line":312,"column":8}}]},"26":{"line":332,"type":"if","locations":[{"start":{"line":332,"column":8},"end":{"line":332,"column":8}},{"start":{"line":332,"column":8},"end":{"line":332,"column":8}}]},"27":{"line":333,"type":"if","locations":[{"start":{"line":333,"column":8},"end":{"line":333,"column":8}},{"start":{"line":333,"column":8},"end":{"line":333,"column":8}}]},"28":{"line":334,"type":"if","locations":[{"start":{"line":334,"column":8},"end":{"line":334,"column":8}},{"start":{"line":334,"column":8},"end":{"line":334,"column":8}}]},"29":{"line":335,"type":"if","locations":[{"start":{"line":335,"column":8},"end":{"line":335,"column":8}},{"start":{"line":335,"column":8},"end":{"line":335,"column":8}}]},"30":{"line":349,"type":"if","locations":[{"start":{"line":349,"column":8},"end":{"line":349,"column":8}},{"start":{"line":349,"column":8},"end":{"line":349,"column":8}}]},"31":{"line":350,"type":"if","locations":[{"start":{"line":350,"column":8},"end":{"line":350,"column":8}},{"start":{"line":350,"column":8},"end":{"line":350,"column":8}}]},"32":{"line":351,"type":"if","locations":[{"start":{"line":351,"column":8},"end":{"line":351,"column":8}},{"start":{"line":351,"column":8},"end":{"line":351,"column":8}}]},"33":{"line":365,"type":"if","locations":[{"start":{"line":365,"column":8},"end":{"line":365,"column":8}},{"start":{"line":365,"column":8},"end":{"line":365,"column":8}}]}}},"contracts/VotingEscrow.sol":{"l":{"120":11,"121":11,"123":11,"131":11,"132":11,"134":11,"135":11,"136":11,"138":11,"139":11,"140":11,"148":2,"152":3,"156":3,"160":0,"164":1,"165":1,"166":1,"171":1,"172":1,"173":1,"174":1,"175":1,"179":1,"180":1,"184":1,"185":1,"189":10,"190":0,"191":0,"192":0,"198":53,"202":7,"206":0,"207":0,"211":0,"215":2,"225":10,"226":10,"227":10,"228":10,"229":10,"231":10,"234":10,"235":2,"236":2,"238":10,"239":10,"240":10,"246":10,"247":10,"248":10,"249":1,"251":9,"255":10,"256":10,"257":2,"259":10,"263":10,"264":10,"265":10,"266":0,"272":10,"273":10,"276":10,"277":10,"278":10,"279":10,"281":0,"283":10,"284":10,"285":10,"286":0,"288":10,"289":0,"291":10,"292":10,"293":10,"294":10,"295":10,"296":10,"297":10,"299":0,"303":10,"306":10,"309":10,"310":10,"311":10,"312":0,"314":10,"315":0,"319":10,"321":10,"325":10,"327":2,"328":2,"329":1,"331":2,"334":10,"335":10,"336":9,"337":9,"342":10,"344":10,"345":10,"346":10,"347":10,"352":0,"363":10,"364":10,"366":10,"367":10,"369":10,"370":10,"371":9,"373":10,"379":10,"381":10,"382":9,"385":10,"386":10,"393":0,"406":0,"408":0,"409":0,"410":0,"412":0,"421":8,"422":8,"423":8,"425":8,"426":8,"427":8,"428":8,"430":8,"439":1,"440":1,"442":1,"443":1,"444":1,"446":1,"454":1,"455":1,"456":1,"458":1,"459":1,"460":1,"461":1,"463":1,"471":2,"472":2,"473":0,"475":0,"476":0,"477":0,"478":0,"479":0,"480":0,"485":0,"487":0,"489":0,"490":0,"501":2,"502":2,"503":2,"504":4,"505":2,"507":2,"508":2,"509":2,"511":0,"515":2,"519":1,"530":2,"531":2,"532":0,"534":2,"535":2,"536":2,"537":2,"539":2,"553":4,"554":4,"555":4,"556":1,"558":3,"559":3,"560":3,"561":0,"563":3,"577":1,"580":1,"581":1,"582":1,"583":2,"584":1,"586":1,"587":1,"588":1,"590":0,"594":1,"596":1,"597":1,"598":1,"599":1,"600":1,"601":1,"602":0,"603":0,"604":0,"606":1,"607":1,"609":1,"610":1,"611":0,"614":1,"615":1,"616":1,"618":0,"629":1,"630":1,"631":1,"632":1,"633":1,"634":1,"635":1,"637":0,"639":1,"640":1,"641":1,"643":0,"644":0,"648":1,"649":0,"651":1,"660":0,"661":0,"662":0,"671":0,"672":0,"673":0,"674":0,"683":1,"684":1,"685":1,"687":1,"688":1,"689":1,"690":0,"691":0,"692":0,"695":1,"696":0,"701":1,"708":0,"709":0},"path":"/Users/gauravkumar/Documents/DAO/contracts/VotingEscrow.sol","s":{"1":11,"2":11,"3":11,"4":11,"5":11,"6":11,"7":11,"8":11,"9":11,"10":11,"11":11,"12":2,"13":3,"14":3,"15":0,"16":1,"17":1,"18":1,"19":1,"20":1,"21":1,"22":1,"23":1,"24":1,"25":1,"26":1,"27":1,"28":10,"29":0,"30":0,"31":0,"32":53,"33":7,"34":0,"35":0,"36":0,"37":2,"38":10,"39":10,"40":10,"41":10,"42":10,"43":10,"44":10,"45":2,"46":2,"47":10,"48":10,"49":10,"50":10,"51":10,"52":10,"53":1,"54":9,"55":10,"56":10,"57":2,"58":10,"59":10,"60":10,"61":10,"62":0,"63":10,"64":10,"65":10,"66":10,"67":10,"68":10,"69":0,"70":10,"71":10,"72":10,"73":0,"74":10,"75":0,"76":10,"77":10,"78":10,"79":10,"80":10,"81":10,"82":0,"83":10,"84":10,"85":10,"86":10,"87":10,"88":0,"89":10,"90":0,"91":10,"92":10,"93":10,"94":2,"95":2,"96":1,"97":2,"98":10,"99":10,"100":9,"101":9,"102":10,"103":10,"104":10,"105":10,"106":10,"107":0,"108":10,"109":10,"110":10,"111":10,"112":10,"113":10,"114":9,"115":10,"116":10,"117":10,"118":9,"119":10,"120":10,"121":0,"122":0,"123":0,"124":0,"125":0,"126":0,"127":8,"128":8,"129":8,"130":8,"131":8,"132":8,"133":8,"134":8,"135":1,"136":1,"137":1,"138":1,"139":1,"140":1,"141":1,"142":1,"143":1,"144":1,"145":1,"146":1,"147":1,"148":1,"149":2,"150":2,"151":0,"152":0,"153":0,"154":0,"155":0,"156":0,"157":0,"158":0,"159":0,"160":0,"161":0,"162":2,"163":2,"164":2,"165":4,"166":2,"167":2,"168":2,"169":0,"170":2,"171":1,"172":2,"173":2,"174":0,"175":2,"176":2,"177":2,"178":2,"179":2,"180":4,"181":4,"182":4,"183":1,"184":3,"185":3,"186":3,"187":0,"188":3,"189":1,"190":1,"191":1,"192":1,"193":2,"194":1,"195":1,"196":1,"197":0,"198":1,"199":1,"200":1,"201":1,"202":1,"203":1,"204":1,"205":0,"206":0,"207":0,"208":1,"209":1,"210":1,"211":1,"212":0,"213":1,"214":1,"215":1,"216":0,"217":1,"218":1,"219":1,"220":1,"221":1,"222":1,"223":1,"224":0,"225":1,"226":1,"227":0,"228":0,"229":1,"230":0,"231":1,"232":0,"233":0,"234":0,"235":0,"236":0,"237":0,"238":0,"239":1,"240":1,"241":1,"242":1,"243":1,"244":1,"245":0,"246":0,"247":0,"248":1,"249":0,"250":1,"251":0,"252":0},"b":{"1":[1,0],"2":[1,0],"3":[1,0],"4":[1,0],"5":[1,0],"6":[0,10],"7":[0,0],"8":[0,0],"9":[10,0],"10":[2,8],"11":[10,0],"12":[10,0],"13":[1,9],"14":[2,8],"15":[0,10],"16":[10,0],"17":[0,10],"18":[0,10],"19":[10,0],"20":[10,0],"21":[0,10],"22":[0,10],"23":[10,0],"24":[2,8],"25":[1,1],"26":[10,0],"27":[9,1],"28":[9,1],"29":[9,1],"30":[9,0],"31":[0,0],"32":[0,0],"33":[0,0],"34":[0,0],"35":[8,0],"36":[8,0],"37":[8,0],"38":[8,0],"39":[8,0],"40":[1,0],"41":[1,0],"42":[1,0],"43":[1,0],"44":[1,0],"45":[1,0],"46":[1,0],"47":[1,0],"48":[1,0],"49":[2,0],"50":[0,2],"51":[0,0],"52":[2,2],"53":[2,0],"54":[0,2],"55":[2,0],"56":[1,3],"57":[0,3],"58":[1,0],"59":[1,1],"60":[1,0],"61":[0,1],"62":[0,1],"63":[1,0],"64":[1,0],"65":[1,0],"66":[0,1],"67":[1,0],"68":[0,1],"69":[0,0],"70":[0,1],"71":[0,0]},"f":{"1":11,"2":2,"3":3,"4":3,"5":0,"6":1,"7":1,"8":1,"9":1,"10":10,"11":53,"12":7,"13":0,"14":0,"15":2,"16":10,"17":0,"18":10,"19":0,"20":0,"21":8,"22":1,"23":1,"24":2,"25":2,"26":1,"27":2,"28":4,"29":1,"30":1,"31":0,"32":0,"33":1,"34":0},"fnMap":{"1":{"name":"constructor","line":112,"loc":{"start":{"line":112,"column":2},"end":{"line":141,"column":2}}},"2":{"name":"get_block_number","line":147,"loc":{"start":{"line":147,"column":2},"end":{"line":149,"column":2}}},"3":{"name":"get_admin","line":151,"loc":{"start":{"line":151,"column":2},"end":{"line":153,"column":2}}},"4":{"name":"get_smart_wallet_checker","line":155,"loc":{"start":{"line":155,"column":2},"end":{"line":157,"column":2}}},"5":{"name":"get_block_timestamp","line":159,"loc":{"start":{"line":159,"column":2},"end":{"line":161,"column":2}}},"6":{"name":"commit_transfer_ownership","line":163,"loc":{"start":{"line":163,"column":2},"end":{"line":167,"column":2}}},"7":{"name":"apply_transfer_ownership","line":169,"loc":{"start":{"line":169,"column":2},"end":{"line":176,"column":2}}},"8":{"name":"commit_smart_wallet_checker","line":178,"loc":{"start":{"line":178,"column":2},"end":{"line":181,"column":2}}},"9":{"name":"apply_smart_wallet_checker","line":183,"loc":{"start":{"line":183,"column":2},"end":{"line":186,"column":2}}},"10":{"name":"assert_not_contract","line":188,"loc":{"start":{"line":188,"column":2},"end":{"line":195,"column":2}}},"11":{"name":"uinttoint","line":197,"loc":{"start":{"line":197,"column":2},"end":{"line":199,"column":2}}},"12":{"name":"inttouint","line":201,"loc":{"start":{"line":201,"column":2},"end":{"line":203,"column":2}}},"13":{"name":"get_last_user_slope","line":205,"loc":{"start":{"line":205,"column":2},"end":{"line":208,"column":2}}},"14":{"name":"user_point_history__ts","line":210,"loc":{"start":{"line":210,"column":2},"end":{"line":212,"column":2}}},"15":{"name":"locked__end","line":214,"loc":{"start":{"line":214,"column":2},"end":{"line":216,"column":2}}},"16":{"name":"_checkpoint","line":218,"loc":{"start":{"line":218,"column":2},"end":{"line":349,"column":2}}},"17":{"name":"debugger","line":351,"loc":{"start":{"line":351,"column":2},"end":{"line":353,"column":2}}},"18":{"name":"_deposit_for","line":355,"loc":{"start":{"line":355,"column":2},"end":{"line":387,"column":2}}},"19":{"name":"checkpoint","line":389,"loc":{"start":{"line":389,"column":2},"end":{"line":394,"column":2}}},"20":{"name":"deposit_for","line":396,"loc":{"start":{"line":396,"column":2},"end":{"line":413,"column":2}}},"21":{"name":"create_lock","line":415,"loc":{"start":{"line":415,"column":2},"end":{"line":431,"column":2}}},"22":{"name":"increase_amount","line":433,"loc":{"start":{"line":433,"column":2},"end":{"line":447,"column":2}}},"23":{"name":"increase_unlock_time","line":449,"loc":{"start":{"line":449,"column":2},"end":{"line":464,"column":2}}},"24":{"name":"withdraw","line":466,"loc":{"start":{"line":466,"column":2},"end":{"line":491,"column":2}}},"25":{"name":"find_block_epoch","line":493,"loc":{"start":{"line":493,"column":2},"end":{"line":516,"column":2}}},"26":{"name":"getVotingPowerAt","line":518,"loc":{"start":{"line":518,"column":2},"end":{"line":520,"column":2}}},"27":{"name":"balanceOf","line":522,"loc":{"start":{"line":522,"column":2},"end":{"line":541,"column":2}}},"28":{"name":"balanceOf","line":545,"loc":{"start":{"line":545,"column":2},"end":{"line":565,"column":2}}},"29":{"name":"balanceOfAt","line":567,"loc":{"start":{"line":567,"column":2},"end":{"line":620,"column":2}}},"30":{"name":"supply_at","line":622,"loc":{"start":{"line":622,"column":2},"end":{"line":652,"column":2}}},"31":{"name":"totalSupply","line":654,"loc":{"start":{"line":654,"column":2},"end":{"line":663,"column":2}}},"32":{"name":"totalSupply","line":665,"loc":{"start":{"line":665,"column":2},"end":{"line":675,"column":2}}},"33":{"name":"totalSupplyAt","line":677,"loc":{"start":{"line":677,"column":2},"end":{"line":702,"column":2}}},"34":{"name":"changeController","line":704,"loc":{"start":{"line":704,"column":2},"end":{"line":710,"column":2}}}},"statementMap":{"1":{"start":{"line":120,"column":4},"end":{"line":120,"column":21}},"2":{"start":{"line":121,"column":4},"end":{"line":121,"column":21}},"3":{"start":{"line":123,"column":4},"end":{"line":123,"column":3449}},"4":{"start":{"line":131,"column":4},"end":{"line":131,"column":26}},"5":{"start":{"line":132,"column":4},"end":{"line":132,"column":26}},"6":{"start":{"line":134,"column":4},"end":{"line":134,"column":52}},"7":{"start":{"line":135,"column":4},"end":{"line":135,"column":27}},"8":{"start":{"line":136,"column":4},"end":{"line":136,"column":23}},"9":{"start":{"line":138,"column":4},"end":{"line":138,"column":15}},"10":{"start":{"line":139,"column":4},"end":{"line":139,"column":19}},"11":{"start":{"line":140,"column":4},"end":{"line":140,"column":21}},"12":{"start":{"line":148,"column":4},"end":{"line":148,"column":23}},"13":{"start":{"line":152,"column":4},"end":{"line":152,"column":16}},"14":{"start":{"line":156,"column":4},"end":{"line":156,"column":31}},"15":{"start":{"line":160,"column":4},"end":{"line":160,"column":26}},"16":{"start":{"line":164,"column":4},"end":{"line":164,"column":75}},"17":{"start":{"line":165,"column":4},"end":{"line":165,"column":22}},"18":{"start":{"line":166,"column":4},"end":{"line":166,"column":30}},"19":{"start":{"line":171,"column":4},"end":{"line":171,"column":74}},"20":{"start":{"line":172,"column":4},"end":{"line":172,"column":33}},"21":{"start":{"line":173,"column":4},"end":{"line":173,"column":48}},"22":{"start":{"line":174,"column":4},"end":{"line":174,"column":17}},"23":{"start":{"line":175,"column":4},"end":{"line":175,"column":31}},"24":{"start":{"line":179,"column":4},"end":{"line":179,"column":77}},"25":{"start":{"line":180,"column":4},"end":{"line":180,"column":37}},"26":{"start":{"line":184,"column":4},"end":{"line":184,"column":76}},"27":{"start":{"line":185,"column":4},"end":{"line":185,"column":53}},"28":{"start":{"line":189,"column":4},"end":{"line":189,"column":5211}},"29":{"start":{"line":190,"column":6},"end":{"line":190,"column":44}},"30":{"start":{"line":191,"column":6},"end":{"line":191,"column":5289}},"31":{"start":{"line":192,"column":8},"end":{"line":192,"column":97}},"32":{"start":{"line":198,"column":4},"end":{"line":198,"column":19}},"33":{"start":{"line":202,"column":4},"end":{"line":202,"column":20}},"34":{"start":{"line":206,"column":4},"end":{"line":206,"column":43}},"35":{"start":{"line":207,"column":4},"end":{"line":207,"column":49}},"36":{"start":{"line":211,"column":4},"end":{"line":211,"column":45}},"37":{"start":{"line":215,"column":4},"end":{"line":215,"column":28}},"38":{"start":{"line":225,"column":4},"end":{"line":225,"column":39}},"39":{"start":{"line":226,"column":4},"end":{"line":226,"column":39}},"40":{"start":{"line":227,"column":4},"end":{"line":227,"column":25}},"41":{"start":{"line":228,"column":4},"end":{"line":228,"column":25}},"42":{"start":{"line":229,"column":4},"end":{"line":229,"column":26}},"43":{"start":{"line":231,"column":4},"end":{"line":231,"column":6618}},"44":{"start":{"line":234,"column":8},"end":{"line":234,"column":6737}},"45":{"start":{"line":235,"column":12},"end":{"line":235,"column":82}},"46":{"start":{"line":236,"column":12},"end":{"line":236,"column":100}},"47":{"start":{"line":238,"column":8},"end":{"line":238,"column":7007}},"48":{"start":{"line":239,"column":12},"end":{"line":239,"column":82}},"49":{"start":{"line":240,"column":12},"end":{"line":240,"column":100}},"50":{"start":{"line":246,"column":8},"end":{"line":246,"column":49}},"51":{"start":{"line":247,"column":8},"end":{"line":247,"column":7540}},"52":{"start":{"line":248,"column":12},"end":{"line":248,"column":7583}},"53":{"start":{"line":249,"column":16},"end":{"line":249,"column":38}},"54":{"start":{"line":251,"column":16},"end":{"line":251,"column":57}},"55":{"start":{"line":255,"column":4},"end":{"line":255,"column":96}},"56":{"start":{"line":256,"column":4},"end":{"line":256,"column":7869}},"57":{"start":{"line":257,"column":8},"end":{"line":257,"column":41}},"58":{"start":{"line":259,"column":4},"end":{"line":259,"column":43}},"59":{"start":{"line":263,"column":4},"end":{"line":263,"column":48}},"60":{"start":{"line":264,"column":4},"end":{"line":264,"column":28}},"61":{"start":{"line":265,"column":4},"end":{"line":265,"column":8281}},"62":{"start":{"line":266,"column":8},"end":{"line":266,"column":101}},"63":{"start":{"line":272,"column":4},"end":{"line":272,"column":50}},"64":{"start":{"line":273,"column":4},"end":{"line":273,"column":8684}},"65":{"start":{"line":276,"column":6},"end":{"line":276,"column":16}},"66":{"start":{"line":277,"column":6},"end":{"line":277,"column":24}},"67":{"start":{"line":278,"column":6},"end":{"line":278,"column":8927}},"68":{"start":{"line":279,"column":10},"end":{"line":279,"column":30}},"69":{"start":{"line":281,"column":10},"end":{"line":281,"column":37}},"70":{"start":{"line":283,"column":6},"end":{"line":283,"column":94}},"71":{"start":{"line":284,"column":6},"end":{"line":284,"column":32}},"72":{"start":{"line":285,"column":6},"end":{"line":285,"column":9190}},"73":{"start":{"line":286,"column":10},"end":{"line":286,"column":28}},"74":{"start":{"line":288,"column":6},"end":{"line":288,"column":9281}},"75":{"start":{"line":289,"column":10},"end":{"line":289,"column":29}},"76":{"start":{"line":291,"column":6},"end":{"line":291,"column":26}},"77":{"start":{"line":292,"column":6},"end":{"line":292,"column":24}},"78":{"start":{"line":293,"column":6},"end":{"line":293,"column":103}},"79":{"start":{"line":294,"column":6},"end":{"line":294,"column":16}},"80":{"start":{"line":295,"column":6},"end":{"line":295,"column":9574}},"81":{"start":{"line":296,"column":10},"end":{"line":296,"column":38}},"82":{"start":{"line":299,"column":10},"end":{"line":299,"column":43}},"83":{"start":{"line":303,"column":4},"end":{"line":303,"column":17}},"84":{"start":{"line":306,"column":4},"end":{"line":306,"column":9814}},"85":{"start":{"line":309,"column":8},"end":{"line":309,"column":54}},"86":{"start":{"line":310,"column":8},"end":{"line":310,"column":51}},"87":{"start":{"line":311,"column":8},"end":{"line":311,"column":10096}},"88":{"start":{"line":312,"column":12},"end":{"line":312,"column":31}},"89":{"start":{"line":314,"column":8},"end":{"line":314,"column":10176}},"90":{"start":{"line":315,"column":12},"end":{"line":315,"column":30}},"91":{"start":{"line":319,"column":4},"end":{"line":319,"column":37}},"92":{"start":{"line":321,"column":4},"end":{"line":321,"column":10338}},"93":{"start":{"line":325,"column":8},"end":{"line":325,"column":10550}},"94":{"start":{"line":327,"column":12},"end":{"line":327,"column":36}},"95":{"start":{"line":328,"column":12},"end":{"line":328,"column":10720}},"96":{"start":{"line":329,"column":16},"end":{"line":329,"column":40}},"97":{"start":{"line":331,"column":12},"end":{"line":331,"column":53}},"98":{"start":{"line":334,"column":8},"end":{"line":334,"column":10928}},"99":{"start":{"line":335,"column":12},"end":{"line":335,"column":10983}},"100":{"start":{"line":336,"column":16},"end":{"line":336,"column":40}},"101":{"start":{"line":337,"column":16},"end":{"line":337,"column":57}},"102":{"start":{"line":342,"column":8},"end":{"line":342,"column":42}},"103":{"start":{"line":344,"column":8},"end":{"line":344,"column":38}},"104":{"start":{"line":345,"column":8},"end":{"line":345,"column":33}},"105":{"start":{"line":346,"column":8},"end":{"line":346,"column":31}},"106":{"start":{"line":347,"column":8},"end":{"line":347,"column":47}},"107":{"start":{"line":352,"column":4},"end":{"line":352,"column":87}},"108":{"start":{"line":363,"column":4},"end":{"line":363,"column":50}},"109":{"start":{"line":364,"column":4},"end":{"line":364,"column":34}},"110":{"start":{"line":366,"column":4},"end":{"line":366,"column":34}},"111":{"start":{"line":367,"column":4},"end":{"line":367,"column":51}},"112":{"start":{"line":369,"column":4},"end":{"line":369,"column":57}},"113":{"start":{"line":370,"column":4},"end":{"line":370,"column":12406}},"114":{"start":{"line":371,"column":8},"end":{"line":371,"column":32}},"115":{"start":{"line":373,"column":4},"end":{"line":373,"column":26}},"116":{"start":{"line":379,"column":4},"end":{"line":379,"column":42}},"117":{"start":{"line":381,"column":4},"end":{"line":381,"column":12774}},"118":{"start":{"line":382,"column":8},"end":{"line":382,"column":71}},"119":{"start":{"line":385,"column":4},"end":{"line":385,"column":68}},"120":{"start":{"line":386,"column":4},"end":{"line":386,"column":54}},"121":{"start":{"line":393,"column":4},"end":{"line":393,"column":66}},"122":{"start":{"line":406,"column":4},"end":{"line":406,"column":48}},"123":{"start":{"line":408,"column":4},"end":{"line":408,"column":42}},"124":{"start":{"line":409,"column":4},"end":{"line":409,"column":56}},"125":{"start":{"line":410,"column":4},"end":{"line":410,"column":81}},"126":{"start":{"line":412,"column":4},"end":{"line":412,"column":96}},"127":{"start":{"line":421,"column":4},"end":{"line":421,"column":34}},"128":{"start":{"line":422,"column":4},"end":{"line":422,"column":54}},"129":{"start":{"line":423,"column":4},"end":{"line":423,"column":53}},"130":{"start":{"line":425,"column":4},"end":{"line":425,"column":44}},"131":{"start":{"line":426,"column":4},"end":{"line":426,"column":60}},"132":{"start":{"line":427,"column":4},"end":{"line":427,"column":83}},"133":{"start":{"line":428,"column":4},"end":{"line":428,"column":86}},"134":{"start":{"line":430,"column":4},"end":{"line":430,"column":75}},"135":{"start":{"line":439,"column":4},"end":{"line":439,"column":34}},"136":{"start":{"line":440,"column":4},"end":{"line":440,"column":53}},"137":{"start":{"line":442,"column":4},"end":{"line":442,"column":44}},"138":{"start":{"line":443,"column":4},"end":{"line":443,"column":56}},"139":{"start":{"line":444,"column":4},"end":{"line":444,"column":81}},"140":{"start":{"line":446,"column":4},"end":{"line":446,"column":69}},"141":{"start":{"line":454,"column":4},"end":{"line":454,"column":34}},"142":{"start":{"line":455,"column":4},"end":{"line":455,"column":53}},"143":{"start":{"line":456,"column":4},"end":{"line":456,"column":55}},"144":{"start":{"line":458,"column":4},"end":{"line":458,"column":57}},"145":{"start":{"line":459,"column":4},"end":{"line":459,"column":51}},"146":{"start":{"line":460,"column":4},"end":{"line":460,"column":72}},"147":{"start":{"line":461,"column":4},"end":{"line":461,"column":86}},"148":{"start":{"line":463,"column":4},"end":{"line":463,"column":74}},"149":{"start":{"line":471,"column":4},"end":{"line":471,"column":53}},"150":{"start":{"line":472,"column":4},"end":{"line":472,"column":68}},"151":{"start":{"line":473,"column":4},"end":{"line":473,"column":45}},"152":{"start":{"line":475,"column":4},"end":{"line":475,"column":45}},"153":{"start":{"line":476,"column":4},"end":{"line":476,"column":18}},"154":{"start":{"line":477,"column":4},"end":{"line":477,"column":21}},"155":{"start":{"line":478,"column":4},"end":{"line":478,"column":31}},"156":{"start":{"line":479,"column":4},"end":{"line":479,"column":34}},"157":{"start":{"line":480,"column":4},"end":{"line":480,"column":33}},"158":{"start":{"line":485,"column":4},"end":{"line":485,"column":47}},"159":{"start":{"line":487,"column":4},"end":{"line":487,"column":52}},"160":{"start":{"line":489,"column":4},"end":{"line":489,"column":53}},"161":{"start":{"line":490,"column":4},"end":{"line":490,"column":53}},"162":{"start":{"line":501,"column":4},"end":{"line":501,"column":19}},"163":{"start":{"line":502,"column":4},"end":{"line":502,"column":28}},"164":{"start":{"line":503,"column":4},"end":{"line":503,"column":17507}},"165":{"start":{"line":504,"column":6},"end":{"line":504,"column":17551}},"166":{"start":{"line":507,"column":6},"end":{"line":507,"column":42}},"167":{"start":{"line":508,"column":6},"end":{"line":508,"column":17648}},"168":{"start":{"line":509,"column":8},"end":{"line":509,"column":18}},"169":{"start":{"line":511,"column":8},"end":{"line":511,"column":22}},"170":{"start":{"line":515,"column":4},"end":{"line":515,"column":15}},"171":{"start":{"line":519,"column":4},"end":{"line":519,"column":29}},"172":{"start":{"line":530,"column":4},"end":{"line":530,"column":43}},"173":{"start":{"line":531,"column":4},"end":{"line":531,"column":18326}},"174":{"start":{"line":532,"column":8},"end":{"line":532,"column":16}},"175":{"start":{"line":534,"column":8},"end":{"line":534,"column":66}},"176":{"start":{"line":535,"column":8},"end":{"line":535,"column":122}},"177":{"start":{"line":536,"column":8},"end":{"line":536,"column":18581}},"178":{"start":{"line":537,"column":12},"end":{"line":537,"column":30}},"179":{"start":{"line":539,"column":8},"end":{"line":539,"column":41}},"180":{"start":{"line":553,"column":4},"end":{"line":553,"column":32}},"181":{"start":{"line":554,"column":4},"end":{"line":554,"column":43}},"182":{"start":{"line":555,"column":4},"end":{"line":555,"column":19229}},"183":{"start":{"line":556,"column":8},"end":{"line":556,"column":16}},"184":{"start":{"line":558,"column":8},"end":{"line":558,"column":66}},"185":{"start":{"line":559,"column":8},"end":{"line":559,"column":93}},"186":{"start":{"line":560,"column":8},"end":{"line":560,"column":19455}},"187":{"start":{"line":561,"column":12},"end":{"line":561,"column":30}},"188":{"start":{"line":563,"column":8},"end":{"line":563,"column":41}},"189":{"start":{"line":577,"column":4},"end":{"line":577,"column":66}},"190":{"start":{"line":580,"column":4},"end":{"line":580,"column":20}},"191":{"start":{"line":581,"column":4},"end":{"line":581,"column":41}},"192":{"start":{"line":582,"column":4},"end":{"line":582,"column":20221}},"193":{"start":{"line":583,"column":6},"end":{"line":583,"column":20265}},"194":{"start":{"line":586,"column":6},"end":{"line":586,"column":42}},"195":{"start":{"line":587,"column":6},"end":{"line":587,"column":20362}},"196":{"start":{"line":588,"column":8},"end":{"line":588,"column":18}},"197":{"start":{"line":590,"column":8},"end":{"line":590,"column":22}},"198":{"start":{"line":594,"column":4},"end":{"line":594,"column":56}},"199":{"start":{"line":596,"column":4},"end":{"line":596,"column":29}},"200":{"start":{"line":597,"column":4},"end":{"line":597,"column":56}},"201":{"start":{"line":598,"column":4},"end":{"line":598,"column":48}},"202":{"start":{"line":599,"column":4},"end":{"line":599,"column":23}},"203":{"start":{"line":600,"column":4},"end":{"line":600,"column":19}},"204":{"start":{"line":601,"column":4},"end":{"line":601,"column":20742}},"205":{"start":{"line":602,"column":8},"end":{"line":602,"column":56}},"206":{"start":{"line":603,"column":8},"end":{"line":603,"column":42}},"207":{"start":{"line":604,"column":8},"end":{"line":604,"column":36}},"208":{"start":{"line":606,"column":8},"end":{"line":606,"column":43}},"209":{"start":{"line":607,"column":8},"end":{"line":607,"column":41}},"210":{"start":{"line":609,"column":4},"end":{"line":609,"column":35}},"211":{"start":{"line":610,"column":4},"end":{"line":610,"column":21060}},"212":{"start":{"line":611,"column":8},"end":{"line":611,"column":59}},"213":{"start":{"line":614,"column":4},"end":{"line":614,"column":85}},"214":{"start":{"line":615,"column":4},"end":{"line":615,"column":21241}},"215":{"start":{"line":616,"column":8},"end":{"line":616,"column":37}},"216":{"start":{"line":618,"column":8},"end":{"line":618,"column":16}},"217":{"start":{"line":629,"column":4},"end":{"line":629,"column":35}},"218":{"start":{"line":630,"column":4},"end":{"line":630,"column":47}},"219":{"start":{"line":631,"column":4},"end":{"line":631,"column":21782}},"220":{"start":{"line":632,"column":6},"end":{"line":632,"column":16}},"221":{"start":{"line":633,"column":6},"end":{"line":633,"column":24}},"222":{"start":{"line":634,"column":6},"end":{"line":634,"column":21871}},"223":{"start":{"line":635,"column":10},"end":{"line":635,"column":16}},"224":{"start":{"line":637,"column":10},"end":{"line":637,"column":37}},"225":{"start":{"line":639,"column":6},"end":{"line":639,"column":92}},"226":{"start":{"line":640,"column":6},"end":{"line":640,"column":22069}},"227":{"start":{"line":643,"column":6},"end":{"line":643,"column":32}},"228":{"start":{"line":644,"column":6},"end":{"line":644,"column":24}},"229":{"start":{"line":648,"column":4},"end":{"line":648,"column":22188}},"230":{"start":{"line":649,"column":8},"end":{"line":649,"column":26}},"231":{"start":{"line":651,"column":4},"end":{"line":651,"column":37}},"232":{"start":{"line":660,"column":4},"end":{"line":660,"column":27}},"233":{"start":{"line":661,"column":4},"end":{"line":661,"column":51}},"234":{"start":{"line":662,"column":4},"end":{"line":662,"column":35}},"235":{"start":{"line":671,"column":4},"end":{"line":671,"column":31}},"236":{"start":{"line":672,"column":4},"end":{"line":672,"column":27}},"237":{"start":{"line":673,"column":4},"end":{"line":673,"column":51}},"238":{"start":{"line":674,"column":4},"end":{"line":674,"column":35}},"239":{"start":{"line":683,"column":4},"end":{"line":683,"column":35}},"240":{"start":{"line":684,"column":4},"end":{"line":684,"column":26}},"241":{"start":{"line":685,"column":4},"end":{"line":685,"column":59}},"242":{"start":{"line":687,"column":4},"end":{"line":687,"column":52}},"243":{"start":{"line":688,"column":4},"end":{"line":688,"column":18}},"244":{"start":{"line":689,"column":4},"end":{"line":689,"column":23542}},"245":{"start":{"line":690,"column":8},"end":{"line":690,"column":64}},"246":{"start":{"line":691,"column":8},"end":{"line":691,"column":23649}},"247":{"start":{"line":692,"column":12},"end":{"line":692,"column":96}},"248":{"start":{"line":695,"column":8},"end":{"line":695,"column":23814}},"249":{"start":{"line":696,"column":12},"end":{"line":696,"column":96}},"250":{"start":{"line":701,"column":4},"end":{"line":701,"column":42}},"251":{"start":{"line":708,"column":4},"end":{"line":708,"column":77}},"252":{"start":{"line":709,"column":4},"end":{"line":709,"column":30}}},"branchMap":{"1":{"line":164,"type":"if","locations":[{"start":{"line":164,"column":4},"end":{"line":164,"column":4}},{"start":{"line":164,"column":4},"end":{"line":164,"column":4}}]},"2":{"line":171,"type":"if","locations":[{"start":{"line":171,"column":4},"end":{"line":171,"column":4}},{"start":{"line":171,"column":4},"end":{"line":171,"column":4}}]},"3":{"line":173,"type":"if","locations":[{"start":{"line":173,"column":4},"end":{"line":173,"column":4}},{"start":{"line":173,"column":4},"end":{"line":173,"column":4}}]},"4":{"line":179,"type":"if","locations":[{"start":{"line":179,"column":4},"end":{"line":179,"column":4}},{"start":{"line":179,"column":4},"end":{"line":179,"column":4}}]},"5":{"line":184,"type":"if","locations":[{"start":{"line":184,"column":4},"end":{"line":184,"column":4}},{"start":{"line":184,"column":4},"end":{"line":184,"column":4}}]},"6":{"line":189,"type":"if","locations":[{"start":{"line":189,"column":4},"end":{"line":189,"column":4}},{"start":{"line":189,"column":4},"end":{"line":189,"column":4}}]},"7":{"line":191,"type":"if","locations":[{"start":{"line":191,"column":6},"end":{"line":191,"column":6}},{"start":{"line":191,"column":6},"end":{"line":191,"column":6}}]},"8":{"line":192,"type":"if","locations":[{"start":{"line":192,"column":8},"end":{"line":192,"column":8}},{"start":{"line":192,"column":8},"end":{"line":192,"column":8}}]},"9":{"line":231,"type":"if","locations":[{"start":{"line":231,"column":4},"end":{"line":231,"column":4}},{"start":{"line":231,"column":4},"end":{"line":231,"column":4}}]},"10":{"line":234,"type":"if","locations":[{"start":{"line":234,"column":8},"end":{"line":234,"column":8}},{"start":{"line":234,"column":8},"end":{"line":234,"column":8}}]},"11":{"line":238,"type":"if","locations":[{"start":{"line":238,"column":8},"end":{"line":238,"column":8}},{"start":{"line":238,"column":8},"end":{"line":238,"column":8}}]},"12":{"line":247,"type":"if","locations":[{"start":{"line":247,"column":8},"end":{"line":247,"column":8}},{"start":{"line":247,"column":8},"end":{"line":247,"column":8}}]},"13":{"line":248,"type":"if","locations":[{"start":{"line":248,"column":12},"end":{"line":248,"column":12}},{"start":{"line":248,"column":12},"end":{"line":248,"column":12}}]},"14":{"line":256,"type":"if","locations":[{"start":{"line":256,"column":4},"end":{"line":256,"column":4}},{"start":{"line":256,"column":4},"end":{"line":256,"column":4}}]},"15":{"line":265,"type":"if","locations":[{"start":{"line":265,"column":4},"end":{"line":265,"column":4}},{"start":{"line":265,"column":4},"end":{"line":265,"column":4}}]},"16":{"line":278,"type":"if","locations":[{"start":{"line":278,"column":6},"end":{"line":278,"column":6}},{"start":{"line":278,"column":6},"end":{"line":278,"column":6}}]},"17":{"line":285,"type":"if","locations":[{"start":{"line":285,"column":6},"end":{"line":285,"column":6}},{"start":{"line":285,"column":6},"end":{"line":285,"column":6}}]},"18":{"line":288,"type":"if","locations":[{"start":{"line":288,"column":6},"end":{"line":288,"column":6}},{"start":{"line":288,"column":6},"end":{"line":288,"column":6}}]},"19":{"line":295,"type":"if","locations":[{"start":{"line":295,"column":6},"end":{"line":295,"column":6}},{"start":{"line":295,"column":6},"end":{"line":295,"column":6}}]},"20":{"line":306,"type":"if","locations":[{"start":{"line":306,"column":4},"end":{"line":306,"column":4}},{"start":{"line":306,"column":4},"end":{"line":306,"column":4}}]},"21":{"line":311,"type":"if","locations":[{"start":{"line":311,"column":8},"end":{"line":311,"column":8}},{"start":{"line":311,"column":8},"end":{"line":311,"column":8}}]},"22":{"line":314,"type":"if","locations":[{"start":{"line":314,"column":8},"end":{"line":314,"column":8}},{"start":{"line":314,"column":8},"end":{"line":314,"column":8}}]},"23":{"line":321,"type":"if","locations":[{"start":{"line":321,"column":4},"end":{"line":321,"column":4}},{"start":{"line":321,"column":4},"end":{"line":321,"column":4}}]},"24":{"line":325,"type":"if","locations":[{"start":{"line":325,"column":8},"end":{"line":325,"column":8}},{"start":{"line":325,"column":8},"end":{"line":325,"column":8}}]},"25":{"line":328,"type":"if","locations":[{"start":{"line":328,"column":12},"end":{"line":328,"column":12}},{"start":{"line":328,"column":12},"end":{"line":328,"column":12}}]},"26":{"line":334,"type":"if","locations":[{"start":{"line":334,"column":8},"end":{"line":334,"column":8}},{"start":{"line":334,"column":8},"end":{"line":334,"column":8}}]},"27":{"line":335,"type":"if","locations":[{"start":{"line":335,"column":12},"end":{"line":335,"column":12}},{"start":{"line":335,"column":12},"end":{"line":335,"column":12}}]},"28":{"line":370,"type":"if","locations":[{"start":{"line":370,"column":4},"end":{"line":370,"column":4}},{"start":{"line":370,"column":4},"end":{"line":370,"column":4}}]},"29":{"line":381,"type":"if","locations":[{"start":{"line":381,"column":4},"end":{"line":381,"column":4}},{"start":{"line":381,"column":4},"end":{"line":381,"column":4}}]},"30":{"line":382,"type":"if","locations":[{"start":{"line":382,"column":8},"end":{"line":382,"column":8}},{"start":{"line":382,"column":8},"end":{"line":382,"column":8}}]},"31":{"line":396,"type":"if","locations":[{"start":{"line":396,"column":60},"end":{"line":396,"column":60}},{"start":{"line":396,"column":60},"end":{"line":396,"column":60}}]},"32":{"line":408,"type":"if","locations":[{"start":{"line":408,"column":4},"end":{"line":408,"column":4}},{"start":{"line":408,"column":4},"end":{"line":408,"column":4}}]},"33":{"line":409,"type":"if","locations":[{"start":{"line":409,"column":4},"end":{"line":409,"column":4}},{"start":{"line":409,"column":4},"end":{"line":409,"column":4}}]},"34":{"line":410,"type":"if","locations":[{"start":{"line":410,"column":4},"end":{"line":410,"column":4}},{"start":{"line":410,"column":4},"end":{"line":410,"column":4}}]},"35":{"line":415,"type":"if","locations":[{"start":{"line":415,"column":68},"end":{"line":415,"column":68}},{"start":{"line":415,"column":68},"end":{"line":415,"column":68}}]},"36":{"line":425,"type":"if","locations":[{"start":{"line":425,"column":4},"end":{"line":425,"column":4}},{"start":{"line":425,"column":4},"end":{"line":425,"column":4}}]},"37":{"line":426,"type":"if","locations":[{"start":{"line":426,"column":4},"end":{"line":426,"column":4}},{"start":{"line":426,"column":4},"end":{"line":426,"column":4}}]},"38":{"line":427,"type":"if","locations":[{"start":{"line":427,"column":4},"end":{"line":427,"column":4}},{"start":{"line":427,"column":4},"end":{"line":427,"column":4}}]},"39":{"line":428,"type":"if","locations":[{"start":{"line":428,"column":4},"end":{"line":428,"column":4}},{"start":{"line":428,"column":4},"end":{"line":428,"column":4}}]},"40":{"line":433,"type":"if","locations":[{"start":{"line":433,"column":50},"end":{"line":433,"column":50}},{"start":{"line":433,"column":50},"end":{"line":433,"column":50}}]},"41":{"line":442,"type":"if","locations":[{"start":{"line":442,"column":4},"end":{"line":442,"column":4}},{"start":{"line":442,"column":4},"end":{"line":442,"column":4}}]},"42":{"line":443,"type":"if","locations":[{"start":{"line":443,"column":4},"end":{"line":443,"column":4}},{"start":{"line":443,"column":4},"end":{"line":443,"column":4}}]},"43":{"line":444,"type":"if","locations":[{"start":{"line":444,"column":4},"end":{"line":444,"column":4}},{"start":{"line":444,"column":4},"end":{"line":444,"column":4}}]},"44":{"line":449,"type":"if","locations":[{"start":{"line":449,"column":61},"end":{"line":449,"column":61}},{"start":{"line":449,"column":61},"end":{"line":449,"column":61}}]},"45":{"line":458,"type":"if","locations":[{"start":{"line":458,"column":4},"end":{"line":458,"column":4}},{"start":{"line":458,"column":4},"end":{"line":458,"column":4}}]},"46":{"line":459,"type":"if","locations":[{"start":{"line":459,"column":4},"end":{"line":459,"column":4}},{"start":{"line":459,"column":4},"end":{"line":459,"column":4}}]},"47":{"line":460,"type":"if","locations":[{"start":{"line":460,"column":4},"end":{"line":460,"column":4}},{"start":{"line":460,"column":4},"end":{"line":460,"column":4}}]},"48":{"line":461,"type":"if","locations":[{"start":{"line":461,"column":4},"end":{"line":461,"column":4}},{"start":{"line":461,"column":4},"end":{"line":461,"column":4}}]},"49":{"line":466,"type":"if","locations":[{"start":{"line":466,"column":29},"end":{"line":466,"column":29}},{"start":{"line":466,"column":29},"end":{"line":466,"column":29}}]},"50":{"line":472,"type":"if","locations":[{"start":{"line":472,"column":4},"end":{"line":472,"column":4}},{"start":{"line":472,"column":4},"end":{"line":472,"column":4}}]},"51":{"line":487,"type":"if","locations":[{"start":{"line":487,"column":4},"end":{"line":487,"column":4}},{"start":{"line":487,"column":4},"end":{"line":487,"column":4}}]},"52":{"line":504,"type":"if","locations":[{"start":{"line":504,"column":6},"end":{"line":504,"column":6}},{"start":{"line":504,"column":6},"end":{"line":504,"column":6}}]},"53":{"line":508,"type":"if","locations":[{"start":{"line":508,"column":6},"end":{"line":508,"column":6}},{"start":{"line":508,"column":6},"end":{"line":508,"column":6}}]},"54":{"line":531,"type":"if","locations":[{"start":{"line":531,"column":4},"end":{"line":531,"column":4}},{"start":{"line":531,"column":4},"end":{"line":531,"column":4}}]},"55":{"line":536,"type":"if","locations":[{"start":{"line":536,"column":8},"end":{"line":536,"column":8}},{"start":{"line":536,"column":8},"end":{"line":536,"column":8}}]},"56":{"line":555,"type":"if","locations":[{"start":{"line":555,"column":4},"end":{"line":555,"column":4}},{"start":{"line":555,"column":4},"end":{"line":555,"column":4}}]},"57":{"line":560,"type":"if","locations":[{"start":{"line":560,"column":8},"end":{"line":560,"column":8}},{"start":{"line":560,"column":8},"end":{"line":560,"column":8}}]},"58":{"line":577,"type":"if","locations":[{"start":{"line":577,"column":4},"end":{"line":577,"column":4}},{"start":{"line":577,"column":4},"end":{"line":577,"column":4}}]},"59":{"line":583,"type":"if","locations":[{"start":{"line":583,"column":6},"end":{"line":583,"column":6}},{"start":{"line":583,"column":6},"end":{"line":583,"column":6}}]},"60":{"line":587,"type":"if","locations":[{"start":{"line":587,"column":6},"end":{"line":587,"column":6}},{"start":{"line":587,"column":6},"end":{"line":587,"column":6}}]},"61":{"line":601,"type":"if","locations":[{"start":{"line":601,"column":4},"end":{"line":601,"column":4}},{"start":{"line":601,"column":4},"end":{"line":601,"column":4}}]},"62":{"line":610,"type":"if","locations":[{"start":{"line":610,"column":4},"end":{"line":610,"column":4}},{"start":{"line":610,"column":4},"end":{"line":610,"column":4}}]},"63":{"line":615,"type":"if","locations":[{"start":{"line":615,"column":4},"end":{"line":615,"column":4}},{"start":{"line":615,"column":4},"end":{"line":615,"column":4}}]},"64":{"line":634,"type":"if","locations":[{"start":{"line":634,"column":6},"end":{"line":634,"column":6}},{"start":{"line":634,"column":6},"end":{"line":634,"column":6}}]},"65":{"line":640,"type":"if","locations":[{"start":{"line":640,"column":6},"end":{"line":640,"column":6}},{"start":{"line":640,"column":6},"end":{"line":640,"column":6}}]},"66":{"line":648,"type":"if","locations":[{"start":{"line":648,"column":4},"end":{"line":648,"column":4}},{"start":{"line":648,"column":4},"end":{"line":648,"column":4}}]},"67":{"line":683,"type":"if","locations":[{"start":{"line":683,"column":4},"end":{"line":683,"column":4}},{"start":{"line":683,"column":4},"end":{"line":683,"column":4}}]},"68":{"line":689,"type":"if","locations":[{"start":{"line":689,"column":4},"end":{"line":689,"column":4}},{"start":{"line":689,"column":4},"end":{"line":689,"column":4}}]},"69":{"line":691,"type":"if","locations":[{"start":{"line":691,"column":8},"end":{"line":691,"column":8}},{"start":{"line":691,"column":8},"end":{"line":691,"column":8}}]},"70":{"line":695,"type":"if","locations":[{"start":{"line":695,"column":8},"end":{"line":695,"column":8}},{"start":{"line":695,"column":8},"end":{"line":695,"column":8}}]},"71":{"line":708,"type":"if","locations":[{"start":{"line":708,"column":4},"end":{"line":708,"column":4}},{"start":{"line":708,"column":4},"end":{"line":708,"column":4}}]}}}}