{
"contracts/Delegation.sol":{"l":{"47":0,"51":0,"55":0,"60":0,"62":0,"63":0,"65":0,"71":0,"73":0,"74":0,"77":0,"84":0,"86":0,"87":0,"92":0,"97":0,"98":0,"104":0,"106":0,"107":0,"109":0,"114":0,"115":0,"117":0,"119":0,"120":0,"122":0},"path":"/Users/akash/acads/3-2/DAO/contracts/Delegation.sol","s":{"1":0,"2":0,"3":0,"4":0,"5":0,"6":0,"7":0,"8":0,"9":0,"10":0,"11":0,"12":0,"13":0,"14":0,"15":0,"16":0,"17":0,"18":0,"19":0,"20":0,"21":0,"22":0,"23":0,"24":0,"25":0,"26":0,"27":0},"b":{"1":[0,0],"2":[0,0],"3":[0,0],"4":[0,0],"5":[0,0]},"f":{"1":0,"2":0,"3":0,"4":0,"5":0,"6":0,"7":0,"8":0,"9":0},"fnMap":{"1":{"name":"getOwnershipAdmin","line":46,"loc":{"start":{"line":46,"column":2},"end":{"line":48,"column":2}}},"2":{"name":"getEmergencyAdmin","line":50,"loc":{"start":{"line":50,"column":2},"end":{"line":52,"column":2}}},"3":{"name":"getDelegation","line":54,"loc":{"start":{"line":54,"column":2},"end":{"line":56,"column":2}}},"4":{"name":"__init__","line":59,"loc":{"start":{"line":59,"column":2},"end":{"line":66,"column":2}}},"5":{"name":"adjusted_balance_of","line":70,"loc":{"start":{"line":70,"column":2},"end":{"line":78,"column":2}}},"6":{"name":"kill_delegation","line":82,"loc":{"start":{"line":82,"column":2},"end":{"line":88,"column":2}}},"7":{"name":"set_delegation","line":91,"loc":{"start":{"line":91,"column":2},"end":{"line":99,"column":2}}},"8":{"name":"commit_set_admins","line":103,"loc":{"start":{"line":103,"column":2},"end":{"line":110,"column":2}}},"9":{"name":"apply_set_admins","line":113,"loc":{"start":{"line":113,"column":2},"end":{"line":123,"column":2}}}},"statementMap":{"1":{"start":{"line":47,"column":4},"end":{"line":47,"column":26}},"2":{"start":{"line":51,"column":4},"end":{"line":51,"column":26}},"3":{"start":{"line":55,"column":4},"end":{"line":55,"column":21}},"4":{"start":{"line":60,"column":4},"end":{"line":60,"column":27}},"5":{"start":{"line":62,"column":4},"end":{"line":62,"column":29}},"6":{"start":{"line":63,"column":4},"end":{"line":63,"column":29}},"7":{"start":{"line":65,"column":4},"end":{"line":65,"column":35}},"8":{"start":{"line":71,"column":4},"end":{"line":71,"column":36}},"9":{"start":{"line":73,"column":4},"end":{"line":73,"column":1922}},"10":{"start":{"line":74,"column":6},"end":{"line":74,"column":53}},"11":{"start":{"line":77,"column":4},"end":{"line":77,"column":66}},"12":{"start":{"line":84,"column":4},"end":{"line":84,"column":74}},"13":{"start":{"line":86,"column":4},"end":{"line":86,"column":28}},"14":{"start":{"line":87,"column":4},"end":{"line":87,"column":36}},"15":{"start":{"line":92,"column":4},"end":{"line":92,"column":41}},"16":{"start":{"line":97,"column":4},"end":{"line":97,"column":27}},"17":{"start":{"line":98,"column":4},"end":{"line":98,"column":35}},"18":{"start":{"line":104,"column":4},"end":{"line":104,"column":41}},"19":{"start":{"line":106,"column":4},"end":{"line":106,"column":36}},"20":{"start":{"line":107,"column":4},"end":{"line":107,"column":36}},"21":{"start":{"line":109,"column":4},"end":{"line":109,"column":41}},"22":{"start":{"line":114,"column":4},"end":{"line":114,"column":45}},"23":{"start":{"line":115,"column":4},"end":{"line":115,"column":45}},"24":{"start":{"line":117,"column":4},"end":{"line":117,"column":41}},"25":{"start":{"line":119,"column":4},"end":{"line":119,"column":29}},"26":{"start":{"line":120,"column":4},"end":{"line":120,"column":29}},"27":{"start":{"line":122,"column":4},"end":{"line":122,"column":40}}},"branchMap":{"1":{"line":73,"type":"if","locations":[{"start":{"line":73,"column":4},"end":{"line":73,"column":4}},{"start":{"line":73,"column":4},"end":{"line":73,"column":4}}]},"2":{"line":84,"type":"if","locations":[{"start":{"line":84,"column":4},"end":{"line":84,"column":4}},{"start":{"line":84,"column":4},"end":{"line":84,"column":4}}]},"3":{"line":92,"type":"if","locations":[{"start":{"line":92,"column":4},"end":{"line":92,"column":4}},{"start":{"line":92,"column":4},"end":{"line":92,"column":4}}]},"4":{"line":104,"type":"if","locations":[{"start":{"line":104,"column":4},"end":{"line":104,"column":4}},{"start":{"line":104,"column":4},"end":{"line":104,"column":4}}]},"5":{"line":117,"type":"if","locations":[{"start":{"line":117,"column":4},"end":{"line":117,"column":4}},{"start":{"line":117,"column":4},"end":{"line":117,"column":4}}]}}},
"contracts/ERC20CRV.sol":{"l":{"68":3,"69":3,"70":3,"71":3,"72":3,"73":3,"74":3,"75":3,"77":3,"78":3,"79":3,"80":3,"86":0,"90":0,"94":0,"98":0,"102":0,"106":0,"110":0,"114":0,"121":0,"122":0,"124":0,"125":0,"127":0,"128":0,"130":0,"131":0,"132":0,"135":0,"137":0,"141":0,"142":0,"143":0,"144":0,"146":0,"149":0,"156":0,"157":0,"164":0,"165":0,"166":0,"168":0,"176":0,"177":0,"178":0,"180":0,"185":0,"191":0,"200":0,"201":0,"202":0,"203":0,"206":0,"207":0,"208":0,"211":0,"213":0,"214":0,"215":0,"216":0,"217":0,"220":0,"221":0,"222":0,"224":0,"227":0,"229":0,"230":0,"234":0,"235":0,"236":0,"239":0,"246":0,"247":0,"248":0,"249":0,"256":0,"257":0,"258":0,"266":0,"276":0,"277":0,"279":0,"280":0,"281":0,"283":0,"284":0,"293":0,"294":0,"295":0,"296":0,"297":0,"298":0,"299":0,"300":0,"301":0,"312":0,"313":0,"314":0,"315":0,"319":0,"323":0,"332":0,"333":0,"334":0,"335":0,"336":0,"337":0,"338":0,"339":0,"340":0,"341":0,"349":0,"350":0,"351":0,"352":0,"353":0,"354":0,"355":0,"356":0,"357":0,"365":0,"366":0,"367":0},"path":"/Users/akash/acads/3-2/DAO/contracts/ERC20CRV.sol","s":{"1":3,"2":3,"3":3,"4":3,"5":3,"6":3,"7":3,"8":3,"9":3,"10":3,"11":3,"12":3,"13":0,"14":0,"15":0,"16":0,"17":0,"18":0,"19":0,"20":0,"21":0,"22":0,"23":0,"24":0,"25":0,"26":0,"27":0,"28":0,"29":0,"30":0,"31":0,"32":0,"33":0,"34":0,"35":0,"36":0,"37":0,"38":0,"39":0,"40":0,"41":0,"42":0,"43":0,"44":0,"45":0,"46":0,"47":0,"48":0,"49":0,"50":0,"51":0,"52":0,"53":0,"54":0,"55":0,"56":0,"57":0,"58":0,"59":0,"60":0,"61":0,"62":0,"63":0,"64":0,"65":0,"66":0,"67":0,"68":0,"69":0,"70":0,"71":0,"72":0,"73":0,"74":0,"75":0,"76":0,"77":0,"78":0,"79":0,"80":0,"81":0,"82":0,"83":0,"84":0,"85":0,"86":0,"87":0,"88":0,"89":0,"90":0,"91":0,"92":0,"93":0,"94":0,"95":0,"96":0,"97":0,"98":0,"99":0,"100":0,"101":0,"102":0,"103":0,"104":0,"105":0,"106":0,"107":0,"108":0,"109":0,"110":0,"111":0,"112":0,"113":0,"114":0,"115":0,"116":0,"117":0,"118":0,"119":0,"120":0,"121":0},"b":{"1":[0,0],"2":[0,0],"3":[0,0],"4":[0,0],"5":[0,0],"6":[0,0],"7":[0,0],"8":[0,0],"9":[0,0],"10":[0,0],"11":[0,0],"12":[0,0],"13":[0,0],"14":[0,0],"15":[0,0],"16":[0,0],"17":[0,0],"18":[0,0],"19":[0,0],"20":[0,0],"21":[0,0],"22":[0,0],"23":[0,0],"24":[0,0],"25":[0,0],"26":[0,0],"27":[0,0],"28":[0,0],"29":[0,0],"30":[0,0],"31":[0,0],"32":[0,0],"33":[0,0]},"f":{"1":3,"2":0,"3":0,"4":0,"5":0,"6":0,"7":0,"8":0,"9":0,"10":0,"11":0,"12":0,"13":0,"14":0,"15":0,"16":0,"17":0,"18":0,"19":0,"20":0,"21":0,"22":0,"23":0,"24":0,"25":0,"26":0,"27":0,"28":0},"fnMap":{"1":{"name":"constructor","line":61,"loc":{"start":{"line":61,"column":4},"end":{"line":82,"column":4}}},"2":{"name":"name","line":84,"loc":{"start":{"line":84,"column":4},"end":{"line":87,"column":4}}},"3":{"name":"symbol","line":89,"loc":{"start":{"line":89,"column":4},"end":{"line":91,"column":4}}},"4":{"name":"decimals","line":93,"loc":{"start":{"line":93,"column":4},"end":{"line":95,"column":4}}},"5":{"name":"totalSupply","line":97,"loc":{"start":{"line":97,"column":4},"end":{"line":99,"column":4}}},"6":{"name":"balanceOf","line":101,"loc":{"start":{"line":101,"column":4},"end":{"line":103,"column":4}}},"7":{"name":"get_admin","line":105,"loc":{"start":{"line":105,"column":4},"end":{"line":107,"column":4}}},"8":{"name":"get_minter","line":109,"loc":{"start":{"line":109,"column":4},"end":{"line":111,"column":4}}},"9":{"name":"get_block_timestamp","line":113,"loc":{"start":{"line":113,"column":4},"end":{"line":115,"column":4}}},"10":{"name":"_update_mining_parameters","line":117,"loc":{"start":{"line":117,"column":4},"end":{"line":138,"column":4}}},"11":{"name":"totalSupplyAt","line":140,"loc":{"start":{"line":140,"column":4},"end":{"line":150,"column":4}}},"12":{"name":"update_mining_parameters","line":152,"loc":{"start":{"line":152,"column":4},"end":{"line":158,"column":4}}},"13":{"name":"start_epoch_time_write","line":160,"loc":{"start":{"line":160,"column":4},"end":{"line":170,"column":4}}},"14":{"name":"future_epoch_time_write","line":172,"loc":{"start":{"line":172,"column":4},"end":{"line":182,"column":4}}},"15":{"name":"_available_supply","line":184,"loc":{"start":{"line":184,"column":4},"end":{"line":186,"column":4}}},"16":{"name":"available_supply","line":188,"loc":{"start":{"line":188,"column":4},"end":{"line":192,"column":4}}},"17":{"name":"mintable_in_timeframe","line":195,"loc":{"start":{"line":195,"column":4},"end":{"line":240,"column":4}}},"18":{"name":"set_minter","line":242,"loc":{"start":{"line":242,"column":4},"end":{"line":250,"column":4}}},"19":{"name":"set_admin","line":252,"loc":{"start":{"line":252,"column":4},"end":{"line":259,"column":4}}},"20":{"name":"allowance","line":261,"loc":{"start":{"line":261,"column":4},"end":{"line":267,"column":4}}},"21":{"name":"transfer","line":269,"loc":{"start":{"line":269,"column":4},"end":{"line":285,"column":4}}},"22":{"name":"transferFrom","line":287,"loc":{"start":{"line":287,"column":4},"end":{"line":302,"column":4}}},"23":{"name":"approve","line":304,"loc":{"start":{"line":304,"column":4},"end":{"line":316,"column":4}}},"24":{"name":"uinttoint","line":318,"loc":{"start":{"line":318,"column":4},"end":{"line":320,"column":2}}},"25":{"name":"inttouint","line":322,"loc":{"start":{"line":322,"column":2},"end":{"line":324,"column":2}}},"26":{"name":"mint","line":326,"loc":{"start":{"line":326,"column":4},"end":{"line":342,"column":4}}},"27":{"name":"burn","line":344,"loc":{"start":{"line":344,"column":4},"end":{"line":358,"column":4}}},"28":{"name":"set_name","line":360,"loc":{"start":{"line":360,"column":4},"end":{"line":368,"column":4}}}},"statementMap":{"1":{"start":{"line":68,"column":8},"end":{"line":68,"column":62}},"2":{"start":{"line":69,"column":8},"end":{"line":69,"column":20}},"3":{"start":{"line":70,"column":8},"end":{"line":70,"column":24}},"4":{"start":{"line":71,"column":8},"end":{"line":71,"column":28}},"5":{"start":{"line":72,"column":8},"end":{"line":72,"column":41}},"6":{"start":{"line":73,"column":8},"end":{"line":73,"column":33}},"7":{"start":{"line":74,"column":8},"end":{"line":74,"column":25}},"8":{"start":{"line":75,"column":8},"end":{"line":75,"column":60}},"9":{"start":{"line":77,"column":8},"end":{"line":77,"column":81}},"10":{"start":{"line":78,"column":8},"end":{"line":78,"column":24}},"11":{"start":{"line":79,"column":8},"end":{"line":79,"column":15}},"12":{"start":{"line":80,"column":8},"end":{"line":80,"column":39}},"13":{"start":{"line":86,"column":8},"end":{"line":86,"column":20}},"14":{"start":{"line":90,"column":8},"end":{"line":90,"column":22}},"15":{"start":{"line":94,"column":8},"end":{"line":94,"column":24}},"16":{"start":{"line":98,"column":8},"end":{"line":98,"column":27}},"17":{"start":{"line":102,"column":8},"end":{"line":102,"column":31}},"18":{"start":{"line":106,"column":8},"end":{"line":106,"column":20}},"19":{"start":{"line":110,"column":8},"end":{"line":110,"column":21}},"20":{"start":{"line":114,"column":8},"end":{"line":114,"column":30}},"21":{"start":{"line":121,"column":8},"end":{"line":121,"column":28}},"22":{"start":{"line":122,"column":8},"end":{"line":122,"column":56}},"23":{"start":{"line":124,"column":8},"end":{"line":124,"column":46}},"24":{"start":{"line":125,"column":8},"end":{"line":125,"column":24}},"25":{"start":{"line":127,"column":8},"end":{"line":127,"column":3757}},"26":{"start":{"line":128,"column":12},"end":{"line":128,"column":31}},"27":{"start":{"line":130,"column":12},"end":{"line":130,"column":61}},"28":{"start":{"line":131,"column":12},"end":{"line":131,"column":51}},"29":{"start":{"line":132,"column":12},"end":{"line":132,"column":72}},"30":{"start":{"line":135,"column":8},"end":{"line":135,"column":19}},"31":{"start":{"line":137,"column":8},"end":{"line":137,"column":80}},"32":{"start":{"line":141,"column":8},"end":{"line":141,"column":32}},"33":{"start":{"line":142,"column":8},"end":{"line":142,"column":4272}},"34":{"start":{"line":143,"column":12},"end":{"line":143,"column":4358}},"35":{"start":{"line":144,"column":16},"end":{"line":144,"column":96}},"36":{"start":{"line":149,"column":8},"end":{"line":149,"column":65}},"37":{"start":{"line":156,"column":8},"end":{"line":156,"column":86}},"38":{"start":{"line":157,"column":8},"end":{"line":157,"column":34}},"39":{"start":{"line":164,"column":8},"end":{"line":164,"column":5367}},"40":{"start":{"line":165,"column":12},"end":{"line":165,"column":38}},"41":{"start":{"line":166,"column":12},"end":{"line":166,"column":35}},"42":{"start":{"line":168,"column":12},"end":{"line":168,"column":35}},"43":{"start":{"line":176,"column":8},"end":{"line":176,"column":5845}},"44":{"start":{"line":177,"column":12},"end":{"line":177,"column":38}},"45":{"start":{"line":178,"column":12},"end":{"line":178,"column":57}},"46":{"start":{"line":180,"column":12},"end":{"line":180,"column":57}},"47":{"start":{"line":185,"column":8},"end":{"line":185,"column":79}},"48":{"start":{"line":191,"column":8},"end":{"line":191,"column":34}},"49":{"start":{"line":200,"column":8},"end":{"line":200,"column":59}},"50":{"start":{"line":201,"column":8},"end":{"line":201,"column":27}},"51":{"start":{"line":202,"column":8},"end":{"line":202,"column":53}},"52":{"start":{"line":203,"column":8},"end":{"line":203,"column":35}},"53":{"start":{"line":206,"column":8},"end":{"line":206,"column":7129}},"54":{"start":{"line":207,"column":12},"end":{"line":207,"column":52}},"55":{"start":{"line":208,"column":12},"end":{"line":208,"column":86}},"56":{"start":{"line":211,"column":8},"end":{"line":211,"column":141}},"57":{"start":{"line":213,"column":8},"end":{"line":213,"column":7491}},"58":{"start":{"line":214,"column":12},"end":{"line":214,"column":7588}},"59":{"start":{"line":215,"column":16},"end":{"line":215,"column":41}},"60":{"start":{"line":216,"column":16},"end":{"line":216,"column":7684}},"61":{"start":{"line":217,"column":20},"end":{"line":217,"column":73}},"62":{"start":{"line":220,"column":16},"end":{"line":220,"column":45}},"63":{"start":{"line":221,"column":16},"end":{"line":221,"column":7904}},"64":{"start":{"line":223,"column":23},"end":{"line":223,"column":8063}},"65":{"start":{"line":224,"column":20},"end":{"line":224,"column":53}},"66":{"start":{"line":227,"column":16},"end":{"line":227,"column":70}},"67":{"start":{"line":229,"column":16},"end":{"line":229,"column":8270}},"68":{"start":{"line":234,"column":12},"end":{"line":234,"column":52}},"69":{"start":{"line":235,"column":12},"end":{"line":235,"column":86}},"70":{"start":{"line":236,"column":12},"end":{"line":236,"column":107}},"71":{"start":{"line":239,"column":8},"end":{"line":239,"column":22}},"72":{"start":{"line":246,"column":8},"end":{"line":246,"column":64}},"73":{"start":{"line":247,"column":8},"end":{"line":247,"column":69}},"74":{"start":{"line":248,"column":8},"end":{"line":248,"column":23}},"75":{"start":{"line":249,"column":8},"end":{"line":249,"column":31}},"76":{"start":{"line":256,"column":8},"end":{"line":256,"column":63}},"77":{"start":{"line":257,"column":8},"end":{"line":257,"column":21}},"78":{"start":{"line":258,"column":8},"end":{"line":258,"column":29}},"79":{"start":{"line":266,"column":8},"end":{"line":266,"column":43}},"80":{"start":{"line":276,"column":8},"end":{"line":276,"column":57}},"81":{"start":{"line":277,"column":8},"end":{"line":277,"column":60}},"82":{"start":{"line":279,"column":8},"end":{"line":279,"column":70}},"83":{"start":{"line":280,"column":8},"end":{"line":280,"column":36}},"84":{"start":{"line":281,"column":8},"end":{"line":281,"column":29}},"85":{"start":{"line":283,"column":8},"end":{"line":283,"column":45}},"86":{"start":{"line":284,"column":8},"end":{"line":284,"column":19}},"87":{"start":{"line":293,"column":8},"end":{"line":293,"column":61}},"88":{"start":{"line":294,"column":8},"end":{"line":294,"column":58}},"89":{"start":{"line":295,"column":8},"end":{"line":295,"column":81}},"90":{"start":{"line":296,"column":8},"end":{"line":296,"column":65}},"91":{"start":{"line":297,"column":8},"end":{"line":297,"column":32}},"92":{"start":{"line":298,"column":8},"end":{"line":298,"column":30}},"93":{"start":{"line":299,"column":8},"end":{"line":299,"column":46}},"94":{"start":{"line":300,"column":8},"end":{"line":300,"column":41}},"95":{"start":{"line":301,"column":8},"end":{"line":301,"column":19}},"96":{"start":{"line":312,"column":8},"end":{"line":312,"column":61}},"97":{"start":{"line":313,"column":8},"end":{"line":313,"column":48}},"98":{"start":{"line":314,"column":8},"end":{"line":314,"column":51}},"99":{"start":{"line":315,"column":8},"end":{"line":315,"column":19}},"100":{"start":{"line":319,"column":4},"end":{"line":319,"column":19}},"101":{"start":{"line":323,"column":4},"end":{"line":323,"column":20}},"102":{"start":{"line":332,"column":8},"end":{"line":332,"column":75}},"103":{"start":{"line":333,"column":8},"end":{"line":333,"column":57}},"104":{"start":{"line":334,"column":8},"end":{"line":334,"column":58}},"105":{"start":{"line":335,"column":8},"end":{"line":335,"column":58}},"106":{"start":{"line":336,"column":8},"end":{"line":336,"column":29}},"107":{"start":{"line":337,"column":8},"end":{"line":337,"column":30}},"108":{"start":{"line":338,"column":8},"end":{"line":338,"column":48}},"109":{"start":{"line":339,"column":8},"end":{"line":339,"column":96}},"110":{"start":{"line":341,"column":8},"end":{"line":341,"column":19}},"111":{"start":{"line":349,"column":8},"end":{"line":349,"column":75}},"112":{"start":{"line":350,"column":8},"end":{"line":350,"column":58}},"113":{"start":{"line":351,"column":8},"end":{"line":351,"column":70}},"114":{"start":{"line":352,"column":8},"end":{"line":352,"column":37}},"115":{"start":{"line":353,"column":8},"end":{"line":353,"column":29}},"116":{"start":{"line":354,"column":8},"end":{"line":354,"column":55}},"117":{"start":{"line":355,"column":8},"end":{"line":355,"column":101}},"118":{"start":{"line":357,"column":8},"end":{"line":357,"column":19}},"119":{"start":{"line":365,"column":8},"end":{"line":365,"column":75}},"120":{"start":{"line":366,"column":8},"end":{"line":366,"column":20}},"121":{"start":{"line":367,"column":8},"end":{"line":367,"column":24}}},"branchMap":{"1":{"line":127,"type":"if","locations":[{"start":{"line":127,"column":8},"end":{"line":127,"column":8}},{"start":{"line":127,"column":8},"end":{"line":127,"column":8}}]},"2":{"line":143,"type":"if","locations":[{"start":{"line":143,"column":12},"end":{"line":143,"column":12}},{"start":{"line":143,"column":12},"end":{"line":143,"column":12}}]},"3":{"line":156,"type":"if","locations":[{"start":{"line":156,"column":8},"end":{"line":156,"column":8}},{"start":{"line":156,"column":8},"end":{"line":156,"column":8}}]},"4":{"line":164,"type":"if","locations":[{"start":{"line":164,"column":8},"end":{"line":164,"column":8}},{"start":{"line":164,"column":8},"end":{"line":164,"column":8}}]},"5":{"line":176,"type":"if","locations":[{"start":{"line":176,"column":8},"end":{"line":176,"column":8}},{"start":{"line":176,"column":8},"end":{"line":176,"column":8}}]},"6":{"line":200,"type":"if","locations":[{"start":{"line":200,"column":8},"end":{"line":200,"column":8}},{"start":{"line":200,"column":8},"end":{"line":200,"column":8}}]},"7":{"line":206,"type":"if","locations":[{"start":{"line":206,"column":8},"end":{"line":206,"column":8}},{"start":{"line":206,"column":8},"end":{"line":206,"column":8}}]},"8":{"line":211,"type":"if","locations":[{"start":{"line":211,"column":8},"end":{"line":211,"column":8}},{"start":{"line":211,"column":8},"end":{"line":211,"column":8}}]},"9":{"line":214,"type":"if","locations":[{"start":{"line":214,"column":12},"end":{"line":214,"column":12}},{"start":{"line":214,"column":12},"end":{"line":214,"column":12}}]},"10":{"line":216,"type":"if","locations":[{"start":{"line":216,"column":16},"end":{"line":216,"column":16}},{"start":{"line":216,"column":16},"end":{"line":216,"column":16}}]},"11":{"line":221,"type":"if","locations":[{"start":{"line":221,"column":16},"end":{"line":221,"column":16}},{"start":{"line":221,"column":16},"end":{"line":221,"column":16}}]},"12":{"line":223,"type":"if","locations":[{"start":{"line":223,"column":23},"end":{"line":223,"column":23}},{"start":{"line":223,"column":23},"end":{"line":223,"column":23}}]},"13":{"line":229,"type":"if","locations":[{"start":{"line":229,"column":16},"end":{"line":229,"column":16}},{"start":{"line":229,"column":16},"end":{"line":229,"column":16}}]},"14":{"line":236,"type":"if","locations":[{"start":{"line":236,"column":12},"end":{"line":236,"column":12}},{"start":{"line":236,"column":12},"end":{"line":236,"column":12}}]},"15":{"line":246,"type":"if","locations":[{"start":{"line":246,"column":8},"end":{"line":246,"column":8}},{"start":{"line":246,"column":8},"end":{"line":246,"column":8}}]},"16":{"line":247,"type":"if","locations":[{"start":{"line":247,"column":8},"end":{"line":247,"column":8}},{"start":{"line":247,"column":8},"end":{"line":247,"column":8}}]},"17":{"line":256,"type":"if","locations":[{"start":{"line":256,"column":8},"end":{"line":256,"column":8}},{"start":{"line":256,"column":8},"end":{"line":256,"column":8}}]},"18":{"line":276,"type":"if","locations":[{"start":{"line":276,"column":8},"end":{"line":276,"column":8}},{"start":{"line":276,"column":8},"end":{"line":276,"column":8}}]},"19":{"line":277,"type":"if","locations":[{"start":{"line":277,"column":8},"end":{"line":277,"column":8}},{"start":{"line":277,"column":8},"end":{"line":277,"column":8}}]},"20":{"line":279,"type":"if","locations":[{"start":{"line":279,"column":8},"end":{"line":279,"column":8}},{"start":{"line":279,"column":8},"end":{"line":279,"column":8}}]},"21":{"line":293,"type":"if","locations":[{"start":{"line":293,"column":8},"end":{"line":293,"column":8}},{"start":{"line":293,"column":8},"end":{"line":293,"column":8}}]},"22":{"line":294,"type":"if","locations":[{"start":{"line":294,"column":8},"end":{"line":294,"column":8}},{"start":{"line":294,"column":8},"end":{"line":294,"column":8}}]},"23":{"line":295,"type":"if","locations":[{"start":{"line":295,"column":8},"end":{"line":295,"column":8}},{"start":{"line":295,"column":8},"end":{"line":295,"column":8}}]},"24":{"line":296,"type":"if","locations":[{"start":{"line":296,"column":8},"end":{"line":296,"column":8}},{"start":{"line":296,"column":8},"end":{"line":296,"column":8}}]},"25":{"line":312,"type":"if","locations":[{"start":{"line":312,"column":8},"end":{"line":312,"column":8}},{"start":{"line":312,"column":8},"end":{"line":312,"column":8}}]},"26":{"line":332,"type":"if","locations":[{"start":{"line":332,"column":8},"end":{"line":332,"column":8}},{"start":{"line":332,"column":8},"end":{"line":332,"column":8}}]},"27":{"line":333,"type":"if","locations":[{"start":{"line":333,"column":8},"end":{"line":333,"column":8}},{"start":{"line":333,"column":8},"end":{"line":333,"column":8}}]},"28":{"line":334,"type":"if","locations":[{"start":{"line":334,"column":8},"end":{"line":334,"column":8}},{"start":{"line":334,"column":8},"end":{"line":334,"column":8}}]},"29":{"line":335,"type":"if","locations":[{"start":{"line":335,"column":8},"end":{"line":335,"column":8}},{"start":{"line":335,"column":8},"end":{"line":335,"column":8}}]},"30":{"line":349,"type":"if","locations":[{"start":{"line":349,"column":8},"end":{"line":349,"column":8}},{"start":{"line":349,"column":8},"end":{"line":349,"column":8}}]},"31":{"line":350,"type":"if","locations":[{"start":{"line":350,"column":8},"end":{"line":350,"column":8}},{"start":{"line":350,"column":8},"end":{"line":350,"column":8}}]},"32":{"line":351,"type":"if","locations":[{"start":{"line":351,"column":8},"end":{"line":351,"column":8}},{"start":{"line":351,"column":8},"end":{"line":351,"column":8}}]},"33":{"line":365,"type":"if","locations":[{"start":{"line":365,"column":8},"end":{"line":365,"column":8}},{"start":{"line":365,"column":8},"end":{"line":365,"column":8}}]}}},
"contracts/VotingEscrow.sol":{"l":{"120":0,"121":0,"123":0,"131":0,"132":0,"134":0,"135":0,"136":0,"138":0,"139":0,"140":0,"148":0,"152":0,"156":0,"160":0,"164":0,"165":0,"166":0,"171":0,"172":0,"173":0,"174":0,"175":0,"179":0,"180":0,"184":0,"185":0,"189":0,"190":0,"191":0,"192":0,"198":0,"202":0,"206":0,"207":0,"211":0,"215":0,"225":0,"226":0,"227":0,"228":0,"229":0,"231":0,"234":0,"235":0,"236":0,"238":0,"239":0,"240":0,"246":0,"247":0,"248":0,"249":0,"251":0,"255":0,"256":0,"257":0,"259":0,"263":0,"264":0,"265":0,"266":0,"272":0,"273":0,"276":0,"277":0,"278":0,"279":0,"281":0,"283":0,"284":0,"285":0,"286":0,"288":0,"289":0,"291":0,"292":0,"293":0,"294":0,"295":0,"296":0,"297":0,"299":0,"303":0,"306":0,"309":0,"310":0,"311":0,"312":0,"314":0,"315":0,"319":0,"321":0,"325":0,"327":0,"328":0,"329":0,"331":0,"334":0,"335":0,"336":0,"337":0,"342":0,"344":0,"345":0,"346":0,"347":0,"352":0,"363":0,"364":0,"366":0,"367":0,"369":0,"370":0,"371":0,"373":0,"379":0,"381":0,"382":0,"385":0,"386":0,"393":0,"406":0,"408":0,"409":0,"410":0,"412":0,"421":0,"422":0,"423":0,"425":0,"426":0,"427":0,"428":0,"430":0,"439":0,"440":0,"442":0,"443":0,"444":0,"446":0,"454":0,"455":0,"456":0,"458":0,"459":0,"460":0,"461":0,"463":0,"471":0,"472":0,"473":0,"475":0,"476":0,"477":0,"478":0,"479":0,"480":0,"485":0,"487":0,"489":0,"490":0,"501":0,"502":0,"503":0,"504":0,"505":0,"507":0,"508":0,"509":0,"511":0,"515":0,"519":0,"530":0,"531":0,"532":0,"534":0,"535":0,"536":0,"537":0,"539":0,"553":0,"554":0,"555":0,"556":0,"558":0,"559":0,"560":0,"561":0,"563":0,"577":0,"580":0,"581":0,"582":0,"583":0,"584":0,"586":0,"587":0,"588":0,"590":0,"594":0,"596":0,"597":0,"598":0,"599":0,"600":0,"601":0,"602":0,"603":0,"604":0,"606":0,"607":0,"609":0,"610":0,"611":0,"614":0,"615":0,"616":0,"618":0,"629":0,"630":0,"631":0,"632":0,"633":0,"634":0,"635":0,"637":0,"639":0,"640":0,"641":0,"643":0,"644":0,"648":0,"649":0,"651":0,"660":0,"661":0,"662":0,"671":0,"672":0,"673":0,"674":0,"683":0,"684":0,"685":0,"687":0,"688":0,"689":0,"690":0,"691":0,"692":0,"695":0,"696":0,"701":0,"708":0,"709":0},"path":"/Users/akash/acads/3-2/DAO/contracts/VotingEscrow.sol","s":{"1":0,"2":0,"3":0,"4":0,"5":0,"6":0,"7":0,"8":0,"9":0,"10":0,"11":0,"12":0,"13":0,"14":0,"15":0,"16":0,"17":0,"18":0,"19":0,"20":0,"21":0,"22":0,"23":0,"24":0,"25":0,"26":0,"27":0,"28":0,"29":0,"30":0,"31":0,"32":0,"33":0,"34":0,"35":0,"36":0,"37":0,"38":0,"39":0,"40":0,"41":0,"42":0,"43":0,"44":0,"45":0,"46":0,"47":0,"48":0,"49":0,"50":0,"51":0,"52":0,"53":0,"54":0,"55":0,"56":0,"57":0,"58":0,"59":0,"60":0,"61":0,"62":0,"63":0,"64":0,"65":0,"66":0,"67":0,"68":0,"69":0,"70":0,"71":0,"72":0,"73":0,"74":0,"75":0,"76":0,"77":0,"78":0,"79":0,"80":0,"81":0,"82":0,"83":0,"84":0,"85":0,"86":0,"87":0,"88":0,"89":0,"90":0,"91":0,"92":0,"93":0,"94":0,"95":0,"96":0,"97":0,"98":0,"99":0,"100":0,"101":0,"102":0,"103":0,"104":0,"105":0,"106":0,"107":0,"108":0,"109":0,"110":0,"111":0,"112":0,"113":0,"114":0,"115":0,"116":0,"117":0,"118":0,"119":0,"120":0,"121":0,"122":0,"123":0,"124":0,"125":0,"126":0,"127":0,"128":0,"129":0,"130":0,"131":0,"132":0,"133":0,"134":0,"135":0,"136":0,"137":0,"138":0,"139":0,"140":0,"141":0,"142":0,"143":0,"144":0,"145":0,"146":0,"147":0,"148":0,"149":0,"150":0,"151":0,"152":0,"153":0,"154":0,"155":0,"156":0,"157":0,"158":0,"159":0,"160":0,"161":0,"162":0,"163":0,"164":0,"165":0,"166":0,"167":0,"168":0,"169":0,"170":0,"171":0,"172":0,"173":0,"174":0,"175":0,"176":0,"177":0,"178":0,"179":0,"180":0,"181":0,"182":0,"183":0,"184":0,"185":0,"186":0,"187":0,"188":0,"189":0,"190":0,"191":0,"192":0,"193":0,"194":0,"195":0,"196":0,"197":0,"198":0,"199":0,"200":0,"201":0,"202":0,"203":0,"204":0,"205":0,"206":0,"207":0,"208":0,"209":0,"210":0,"211":0,"212":0,"213":0,"214":0,"215":0,"216":0,"217":0,"218":0,"219":0,"220":0,"221":0,"222":0,"223":0,"224":0,"225":0,"226":0,"227":0,"228":0,"229":0,"230":0,"231":0,"232":0,"233":0,"234":0,"235":0,"236":0,"237":0,"238":0,"239":0,"240":0,"241":0,"242":0,"243":0,"244":0,"245":0,"246":0,"247":0,"248":0,"249":0,"250":0,"251":0,"252":0},"b":{"1":[0,0],"2":[0,0],"3":[0,0],"4":[0,0],"5":[0,0],"6":[0,0],"7":[0,0],"8":[0,0],"9":[0,0],"10":[0,0],"11":[0,0],"12":[0,0],"13":[0,0],"14":[0,0],"15":[0,0],"16":[0,0],"17":[0,0],"18":[0,0],"19":[0,0],"20":[0,0],"21":[0,0],"22":[0,0],"23":[0,0],"24":[0,0],"25":[0,0],"26":[0,0],"27":[0,0],"28":[0,0],"29":[0,0],"30":[0,0],"31":[0,0],"32":[0,0],"33":[0,0],"34":[0,0],"35":[0,0],"36":[0,0],"37":[0,0],"38":[0,0],"39":[0,0],"40":[0,0],"41":[0,0],"42":[0,0],"43":[0,0],"44":[0,0],"45":[0,0],"46":[0,0],"47":[0,0],"48":[0,0],"49":[0,0],"50":[0,0],"51":[0,0],"52":[0,0],"53":[0,0],"54":[0,0],"55":[0,0],"56":[0,0],"57":[0,0],"58":[0,0],"59":[0,0],"60":[0,0],"61":[0,0],"62":[0,0],"63":[0,0],"64":[0,0],"65":[0,0],"66":[0,0]},"f":{"1":0,"2":0,"3":0,"4":0,"5":0,"6":0,"7":0,"8":0,"9":0,"10":0,"11":0,"12":0,"13":0,"14":0,"15":0,"16":0,"17":0,"18":0,"19":0,"20":0,"21":0,"22":0,"23":0,"24":0,"25":0,"26":0,"27":0,"28":0,"29":0,"30":0,"31":0,"32":0,"33":0,"34":0},"fnMap":{"1":{"name":"constructor","line":112,"loc":{"start":{"line":112,"column":2},"end":{"line":141,"column":2}}},"2":{"name":"get_block_number","line":147,"loc":{"start":{"line":147,"column":2},"end":{"line":149,"column":2}}},"3":{"name":"get_admin","line":151,"loc":{"start":{"line":151,"column":2},"end":{"line":153,"column":2}}},"4":{"name":"get_smart_wallet_checker","line":155,"loc":{"start":{"line":155,"column":2},"end":{"line":157,"column":2}}},"5":{"name":"get_block_timestamp","line":159,"loc":{"start":{"line":159,"column":2},"end":{"line":161,"column":2}}},"6":{"name":"commit_transfer_ownership","line":163,"loc":{"start":{"line":163,"column":2},"end":{"line":167,"column":2}}},"7":{"name":"apply_transfer_ownership","line":169,"loc":{"start":{"line":169,"column":2},"end":{"line":176,"column":2}}},"8":{"name":"commit_smart_wallet_checker","line":178,"loc":{"start":{"line":178,"column":2},"end":{"line":181,"column":2}}},"9":{"name":"apply_smart_wallet_checker","line":183,"loc":{"start":{"line":183,"column":2},"end":{"line":186,"column":2}}},"10":{"name":"assert_not_contract","line":188,"loc":{"start":{"line":188,"column":2},"end":{"line":195,"column":2}}},"11":{"name":"uinttoint","line":197,"loc":{"start":{"line":197,"column":2},"end":{"line":199,"column":2}}},"12":{"name":"inttouint","line":201,"loc":{"start":{"line":201,"column":2},"end":{"line":203,"column":2}}},"13":{"name":"get_last_user_slope","line":205,"loc":{"start":{"line":205,"column":2},"end":{"line":208,"column":2}}},"14":{"name":"user_point_history__ts","line":210,"loc":{"start":{"line":210,"column":2},"end":{"line":212,"column":2}}},"15":{"name":"locked__end","line":214,"loc":{"start":{"line":214,"column":2},"end":{"line":216,"column":2}}},"16":{"name":"_checkpoint","line":218,"loc":{"start":{"line":218,"column":2},"end":{"line":349,"column":2}}},"17":{"name":"debugger","line":351,"loc":{"start":{"line":351,"column":2},"end":{"line":353,"column":2}}},"18":{"name":"_deposit_for","line":355,"loc":{"start":{"line":355,"column":2},"end":{"line":387,"column":2}}},"19":{"name":"checkpoint","line":389,"loc":{"start":{"line":389,"column":2},"end":{"line":394,"column":2}}},"20":{"name":"deposit_for","line":396,"loc":{"start":{"line":396,"column":2},"end":{"line":413,"column":2}}},"21":{"name":"create_lock","line":415,"loc":{"start":{"line":415,"column":2},"end":{"line":431,"column":2}}},"22":{"name":"increase_amount","line":433,"loc":{"start":{"line":433,"column":2},"end":{"line":447,"column":2}}},"23":{"name":"increase_unlock_time","line":449,"loc":{"start":{"line":449,"column":2},"end":{"line":464,"column":2}}},"24":{"name":"withdraw","line":466,"loc":{"start":{"line":466,"column":2},"end":{"line":491,"column":2}}},"25":{"name":"find_block_epoch","line":493,"loc":{"start":{"line":493,"column":2},"end":{"line":516,"column":2}}},"26":{"name":"getVotingPowerAt","line":518,"loc":{"start":{"line":518,"column":2},"end":{"line":520,"column":2}}},"27":{"name":"balanceOf","line":522,"loc":{"start":{"line":522,"column":2},"end":{"line":541,"column":2}}},"28":{"name":"balanceOf","line":545,"loc":{"start":{"line":545,"column":2},"end":{"line":565,"column":2}}},"29":{"name":"balanceOfAt","line":567,"loc":{"start":{"line":567,"column":2},"end":{"line":620,"column":2}}},"30":{"name":"supply_at","line":622,"loc":{"start":{"line":622,"column":2},"end":{"line":652,"column":2}}},"31":{"name":"totalSupply","line":654,"loc":{"start":{"line":654,"column":2},"end":{"line":663,"column":2}}},"32":{"name":"totalSupply","line":665,"loc":{"start":{"line":665,"column":2},"end":{"line":675,"column":2}}},"33":{"name":"totalSupplyAt","line":677,"loc":{"start":{"line":677,"column":2},"end":{"line":702,"column":2}}},"34":{"name":"changeController","line":704,"loc":{"start":{"line":704,"column":2},"end":{"line":710,"column":2}}}},"statementMap":{"1":{"start":{"line":120,"column":4},"end":{"line":120,"column":21}},"2":{"start":{"line":121,"column":4},"end":{"line":121,"column":21}},"3":{"start":{"line":123,"column":4},"end":{"line":123,"column":3449}},"4":{"start":{"line":131,"column":4},"end":{"line":131,"column":26}},"5":{"start":{"line":132,"column":4},"end":{"line":132,"column":26}},"6":{"start":{"line":134,"column":4},"end":{"line":134,"column":52}},"7":{"start":{"line":135,"column":4},"end":{"line":135,"column":27}},"8":{"start":{"line":136,"column":4},"end":{"line":136,"column":23}},"9":{"start":{"line":138,"column":4},"end":{"line":138,"column":15}},"10":{"start":{"line":139,"column":4},"end":{"line":139,"column":19}},"11":{"start":{"line":140,"column":4},"end":{"line":140,"column":21}},"12":{"start":{"line":148,"column":4},"end":{"line":148,"column":23}},"13":{"start":{"line":152,"column":4},"end":{"line":152,"column":16}},"14":{"start":{"line":156,"column":4},"end":{"line":156,"column":31}},"15":{"start":{"line":160,"column":4},"end":{"line":160,"column":26}},"16":{"start":{"line":164,"column":4},"end":{"line":164,"column":75}},"17":{"start":{"line":165,"column":4},"end":{"line":165,"column":22}},"18":{"start":{"line":166,"column":4},"end":{"line":166,"column":30}},"19":{"start":{"line":171,"column":4},"end":{"line":171,"column":74}},"20":{"start":{"line":172,"column":4},"end":{"line":172,"column":33}},"21":{"start":{"line":173,"column":4},"end":{"line":173,"column":48}},"22":{"start":{"line":174,"column":4},"end":{"line":174,"column":17}},"23":{"start":{"line":175,"column":4},"end":{"line":175,"column":31}},"24":{"start":{"line":179,"column":4},"end":{"line":179,"column":77}},"25":{"start":{"line":180,"column":4},"end":{"line":180,"column":37}},"26":{"start":{"line":184,"column":4},"end":{"line":184,"column":76}},"27":{"start":{"line":185,"column":4},"end":{"line":185,"column":53}},"28":{"start":{"line":189,"column":4},"end":{"line":189,"column":5211}},"29":{"start":{"line":190,"column":6},"end":{"line":190,"column":44}},"30":{"start":{"line":191,"column":6},"end":{"line":191,"column":5290}},"31":{"start":{"line":192,"column":8},"end":{"line":192,"column":97}},"32":{"start":{"line":198,"column":4},"end":{"line":198,"column":19}},"33":{"start":{"line":202,"column":4},"end":{"line":202,"column":20}},"34":{"start":{"line":206,"column":4},"end":{"line":206,"column":43}},"35":{"start":{"line":207,"column":4},"end":{"line":207,"column":49}},"36":{"start":{"line":211,"column":4},"end":{"line":211,"column":45}},"37":{"start":{"line":215,"column":4},"end":{"line":215,"column":28}},"38":{"start":{"line":225,"column":4},"end":{"line":225,"column":39}},"39":{"start":{"line":226,"column":4},"end":{"line":226,"column":39}},"40":{"start":{"line":227,"column":4},"end":{"line":227,"column":25}},"41":{"start":{"line":228,"column":4},"end":{"line":228,"column":25}},"42":{"start":{"line":229,"column":4},"end":{"line":229,"column":26}},"43":{"start":{"line":231,"column":4},"end":{"line":231,"column":6619}},"44":{"start":{"line":234,"column":8},"end":{"line":234,"column":6738}},"45":{"start":{"line":235,"column":12},"end":{"line":235,"column":82}},"46":{"start":{"line":236,"column":12},"end":{"line":236,"column":100}},"47":{"start":{"line":238,"column":8},"end":{"line":238,"column":7008}},"48":{"start":{"line":239,"column":12},"end":{"line":239,"column":82}},"49":{"start":{"line":240,"column":12},"end":{"line":240,"column":100}},"50":{"start":{"line":246,"column":8},"end":{"line":246,"column":49}},"51":{"start":{"line":247,"column":8},"end":{"line":247,"column":7541}},"52":{"start":{"line":248,"column":12},"end":{"line":248,"column":7584}},"53":{"start":{"line":249,"column":16},"end":{"line":249,"column":38}},"54":{"start":{"line":251,"column":16},"end":{"line":251,"column":57}},"55":{"start":{"line":255,"column":4},"end":{"line":255,"column":96}},"56":{"start":{"line":256,"column":4},"end":{"line":256,"column":7870}},"57":{"start":{"line":257,"column":8},"end":{"line":257,"column":41}},"58":{"start":{"line":259,"column":4},"end":{"line":259,"column":43}},"59":{"start":{"line":263,"column":4},"end":{"line":263,"column":48}},"60":{"start":{"line":264,"column":4},"end":{"line":264,"column":28}},"61":{"start":{"line":265,"column":4},"end":{"line":265,"column":8282}},"62":{"start":{"line":266,"column":8},"end":{"line":266,"column":101}},"63":{"start":{"line":272,"column":4},"end":{"line":272,"column":50}},"64":{"start":{"line":273,"column":4},"end":{"line":273,"column":8685}},"65":{"start":{"line":276,"column":6},"end":{"line":276,"column":16}},"66":{"start":{"line":277,"column":6},"end":{"line":277,"column":24}},"67":{"start":{"line":278,"column":6},"end":{"line":278,"column":8928}},"68":{"start":{"line":279,"column":10},"end":{"line":279,"column":30}},"69":{"start":{"line":281,"column":10},"end":{"line":281,"column":37}},"70":{"start":{"line":283,"column":6},"end":{"line":283,"column":94}},"71":{"start":{"line":284,"column":6},"end":{"line":284,"column":32}},"72":{"start":{"line":285,"column":6},"end":{"line":285,"column":9191}},"73":{"start":{"line":286,"column":10},"end":{"line":286,"column":28}},"74":{"start":{"line":288,"column":6},"end":{"line":288,"column":9282}},"75":{"start":{"line":289,"column":10},"end":{"line":289,"column":29}},"76":{"start":{"line":291,"column":6},"end":{"line":291,"column":26}},"77":{"start":{"line":292,"column":6},"end":{"line":292,"column":24}},"78":{"start":{"line":293,"column":6},"end":{"line":293,"column":103}},"79":{"start":{"line":294,"column":6},"end":{"line":294,"column":16}},"80":{"start":{"line":295,"column":6},"end":{"line":295,"column":9575}},"81":{"start":{"line":296,"column":10},"end":{"line":296,"column":38}},"82":{"start":{"line":299,"column":10},"end":{"line":299,"column":43}},"83":{"start":{"line":303,"column":4},"end":{"line":303,"column":17}},"84":{"start":{"line":306,"column":4},"end":{"line":306,"column":9815}},"85":{"start":{"line":309,"column":8},"end":{"line":309,"column":54}},"86":{"start":{"line":310,"column":8},"end":{"line":310,"column":51}},"87":{"start":{"line":311,"column":8},"end":{"line":311,"column":10097}},"88":{"start":{"line":312,"column":12},"end":{"line":312,"column":31}},"89":{"start":{"line":314,"column":8},"end":{"line":314,"column":10177}},"90":{"start":{"line":315,"column":12},"end":{"line":315,"column":30}},"91":{"start":{"line":319,"column":4},"end":{"line":319,"column":37}},"92":{"start":{"line":321,"column":4},"end":{"line":321,"column":10339}},"93":{"start":{"line":325,"column":8},"end":{"line":325,"column":10551}},"94":{"start":{"line":327,"column":12},"end":{"line":327,"column":36}},"95":{"start":{"line":328,"column":12},"end":{"line":328,"column":10721}},"96":{"start":{"line":329,"column":16},"end":{"line":329,"column":40}},"97":{"start":{"line":331,"column":12},"end":{"line":331,"column":53}},"98":{"start":{"line":334,"column":8},"end":{"line":334,"column":10929}},"99":{"start":{"line":335,"column":12},"end":{"line":335,"column":10984}},"100":{"start":{"line":336,"column":16},"end":{"line":336,"column":40}},"101":{"start":{"line":337,"column":16},"end":{"line":337,"column":57}},"102":{"start":{"line":342,"column":8},"end":{"line":342,"column":42}},"103":{"start":{"line":344,"column":8},"end":{"line":344,"column":38}},"104":{"start":{"line":345,"column":8},"end":{"line":345,"column":33}},"105":{"start":{"line":346,"column":8},"end":{"line":346,"column":31}},"106":{"start":{"line":347,"column":8},"end":{"line":347,"column":47}},"107":{"start":{"line":352,"column":4},"end":{"line":352,"column":87}},"108":{"start":{"line":363,"column":4},"end":{"line":363,"column":50}},"109":{"start":{"line":364,"column":4},"end":{"line":364,"column":34}},"110":{"start":{"line":366,"column":4},"end":{"line":366,"column":34}},"111":{"start":{"line":367,"column":4},"end":{"line":367,"column":51}},"112":{"start":{"line":369,"column":4},"end":{"line":369,"column":57}},"113":{"start":{"line":370,"column":4},"end":{"line":370,"column":12407}},"114":{"start":{"line":371,"column":8},"end":{"line":371,"column":32}},"115":{"start":{"line":373,"column":4},"end":{"line":373,"column":26}},"116":{"start":{"line":379,"column":4},"end":{"line":379,"column":42}},"117":{"start":{"line":381,"column":4},"end":{"line":381,"column":12775}},"118":{"start":{"line":382,"column":8},"end":{"line":382,"column":71}},"119":{"start":{"line":385,"column":4},"end":{"line":385,"column":68}},"120":{"start":{"line":386,"column":4},"end":{"line":386,"column":54}},"121":{"start":{"line":393,"column":4},"end":{"line":393,"column":66}},"122":{"start":{"line":406,"column":4},"end":{"line":406,"column":48}},"123":{"start":{"line":408,"column":4},"end":{"line":408,"column":42}},"124":{"start":{"line":409,"column":4},"end":{"line":409,"column":56}},"125":{"start":{"line":410,"column":4},"end":{"line":410,"column":81}},"126":{"start":{"line":412,"column":4},"end":{"line":412,"column":96}},"127":{"start":{"line":421,"column":4},"end":{"line":421,"column":34}},"128":{"start":{"line":422,"column":4},"end":{"line":422,"column":54}},"129":{"start":{"line":423,"column":4},"end":{"line":423,"column":53}},"130":{"start":{"line":425,"column":4},"end":{"line":425,"column":44}},"131":{"start":{"line":426,"column":4},"end":{"line":426,"column":60}},"132":{"start":{"line":427,"column":4},"end":{"line":427,"column":83}},"133":{"start":{"line":428,"column":4},"end":{"line":428,"column":86}},"134":{"start":{"line":430,"column":4},"end":{"line":430,"column":75}},"135":{"start":{"line":439,"column":4},"end":{"line":439,"column":34}},"136":{"start":{"line":440,"column":4},"end":{"line":440,"column":53}},"137":{"start":{"line":442,"column":4},"end":{"line":442,"column":44}},"138":{"start":{"line":443,"column":4},"end":{"line":443,"column":56}},"139":{"start":{"line":444,"column":4},"end":{"line":444,"column":81}},"140":{"start":{"line":446,"column":4},"end":{"line":446,"column":69}},"141":{"start":{"line":454,"column":4},"end":{"line":454,"column":34}},"142":{"start":{"line":455,"column":4},"end":{"line":455,"column":53}},"143":{"start":{"line":456,"column":4},"end":{"line":456,"column":55}},"144":{"start":{"line":458,"column":4},"end":{"line":458,"column":57}},"145":{"start":{"line":459,"column":4},"end":{"line":459,"column":51}},"146":{"start":{"line":460,"column":4},"end":{"line":460,"column":72}},"147":{"start":{"line":461,"column":4},"end":{"line":461,"column":86}},"148":{"start":{"line":463,"column":4},"end":{"line":463,"column":74}},"149":{"start":{"line":471,"column":4},"end":{"line":471,"column":53}},"150":{"start":{"line":472,"column":4},"end":{"line":472,"column":68}},"151":{"start":{"line":473,"column":4},"end":{"line":473,"column":45}},"152":{"start":{"line":475,"column":4},"end":{"line":475,"column":45}},"153":{"start":{"line":476,"column":4},"end":{"line":476,"column":18}},"154":{"start":{"line":477,"column":4},"end":{"line":477,"column":21}},"155":{"start":{"line":478,"column":4},"end":{"line":478,"column":31}},"156":{"start":{"line":479,"column":4},"end":{"line":479,"column":34}},"157":{"start":{"line":480,"column":4},"end":{"line":480,"column":33}},"158":{"start":{"line":485,"column":4},"end":{"line":485,"column":47}},"159":{"start":{"line":487,"column":4},"end":{"line":487,"column":52}},"160":{"start":{"line":489,"column":4},"end":{"line":489,"column":53}},"161":{"start":{"line":490,"column":4},"end":{"line":490,"column":53}},"162":{"start":{"line":501,"column":4},"end":{"line":501,"column":19}},"163":{"start":{"line":502,"column":4},"end":{"line":502,"column":28}},"164":{"start":{"line":503,"column":4},"end":{"line":503,"column":17508}},"165":{"start":{"line":504,"column":6},"end":{"line":504,"column":17552}},"166":{"start":{"line":507,"column":6},"end":{"line":507,"column":42}},"167":{"start":{"line":508,"column":6},"end":{"line":508,"column":17649}},"168":{"start":{"line":509,"column":8},"end":{"line":509,"column":18}},"169":{"start":{"line":511,"column":8},"end":{"line":511,"column":22}},"170":{"start":{"line":515,"column":4},"end":{"line":515,"column":15}},"171":{"start":{"line":519,"column":4},"end":{"line":519,"column":29}},"172":{"start":{"line":530,"column":4},"end":{"line":530,"column":43}},"173":{"start":{"line":531,"column":4},"end":{"line":531,"column":18327}},"174":{"start":{"line":532,"column":8},"end":{"line":532,"column":16}},"175":{"start":{"line":534,"column":8},"end":{"line":534,"column":66}},"176":{"start":{"line":535,"column":8},"end":{"line":535,"column":122}},"177":{"start":{"line":536,"column":8},"end":{"line":536,"column":18582}},"178":{"start":{"line":537,"column":12},"end":{"line":537,"column":30}},"179":{"start":{"line":539,"column":8},"end":{"line":539,"column":41}},"180":{"start":{"line":553,"column":4},"end":{"line":553,"column":32}},"181":{"start":{"line":554,"column":4},"end":{"line":554,"column":43}},"182":{"start":{"line":555,"column":4},"end":{"line":555,"column":19230}},"183":{"start":{"line":556,"column":8},"end":{"line":556,"column":16}},"184":{"start":{"line":558,"column":8},"end":{"line":558,"column":66}},"185":{"start":{"line":559,"column":8},"end":{"line":559,"column":93}},"186":{"start":{"line":560,"column":8},"end":{"line":560,"column":19456}},"187":{"start":{"line":561,"column":12},"end":{"line":561,"column":30}},"188":{"start":{"line":563,"column":8},"end":{"line":563,"column":41}},"189":{"start":{"line":577,"column":4},"end":{"line":577,"column":66}},"190":{"start":{"line":580,"column":4},"end":{"line":580,"column":20}},"191":{"start":{"line":581,"column":4},"end":{"line":581,"column":41}},"192":{"start":{"line":582,"column":4},"end":{"line":582,"column":20222}},"193":{"start":{"line":583,"column":6},"end":{"line":583,"column":20266}},"194":{"start":{"line":586,"column":6},"end":{"line":586,"column":42}},"195":{"start":{"line":587,"column":6},"end":{"line":587,"column":20363}},"196":{"start":{"line":588,"column":8},"end":{"line":588,"column":18}},"197":{"start":{"line":590,"column":8},"end":{"line":590,"column":22}},"198":{"start":{"line":594,"column":4},"end":{"line":594,"column":56}},"199":{"start":{"line":596,"column":4},"end":{"line":596,"column":29}},"200":{"start":{"line":597,"column":4},"end":{"line":597,"column":56}},"201":{"start":{"line":598,"column":4},"end":{"line":598,"column":48}},"202":{"start":{"line":599,"column":4},"end":{"line":599,"column":23}},"203":{"start":{"line":600,"column":4},"end":{"line":600,"column":19}},"204":{"start":{"line":601,"column":4},"end":{"line":601,"column":20743}},"205":{"start":{"line":602,"column":8},"end":{"line":602,"column":56}},"206":{"start":{"line":603,"column":8},"end":{"line":603,"column":42}},"207":{"start":{"line":604,"column":8},"end":{"line":604,"column":36}},"208":{"start":{"line":606,"column":8},"end":{"line":606,"column":43}},"209":{"start":{"line":607,"column":8},"end":{"line":607,"column":41}},"210":{"start":{"line":609,"column":4},"end":{"line":609,"column":35}},"211":{"start":{"line":610,"column":4},"end":{"line":610,"column":21061}},"212":{"start":{"line":611,"column":8},"end":{"line":611,"column":59}},"213":{"start":{"line":614,"column":4},"end":{"line":614,"column":85}},"214":{"start":{"line":615,"column":4},"end":{"line":615,"column":21242}},"215":{"start":{"line":616,"column":8},"end":{"line":616,"column":37}},"216":{"start":{"line":618,"column":8},"end":{"line":618,"column":16}},"217":{"start":{"line":629,"column":4},"end":{"line":629,"column":35}},"218":{"start":{"line":630,"column":4},"end":{"line":630,"column":47}},"219":{"start":{"line":631,"column":4},"end":{"line":631,"column":21783}},"220":{"start":{"line":632,"column":6},"end":{"line":632,"column":16}},"221":{"start":{"line":633,"column":6},"end":{"line":633,"column":24}},"222":{"start":{"line":634,"column":6},"end":{"line":634,"column":21872}},"223":{"start":{"line":635,"column":10},"end":{"line":635,"column":16}},"224":{"start":{"line":637,"column":10},"end":{"line":637,"column":37}},"225":{"start":{"line":639,"column":6},"end":{"line":639,"column":92}},"226":{"start":{"line":640,"column":6},"end":{"line":640,"column":22070}},"227":{"start":{"line":643,"column":6},"end":{"line":643,"column":32}},"228":{"start":{"line":644,"column":6},"end":{"line":644,"column":24}},"229":{"start":{"line":648,"column":4},"end":{"line":648,"column":22189}},"230":{"start":{"line":649,"column":8},"end":{"line":649,"column":26}},"231":{"start":{"line":651,"column":4},"end":{"line":651,"column":37}},"232":{"start":{"line":660,"column":4},"end":{"line":660,"column":27}},"233":{"start":{"line":661,"column":4},"end":{"line":661,"column":51}},"234":{"start":{"line":662,"column":4},"end":{"line":662,"column":35}},"235":{"start":{"line":671,"column":4},"end":{"line":671,"column":31}},"236":{"start":{"line":672,"column":4},"end":{"line":672,"column":27}},"237":{"start":{"line":673,"column":4},"end":{"line":673,"column":51}},"238":{"start":{"line":674,"column":4},"end":{"line":674,"column":35}},"239":{"start":{"line":683,"column":4},"end":{"line":683,"column":35}},"240":{"start":{"line":684,"column":4},"end":{"line":684,"column":26}},"241":{"start":{"line":685,"column":4},"end":{"line":685,"column":59}},"242":{"start":{"line":687,"column":4},"end":{"line":687,"column":52}},"243":{"start":{"line":688,"column":4},"end":{"line":688,"column":18}},"244":{"start":{"line":689,"column":4},"end":{"line":689,"column":23543}},"245":{"start":{"line":690,"column":8},"end":{"line":690,"column":64}},"246":{"start":{"line":691,"column":8},"end":{"line":691,"column":23650}},"247":{"start":{"line":692,"column":12},"end":{"line":692,"column":96}},"248":{"start":{"line":695,"column":8},"end":{"line":695,"column":23815}},"249":{"start":{"line":696,"column":12},"end":{"line":696,"column":96}},"250":{"start":{"line":701,"column":4},"end":{"line":701,"column":42}},"251":{"start":{"line":708,"column":4},"end":{"line":708,"column":77}},"252":{"start":{"line":709,"column":4},"end":{"line":709,"column":30}}},"branchMap":{"1":{"line":164,"type":"if","locations":[{"start":{"line":164,"column":4},"end":{"line":164,"column":4}},{"start":{"line":164,"column":4},"end":{"line":164,"column":4}}]},"2":{"line":171,"type":"if","locations":[{"start":{"line":171,"column":4},"end":{"line":171,"column":4}},{"start":{"line":171,"column":4},"end":{"line":171,"column":4}}]},"3":{"line":173,"type":"if","locations":[{"start":{"line":173,"column":4},"end":{"line":173,"column":4}},{"start":{"line":173,"column":4},"end":{"line":173,"column":4}}]},"4":{"line":179,"type":"if","locations":[{"start":{"line":179,"column":4},"end":{"line":179,"column":4}},{"start":{"line":179,"column":4},"end":{"line":179,"column":4}}]},"5":{"line":184,"type":"if","locations":[{"start":{"line":184,"column":4},"end":{"line":184,"column":4}},{"start":{"line":184,"column":4},"end":{"line":184,"column":4}}]},"6":{"line":189,"type":"if","locations":[{"start":{"line":189,"column":4},"end":{"line":189,"column":4}},{"start":{"line":189,"column":4},"end":{"line":189,"column":4}}]},"7":{"line":191,"type":"if","locations":[{"start":{"line":191,"column":6},"end":{"line":191,"column":6}},{"start":{"line":191,"column":6},"end":{"line":191,"column":6}}]},"8":{"line":192,"type":"if","locations":[{"start":{"line":192,"column":8},"end":{"line":192,"column":8}},{"start":{"line":192,"column":8},"end":{"line":192,"column":8}}]},"9":{"line":231,"type":"if","locations":[{"start":{"line":231,"column":4},"end":{"line":231,"column":4}},{"start":{"line":231,"column":4},"end":{"line":231,"column":4}}]},"10":{"line":234,"type":"if","locations":[{"start":{"line":234,"column":8},"end":{"line":234,"column":8}},{"start":{"line":234,"column":8},"end":{"line":234,"column":8}}]},"11":{"line":238,"type":"if","locations":[{"start":{"line":238,"column":8},"end":{"line":238,"column":8}},{"start":{"line":238,"column":8},"end":{"line":238,"column":8}}]},"12":{"line":247,"type":"if","locations":[{"start":{"line":247,"column":8},"end":{"line":247,"column":8}},{"start":{"line":247,"column":8},"end":{"line":247,"column":8}}]},"13":{"line":248,"type":"if","locations":[{"start":{"line":248,"column":12},"end":{"line":248,"column":12}},{"start":{"line":248,"column":12},"end":{"line":248,"column":12}}]},"14":{"line":256,"type":"if","locations":[{"start":{"line":256,"column":4},"end":{"line":256,"column":4}},{"start":{"line":256,"column":4},"end":{"line":256,"column":4}}]},"15":{"line":265,"type":"if","locations":[{"start":{"line":265,"column":4},"end":{"line":265,"column":4}},{"start":{"line":265,"column":4},"end":{"line":265,"column":4}}]},"16":{"line":278,"type":"if","locations":[{"start":{"line":278,"column":6},"end":{"line":278,"column":6}},{"start":{"line":278,"column":6},"end":{"line":278,"column":6}}]},"17":{"line":285,"type":"if","locations":[{"start":{"line":285,"column":6},"end":{"line":285,"column":6}},{"start":{"line":285,"column":6},"end":{"line":285,"column":6}}]},"18":{"line":288,"type":"if","locations":[{"start":{"line":288,"column":6},"end":{"line":288,"column":6}},{"start":{"line":288,"column":6},"end":{"line":288,"column":6}}]},"19":{"line":295,"type":"if","locations":[{"start":{"line":295,"column":6},"end":{"line":295,"column":6}},{"start":{"line":295,"column":6},"end":{"line":295,"column":6}}]},"20":{"line":306,"type":"if","locations":[{"start":{"line":306,"column":4},"end":{"line":306,"column":4}},{"start":{"line":306,"column":4},"end":{"line":306,"column":4}}]},"21":{"line":311,"type":"if","locations":[{"start":{"line":311,"column":8},"end":{"line":311,"column":8}},{"start":{"line":311,"column":8},"end":{"line":311,"column":8}}]},"22":{"line":314,"type":"if","locations":[{"start":{"line":314,"column":8},"end":{"line":314,"column":8}},{"start":{"line":314,"column":8},"end":{"line":314,"column":8}}]},"23":{"line":321,"type":"if","locations":[{"start":{"line":321,"column":4},"end":{"line":321,"column":4}},{"start":{"line":321,"column":4},"end":{"line":321,"column":4}}]},"24":{"line":325,"type":"if","locations":[{"start":{"line":325,"column":8},"end":{"line":325,"column":8}},{"start":{"line":325,"column":8},"end":{"line":325,"column":8}}]},"25":{"line":328,"type":"if","locations":[{"start":{"line":328,"column":12},"end":{"line":328,"column":12}},{"start":{"line":328,"column":12},"end":{"line":328,"column":12}}]},"26":{"line":334,"type":"if","locations":[{"start":{"line":334,"column":8},"end":{"line":334,"column":8}},{"start":{"line":334,"column":8},"end":{"line":334,"column":8}}]},"27":{"line":335,"type":"if","locations":[{"start":{"line":335,"column":12},"end":{"line":335,"column":12}},{"start":{"line":335,"column":12},"end":{"line":335,"column":12}}]},"28":{"line":370,"type":"if","locations":[{"start":{"line":370,"column":4},"end":{"line":370,"column":4}},{"start":{"line":370,"column":4},"end":{"line":370,"column":4}}]},"29":{"line":381,"type":"if","locations":[{"start":{"line":381,"column":4},"end":{"line":381,"column":4}},{"start":{"line":381,"column":4},"end":{"line":381,"column":4}}]},"30":{"line":382,"type":"if","locations":[{"start":{"line":382,"column":8},"end":{"line":382,"column":8}},{"start":{"line":382,"column":8},"end":{"line":382,"column":8}}]},"31":{"line":408,"type":"if","locations":[{"start":{"line":408,"column":4},"end":{"line":408,"column":4}},{"start":{"line":408,"column":4},"end":{"line":408,"column":4}}]},"32":{"line":409,"type":"if","locations":[{"start":{"line":409,"column":4},"end":{"line":409,"column":4}},{"start":{"line":409,"column":4},"end":{"line":409,"column":4}}]},"33":{"line":410,"type":"if","locations":[{"start":{"line":410,"column":4},"end":{"line":410,"column":4}},{"start":{"line":410,"column":4},"end":{"line":410,"column":4}}]},"34":{"line":425,"type":"if","locations":[{"start":{"line":425,"column":4},"end":{"line":425,"column":4}},{"start":{"line":425,"column":4},"end":{"line":425,"column":4}}]},"35":{"line":426,"type":"if","locations":[{"start":{"line":426,"column":4},"end":{"line":426,"column":4}},{"start":{"line":426,"column":4},"end":{"line":426,"column":4}}]},"36":{"line":427,"type":"if","locations":[{"start":{"line":427,"column":4},"end":{"line":427,"column":4}},{"start":{"line":427,"column":4},"end":{"line":427,"column":4}}]},"37":{"line":428,"type":"if","locations":[{"start":{"line":428,"column":4},"end":{"line":428,"column":4}},{"start":{"line":428,"column":4},"end":{"line":428,"column":4}}]},"38":{"line":442,"type":"if","locations":[{"start":{"line":442,"column":4},"end":{"line":442,"column":4}},{"start":{"line":442,"column":4},"end":{"line":442,"column":4}}]},"39":{"line":443,"type":"if","locations":[{"start":{"line":443,"column":4},"end":{"line":443,"column":4}},{"start":{"line":443,"column":4},"end":{"line":443,"column":4}}]},"40":{"line":444,"type":"if","locations":[{"start":{"line":444,"column":4},"end":{"line":444,"column":4}},{"start":{"line":444,"column":4},"end":{"line":444,"column":4}}]},"41":{"line":458,"type":"if","locations":[{"start":{"line":458,"column":4},"end":{"line":458,"column":4}},{"start":{"line":458,"column":4},"end":{"line":458,"column":4}}]},"42":{"line":459,"type":"if","locations":[{"start":{"line":459,"column":4},"end":{"line":459,"column":4}},{"start":{"line":459,"column":4},"end":{"line":459,"column":4}}]},"43":{"line":460,"type":"if","locations":[{"start":{"line":460,"column":4},"end":{"line":460,"column":4}},{"start":{"line":460,"column":4},"end":{"line":460,"column":4}}]},"44":{"line":461,"type":"if","locations":[{"start":{"line":461,"column":4},"end":{"line":461,"column":4}},{"start":{"line":461,"column":4},"end":{"line":461,"column":4}}]},"45":{"line":472,"type":"if","locations":[{"start":{"line":472,"column":4},"end":{"line":472,"column":4}},{"start":{"line":472,"column":4},"end":{"line":472,"column":4}}]},"46":{"line":487,"type":"if","locations":[{"start":{"line":487,"column":4},"end":{"line":487,"column":4}},{"start":{"line":487,"column":4},"end":{"line":487,"column":4}}]},"47":{"line":504,"type":"if","locations":[{"start":{"line":504,"column":6},"end":{"line":504,"column":6}},{"start":{"line":504,"column":6},"end":{"line":504,"column":6}}]},"48":{"line":508,"type":"if","locations":[{"start":{"line":508,"column":6},"end":{"line":508,"column":6}},{"start":{"line":508,"column":6},"end":{"line":508,"column":6}}]},"49":{"line":531,"type":"if","locations":[{"start":{"line":531,"column":4},"end":{"line":531,"column":4}},{"start":{"line":531,"column":4},"end":{"line":531,"column":4}}]},"50":{"line":536,"type":"if","locations":[{"start":{"line":536,"column":8},"end":{"line":536,"column":8}},{"start":{"line":536,"column":8},"end":{"line":536,"column":8}}]},"51":{"line":555,"type":"if","locations":[{"start":{"line":555,"column":4},"end":{"line":555,"column":4}},{"start":{"line":555,"column":4},"end":{"line":555,"column":4}}]},"52":{"line":560,"type":"if","locations":[{"start":{"line":560,"column":8},"end":{"line":560,"column":8}},{"start":{"line":560,"column":8},"end":{"line":560,"column":8}}]},"53":{"line":577,"type":"if","locations":[{"start":{"line":577,"column":4},"end":{"line":577,"column":4}},{"start":{"line":577,"column":4},"end":{"line":577,"column":4}}]},"54":{"line":583,"type":"if","locations":[{"start":{"line":583,"column":6},"end":{"line":583,"column":6}},{"start":{"line":583,"column":6},"end":{"line":583,"column":6}}]},"55":{"line":587,"type":"if","locations":[{"start":{"line":587,"column":6},"end":{"line":587,"column":6}},{"start":{"line":587,"column":6},"end":{"line":587,"column":6}}]},"56":{"line":601,"type":"if","locations":[{"start":{"line":601,"column":4},"end":{"line":601,"column":4}},{"start":{"line":601,"column":4},"end":{"line":601,"column":4}}]},"57":{"line":610,"type":"if","locations":[{"start":{"line":610,"column":4},"end":{"line":610,"column":4}},{"start":{"line":610,"column":4},"end":{"line":610,"column":4}}]},"58":{"line":615,"type":"if","locations":[{"start":{"line":615,"column":4},"end":{"line":615,"column":4}},{"start":{"line":615,"column":4},"end":{"line":615,"column":4}}]},"59":{"line":634,"type":"if","locations":[{"start":{"line":634,"column":6},"end":{"line":634,"column":6}},{"start":{"line":634,"column":6},"end":{"line":634,"column":6}}]},"60":{"line":640,"type":"if","locations":[{"start":{"line":640,"column":6},"end":{"line":640,"column":6}},{"start":{"line":640,"column":6},"end":{"line":640,"column":6}}]},"61":{"line":648,"type":"if","locations":[{"start":{"line":648,"column":4},"end":{"line":648,"column":4}},{"start":{"line":648,"column":4},"end":{"line":648,"column":4}}]},"62":{"line":683,"type":"if","locations":[{"start":{"line":683,"column":4},"end":{"line":683,"column":4}},{"start":{"line":683,"column":4},"end":{"line":683,"column":4}}]},"63":{"line":689,"type":"if","locations":[{"start":{"line":689,"column":4},"end":{"line":689,"column":4}},{"start":{"line":689,"column":4},"end":{"line":689,"column":4}}]},"64":{"line":691,"type":"if","locations":[{"start":{"line":691,"column":8},"end":{"line":691,"column":8}},{"start":{"line":691,"column":8},"end":{"line":691,"column":8}}]},"65":{"line":695,"type":"if","locations":[{"start":{"line":695,"column":8},"end":{"line":695,"column":8}},{"start":{"line":695,"column":8},"end":{"line":695,"column":8}}]},"66":{"line":708,"type":"if","locations":[{"start":{"line":708,"column":4},"end":{"line":708,"column":4}},{"start":{"line":708,"column":4},"end":{"line":708,"column":4}}]}}},
"contracts/VotingEscrowDelegation.sol":{"l":{"284":0,"285":0,"286":0,"288":0,"298":0,"299":0,"314":0,"315":0,"407":0,"408":0,"409":0,"410":0,"411":0,"414":0,"416":0,"417":0,"418":0,"420":0,"422":0,"423":0,"424":0,"429":0,"430":0,"431":0,"436":0,"437":0,"438":0,"440":0,"442":0,"443":0,"445":0,"446":0,"449":0,"451":0,"453":0,"454":0,"456":0,"457":0,"459":0,"460":0,"462":0,"463":0,"464":0,"466":0,"467":0,"469":0,"470":0,"471":0,"477":0,"479":0,"481":0,"482":0,"484":0,"485":0,"487":0,"490":0,"491":0,"492":0,"515":0,"517":0,"519":0,"520":0,"521":0,"523":0,"525":0,"543":0,"544":0,"546":0,"548":0,"549":0,"550":0,"552":0,"575":0,"577":0,"578":0,"579":0,"580":0,"581":0,"582":0,"633":0,"634":0,"636":0,"637":0,"640":0,"641":0,"643":0,"644":0,"645":0,"646":0,"649":0,"650":0,"651":0,"653":0,"655":0,"662":0,"665":0,"668":0,"669":0,"670":0,"671":0,"675":0,"678":0,"679":0,"690":0,"691":0,"692":0,"702":0,"717":0,"718":0,"756":0,"757":0,"759":0,"760":0,"761":0,"762":0,"765":0,"767":0,"768":0,"769":0,"770":0,"772":0,"773":0,"776":0,"777":0,"779":0,"780":0,"782":0,"783":0,"786":0,"813":0,"814":0,"815":0,"817":0,"818":0,"819":0,"822":0,"824":0,"826":0,"838":0,"839":0,"896":0,"897":0,"898":0,"942":0,"943":0,"945":0,"946":0,"949":0,"950":0,"953":0,"958":0,"959":0,"962":0,"984":0,"985":0,"1015":0,"1016":0,"1026":0,"1030":0,"1034":0,"1044":0,"1045":0,"1048":0,"1049":0,"1053":0,"1054":0,"1062":0,"1063":0,"1066":0,"1071":0,"1072":0,"1073":0,"1074":0,"1075":0,"1076":0,"1077":0,"1078":0,"1111":0,"1112":0,"1113":0,"1114":0,"1115":0,"1116":0,"1117":0,"1118":0,"1120":0,"1241":0,"1242":0,"1244":0,"1246":0,"1248":0,"1249":0,"1252":0,"1253":0,"1254":0,"1255":0,"1257":0,"1258":0,"1259":0,"1262":0,"1264":0,"1267":0,"1274":0,"1275":0,"1277":0,"1278":0,"1281":0,"1284":0,"1285":0,"1288":0,"1289":0,"1290":0,"1292":0,"1393":0,"1394":0,"1396":0,"1397":0,"1398":0,"1399":0,"1402":0,"1404":0,"1406":0,"1407":0,"1408":0,"1410":0,"1412":0,"1414":0,"1417":0,"1421":0,"1424":0,"1427":0,"1429":0,"1430":0,"1433":0,"1436":0,"1440":0,"1446":0,"1447":0,"1449":0,"1450":0,"1452":0,"1455":0,"1456":0,"1460":0,"1461":0,"1463":0,"1486":0,"1515":0,"1516":0,"1517":0,"1518":0,"1520":0,"1547":0,"1548":0,"1581":0,"1583":0,"1584":0,"1585":0,"1587":0,"1647":0,"1648":0,"1653":0,"1656":0,"1658":0,"1659":0,"1661":0,"1662":0,"1669":0,"1672":0,"1673":0,"1681":0,"1691":0,"1716":0,"1717":0,"1718":0,"1740":0,"1741":0,"1742":0,"1746":0,"1747":0,"1749":0,"1754":0,"1755":0,"1757":0,"1762":0,"1763":0,"1765":0,"1788":0,"1789":0,"1790":0,"1810":0,"1832":0,"1906":0,"1907":0,"1908":0,"1909":0,"1911":0,"1912":0,"1914":0,"1916":0,"1919":0,"1922":0,"1924":0,"1925":0,"1927":0,"1928":0,"1930":0,"1931":0,"1933":0,"1935":0,"1955":0,"1956":0,"1972":0,"1973":0,"1988":0,"1989":0,"2001":0,"2002":0,"2009":0,"2010":0,"2012":0,"2020":0,"2021":0,"2023":0,"2028":0,"2029":0,"2031":0,"2032":0,"2033":0,"2034":0,"2035":0,"2037":0,"2038":0,"2039":0,"2040":0,"2041":0,"2042":0,"2043":0,"2044":0,"2046":0},"path":"/Users/akash/acads/3-2/DAO/contracts/VotingEscrowDelegation.sol","s":{"1":0,"2":0,"3":0,"4":0,"5":0,"6":0,"7":0,"8":0,"9":0,"10":0,"11":0,"12":0,"13":0,"14":0,"15":0,"16":0,"17":0,"18":0,"19":0,"20":0,"21":0,"22":0,"23":0,"24":0,"25":0,"26":0,"27":0,"28":0,"29":0,"30":0,"31":0,"32":0,"33":0,"34":0,"35":0,"36":0,"37":0,"38":0,"39":0,"40":0,"41":0,"42":0,"43":0,"44":0,"45":0,"46":0,"47":0,"48":0,"49":0,"50":0,"51":0,"52":0,"53":0,"54":0,"55":0,"56":0,"57":0,"58":0,"59":0,"60":0,"61":0,"62":0,"63":0,"64":0,"65":0,"66":0,"67":0,"68":0,"69":0,"70":0,"71":0,"72":0,"73":0,"74":0,"75":0,"76":0,"77":0,"78":0,"79":0,"80":0,"81":0,"82":0,"83":0,"84":0,"85":0,"86":0,"87":0,"88":0,"89":0,"90":0,"91":0,"92":0,"93":0,"94":0,"95":0,"96":0,"97":0,"98":0,"99":0,"100":0,"101":0,"102":0,"103":0,"104":0,"105":0,"106":0,"107":0,"108":0,"109":0,"110":0,"111":0,"112":0,"113":0,"114":0,"115":0,"116":0,"117":0,"118":0,"119":0,"120":0,"121":0,"122":0,"123":0,"124":0,"125":0,"126":0,"127":0,"128":0,"129":0,"130":0,"131":0,"132":0,"133":0,"134":0,"135":0,"136":0,"137":0,"138":0,"139":0,"140":0,"141":0,"142":0,"143":0,"144":0,"145":0,"146":0,"147":0,"148":0,"149":0,"150":0,"151":0,"152":0,"153":0,"154":0,"155":0,"156":0,"157":0,"158":0,"159":0,"160":0,"161":0,"162":0,"163":0,"164":0,"165":0,"166":0,"167":0,"168":0,"169":0,"170":0,"171":0,"172":0,"173":0,"174":0,"175":0,"176":0,"177":0,"178":0,"179":0,"180":0,"181":0,"182":0,"183":0,"184":0,"185":0,"186":0,"187":0,"188":0,"189":0,"190":0,"191":0,"192":0,"193":0,"194":0,"195":0,"196":0,"197":0,"198":0,"199":0,"200":0,"201":0,"202":0,"203":0,"204":0,"205":0,"206":0,"207":0,"208":0,"209":0,"210":0,"211":0,"212":0,"213":0,"214":0,"215":0,"216":0,"217":0,"218":0,"219":0,"220":0,"221":0,"222":0,"223":0,"224":0,"225":0,"226":0,"227":0,"228":0,"229":0,"230":0,"231":0,"232":0,"233":0,"234":0,"235":0,"236":0,"237":0,"238":0,"239":0,"240":0,"241":0,"242":0,"243":0,"244":0,"245":0,"246":0,"247":0,"248":0,"249":0,"250":0,"251":0,"252":0,"253":0,"254":0,"255":0,"256":0,"257":0,"258":0,"259":0,"260":0,"261":0,"262":0,"263":0,"264":0,"265":0,"266":0,"267":0,"268":0,"269":0,"270":0,"271":0,"272":0,"273":0,"274":0,"275":0,"276":0,"277":0,"278":0,"279":0,"280":0,"281":0,"282":0,"283":0,"284":0,"285":0,"286":0,"287":0,"288":0,"289":0,"290":0,"291":0,"292":0,"293":0,"294":0,"295":0,"296":0,"297":0,"298":0,"299":0,"300":0,"301":0,"302":0,"303":0,"304":0,"305":0,"306":0,"307":0,"308":0,"309":0,"310":0,"311":0,"312":0,"313":0,"314":0,"315":0,"316":0,"317":0,"318":0,"319":0,"320":0,"321":0,"322":0,"323":0,"324":0,"325":0,"326":0,"327":0,"328":0,"329":0,"330":0,"331":0,"332":0},"b":{"1":[0,0],"2":[0,0],"3":[0,0],"4":[0,0],"5":[0,0],"6":[0,0],"7":[0,0],"8":[0,0],"9":[0,0],"10":[0,0],"11":[0,0],"12":[0,0],"13":[0,0],"14":[0,0],"15":[0,0],"16":[0,0],"17":[0,0],"18":[0,0],"19":[0,0],"20":[0,0],"21":[0,0],"22":[0,0],"23":[0,0],"24":[0,0],"25":[0,0],"26":[0,0],"27":[0,0],"28":[0,0],"29":[0,0],"30":[0,0],"31":[0,0],"32":[0,0],"33":[0,0],"34":[0,0],"35":[0,0],"36":[0,0],"37":[0,0],"38":[0,0],"39":[0,0],"40":[0,0],"41":[0,0],"42":[0,0],"43":[0,0],"44":[0,0],"45":[0,0],"46":[0,0],"47":[0,0],"48":[0,0],"49":[0,0],"50":[0,0],"51":[0,0],"52":[0,0],"53":[0,0],"54":[0,0],"55":[0,0],"56":[0,0],"57":[0,0],"58":[0,0],"59":[0,0],"60":[0,0],"61":[0,0],"62":[0,0],"63":[0,0],"64":[0,0],"65":[0,0],"66":[0,0],"67":[0,0],"68":[0,0],"69":[0,0],"70":[0,0],"71":[0,0],"72":[0,0],"73":[0,0],"74":[0,0],"75":[0,0],"76":[0,0],"77":[0,0],"78":[0,0],"79":[0,0],"80":[0,0]},"f":{"1":0,"2":0,"3":0,"4":0,"5":0,"6":0,"7":0,"8":0,"9":0,"10":0,"11":0,"12":0,"13":0,"14":0,"15":0,"16":0,"17":0,"18":0,"19":0,"20":0,"21":0,"22":0,"23":0,"24":0,"25":0,"26":0,"27":0,"28":0,"29":0,"30":0,"31":0,"32":0,"33":0,"34":0,"35":0,"36":0,"37":0,"38":0,"39":0,"40":0,"41":0,"42":0,"43":0,"44":0,"45":0,"46":0,"47":0,"48":0,"49":0},"fnMap":{"1":{"name":"constructor","line":283,"loc":{"start":{"line":283,"column":0},"end":{"line":290,"column":0}}},"2":{"name":"_approve","line":297,"loc":{"start":{"line":297,"column":0},"end":{"line":300,"column":0}}},"3":{"name":"_is_approved_or_owner","line":313,"loc":{"start":{"line":313,"column":0},"end":{"line":320,"column":0}}},"4":{"name":"_update_enumeration_data","line":406,"loc":{"start":{"line":406,"column":0},"end":{"line":497,"column":0}}},"5":{"name":"_burn","line":514,"loc":{"start":{"line":514,"column":0},"end":{"line":526,"column":0}}},"6":{"name":"_mint","line":542,"loc":{"start":{"line":542,"column":0},"end":{"line":553,"column":0}}},"7":{"name":"_mint_boost","line":572,"loc":{"start":{"line":572,"column":0},"end":{"line":583,"column":0}}},"8":{"name":"_burn_boost","line":632,"loc":{"start":{"line":632,"column":0},"end":{"line":680,"column":0}}},"9":{"name":"_transfer_boost","line":689,"loc":{"start":{"line":689,"column":0},"end":{"line":693,"column":0}}},"10":{"name":"_deconstruct_bias_slope","line":701,"loc":{"start":{"line":701,"column":0},"end":{"line":703,"column":0}}},"11":{"name":"_calc_bias_slope","line":714,"loc":{"start":{"line":714,"column":0},"end":{"line":719,"column":0}}},"12":{"name":"_transfer","line":755,"loc":{"start":{"line":755,"column":0},"end":{"line":787,"column":0}}},"13":{"name":"_cancel_boost","line":812,"loc":{"start":{"line":812,"column":0},"end":{"line":827,"column":0}}},"14":{"name":"_set_delegation_status","line":837,"loc":{"start":{"line":837,"column":0},"end":{"line":840,"column":0}}},"15":{"name":"approve","line":889,"loc":{"start":{"line":889,"column":0},"end":{"line":899,"column":0}}},"16":{"name":"safeTransferFrom","line":929,"loc":{"start":{"line":929,"column":0},"end":{"line":955,"column":0}}},"17":{"name":"is_contract","line":957,"loc":{"start":{"line":957,"column":0},"end":{"line":963,"column":0}}},"18":{"name":"setApproveForAll","line":978,"loc":{"start":{"line":978,"column":0},"end":{"line":986,"column":0}}},"19":{"name":"transferFrom","line":1005,"loc":{"start":{"line":1005,"column":0},"end":{"line":1017,"column":0}}},"20":{"name":"tokenURI","line":1025,"loc":{"start":{"line":1025,"column":0},"end":{"line":1027,"column":0}}},"21":{"name":"uinttoint","line":1029,"loc":{"start":{"line":1029,"column":0},"end":{"line":1031,"column":2}}},"22":{"name":"inttouint","line":1033,"loc":{"start":{"line":1033,"column":2},"end":{"line":1035,"column":2}}},"23":{"name":"memcpy","line":1042,"loc":{"start":{"line":1042,"column":5},"end":{"line":1059,"column":4}}},"24":{"name":"toSlice","line":1061,"loc":{"start":{"line":1061,"column":3},"end":{"line":1067,"column":4}}},"25":{"name":"concat","line":1070,"loc":{"start":{"line":1070,"column":2},"end":{"line":1079,"column":4}}},"26":{"name":"burn","line":1106,"loc":{"start":{"line":1106,"column":0},"end":{"line":1121,"column":0}}},"27":{"name":"create_boost","line":1218,"loc":{"start":{"line":1218,"column":0},"end":{"line":1294,"column":0}}},"28":{"name":"extend_boost","line":1380,"loc":{"start":{"line":1380,"column":0},"end":{"line":1464,"column":0}}},"29":{"name":"cancel_boost","line":1479,"loc":{"start":{"line":1479,"column":0},"end":{"line":1487,"column":0}}},"30":{"name":"batch_cancel_boosts","line":1507,"loc":{"start":{"line":1507,"column":0},"end":{"line":1522,"column":0}}},"31":{"name":"set_delegation_status","line":1539,"loc":{"start":{"line":1539,"column":0},"end":{"line":1549,"column":0}}},"32":{"name":"batch_set_delegation_status","line":1572,"loc":{"start":{"line":1572,"column":0},"end":{"line":1589,"column":0}}},"33":{"name":"adjusted_balance_of","line":1643,"loc":{"start":{"line":1643,"column":0},"end":{"line":1693,"column":0}}},"34":{"name":"delegated_boost","line":1710,"loc":{"start":{"line":1710,"column":0},"end":{"line":1719,"column":0}}},"35":{"name":"received_boost","line":1735,"loc":{"start":{"line":1735,"column":0},"end":{"line":1743,"column":0}}},"36":{"name":"max","line":1745,"loc":{"start":{"line":1745,"column":0},"end":{"line":1751,"column":0}}},"37":{"name":"max","line":1753,"loc":{"start":{"line":1753,"column":0},"end":{"line":1759,"column":0}}},"38":{"name":"abs","line":1761,"loc":{"start":{"line":1761,"column":0},"end":{"line":1767,"column":0}}},"39":{"name":"token_boost","line":1783,"loc":{"start":{"line":1783,"column":0},"end":{"line":1791,"column":0}}},"40":{"name":"token_expiry","line":1805,"loc":{"start":{"line":1805,"column":0},"end":{"line":1811,"column":0}}},"41":{"name":"token_cancel_time","line":1826,"loc":{"start":{"line":1826,"column":0},"end":{"line":1833,"column":0}}},"42":{"name":"calc_boost_bias_slope","line":1888,"loc":{"start":{"line":1888,"column":0},"end":{"line":1937,"column":0}}},"43":{"name":"get_token_id","line":1951,"loc":{"start":{"line":1951,"column":0},"end":{"line":1957,"column":0}}},"44":{"name":"commit_transfer_ownership","line":1969,"loc":{"start":{"line":1969,"column":0},"end":{"line":1974,"column":0}}},"45":{"name":"accept_transfer_ownership","line":1985,"loc":{"start":{"line":1985,"column":0},"end":{"line":1990,"column":0}}},"46":{"name":"set_base_uri","line":1998,"loc":{"start":{"line":1998,"column":0},"end":{"line":2003,"column":0}}},"47":{"name":"shift","line":2005,"loc":{"start":{"line":2005,"column":0},"end":{"line":2014,"column":0}}},"48":{"name":"shift","line":2016,"loc":{"start":{"line":2016,"column":0},"end":{"line":2025,"column":0}}},"49":{"name":"_uint_to_string","line":2027,"loc":{"start":{"line":2027,"column":0},"end":{"line":2047,"column":0}}}},"statementMap":{"1":{"start":{"line":284,"column":4},"end":{"line":284,"column":15}},"2":{"start":{"line":285,"column":4},"end":{"line":285,"column":19}},"3":{"start":{"line":286,"column":4},"end":{"line":286,"column":23}},"4":{"start":{"line":288,"column":4},"end":{"line":288,"column":21}},"5":{"start":{"line":298,"column":4},"end":{"line":298,"column":37}},"6":{"start":{"line":299,"column":4},"end":{"line":299,"column":47}},"7":{"start":{"line":314,"column":4},"end":{"line":314,"column":38}},"8":{"start":{"line":315,"column":4},"end":{"line":315,"column":9043}},"9":{"start":{"line":407,"column":8},"end":{"line":407,"column":71}},"10":{"start":{"line":408,"column":8},"end":{"line":408,"column":64}},"11":{"start":{"line":409,"column":8},"end":{"line":409,"column":52}},"12":{"start":{"line":410,"column":8},"end":{"line":410,"column":55}},"13":{"start":{"line":411,"column":8},"end":{"line":411,"column":74}},"14":{"start":{"line":414,"column":8},"end":{"line":414,"column":14628}},"15":{"start":{"line":416,"column":12},"end":{"line":416,"column":37}},"16":{"start":{"line":417,"column":12},"end":{"line":417,"column":35}},"17":{"start":{"line":418,"column":12},"end":{"line":418,"column":61}},"18":{"start":{"line":420,"column":12},"end":{"line":420,"column":50}},"19":{"start":{"line":422,"column":12},"end":{"line":422,"column":47}},"20":{"start":{"line":423,"column":12},"end":{"line":423,"column":58}},"21":{"start":{"line":424,"column":12},"end":{"line":424,"column":59}},"22":{"start":{"line":429,"column":12},"end":{"line":429,"column":97}},"23":{"start":{"line":430,"column":12},"end":{"line":430,"column":76}},"24":{"start":{"line":431,"column":12},"end":{"line":431,"column":54}},"25":{"start":{"line":433,"column":15},"end":{"line":433,"column":15633}},"26":{"start":{"line":436,"column":12},"end":{"line":436,"column":51}},"27":{"start":{"line":437,"column":12},"end":{"line":437,"column":55}},"28":{"start":{"line":438,"column":12},"end":{"line":438,"column":68}},"29":{"start":{"line":440,"column":12},"end":{"line":440,"column":16005}},"30":{"start":{"line":442,"column":16},"end":{"line":442,"column":75}},"31":{"start":{"line":443,"column":16},"end":{"line":443,"column":88}},"32":{"start":{"line":445,"column":16},"end":{"line":445,"column":117}},"33":{"start":{"line":446,"column":16},"end":{"line":446,"column":59}},"34":{"start":{"line":449,"column":12},"end":{"line":449,"column":46}},"35":{"start":{"line":451,"column":12},"end":{"line":451,"column":16652}},"36":{"start":{"line":453,"column":16},"end":{"line":453,"column":87}},"37":{"start":{"line":454,"column":16},"end":{"line":454,"column":86}},"38":{"start":{"line":456,"column":16},"end":{"line":456,"column":112}},"39":{"start":{"line":457,"column":16},"end":{"line":457,"column":71}},"40":{"start":{"line":459,"column":12},"end":{"line":459,"column":59}},"41":{"start":{"line":460,"column":12},"end":{"line":460,"column":47}},"42":{"start":{"line":462,"column":12},"end":{"line":462,"column":17358}},"43":{"start":{"line":463,"column":16},"end":{"line":463,"column":105}},"44":{"start":{"line":464,"column":16},"end":{"line":464,"column":93}},"45":{"start":{"line":466,"column":16},"end":{"line":466,"column":125}},"46":{"start":{"line":467,"column":16},"end":{"line":467,"column":91}},"47":{"start":{"line":469,"column":12},"end":{"line":469,"column":73}},"48":{"start":{"line":470,"column":12},"end":{"line":470,"column":44}},"49":{"start":{"line":471,"column":12},"end":{"line":471,"column":55}},"50":{"start":{"line":477,"column":12},"end":{"line":477,"column":54}},"51":{"start":{"line":479,"column":12},"end":{"line":479,"column":18322}},"52":{"start":{"line":481,"column":16},"end":{"line":481,"column":86}},"53":{"start":{"line":482,"column":16},"end":{"line":482,"column":86}},"54":{"start":{"line":484,"column":16},"end":{"line":484,"column":112}},"55":{"start":{"line":485,"column":16},"end":{"line":485,"column":71}},"56":{"start":{"line":487,"column":12},"end":{"line":487,"column":58}},"57":{"start":{"line":490,"column":12},"end":{"line":490,"column":37}},"58":{"start":{"line":491,"column":12},"end":{"line":491,"column":58}},"59":{"start":{"line":492,"column":12},"end":{"line":492,"column":80}},"60":{"start":{"line":515,"column":4},"end":{"line":515,"column":38}},"61":{"start":{"line":517,"column":4},"end":{"line":517,"column":43}},"62":{"start":{"line":519,"column":4},"end":{"line":519,"column":24}},"63":{"start":{"line":520,"column":4},"end":{"line":520,"column":36}},"64":{"start":{"line":521,"column":4},"end":{"line":521,"column":19}},"65":{"start":{"line":523,"column":4},"end":{"line":523,"column":59}},"66":{"start":{"line":525,"column":4},"end":{"line":525,"column":49}},"67":{"start":{"line":543,"column":4},"end":{"line":543,"column":69}},"68":{"start":{"line":544,"column":4},"end":{"line":544,"column":62}},"69":{"start":{"line":546,"column":4},"end":{"line":546,"column":57}},"70":{"start":{"line":548,"column":4},"end":{"line":548,"column":22}},"71":{"start":{"line":549,"column":4},"end":{"line":549,"column":27}},"72":{"start":{"line":550,"column":4},"end":{"line":550,"column":19}},"73":{"start":{"line":552,"column":4},"end":{"line":552,"column":47}},"74":{"start":{"line":575,"column":4},"end":{"line":575,"column":136}},"75":{"start":{"line":577,"column":4},"end":{"line":577,"column":82}},"76":{"start":{"line":578,"column":4},"end":{"line":578,"column":38}},"
[...]
8},"end":{"line":1587,"column":75}},"253":{"start":{"line":1647,"column":4},"end":{"line":1647,"column":64}},"254":{"start":{"line":1648,"column":4},"end":{"line":1648,"column":71767}},"255":{"start":{"line":1653,"column":8},"end":{"line":1653,"column":16}},"256":{"start":{"line":1656,"column":4},"end":{"line":1656,"column":78}},"257":{"start":{"line":1658,"column":4},"end":{"line":1658,"column":40}},"258":{"start":{"line":1659,"column":4},"end":{"line":1659,"column":44}},"259":{"start":{"line":1661,"column":4},"end":{"line":1661,"column":72238}},"260":{"start":{"line":1662,"column":8},"end":{"line":1662,"column":70}},"261":{"start":{"line":1669,"column":8},"end":{"line":1669,"column":65}},"262":{"start":{"line":1672,"column":4},"end":{"line":1672,"column":72745}},"263":{"start":{"line":1673,"column":8},"end":{"line":1673,"column":69}},"264":{"start":{"line":1681,"column":8},"end":{"line":1681,"column":70}},"265":{"start":{"line":1691,"column":4},"end":{"line":1691,"column":46}},"266":{"start":{"line":1716,"column":4},"end":{"line":1716,"column":76}},"267":{"start":{"line":1717,"column":4},"end":{"line":1717,"column":44}},"268":{"start":{"line":1718,"column":4},"end":{"line":1718,"column":60}},"269":{"start":{"line":1740,"column":4},"end":{"line":1740,"column":75}},"270":{"start":{"line":1741,"column":4},"end":{"line":1741,"column":44}},"271":{"start":{"line":1742,"column":4},"end":{"line":1742,"column":63}},"272":{"start":{"line":1746,"column":4},"end":{"line":1746,"column":76205}},"273":{"start":{"line":1747,"column":8},"end":{"line":1747,"column":16}},"274":{"start":{"line":1749,"column":8},"end":{"line":1749,"column":16}},"275":{"start":{"line":1754,"column":4},"end":{"line":1754,"column":76346}},"276":{"start":{"line":1755,"column":8},"end":{"line":1755,"column":16}},"277":{"start":{"line":1757,"column":8},"end":{"line":1757,"column":16}},"278":{"start":{"line":1762,"column":4},"end":{"line":1762,"column":76477}},"279":{"start":{"line":1763,"column":8},"end":{"line":1763,"column":17}},"280":{"start":{"line":1765,"column":8},"end":{"line":1765,"column":16}},"281":{"start":{"line":1788,"column":4},"end":{"line":1788,"column":79}},"282":{"start":{"line":1789,"column":4},"end":{"line":1789,"column":44}},"283":{"start":{"line":1790,"column":4},"end":{"line":1790,"column":44}},"284":{"start":{"line":1810,"column":4},"end":{"line":1810,"column":46}},"285":{"start":{"line":1832,"column":4},"end":{"line":1832,"column":51}},"286":{"start":{"line":1906,"column":4},"end":{"line":1906,"column":44}},"287":{"start":{"line":1907,"column":4},"end":{"line":1907,"column":64}},"288":{"start":{"line":1908,"column":4},"end":{"line":1908,"column":94}},"289":{"start":{"line":1909,"column":4},"end":{"line":1909,"column":78}},"290":{"start":{"line":1911,"column":4},"end":{"line":1911,"column":77}},"291":{"start":{"line":1912,"column":4},"end":{"line":1912,"column":62}},"292":{"start":{"line":1914,"column":4},"end":{"line":1914,"column":47}},"293":{"start":{"line":1916,"column":4},"end":{"line":1916,"column":82941}},"294":{"start":{"line":1919,"column":8},"end":{"line":1919,"column":51}},"295":{"start":{"line":1922,"column":4},"end":{"line":1922,"column":56}},"296":{"start":{"line":1924,"column":4},"end":{"line":1924,"column":62}},"297":{"start":{"line":1925,"column":4},"end":{"line":1925,"column":63}},"298":{"start":{"line":1927,"column":4},"end":{"line":1927,"column":120}},"299":{"start":{"line":1928,"column":4},"end":{"line":1928,"column":29}},"300":{"start":{"line":1930,"column":4},"end":{"line":1930,"column":45}},"301":{"start":{"line":1931,"column":4},"end":{"line":1931,"column":38}},"302":{"start":{"line":1933,"column":4},"end":{"line":1933,"column":34}},"303":{"start":{"line":1935,"column":4},"end":{"line":1935,"column":29}},"304":{"start":{"line":1955,"column":4},"end":{"line":1955,"column":40}},"305":{"start":{"line":1956,"column":4},"end":{"line":1956,"column":56}},"306":{"start":{"line":1972,"column":4},"end":{"line":1972,"column":45}},"307":{"start":{"line":1973,"column":4},"end":{"line":1973,"column":23}},"308":{"start":{"line":1988,"column":4},"end":{"line":1988,"column":59}},"309":{"start":{"line":1989,"column":4},"end":{"line":1989,"column":23}},"310":{"start":{"line":2001,"column":4},"end":{"line":2001,"column":45}},"311":{"start":{"line":2002,"column":4},"end":{"line":2002,"column":23}},"312":{"start":{"line":2009,"column":4},"end":{"line":2009,"column":86216}},"313":{"start":{"line":2010,"column":8},"end":{"line":2010,"column":53}},"314":{"start":{"line":2012,"column":8},"end":{"line":2012,"column":53}},"315":{"start":{"line":2020,"column":4},"end":{"line":2020,"column":86574}},"316":{"start":{"line":2021,"column":8},"end":{"line":2021,"column":62}},"317":{"start":{"line":2023,"column":8},"end":{"line":2023,"column":62}},"318":{"start":{"line":2028,"column":5},"end":{"line":2028,"column":86824}},"319":{"start":{"line":2029,"column":12},"end":{"line":2029,"column":22}},"320":{"start":{"line":2031,"column":8},"end":{"line":2031,"column":19}},"321":{"start":{"line":2032,"column":8},"end":{"line":2032,"column":16}},"322":{"start":{"line":2033,"column":8},"end":{"line":2033,"column":86920}},"323":{"start":{"line":2035,"column":12},"end":{"line":2035,"column":18}},"324":{"start":{"line":2037,"column":8},"end":{"line":2037,"column":42}},"325":{"start":{"line":2038,"column":8},"end":{"line":2038,"column":20}},"326":{"start":{"line":2039,"column":8},"end":{"line":2039,"column":87061}},"327":{"start":{"line":2040,"column":12},"end":{"line":2040,"column":18}},"328":{"start":{"line":2041,"column":12},"end":{"line":2041,"column":56}},"329":{"start":{"line":2042,"column":12},"end":{"line":2042,"column":36}},"330":{"start":{"line":2043,"column":12},"end":{"line":2043,"column":23}},"331":{"start":{"line":2044,"column":12},"end":{"line":2044,"column":19}},"332":{"start":{"line":2046,"column":8},"end":{"line":2046,"column":27}}},"branchMap":{"1":{"line":414,"type":"if","locations":[{"start":{"line":414,"column":8},"end":{"line":414,"column":8}},{"start":{"line":414,"column":8},"end":{"line":414,"column":8}}]},"2":{"line":433,"type":"if","locations":[{"start":{"line":433,"column":15},"end":{"line":433,"column":15}},{"start":{"line":433,"column":15},"end":{"line":433,"column":15}}]},"3":{"line":440,"type":"if","locations":[{"start":{"line":440,"column":12},"end":{"line":440,"column":12}},{"start":{"line":440,"column":12},"end":{"line":440,"column":12}}]},"4":{"line":451,"type":"if","locations":[{"start":{"line":451,"column":12},"end":{"line":451,"column":12}},{"start":{"line":451,"column":12},"end":{"line":451,"column":12}}]},"5":{"line":462,"type":"if","locations":[{"start":{"line":462,"column":12},"end":{"line":462,"column":12}},{"start":{"line":462,"column":12},"end":{"line":462,"column":12}}]},"6":{"line":479,"type":"if","locations":[{"start":{"line":479,"column":12},"end":{"line":479,"column":12}},{"start":{"line":479,"column":12},"end":{"line":479,"column":12}}]},"7":{"line":543,"type":"if","locations":[{"start":{"line":543,"column":4},"end":{"line":543,"column":4}},{"start":{"line":543,"column":4},"end":{"line":543,"column":4}}]},"8":{"line":544,"type":"if","locations":[{"start":{"line":544,"column":4},"end":{"line":544,"column":4}},{"start":{"line":544,"column":4},"end":{"line":544,"column":4}}]},"9":{"line":575,"type":"if","locations":[{"start":{"line":575,"column":4},"end":{"line":575,"column":4}},{"start":{"line":575,"column":4},"end":{"line":575,"column":4}}]},"10":{"line":636,"type":"if","locations":[{"start":{"line":636,"column":4},"end":{"line":636,"column":4}},{"start":{"line":636,"column":4},"end":{"line":636,"column":4}}]},"11":{"line":655,"type":"if","locations":[{"start":{"line":655,"column":4},"end":{"line":655,"column":4}},{"start":{"line":655,"column":4},"end":{"line":655,"column":4}}]},"12":{"line":665,"type":"if","locations":[{"start":{"line":665,"column":12},"end":{"line":665,"column":12}},{"start":{"line":665,"column":12},"end":{"line":665,"column":12}}]},"13":{"line":669,"type":"if","locations":[{"start":{"line":669,"column":12},"end":{"line":669,"column":12}},{"start":{"line":669,"column":12},"end":{"line":669,"column":12}}]},"14":{"line":674,"type":"if","locations":[{"start":{"line":674,"column":11},"end":{"line":674,"column":11}},{"start":{"line":674,"column":11},"end":{"line":674,"column":11}}]},"15":{"line":756,"type":"if","locations":[{"start":{"line":756,"column":4},"end":{"line":756,"column":4}},{"start":{"line":756,"column":4},"end":{"line":756,"column":4}}]},"16":{"line":757,"type":"if","locations":[{"start":{"line":757,"column":4},"end":{"line":757,"column":4}},{"start":{"line":757,"column":4},"end":{"line":757,"column":4}}]},"17":{"line":762,"type":"if","locations":[{"start":{"line":762,"column":4},"end":{"line":762,"column":4}},{"start":{"line":762,"column":4},"end":{"line":762,"column":4}}]},"18":{"line":776,"type":"if","locations":[{"start":{"line":776,"column":4},"end":{"line":776,"column":4}},{"start":{"line":776,"column":4},"end":{"line":776,"column":4}}]},"19":{"line":814,"type":"if","locations":[{"start":{"line":814,"column":4},"end":{"line":814,"column":4}},{"start":{"line":814,"column":4},"end":{"line":814,"column":4}}]},"20":{"line":822,"type":"if","locations":[{"start":{"line":822,"column":4},"end":{"line":822,"column":4}},{"start":{"line":822,"column":4},"end":{"line":822,"column":4}}]},"21":{"line":897,"type":"if","locations":[{"start":{"line":897,"column":4},"end":{"line":897,"column":4}},{"start":{"line":897,"column":4},"end":{"line":897,"column":4}}]},"22":{"line":942,"type":"if","locations":[{"start":{"line":942,"column":4},"end":{"line":942,"column":4}},{"start":{"line":942,"column":4},"end":{"line":942,"column":4}}]},"23":{"line":945,"type":"if","locations":[{"start":{"line":945,"column":4},"end":{"line":945,"column":4}},{"start":{"line":945,"column":4},"end":{"line":945,"column":4}}]},"24":{"line":953,"type":"if","locations":[{"start":{"line":953,"column":8},"end":{"line":953,"column":8}},{"start":{"line":953,"column":8},"end":{"line":953,"column":8}}]},"25":{"line":1015,"type":"if","locations":[{"start":{"line":1015,"column":4},"end":{"line":1015,"column":4}},{"start":{"line":1015,"column":4},"end":{"line":1015,"column":4}}]},"26":{"line":1111,"type":"if","locations":[{"start":{"line":1111,"column":4},"end":{"line":1111,"column":4}},{"start":{"line":1111,"column":4},"end":{"line":1111,"column":4}}]},"27":{"line":1113,"type":"if","locations":[{"start":{"line":1113,"column":4},"end":{"line":1113,"column":4}},{"start":{"line":1113,"column":4},"end":{"line":1113,"column":4}}]},"28":{"line":1241,"type":"if","locations":[{"start":{"line":1241,"column":4},"end":{"line":1241,"column":4}},{"start":{"line":1241,"column":4},"end":{"line":1241,"column":4}}]},"29":{"line":1242,"type":"if","locations":[{"start":{"line":1242,"column":4},"end":{"line":1242,"column":4}},{"start":{"line":1242,"column":4},"end":{"line":1242,"column":4}}]},"30":{"line":1248,"type":"if","locations":[{"start":{"line":1248,"column":4},"end":{"line":1248,"column":4}},{"start":{"line":1248,"column":4},"end":{"line":1248,"column":4}}]},"31":{"line":1252,"type":"if","locations":[{"start":{"line":1252,"column":4},"end":{"line":1252,"column":4}},{"start":{"line":1252,"column":4},"end":{"line":1252,"column":4}}]},"32":{"line":1253,"type":"if","locations":[{"start":{"line":1253,"column":4},"end":{"line":1253,"column":4}},{"start":{"line":1253,"column":4},"end":{"line":1253,"column":4}}]},"33":{"line":1254,"type":"if","locations":[{"start":{"line":1254,"column":4},"end":{"line":1254,"column":4}},{"start":{"line":1254,"column":4},"end":{"line":1254,"column":4}}]},"34":{"line":1255,"type":"if","locations":[{"start":{"line":1255,"column":4},"end":{"line":1255,"column":4}},{"start":{"line":1255,"column":4},"end":{"line":1255,"column":4}}]},"35":{"line":1257,"type":"if","locations":[{"start":{"line":1257,"column":4},"end":{"line":1257,"column":4}},{"start":{"line":1257,"column":4},"end":{"line":1257,"column":4}}]},"36":{"line":1258,"type":"if","locations":[{"start":{"line":1258,"column":4},"end":{"line":1258,"column":4}},{"start":{"line":1258,"column":4},"end":{"line":1258,"column":4}}]},"37":{"line":1259,"type":"if","locations":[{"start":{"line":1259,"column":4},"end":{"line":1259,"column":4}},{"start":{"line":1259,"column":4},"end":{"line":1259,"column":4}}]},"38":{"line":1275,"type":"if","locations":[{"start":{"line":1275,"column":4},"end":{"line":1275,"column":4}},{"start":{"line":1275,"column":4},"end":{"line":1275,"column":4}}]},"39":{"line":1278,"type":"if","locations":[{"start":{"line":1278,"column":4},"end":{"line":1278,"column":4}},{"start":{"line":1278,"column":4},"end":{"line":1278,"column":4}}]},"40":{"line":1284,"type":"if","locations":[{"start":{"line":1284,"column":4},"end":{"line":1284,"column":4}},{"start":{"line":1284,"column":4},"end":{"line":1284,"column":4}}]},"41":{"line":1396,"type":"if","locations":[{"start":{"line":1396,"column":4},"end":{"line":1396,"column":4}},{"start":{"line":1396,"column":4},"end":{"line":1396,"column":4}}]},"42":{"line":1397,"type":"if","locations":[{"start":{"line":1397,"column":4},"end":{"line":1397,"column":4}},{"start":{"line":1397,"column":4},"end":{"line":1397,"column":4}}]},"43":{"line":1398,"type":"if","locations":[{"start":{"line":1398,"column":4},"end":{"line":1398,"column":4}},{"start":{"line":1398,"column":4},"end":{"line":1398,"column":4}}]},"44":{"line":1399,"type":"if","locations":[{"start":{"line":1399,"column":4},"end":{"line":1399,"column":4}},{"start":{"line":1399,"column":4},"end":{"line":1399,"column":4}}]},"45":{"line":1406,"type":"if","locations":[{"start":{"line":1406,"column":4},"end":{"line":1406,"column":4}},{"start":{"line":1406,"column":4},"end":{"line":1406,"column":4}}]},"46":{"line":1407,"type":"if","locations":[{"start":{"line":1407,"column":4},"end":{"line":1407,"column":4}},{"start":{"line":1407,"column":4},"end":{"line":1407,"column":4}}]},"47":{"line":1408,"type":"if","locations":[{"start":{"line":1408,"column":4},"end":{"line":1408,"column":4}},{"start":{"line":1408,"column":4},"end":{"line":1408,"column":4}}]},"48":{"line":1417,"type":"if","locations":[{"start":{"line":1417,"column":4},"end":{"line":1417,"column":4}},{"start":{"line":1417,"column":4},"end":{"line":1417,"column":4}}]},"49":{"line":1421,"type":"if","locations":[{"start":{"line":1421,"column":4},"end":{"line":1421,"column":4}},{"start":{"line":1421,"column":4},"end":{"line":1421,"column":4}}]},"50":{"line":1429,"type":"if","locations":[{"start":{"line":1429,"column":4},"end":{"line":1429,"column":4}},{"start":{"line":1429,"column":4},"end":{"line":1429,"column":4}}]},"51":{"line":1433,"type":"if","locations":[{"start":{"line":1433,"column":4},"end":{"line":1433,"column":4}},{"start":{"line":1433,"column":4},"end":{"line":1433,"column":4}}]},"52":{"line":1446,"type":"if","locations":[{"start":{"line":1446,"column":4},"end":{"line":1446,"column":4}},{"start":{"line":1446,"column":4},"end":{"line":1446,"column":4}}]},"53":{"line":1447,"type":"if","locations":[{"start":{"line":1447,"column":4},"end":{"line":1447,"column":4}},{"start":{"line":1447,"column":4},"end":{"line":1447,"column":4}}]},"54":{"line":1450,"type":"if","locations":[{"start":{"line":1450,"column":4},"end":{"line":1450,"column":4}},{"start":{"line":1450,"column":4},"end":{"line":1450,"column":4}}]},"55":{"line":1455,"type":"if","locations":[{"start":{"line":1455,"column":4},"end":{"line":1455,"column":4}},{"start":{"line":1455,"column":4},"end":{"line":1455,"column":4}}]},"56":{"line":1517,"type":"if","locations":[{"start":{"line":1517,"column":8},"end":{"line":1517,"column":8}},{"start":{"line":1517,"column":8},"end":{"line":1517,"column":8}}]},"57":{"line":1547,"type":"if","locations":[{"start":{"line":1547,"column":4},"end":{"line":1547,"column":4}},{"start":{"line":1547,"column":4},"end":{"line":1547,"column":4}}]},"58":{"line":1581,"type":"if","locations":[{"start":{"line":1581,"column":4},"end":{"line":1581,"column":4}},{"start":{"line":1581,"column":4},"end":{"line":1581,"column":4}}]},"59":{"line":1584,"type":"if","locations":[{"start":{"line":1584,"column":8},"end":{"line":1584,"column":8}},{"start":{"line":1584,"column":8},"end":{"line":1584,"column":8}}]},"60":{"line":1648,"type":"if","locations":[{"start":{"line":1648,"column":4},"end":{"line":1648,"column":4}},{"start":{"line":1648,"column":4},"end":{"line":1648,"column":4}}]},"61":{"line":1661,"type":"if","locations":[{"start":{"line":1661,"column":4},"end":{"line":1661,"column":4}},{"start":{"line":1661,"column":4},"end":{"line":1661,"column":4}}]},"62":{"line":1672,"type":"if","locations":[{"start":{"line":1672,"column":4},"end":{"line":1672,"column":4}},{"start":{"line":1672,"column":4},"end":{"line":1672,"column":4}}]},"63":{"line":1746,"type":"if","locations":[{"start":{"line":1746,"column":4},"end":{"line":1746,"column":4}},{"start":{"line":1746,"column":4},"end":{"line":1746,"column":4}}]},"64":{"line":1754,"type":"if","locations":[{"start":{"line":1754,"column":4},"end":{"line":1754,"column":4}},{"start":{"line":1754,"column":4},"end":{"line":1754,"column":4}}]},"65":{"line":1762,"type":"if","locations":[{"start":{"line":1762,"column":4},"end":{"line":1762,"column":4}},{"start":{"line":1762,"column":4},"end":{"line":1762,"column":4}}]},"66":{"line":1907,"type":"if","locations":[{"start":{"line":1907,"column":4},"end":{"line":1907,"column":4}},{"start":{"line":1907,"column":4},"end":{"line":1907,"column":4}}]},"67":{"line":1908,"type":"if","locations":[{"start":{"line":1908,"column":4},"end":{"line":1908,"column":4}},{"start":{"line":1908,"column":4},"end":{"line":1908,"column":4}}]},"68":{"line":1909,"type":"if","locations":[{"start":{"line":1909,"column":4},"end":{"line":1909,"column":4}},{"start":{"line":1909,"column":4},"end":{"line":1909,"column":4}}]},"69":{"line":1912,"type":"if","locations":[{"start":{"line":1912,"column":4},"end":{"line":1912,"column":4}},{"start":{"line":1912,"column":4},"end":{"line":1912,"column":4}}]},"70":{"line":1916,"type":"if","locations":[{"start":{"line":1916,"column":4},"end":{"line":1916,"column":4}},{"start":{"line":1916,"column":4},"end":{"line":1916,"column":4}}]},"71":{"line":1925,"type":"if","locations":[{"start":{"line":1925,"column":4},"end":{"line":1925,"column":4}},{"start":{"line":1925,"column":4},"end":{"line":1925,"column":4}}]},"72":{"line":1928,"type":"if","locations":[{"start":{"line":1928,"column":4},"end":{"line":1928,"column":4}},{"start":{"line":1928,"column":4},"end":{"line":1928,"column":4}}]},"73":{"line":1931,"type":"if","locations":[{"start":{"line":1931,"column":4},"end":{"line":1931,"column":4}},{"start":{"line":1931,"column":4},"end":{"line":1931,"column":4}}]},"74":{"line":1955,"type":"if","locations":[{"start":{"line":1955,"column":4},"end":{"line":1955,"column":4}},{"start":{"line":1955,"column":4},"end":{"line":1955,"column":4}}]},"75":{"line":1972,"type":"if","locations":[{"start":{"line":1972,"column":4},"end":{"line":1972,"column":4}},{"start":{"line":1972,"column":4},"end":{"line":1972,"column":4}}]},"76":{"line":1988,"type":"if","locations":[{"start":{"line":1988,"column":4},"end":{"line":1988,"column":4}},{"start":{"line":1988,"column":4},"end":{"line":1988,"column":4}}]},"77":{"line":2001,"type":"if","locations":[{"start":{"line":2001,"column":4},"end":{"line":2001,"column":4}},{"start":{"line":2001,"column":4},"end":{"line":2001,"column":4}}]},"78":{"line":2009,"type":"if","locations":[{"start":{"line":2009,"column":4},"end":{"line":2009,"column":4}},{"start":{"line":2009,"column":4},"end":{"line":2009,"column":4}}]},"79":{"line":2020,"type":"if","locations":[{"start":{"line":2020,"column":4},"end":{"line":2020,"column":4}},{"start":{"line":2020,"column":4},"end":{"line":2020,"column":4}}]},"80":{"line":2028,"type":"if","locations":[{"start":{"line":2028,"column":5},"end":{"line":2028,"column":5}},{"start":{"line":2028,"column":5},"end":{"line":2028,"column":5}}]}}}}
