TN:
SF:/Users/akash/acads/3-2/DAO/contracts/Delegation.sol
FN:46,getOwnershipAdmin
FN:50,getEmergencyAdmin
FN:54,getDelegation
FN:59,__init__
FN:70,adjusted_balance_of
FN:82,kill_delegation
FN:91,set_delegation
FN:103,commit_set_admins
FN:113,apply_set_admins
FNF:9
FNH:0
FNDA:0,getOwnershipAdmin
FNDA:0,getEmergencyAdmin
FNDA:0,getDelegation
FNDA:0,__init__
FNDA:0,adjusted_balance_of
FNDA:0,kill_delegation
FNDA:0,set_delegation
FNDA:0,commit_set_admins
FNDA:0,apply_set_admins
DA:47,0
DA:51,0
DA:55,0
DA:60,0
DA:62,0
DA:63,0
DA:65,0
DA:71,0
DA:73,0
DA:74,0
DA:77,0
DA:84,0
DA:86,0
DA:87,0
DA:92,0
DA:97,0
DA:98,0
DA:104,0
DA:106,0
DA:107,0
DA:109,0
DA:114,0
DA:115,0
DA:117,0
DA:119,0
DA:120,0
DA:122,0
LF:27
LH:0
BRDA:73,1,0,0
BRDA:73,1,1,0
BRDA:84,2,0,0
BRDA:84,2,1,0
BRDA:92,3,0,0
BRDA:92,3,1,0
BRDA:104,4,0,0
BRDA:104,4,1,0
BRDA:117,5,0,0
BRDA:117,5,1,0
BRF:10
BRH:0
end_of_record
TN:
SF:/Users/akash/acads/3-2/DAO/contracts/ERC20CRV.sol
FN:61,constructor
FN:84,name
FN:89,symbol
FN:93,decimals
FN:97,totalSupply
FN:101,balanceOf
FN:105,get_admin
FN:109,get_minter
FN:113,get_block_timestamp
FN:117,_update_mining_parameters
FN:140,totalSupplyAt
FN:152,update_mining_parameters
FN:160,start_epoch_time_write
FN:172,future_epoch_time_write
FN:184,_available_supply
FN:188,available_supply
FN:195,mintable_in_timeframe
FN:242,set_minter
FN:252,set_admin
FN:261,allowance
FN:269,transfer
FN:287,transferFrom
FN:304,approve
FN:318,uinttoint
FN:322,inttouint
FN:326,mint
FN:344,burn
FN:360,set_name
FNF:28
FNH:1
FNDA:3,constructor
FNDA:0,name
FNDA:0,symbol
FNDA:0,decimals
FNDA:0,totalSupply
FNDA:0,balanceOf
FNDA:0,get_admin
FNDA:0,get_minter
FNDA:0,get_block_timestamp
FNDA:0,_update_mining_parameters
FNDA:0,totalSupplyAt
FNDA:0,update_mining_parameters
FNDA:0,start_epoch_time_write
FNDA:0,future_epoch_time_write
FNDA:0,_available_supply
FNDA:0,available_supply
FNDA:0,mintable_in_timeframe
FNDA:0,set_minter
FNDA:0,set_admin
FNDA:0,allowance
FNDA:0,transfer
FNDA:0,transferFrom
FNDA:0,approve
FNDA:0,uinttoint
FNDA:0,inttouint
FNDA:0,mint
FNDA:0,burn
FNDA:0,set_name
DA:68,3
DA:69,3
DA:70,3
DA:71,3
DA:72,3
DA:73,3
DA:74,3
DA:75,3
DA:77,3
DA:78,3
DA:79,3
DA:80,3
DA:86,0
DA:90,0
DA:94,0
DA:98,0
DA:102,0
DA:106,0
DA:110,0
DA:114,0
DA:121,0
DA:122,0
DA:124,0
DA:125,0
DA:127,0
DA:128,0
DA:130,0
DA:131,0
DA:132,0
DA:135,0
DA:137,0
DA:141,0
DA:142,0
DA:143,0
DA:144,0
DA:146,0
DA:149,0
DA:156,0
DA:157,0
DA:164,0
DA:165,0
DA:166,0
DA:168,0
DA:176,0
DA:177,0
DA:178,0
DA:180,0
DA:185,0
DA:191,0
DA:200,0
DA:201,0
DA:202,0
DA:203,0
DA:206,0
DA:207,0
DA:208,0
DA:211,0
DA:213,0
DA:214,0
DA:215,0
DA:216,0
DA:217,0
DA:220,0
DA:221,0
DA:222,0
DA:224,0
DA:227,0
DA:229,0
DA:230,0
DA:234,0
DA:235,0
DA:236,0
DA:239,0
DA:246,0
DA:247,0
DA:248,0
DA:249,0
DA:256,0
DA:257,0
DA:258,0
DA:266,0
DA:276,0
DA:277,0
DA:279,0
DA:280,0
DA:281,0
DA:283,0
DA:284,0
DA:293,0
DA:294,0
DA:295,0
DA:296,0
DA:297,0
DA:298,0
DA:299,0
DA:300,0
DA:301,0
DA:312,0
DA:313,0
DA:314,0
DA:315,0
DA:319,0
DA:323,0
DA:332,0
DA:333,0
DA:334,0
DA:335,0
DA:336,0
DA:337,0
DA:338,0
DA:339,0
DA:340,0
DA:341,0
DA:349,0
DA:350,0
DA:351,0
DA:352,0
DA:353,0
DA:354,0
DA:355,0
DA:356,0
DA:357,0
DA:365,0
DA:366,0
DA:367,0
LF:125
LH:12
BRDA:127,1,0,0
BRDA:127,1,1,0
BRDA:143,2,0,0
BRDA:143,2,1,0
BRDA:156,3,0,0
BRDA:156,3,1,0
BRDA:164,4,0,0
BRDA:164,4,1,0
BRDA:176,5,0,0
BRDA:176,5,1,0
BRDA:200,6,0,0
BRDA:200,6,1,0
BRDA:206,7,0,0
BRDA:206,7,1,0
BRDA:211,8,0,0
BRDA:211,8,1,0
BRDA:214,9,0,0
BRDA:214,9,1,0
BRDA:216,10,0,0
BRDA:216,10,1,0
BRDA:221,11,0,0
BRDA:221,11,1,0
BRDA:223,12,0,0
BRDA:223,12,1,0
BRDA:229,13,0,0
BRDA:229,13,1,0
BRDA:236,14,0,0
BRDA:236,14,1,0
BRDA:246,15,0,0
BRDA:246,15,1,0
BRDA:247,16,0,0
BRDA:247,16,1,0
BRDA:256,17,0,0
BRDA:256,17,1,0
BRDA:276,18,0,0
BRDA:276,18,1,0
BRDA:277,19,0,0
BRDA:277,19,1,0
BRDA:279,20,0,0
BRDA:279,20,1,0
BRDA:293,21,0,0
BRDA:293,21,1,0
BRDA:294,22,0,0
BRDA:294,22,1,0
BRDA:295,23,0,0
BRDA:295,23,1,0
BRDA:296,24,0,0
BRDA:296,24,1,0
BRDA:312,25,0,0
BRDA:312,25,1,0
BRDA:332,26,0,0
BRDA:332,26,1,0
BRDA:333,27,0,0
BRDA:333,27,1,0
BRDA:334,28,0,0
BRDA:334,28,1,0
BRDA:335,29,0,0
BRDA:335,29,1,0
BRDA:349,30,0,0
BRDA:349,30,1,0
BRDA:350,31,0,0
BRDA:350,31,1,0
BRDA:351,32,0,0
BRDA:351,32,1,0
BRDA:365,33,0,0
BRDA:365,33,1,0
BRF:66
BRH:0
end_of_record
TN:
SF:/Users/akash/acads/3-2/DAO/contracts/VotingEscrow.sol
FN:112,constructor
FN:147,get_block_number
FN:151,get_admin
FN:155,get_smart_wallet_checker
FN:159,get_block_timestamp
FN:163,commit_transfer_ownership
FN:169,apply_transfer_ownership
FN:178,commit_smart_wallet_checker
FN:183,apply_smart_wallet_checker
FN:188,assert_not_contract
FN:197,uinttoint
FN:201,inttouint
FN:205,get_last_user_slope
FN:210,user_point_history__ts
FN:214,locked__end
FN:218,_checkpoint
FN:351,debugger
FN:355,_deposit_for
FN:389,checkpoint
FN:396,deposit_for
FN:415,create_lock
FN:433,increase_amount
FN:449,increase_unlock_time
FN:466,withdraw
FN:493,find_block_epoch
FN:518,getVotingPowerAt
FN:522,balanceOf
FN:545,balanceOf
FN:567,balanceOfAt
FN:622,supply_at
FN:654,totalSupply
FN:665,totalSupply
FN:677,totalSupplyAt
FN:704,changeController
FNF:34
FNH:0
FNDA:0,constructor
FNDA:0,get_block_number
FNDA:0,get_admin
FNDA:0,get_smart_wallet_checker
FNDA:0,get_block_timestamp
FNDA:0,commit_transfer_ownership
FNDA:0,apply_transfer_ownership
FNDA:0,commit_smart_wallet_checker
FNDA:0,apply_smart_wallet_checker
FNDA:0,assert_not_contract
FNDA:0,uinttoint
FNDA:0,inttouint
FNDA:0,get_last_user_slope
FNDA:0,user_point_history__ts
FNDA:0,locked__end
FNDA:0,_checkpoint
FNDA:0,debugger
FNDA:0,_deposit_for
FNDA:0,checkpoint
FNDA:0,deposit_for
FNDA:0,create_lock
FNDA:0,increase_amount
FNDA:0,increase_unlock_time
FNDA:0,withdraw
FNDA:0,find_block_epoch
FNDA:0,getVotingPowerAt
FNDA:0,balanceOf
FNDA:0,balanceOf
FNDA:0,balanceOfAt
FNDA:0,supply_at
FNDA:0,totalSupply
FNDA:0,totalSupply
FNDA:0,totalSupplyAt
FNDA:0,changeController
DA:120,0
DA:121,0
DA:123,0
DA:131,0
DA:132,0
DA:134,0
DA:135,0
DA:136,0
DA:138,0
DA:139,0
DA:140,0
DA:148,0
DA:152,0
DA:156,0
DA:160,0
DA:164,0
DA:165,0
DA:166,0
DA:171,0
DA:172,0
DA:173,0
DA:174,0
DA:175,0
DA:179,0
DA:180,0
DA:184,0
DA:185,0
DA:189,0
DA:190,0
DA:191,0
DA:192,0
DA:198,0
DA:202,0
DA:206,0
DA:207,0
DA:211,0
DA:215,0
DA:225,0
DA:226,0
DA:227,0
DA:228,0
DA:229,0
DA:231,0
DA:234,0
DA:235,0
DA:236,0
DA:238,0
DA:239,0
DA:240,0
DA:246,0
DA:247,0
DA:248,0
DA:249,0
DA:251,0
DA:255,0
DA:256,0
DA:257,0
DA:259,0
DA:263,0
DA:264,0
DA:265,0
DA:266,0
DA:272,0
DA:273,0
DA:276,0
DA:277,0
DA:278,0
DA:279,0
DA:281,0
DA:283,0
DA:284,0
DA:285,0
DA:286,0
DA:288,0
DA:289,0
DA:291,0
DA:292,0
DA:293,0
DA:294,0
DA:295,0
DA:296,0
DA:297,0
DA:299,0
DA:303,0
DA:306,0
DA:309,0
DA:310,0
DA:311,0
DA:312,0
DA:314,0
DA:315,0
DA:319,0
DA:321,0
DA:325,0
DA:327,0
DA:328,0
DA:329,0
DA:331,0
DA:334,0
DA:335,0
DA:336,0
DA:337,0
DA:342,0
DA:344,0
DA:345,0
DA:346,0
DA:347,0
DA:352,0
DA:363,0
DA:364,0
DA:366,0
DA:367,0
DA:369,0
DA:370,0
DA:371,0
DA:373,0
DA:379,0
DA:381,0
DA:382,0
DA:385,0
DA:386,0
DA:393,0
DA:406,0
DA:408,0
DA:409,0
DA:410,0
DA:412,0
DA:421,0
DA:422,0
DA:423,0
DA:425,0
DA:426,0
DA:427,0
DA:428,0
DA:430,0
DA:439,0
DA:440,0
DA:442,0
DA:443,0
DA:444,0
DA:446,0
DA:454,0
DA:455,0
DA:456,0
DA:458,0
DA:459,0
DA:460,0
DA:461,0
DA:463,0
DA:471,0
DA:472,0
DA:473,0
DA:475,0
DA:476,0
DA:477,0
DA:478,0
DA:479,0
DA:480,0
DA:485,0
DA:487,0
DA:489,0
DA:490,0
DA:501,0
DA:502,0
DA:503,0
DA:504,0
DA:505,0
DA:507,0
DA:508,0
DA:509,0
DA:511,0
DA:515,0
DA:519,0
DA:530,0
DA:531,0
DA:532,0
DA:534,0
DA:535,0
DA:536,0
DA:537,0
DA:539,0
DA:553,0
DA:554,0
DA:555,0
DA:556,0
DA:558,0
DA:559,0
DA:560,0
DA:561,0
DA:563,0
DA:577,0
DA:580,0
DA:581,0
DA:582,0
DA:583,0
DA:584,0
DA:586,0
DA:587,0
DA:588,0
DA:590,0
DA:594,0
DA:596,0
DA:597,0
DA:598,0
DA:599,0
DA:600,0
DA:601,0
DA:602,0
DA:603,0
DA:604,0
DA:606,0
DA:607,0
DA:609,0
DA:610,0
DA:611,0
DA:614,0
DA:615,0
DA:616,0
DA:618,0
DA:629,0
DA:630,0
DA:631,0
DA:632,0
DA:633,0
DA:634,0
DA:635,0
DA:637,0
DA:639,0
DA:640,0
DA:641,0
DA:643,0
DA:644,0
DA:648,0
DA:649,0
DA:651,0
DA:660,0
DA:661,0
DA:662,0
DA:671,0
DA:672,0
DA:673,0
DA:674,0
DA:683,0
DA:684,0
DA:685,0
DA:687,0
DA:688,0
DA:689,0
DA:690,0
DA:691,0
DA:692,0
DA:695,0
DA:696,0
DA:701,0
DA:708,0
DA:709,0
LF:256
LH:0
BRDA:164,1,0,0
BRDA:164,1,1,0
BRDA:171,2,0,0
BRDA:171,2,1,0
BRDA:173,3,0,0
BRDA:173,3,1,0
BRDA:179,4,0,0
BRDA:179,4,1,0
BRDA:184,5,0,0
BRDA:184,5,1,0
BRDA:189,6,0,0
BRDA:189,6,1,0
BRDA:191,7,0,0
BRDA:191,7,1,0
BRDA:192,8,0,0
BRDA:192,8,1,0
BRDA:231,9,0,0
BRDA:231,9,1,0
BRDA:234,10,0,0
BRDA:234,10,1,0
BRDA:238,11,0,0
BRDA:238,11,1,0
BRDA:247,12,0,0
BRDA:247,12,1,0
BRDA:248,13,0,0
BRDA:248,13,1,0
BRDA:256,14,0,0
BRDA:256,14,1,0
BRDA:265,15,0,0
BRDA:265,15,1,0
BRDA:278,16,0,0
BRDA:278,16,1,0
BRDA:285,17,0,0
BRDA:285,17,1,0
BRDA:288,18,0,0
BRDA:288,18,1,0
BRDA:295,19,0,0
BRDA:295,19,1,0
BRDA:306,20,0,0
BRDA:306,20,1,0
BRDA:311,21,0,0
BRDA:311,21,1,0
BRDA:314,22,0,0
BRDA:314,22,1,0
BRDA:321,23,0,0
BRDA:321,23,1,0
BRDA:325,24,0,0
BRDA:325,24,1,0
BRDA:328,25,0,0
BRDA:328,25,1,0
BRDA:334,26,0,0
BRDA:334,26,1,0
BRDA:335,27,0,0
BRDA:335,27,1,0
BRDA:370,28,0,0
BRDA:370,28,1,0
BRDA:381,29,0,0
BRDA:381,29,1,0
BRDA:382,30,0,0
BRDA:382,30,1,0
BRDA:408,31,0,0
BRDA:408,31,1,0
BRDA:409,32,0,0
BRDA:409,32,1,0
BRDA:410,33,0,0
BRDA:410,33,1,0
BRDA:425,34,0,0
BRDA:425,34,1,0
BRDA:426,35,0,0
BRDA:426,35,1,0
BRDA:427,36,0,0
BRDA:427,36,1,0
BRDA:428,37,0,0
BRDA:428,37,1,0
BRDA:442,38,0,0
BRDA:442,38,1,0
BRDA:443,39,0,0
BRDA:443,39,1,0
BRDA:444,40,0,0
BRDA:444,40,1,0
BRDA:458,41,0,0
BRDA:458,41,1,0
BRDA:459,42,0,0
BRDA:459,42,1,0
BRDA:460,43,0,0
BRDA:460,43,1,0
BRDA:461,44,0,0
BRDA:461,44,1,0
BRDA:472,45,0,0
BRDA:472,45,1,0
BRDA:487,46,0,0
BRDA:487,46,1,0
BRDA:504,47,0,0
BRDA:504,47,1,0
BRDA:508,48,0,0
BRDA:508,48,1,0
BRDA:531,49,0,0
BRDA:531,49,1,0
BRDA:536,50,0,0
BRDA:536,50,1,0
BRDA:555,51,0,0
BRDA:555,51,1,0
BRDA:560,52,0,0
BRDA:560,52,1,0
BRDA:577,53,0,0
BRDA:577,53,1,0
BRDA:583,54,0,0
BRDA:583,54,1,0
BRDA:587,55,0,0
BRDA:587,55,1,0
BRDA:601,56,0,0
BRDA:601,56,1,0
BRDA:610,57,0,0
BRDA:610,57,1,0
BRDA:615,58,0,0
BRDA:615,58,1,0
BRDA:634,59,0,0
BRDA:634,59,1,0
BRDA:640,60,0,0
BRDA:640,60,1,0
BRDA:648,61,0,0
BRDA:648,61,1,0
BRDA:683,62,0,0
BRDA:683,62,1,0
BRDA:689,63,0,0
BRDA:689,63,1,0
BRDA:691,64,0,0
BRDA:691,64,1,0
BRDA:695,65,0,0
BRDA:695,65,1,0
BRDA:708,66,0,0
BRDA:708,66,1,0
BRF:132
BRH:0
end_of_record
TN:
SF:/Users/akash/acads/3-2/DAO/contracts/VotingEscrowDelegation.sol
FN:283,constructor
FN:297,_approve
FN:313,_is_approved_or_owner
FN:406,_update_enumeration_data
FN:514,_burn
FN:542,_mint
FN:572,_mint_boost
FN:632,_burn_boost
FN:689,_transfer_boost
FN:701,_deconstruct_bias_slope
FN:714,_calc_bias_slope
FN:755,_transfer
FN:812,_cancel_boost
FN:837,_set_delegation_status
FN:889,approve
FN:929,safeTransferFrom
FN:957,is_contract
FN:978,setApproveForAll
FN:1005,transferFrom
FN:1025,tokenURI
FN:1029,uinttoint
FN:1033,inttouint
FN:1042,memcpy
FN:1061,toSlice
FN:1070,concat
FN:1106,burn
FN:1218,create_boost
FN:1380,extend_boost
FN:1479,cancel_boost
FN:1507,batch_cancel_boosts
FN:1539,set_delegation_status
FN:1572,batch_set_delegation_status
FN:1643,adjusted_balance_of
FN:1710,delegated_boost
FN:1735,received_boost
FN:1745,max
FN:1753,max
FN:1761,abs
FN:1783,token_boost
FN:1805,token_expiry
FN:1826,token_cancel_time
FN:1888,calc_boost_bias_slope
FN:1951,get_token_id
FN:1969,commit_transfer_ownership
FN:1985,accept_transfer_ownership
FN:1998,set_base_uri
FN:2005,shift
FN:2016,shift
FN:2027,_uint_to_string
FNF:49
FNH:0
FNDA:0,constructor
FNDA:0,_approve
FNDA:0,_is_approved_or_owner
FNDA:0,_update_enumeration_data
FNDA:0,_burn
FNDA:0,_mint
FNDA:0,_mint_boost
FNDA:0,_burn_boost
FNDA:0,_transfer_boost
FNDA:0,_deconstruct_bias_slope
FNDA:0,_calc_bias_slope
FNDA:0,_transfer
FNDA:0,_cancel_boost
FNDA:0,_set_delegation_status
FNDA:0,approve
FNDA:0,safeTransferFrom
FNDA:0,is_contract
FNDA:0,setApproveForAll
FNDA:0,transferFrom
FNDA:0,tokenURI
FNDA:0,uinttoint
FNDA:0,inttouint
FNDA:0,memcpy
FNDA:0,toSlice
FNDA:0,concat
FNDA:0,burn
FNDA:0,create_boost
FNDA:0,extend_boost
FNDA:0,cancel_boost
FNDA:0,batch_cancel_boosts
FNDA:0,set_delegation_status
FNDA:0,batch_set_delegation_status
FNDA:0,adjusted_balance_of
FNDA:0,delegated_boost
FNDA:0,received_boost
FNDA:0,max
FNDA:0,max
FNDA:0,abs
FNDA:0,token_boost
FNDA:0,token_expiry
FNDA:0,token_cancel_time
FNDA:0,calc_boost_bias_slope
FNDA:0,get_token_id
FNDA:0,commit_transfer_ownership
FNDA:0,accept_transfer_ownership
FNDA:0,set_base_uri
FNDA:0,shift
FNDA:0,shift
FNDA:0,_uint_to_string
DA:284,0
DA:285,0
DA:286,0
DA:288,0
DA:298,0
DA:299,0
DA:314,0
DA:315,0
DA:407,0
DA:408,0
DA:409,0
DA:410,0
DA:411,0
DA:414,0
DA:416,0
DA:417,0
DA:418,0
DA:420,0
DA:422,0
DA:423,0
DA:424,0
DA:429,0
DA:430,0
DA:431,0
DA:436,0
DA:437,0
DA:438,0
DA:440,0
DA:442,0
DA:443,0
DA:445,0
DA:446,0
DA:449,0
DA:451,0
DA:453,0
DA:454,0
DA:456,0
DA:457,0
DA:459,0
DA:460,0
DA:462,0
DA:463,0
DA:464,0
DA:466,0
DA:467,0
DA:469,0
DA:470,0
DA:471,0
DA:477,0
DA:479,0
DA:481,0
DA:482,0
DA:484,0
DA:485,0
DA:487,0
DA:490,0
DA:491,0
DA:492,0
DA:515,0
DA:517,0
DA:519,0
DA:520,0
DA:521,0
DA:523,0
DA:525,0
DA:543,0
DA:544,0
DA:546,0
DA:548,0
DA:549,0
DA:550,0
DA:552,0
DA:575,0
DA:577,0
DA:578,0
DA:579,0
DA:580,0
DA:581,0
DA:582,0
DA:633,0
DA:634,0
DA:636,0
DA:637,0
DA:640,0
DA:641,0
DA:643,0
DA:644,0
DA:645,0
DA:646,0
DA:649,0
DA:650,0
DA:651,0
DA:653,0
DA:655,0
DA:662,0
DA:665,0
DA:668,0
DA:669,0
DA:670,0
DA:671,0
DA:675,0
DA:678,0
DA:679,0
DA:690,0
DA:691,0
DA:692,0
DA:702,0
DA:717,0
DA:718,0
DA:756,0
DA:757,0
DA:759,0
DA:760,0
DA:761,0
DA:762,0
DA:765,0
DA:767,0
DA:768,0
DA:769,0
DA:770,0
DA:772,0
DA:773,0
DA:776,0
DA:777,0
DA:779,0
DA:780,0
DA:782,0
DA:783,0
DA:786,0
DA:813,0
DA:814,0
DA:815,0
DA:817,0
DA:818,0
DA:819,0
DA:822,0
DA:824,0
DA:826,0
DA:838,0
DA:839,0
DA:896,0
DA:897,0
DA:898,0
DA:942,0
DA:943,0
DA:945,0
DA:946,0
DA:949,0
DA:950,0
DA:953,0
DA:958,0
DA:959,0
DA:962,0
DA:984,0
DA:985,0
DA:1015,0
DA:1016,0
DA:1026,0
DA:1030,0
DA:1034,0
DA:1044,0
DA:1045,0
DA:1048,0
DA:1049,0
DA:1053,0
DA:1054,0
DA:1062,0
DA:1063,0
DA:1066,0
DA:1071,0
DA:1072,0
DA:1073,0
DA:1074,0
DA:1075,0
DA:1076,0
DA:1077,0
DA:1078,0
DA:1111,0
DA:1112,0
DA:1113,0
DA:1114,0
DA:1115,0
DA:1116,0
DA:1117,0
DA:1118,0
DA:1120,0
DA:1241,0
DA:1242,0
DA:1244,0
DA:1246,0
DA:1248,0
DA:1249,0
DA:1252,0
DA:1253,0
DA:1254,0
DA:1255,0
DA:1257,0
DA:1258,0
DA:1259,0
DA:1262,0
DA:1264,0
DA:1267,0
DA:1274,0
DA:1275,0
DA:1277,0
DA:1278,0
DA:1281,0
DA:1284,0
DA:1285,0
DA:1288,0
DA:1289,0
DA:1290,0
DA:1292,0
DA:1393,0
DA:1394,0
DA:1396,0
DA:1397,0
DA:1398,0
DA:1399,0
DA:1402,0
DA:1404,0
DA:1406,0
DA:1407,0
DA:1408,0
DA:1410,0
DA:1412,0
DA:1414,0
DA:1417,0
DA:1421,0
DA:1424,0
DA:1427,0
DA:1429,0
DA:1430,0
DA:1433,0
DA:1436,0
DA:1440,0
DA:1446,0
DA:1447,0
DA:1449,0
DA:1450,0
DA:1452,0
DA:1455,0
DA:1456,0
DA:1460,0
DA:1461,0
DA:1463,0
DA:1486,0
DA:1515,0
DA:1516,0
DA:1517,0
DA:1518,0
DA:1520,0
DA:1547,0
DA:1548,0
DA:1581,0
DA:1583,0
DA:1584,0
DA:1585,0
DA:1587,0
DA:1647,0
DA:1648,0
DA:1653,0
DA:1656,0
DA:1658,0
DA:1659,0
DA:1661,0
DA:1662,0
DA:1669,0
DA:1672,0
DA:1673,0
DA:1681,0
DA:1691,0
DA:1716,0
DA:1717,0
DA:1718,0
DA:1740,0
DA:1741,0
DA:1742,0
DA:1746,0
DA:1747,0
DA:1749,0
DA:1754,0
DA:1755,0
DA:1757,0
DA:1762,0
DA:1763,0
DA:1765,0
DA:1788,0
DA:1789,0
DA:1790,0
DA:1810,0
DA:1832,0
DA:1906,0
DA:1907,0
DA:1908,0
DA:1909,0
DA:1911,0
DA:1912,0
DA:1914,0
DA:1916,0
DA:1919,0
DA:1922,0
DA:1924,0
DA:1925,0
DA:1927,0
DA:1928,0
DA:1930,0
DA:1931,0
DA:1933,0
DA:1935,0
DA:1955,0
DA:1956,0
DA:1972,0
DA:1973,0
DA:1988,0
DA:1989,0
DA:2001,0
DA:2002,0
DA:2009,0
DA:2010,0
DA:2012,0
DA:2020,0
DA:2021,0
DA:2023,0
DA:2028,0
DA:2029,0
DA:2031,0
DA:2032,0
DA:2033,0
DA:2034,0
DA:2035,0
DA:2037,0
DA:2038,0
DA:2039,0
DA:2040,0
DA:2041,0
DA:2042,0
DA:2043,0
DA:2044,0
DA:2046,0
LF:340
LH:0
BRDA:414,1,0,0
BRDA:414,1,1,0
BRDA:433,2,0,0
BRDA:433,2,1,0
BRDA:440,3,0,0
BRDA:440,3,1,0
BRDA:451,4,0,0
BRDA:451,4,1,0
BRDA:462,5,0,0
BRDA:462,5,1,0
BRDA:479,6,0,0
BRDA:479,6,1,0
BRDA:543,7,0,0
BRDA:543,7,1,0
BRDA:544,8,0,0
BRDA:544,8,1,0
BRDA:575,9,0,0
BRDA:575,9,1,0
BRDA:636,10,0,0
BRDA:636,10,1,0
BRDA:655,11,0,0
BRDA:655,11,1,0
BRDA:665,12,0,0
BRDA:665,12,1,0
BRDA:669,13,0,0
BRDA:669,13,1,0
BRDA:674,14,0,0
BRDA:674,14,1,0
BRDA:756,15,0,0
BRDA:756,15,1,0
BRDA:757,16,0,0
BRDA:757,16,1,0
BRDA:762,17,0,0
BRDA:762,17,1,0
BRDA:776,18,0,0
BRDA:776,18,1,0
BRDA:814,19,0,0
BRDA:814,19,1,0
BRDA:822,20,0,0
BRDA:822,20,1,0
BRDA:897,21,0,0
BRDA:897,21,1,0
BRDA:942,22,0,0
BRDA:942,22,1,0
BRDA:945,23,0,0
BRDA:945,23,1,0
BRDA:953,24,0,0
BRDA:953,24,1,0
BRDA:1015,25,0,0
BRDA:1015,25,1,0
BRDA:1111,26,0,0
BRDA:1111,26,1,0
BRDA:1113,27,0,0
BRDA:1113,27,1,0
BRDA:1241,28,0,0
BRDA:1241,28,1,0
BRDA:1242,29,0,0
BRDA:1242,29,1,0
BRDA:1248,30,0,0
BRDA:1248,30,1,0
BRDA:1252,31,0,0
BRDA:1252,31,1,0
BRDA:1253,32,0,0
BRDA:1253,32,1,0
BRDA:1254,33,0,0
BRDA:1254,33,1,0
BRDA:1255,34,0,0
BRDA:1255,34,1,0
BRDA:1257,35,0,0
BRDA:1257,35,1,0
BRDA:1258,36,0,0
BRDA:1258,36,1,0
BRDA:1259,37,0,0
BRDA:1259,37,1,0
BRDA:1275,38,0,0
BRDA:1275,38,1,0
BRDA:1278,39,0,0
BRDA:1278,39,1,0
BRDA:1284,40,0,0
BRDA:1284,40,1,0
BRDA:1396,41,0,0
BRDA:1396,41,1,0
BRDA:1397,42,0,0
BRDA:1397,42,1,0
BRDA:1398,43,0,0
BRDA:1398,43,1,0
BRDA:1399,44,0,0
BRDA:1399,44,1,0
BRDA:1406,45,0,0
BRDA:1406,45,1,0
BRDA:1407,46,0,0
BRDA:1407,46,1,0
BRDA:1408,47,0,0
BRDA:1408,47,1,0
BRDA:1417,48,0,0
BRDA:1417,48,1,0
BRDA:1421,49,0,0
BRDA:1421,49,1,0
BRDA:1429,50,0,0
BRDA:1429,50,1,0
BRDA:1433,51,0,0
BRDA:1433,51,1,0
BRDA:1446,52,0,0
BRDA:1446,52,1,0
BRDA:1447,53,0,0
BRDA:1447,53,1,0
BRDA:1450,54,0,0
BRDA:1450,54,1,0
BRDA:1455,55,0,0
BRDA:1455,55,1,0
BRDA:1517,56,0,0
BRDA:1517,56,1,0
BRDA:1547,57,0,0
BRDA:1547,57,1,0
BRDA:1581,58,0,0
BRDA:1581,58,1,0
BRDA:1584,59,0,0
BRDA:1584,59,1,0
BRDA:1648,60,0,0
BRDA:1648,60,1,0
BRDA:1661,61,0,0
BRDA:1661,61,1,0
BRDA:1672,62,0,0
BRDA:1672,62,1,0
BRDA:1746,63,0,0
BRDA:1746,63,1,0
BRDA:1754,64,0,0
BRDA:1754,64,1,0
BRDA:1762,65,0,0
BRDA:1762,65,1,0
BRDA:1907,66,0,0
BRDA:1907,66,1,0
BRDA:1908,67,0,0
BRDA:1908,67,1,0
BRDA:1909,68,0,0
BRDA:1909,68,1,0
BRDA:1912,69,0,0
BRDA:1912,69,1,0
BRDA:1916,70,0,0
BRDA:1916,70,1,0
BRDA:1925,71,0,0
BRDA:1925,71,1,0
BRDA:1928,72,0,0
BRDA:1928,72,1,0
BRDA:1931,73,0,0
BRDA:1931,73,1,0
BRDA:1955,74,0,0
BRDA:1955,74,1,0
BRDA:1972,75,0,0
BRDA:1972,75,1,0
BRDA:1988,76,0,0
BRDA:1988,76,1,0
BRDA:2001,77,0,0
BRDA:2001,77,1,0
BRDA:2009,78,0,0
BRDA:2009,78,1,0
BRDA:2020,79,0,0
BRDA:2020,79,1,0
BRDA:2028,80,0,0
BRDA:2028,80,1,0
BRF:160
BRH:0
end_of_record
