{
"contracts/Delegation.sol":{"l":{"225":0,"229":0,"233":0,"237":0,"238":0,"239":0,"240":0,"244":0,"245":0,"252":3,"253":3,"255":3,"256":3,"258":3,"259":3,"261":3,"265":0,"269":0,"270":0,"274":0,"275":0,"276":0,"277":0,"283":0,"287":0,"289":0,"291":0,"292":0,"295":0,"296":0,"297":0,"298":0,"299":0,"300":0,"301":0,"302":0,"304":0,"308":0,"309":0,"310":0,"312":0,"313":0,"316":0,"318":0,"319":0,"320":0,"321":0,"323":0,"324":0,"327":0,"328":0,"330":0,"331":0,"333":0,"334":0,"337":0,"341":0,"342":0,"343":0,"344":0,"345":0,"346":0,"347":0,"348":0,"366":0,"368":0,"369":0,"372":0,"373":0,"376":0,"386":0,"387":0,"393":0,"398":0,"399":0,"402":0,"409":0,"411":0,"412":0,"417":0,"420":0,"422":0,"423":0,"429":0,"431":0,"432":0,"434":0,"439":0,"440":0,"442":0,"444":0,"445":0,"447":0,"457":0,"468":0,"469":0,"470":0,"471":0,"473":0,"485":0,"486":0,"487":0,"488":0,"489":0,"501":0,"502":0,"504":0,"506":0,"507":0,"520":0,"521":0,"533":0,"535":0,"536":0,"537":0,"539":0},"path":"/Users/gauravkumar/Documents/DAO/contracts/Delegation.sol","s":{"1":0,"2":0,"3":0,"4":0,"5":0,"6":0,"7":0,"8":0,"9":0,"10":3,"11":3,"12":3,"13":3,"14":3,"15":3,"16":3,"17":0,"18":0,"19":0,"20":0,"21":0,"22":0,"23":0,"24":0,"25":0,"26":0,"27":0,"28":0,"29":0,"30":0,"31":0,"32":0,"33":0,"34":0,"35":0,"36":0,"37":0,"38":0,"39":0,"40":0,"41":0,"42":0,"43":0,"44":0,"45":0,"46":0,"47":0,"48":0,"49":0,"50":0,"51":0,"52":0,"53":0,"54":0,"55":0,"56":0,"57":0,"58":0,"59":0,"60":0,"61":0,"62":0,"63":0,"64":0,"65":0,"66":0,"67":0,"68":0,"69":0,"70":0,"71":0,"72":0,"73":0,"74":0,"75":0,"76":0,"77":0,"78":0,"79":0,"80":0,"81":0,"82":0,"83":0,"84":0,"85":0,"86":0,"87":0,"88":0,"89":0,"90":0,"91":0,"92":0,"93":0,"94":0,"95":0,"96":0,"97":0,"98":0,"99":0,"100":0,"101":0,"102":0,"103":0,"104":0,"105":0,"106":0,"107":0,"108":0,"109":0,"110":0,"111":0,"112":0,"113":0},"b":{"1":[0,0],"2":[0,0],"3":[0,0],"4":[0,0],"5":[0,0],"6":[0,0],"7":[0,0],"8":[0,0],"9":[0,0],"10":[0,0],"11":[0,0],"12":[0,0],"13":[0,0],"14":[0,0],"15":[0,0],"16":[0,0],"17":[0,0],"18":[0,0],"19":[0,0],"20":[0,0],"21":[0,0],"22":[0,0],"23":[0,0],"24":[0,0],"25":[0,0],"26":[0,0],"27":[0,0],"28":[0,0],"29":[0,0],"30":[0,0],"31":[0,0]},"f":{"1":0,"2":0,"3":0,"4":0,"5":0,"6":3,"7":0,"8":0,"9":0,"10":0,"11":0,"12":0,"13":0,"14":0,"15":0,"16":0,"17":0,"18":0,"19":0,"20":0,"21":0,"22":0,"23":0,"24":0,"25":0,"26":0},"fnMap":{"1":{"name":"getOwnershipAdmin","line":224,"loc":{"start":{"line":224,"column":2},"end":{"line":226,"column":2}}},"2":{"name":"getEmergencyAdmin","line":228,"loc":{"start":{"line":228,"column":2},"end":{"line":230,"column":2}}},"3":{"name":"getDelegation","line":232,"loc":{"start":{"line":232,"column":2},"end":{"line":234,"column":2}}},"4":{"name":"approve","line":236,"loc":{"start":{"line":236,"column":2},"end":{"line":241,"column":0}}},"5":{"name":"approve","line":243,"loc":{"start":{"line":243,"column":0},"end":{"line":246,"column":0}}},"6":{"name":"constructor","line":250,"loc":{"start":{"line":250,"column":2},"end":{"line":262,"column":2}}},"7":{"name":"tokenURI","line":264,"loc":{"start":{"line":264,"column":0},"end":{"line":266,"column":0}}},"8":{"name":"mint","line":268,"loc":{"start":{"line":268,"column":0},"end":{"line":278,"column":0}}},"9":{"name":"getbalance","line":282,"loc":{"start":{"line":282,"column":0},"end":{"line":284,"column":0}}},"10":{"name":"burn","line":286,"loc":{"start":{"line":286,"column":0},"end":{"line":305,"column":0}}},"11":{"name":"transfer","line":307,"loc":{"start":{"line":307,"column":0},"end":{"line":338,"column":0}}},"12":{"name":"cancel_boost","line":340,"loc":{"start":{"line":340,"column":0},"end":{"line":349,"column":0}}},"13":{"name":"safeTransferFrom","line":351,"loc":{"start":{"line":351,"column":0},"end":{"line":378,"column":0}}},"14":{"name":"setApproveForAll","line":380,"loc":{"start":{"line":380,"column":0},"end":{"line":388,"column":0}}},"15":{"name":"getowner","line":392,"loc":{"start":{"line":392,"column":0},"end":{"line":394,"column":0}}},"16":{"name":"adjusted_balance_of","line":397,"loc":{"start":{"line":397,"column":2},"end":{"line":403,"column":2}}},"17":{"name":"kill_delegation","line":407,"loc":{"start":{"line":407,"column":2},"end":{"line":413,"column":2}}},"18":{"name":"__set_delegation","line":416,"loc":{"start":{"line":416,"column":2},"end":{"line":424,"column":2}}},"19":{"name":"commit_set_admins","line":428,"loc":{"start":{"line":428,"column":2},"end":{"line":435,"column":2}}},"20":{"name":"apply_set_admins","line":438,"loc":{"start":{"line":438,"column":2},"end":{"line":448,"column":2}}},"21":{"name":"cancel_boost","line":450,"loc":{"start":{"line":450,"column":2},"end":{"line":458,"column":0}}},"22":{"name":"batch_cancel_boosts","line":460,"loc":{"start":{"line":460,"column":0},"end":{"line":475,"column":0}}},"23":{"name":"create_boost","line":477,"loc":{"start":{"line":477,"column":0},"end":{"line":494,"column":0}}},"24":{"name":"extend_boost","line":500,"loc":{"start":{"line":500,"column":0},"end":{"line":509,"column":0}}},"25":{"name":"set_delegation_status","line":512,"loc":{"start":{"line":512,"column":0},"end":{"line":522,"column":0}}},"26":{"name":"batch_set_delegation_status","line":524,"loc":{"start":{"line":524,"column":0},"end":{"line":541,"column":0}}}},"statementMap":{"1":{"start":{"line":225,"column":4},"end":{"line":225,"column":26}},"2":{"start":{"line":229,"column":4},"end":{"line":229,"column":26}},"3":{"start":{"line":233,"column":4},"end":{"line":233,"column":21}},"4":{"start":{"line":237,"column":4},"end":{"line":237,"column":38}},"5":{"start":{"line":238,"column":4},"end":{"line":238,"column":98}},"6":{"start":{"line":239,"column":4},"end":{"line":239,"column":37}},"7":{"start":{"line":240,"column":4},"end":{"line":240,"column":46}},"8":{"start":{"line":244,"column":4},"end":{"line":244,"column":37}},"9":{"start":{"line":245,"column":4},"end":{"line":245,"column":47}},"10":{"start":{"line":252,"column":4},"end":{"line":252,"column":33}},"11":{"start":{"line":253,"column":4},"end":{"line":253,"column":27}},"12":{"start":{"line":255,"column":4},"end":{"line":255,"column":29}},"13":{"start":{"line":256,"column":4},"end":{"line":256,"column":29}},"14":{"start":{"line":258,"column":4},"end":{"line":258,"column":23}},"15":{"start":{"line":259,"column":4},"end":{"line":259,"column":17}},"16":{"start":{"line":261,"column":4},"end":{"line":261,"column":35}},"17":{"start":{"line":265,"column":4},"end":{"line":265,"column":84}},"18":{"start":{"line":269,"column":4},"end":{"line":269,"column":35}},"19":{"start":{"line":270,"column":4},"end":{"line":270,"column":51}},"20":{"start":{"line":274,"column":4},"end":{"line":274,"column":108}},"21":{"start":{"line":275,"column":4},"end":{"line":275,"column":22}},"22":{"start":{"line":276,"column":4},"end":{"line":276,"column":27}},"23":{"start":{"line":277,"column":4},"end":{"line":277,"column":47}},"24":{"start":{"line":283,"column":4},"end":{"line":283,"column":28}},"25":{"start":{"line":287,"column":4},"end":{"line":287,"column":38}},"26":{"start":{"line":289,"column":4},"end":{"line":289,"column":42}},"27":{"start":{"line":291,"column":4},"end":{"line":291,"column":24}},"28":{"start":{"line":292,"column":4},"end":{"line":292,"column":36}},"29":{"start":{"line":295,"column":4},"end":{"line":295,"column":102}},"30":{"start":{"line":296,"column":4},"end":{"line":296,"column":54}},"31":{"start":{"line":297,"column":4},"end":{"line":297,"column":142}},"32":{"start":{"line":298,"column":4},"end":{"line":298,"column":76}},"33":{"start":{"line":299,"column":4},"end":{"line":299,"column":10462}},"34":{"start":{"line":300,"column":8},"end":{"line":300,"column":82}},"35":{"start":{"line":301,"column":8},"end":{"line":301,"column":72}},"36":{"start":{"line":302,"column":8},"end":{"line":302,"column":51}},"37":{"start":{"line":304,"column":4},"end":{"line":304,"column":115}},"38":{"start":{"line":308,"column":4},"end":{"line":308,"column":142}},"39":{"start":{"line":309,"column":4},"end":{"line":309,"column":31}},"40":{"start":{"line":310,"column":4},"end":{"line":310,"column":60}},"41":{"start":{"line":312,"column":4},"end":{"line":312,"column":78}},"42":{"start":{"line":313,"column":4},"end":{"line":313,"column":69}},"43":{"start":{"line":316,"column":4},"end":{"line":316,"column":42}},"44":{"start":{"line":318,"column":4},"end":{"line":318,"column":24}},"45":{"start":{"line":319,"column":4},"end":{"line":319,"column":106}},"46":{"start":{"line":320,"column":4},"end":{"line":320,"column":22}},"47":{"start":{"line":321,"column":4},"end":{"line":321,"column":27}},"48":{"start":{"line":323,"column":4},"end":{"line":323,"column":145}},"49":{"start":{"line":324,"column":4},"end":{"line":324,"column":90}},"50":{"start":{"line":327,"column":4},"end":{"line":327,"column":11870}},"51":{"start":{"line":328,"column":8},"end":{"line":328,"column":86}},"52":{"start":{"line":330,"column":8},"end":{"line":330,"column":78}},"53":{"start":{"line":331,"column":8},"end":{"line":331,"column":91}},"54":{"start":{"line":333,"column":8},"end":{"line":333,"column":72}},"55":{"start":{"line":334,"column":8},"end":{"line":334,"column":51}},"56":{"start":{"line":337,"column":4},"end":{"line":337,"column":40}},"57":{"start":{"line":341,"column":2},"end":{"line":341,"column":76}},"58":{"start":{"line":342,"column":2},"end":{"line":342,"column":39}},"59":{"start":{"line":343,"column":2},"end":{"line":343,"column":143}},"60":{"start":{"line":344,"column":4},"end":{"line":344,"column":59}},"61":{"start":{"line":345,"column":4},"end":{"line":345,"column":90}},"62":{"start":{"line":346,"column":4},"end":{"line":346,"column":85}},"63":{"start":{"line":347,"column":4},"end":{"line":347,"column":71}},"64":{"start":{"line":348,"column":4},"end":{"line":348,"column":51}},"65":{"start":{"line":366,"column":4},"end":{"line":366,"column":34}},"66":{"start":{"line":368,"column":4},"end":{"line":368,"column":14198}},"67":{"start":{"line":369,"column":8},"end":{"line":369,"column":14250}},"68":{"start":{"line":372,"column":8},"end":{"line":372,"column":28}},"69":{"start":{"line":376,"column":8},"end":{"line":376,"column":100}},"70":{"start":{"line":386,"column":4},"end":{"line":386,"column":54}},"71":{"start":{"line":387,"column":4},"end":{"line":387,"column":57}},"72":{"start":{"line":393,"column":4},"end":{"line":393,"column":29}},"73":{"start":{"line":398,"column":4},"end":{"line":398,"column":15331}},"74":{"start":{"line":399,"column":6},"end":{"line":399,"column":53}},"75":{"start":{"line":402,"column":4},"end":{"line":402,"column":75}},"76":{"start":{"line":409,"column":4},"end":{"line":409,"column":74}},"77":{"start":{"line":411,"column":4},"end":{"line":411,"column":28}},"78":{"start":{"line":412,"column":4},"end":{"line":412,"column":36}},"79":{"start":{"line":417,"column":4},"end":{"line":417,"column":41}},"80":{"start":{"line":420,"column":4},"end":{"line":420,"column":60}},"81":{"start":{"line":422,"column":4},"end":{"line":422,"column":27}},"82":{"start":{"line":423,"column":4},"end":{"line":423,"column":35}},"83":{"start":{"line":429,"column":4},"end":{"line":429,"column":41}},"84":{"start":{"line":431,"column":4},"end":{"line":431,"column":36}},"85":{"start":{"line":432,"column":4},"end":{"line":432,"column":36}},"86":{"start":{"line":434,"column":4},"end":{"line":434,"column":41}},"87":{"start":{"line":439,"column":4},"end":{"line":439,"column":45}},"88":{"start":{"line":440,"column":4},"end":{"line":440,"column":45}},"89":{"start":{"line":442,"column":4},"end":{"line":442,"column":41}},"90":{"start":{"line":444,"column":4},"end":{"line":444,"column":29}},"91":{"start":{"line":445,"column":4},"end":{"line":445,"column":29}},"92":{"start":{"line":447,"column":4},"end":{"line":447,"column":40}},"93":{"start":{"line":457,"column":4},"end":{"line":457,"column":63}},"94":{"start":{"line":468,"column":4},"end":{"line":468,"column":17701}},"95":{"start":{"line":469,"column":8},"end":{"line":469,"column":45}},"96":{"start":{"line":470,"column":8},"end":{"line":470,"column":17822}},"97":{"start":{"line":473,"column":8},"end":{"line":473,"column":42}},"98":{"start":{"line":485,"column":2},"end":{"line":485,"column":38}},"99":{"start":{"line":486,"column":2},"end":{"line":486,"column":87}},"100":{"start":{"line":487,"column":2},"end":{"line":487,"column":74}},"101":{"start":{"line":488,"column":2},"end":{"line":488,"column":26}},"102":{"start":{"line":489,"column":2},"end":{"line":489,"column":117}},"103":{"start":{"line":501,"column":2},"end":{"line":501,"column":76}},"104":{"start":{"line":502,"column":2},"end":{"line":502,"column":39}},"105":{"start":{"line":504,"column":4},"end":{"line":504,"column":78}},"106":{"start":{"line":506,"column":4},"end":{"line":506,"column":101}},"107":{"start":{"line":507,"column":4},"end":{"line":507,"column":71}},"108":{"start":{"line":520,"column":4},"end":{"line":520,"column":128}},"109":{"start":{"line":521,"column":4},"end":{"line":521,"column":82}},"110":{"start":{"line":533,"column":4},"end":{"line":533,"column":127}},"111":{"start":{"line":535,"column":4},"end":{"line":535,"column":21387}},"112":{"start":{"line":536,"column":8},"end":{"line":536,"column":21450}},"113":{"start":{"line":539,"column":8},"end":{"line":539,"column":100}}},"branchMap":{"1":{"line":238,"type":"if","locations":[{"start":{"line":238,"column":4},"end":{"line":238,"column":4}},{"start":{"line":238,"column":4},"end":{"line":238,"column":4}}]},"2":{"line":238,"type":"cond-expr","locations":[{"start":{"line":238,"column":12},"end":{"line":238,"column":30}},{"start":{"line":238,"column":35},"end":{"line":238,"column":69}}]},"3":{"line":269,"type":"if","locations":[{"start":{"line":269,"column":4},"end":{"line":269,"column":4}},{"start":{"line":269,"column":4},"end":{"line":269,"column":4}}]},"4":{"line":270,"type":"if","locations":[{"start":{"line":270,"column":4},"end":{"line":270,"column":4}},{"start":{"line":270,"column":4},"end":{"line":270,"column":4}}]},"5":{"line":299,"type":"if","locations":[{"start":{"line":299,"column":4},"end":{"line":299,"column":4}},{"start":{"line":299,"column":4},"end":{"line":299,"column":4}}]},"6":{"line":309,"type":"if","locations":[{"start":{"line":309,"column":4},"end":{"line":309,"column":4}},{"start":{"line":309,"column":4},"end":{"line":309,"column":4}}]},"7":{"line":310,"type":"if","locations":[{"start":{"line":310,"column":4},"end":{"line":310,"column":4}},{"start":{"line":310,"column":4},"end":{"line":310,"column":4}}]},"8":{"line":327,"type":"if","locations":[{"start":{"line":327,"column":4},"end":{"line":327,"column":4}},{"start":{"line":327,"column":4},"end":{"line":327,"column":4}}]},"9":{"line":344,"type":"if","locations":[{"start":{"line":344,"column":4},"end":{"line":344,"column":4}},{"start":{"line":344,"column":4},"end":{"line":344,"column":4}}]},"10":{"line":346,"type":"if","locations":[{"start":{"line":346,"column":4},"end":{"line":346,"column":4}},{"start":{"line":346,"column":4},"end":{"line":346,"column":4}}]},"11":{"line":346,"type":"cond-expr","locations":[{"start":{"line":346,"column":12},"end":{"line":346,"column":30}},{"start":{"line":346,"column":35},"end":{"line":346,"column":69}}]},"12":{"line":346,"type":"cond-expr","locations":[{"start":{"line":346,"column":12},"end":{"line":346,"column":69}},{"start":{"line":346,"column":74},"end":{"line":346,"column":84}}]},"13":{"line":368,"type":"if","locations":[{"start":{"line":368,"column":4},"end":{"line":368,"column":4}},{"start":{"line":368,"column":4},"end":{"line":368,"column":4}}]},"14":{"line":376,"type":"if","locations":[{"start":{"line":376,"column":8},"end":{"line":376,"column":8}},{"start":{"line":376,"column":8},"end":{"line":376,"column":8}}]},"15":{"line":398,"type":"if","locations":[{"start":{"line":398,"column":4},"end":{"line":398,"column":4}},{"start":{"line":398,"column":4},"end":{"line":398,"column":4}}]},"16":{"line":409,"type":"if","locations":[{"start":{"line":409,"column":4},"end":{"line":409,"column":4}},{"start":{"line":409,"column":4},"end":{"line":409,"column":4}}]},"17":{"line":409,"type":"cond-expr","locations":[{"start":{"line":409,"column":12},"end":{"line":409,"column":40}},{"start":{"line":409,"column":45},"end":{"line":409,"column":73}}]},"18":{"line":417,"type":"if","locations":[{"start":{"line":417,"column":4},"end":{"line":417,"column":4}},{"start":{"line":417,"column":4},"end":{"line":417,"column":4}}]},"19":{"line":429,"type":"if","locations":[{"start":{"line":429,"column":4},"end":{"line":429,"column":4}},{"start":{"line":429,"column":4},"end":{"line":429,"column":4}}]},"20":{"line":442,"type":"if","locations":[{"start":{"line":442,"column":4},"end":{"line":442,"column":4}},{"start":{"line":442,"column":4},"end":{"line":442,"column":4}}]},"21":{"line":470,"type":"if","locations":[{"start":{"line":470,"column":8},"end":{"line":470,"column":8}},{"start":{"line":470,"column":8},"end":{"line":470,"column":8}}]},"22":{"line":485,"type":"if","locations":[{"start":{"line":485,"column":2},"end":{"line":485,"column":2}},{"start":{"line":485,"column":2},"end":{"line":485,"column":2}}]},"23":{"line":486,"type":"if","locations":[{"start":{"line":486,"column":2},"end":{"line":486,"column":2}},{"start":{"line":486,"column":2},"end":{"line":486,"column":2}}]},"24":{"line":486,"type":"cond-expr","locations":[{"start":{"line":486,"column":10},"end":{"line":486,"column":33}},{"start":{"line":486,"column":38},"end":{"line":486,"column":77}}]},"25":{"line":504,"type":"if","locations":[{"start":{"line":504,"column":4},"end":{"line":504,"column":4}},{"start":{"line":504,"column":4},"end":{"line":504,"column":4}}]},"26":{"line":504,"type":"cond-expr","locations":[{"start":{"line":504,"column":12},"end":{"line":504,"column":34}},{"start":{"line":504,"column":39},"end":{"line":504,"column":77}}]},"27":{"line":520,"type":"if","locations":[{"start":{"line":520,"column":4},"end":{"line":520,"column":4}},{"start":{"line":520,"column":4},"end":{"line":520,"column":4}}]},"28":{"line":520,"type":"cond-expr","locations":[{"start":{"line":520,"column":12},"end":{"line":520,"column":34}},{"start":{"line":520,"column":39},"end":{"line":520,"column":78}}]},"29":{"line":533,"type":"if","locations":[{"start":{"line":533,"column":4},"end":{"line":533,"column":4}},{"start":{"line":533,"column":4},"end":{"line":533,"column":4}}]},"30":{"line":533,"type":"cond-expr","locations":[{"start":{"line":533,"column":12},"end":{"line":533,"column":34}},{"start":{"line":533,"column":39},"end":{"line":533,"column":77}}]},"31":{"line":536,"type":"if","locations":[{"start":{"line":536,"column":8},"end":{"line":536,"column":8}},{"start":{"line":536,"column":8},"end":{"line":536,"column":8}}]}}},
"contracts/ERC20CRV.sol":{"l":{"68":54,"69":54,"70":54,"71":54,"72":54,"73":54,"74":54,"75":54,"77":54,"78":54,"79":54,"80":54,"86":2,"90":2,"94":30,"98":4,"102":18,"106":4,"110":2,"114":6,"121":3,"122":3,"124":3,"125":3,"127":3,"128":3,"130":0,"131":0,"132":0,"135":3,"137":3,"141":2,"142":2,"143":1,"144":1,"146":0,"149":2,"156":1,"157":1,"164":2,"165":1,"166":1,"168":1,"176":2,"177":1,"178":1,"180":1,"185":1,"191":1,"200":1,"201":1,"202":1,"203":1,"206":1,"207":1,"208":1,"211":1,"213":1,"214":2,"215":2,"216":2,"217":1,"220":2,"221":2,"222":0,"224":1,"227":2,"229":2,"230":1,"234":1,"235":1,"236":1,"239":1,"246":1,"247":1,"248":1,"249":1,"256":1,"257":1,"258":1,"266":2,"276":1,"277":1,"279":1,"280":1,"281":1,"283":1,"284":1,"293":10,"294":10,"295":10,"296":8,"297":8,"298":8,"299":8,"300":8,"301":8,"312":12,"313":12,"314":12,"315":12,"319":4,"323":2,"332":1,"333":1,"334":1,"335":1,"336":1,"337":1,"338":1,"339":1,"340":1,"341":1,"349":1,"350":1,"351":1,"352":1,"353":1,"354":1,"355":1,"356":1,"357":1,"365":1,"366":1,"367":1},"path":"/Users/gauravkumar/Documents/DAO/contracts/ERC20CRV.sol","s":{"1":54,"2":54,"3":54,"4":54,"5":54,"6":54,"7":54,"8":54,"9":54,"10":54,"11":54,"12":54,"13":2,"14":2,"15":30,"16":4,"17":18,"18":4,"19":2,"20":6,"21":3,"22":3,"23":3,"24":3,"25":3,"26":3,"27":0,"28":0,"29":0,"30":3,"31":3,"32":2,"33":2,"34":1,"35":1,"36":2,"37":1,"38":1,"39":2,"40":1,"41":1,"42":1,"43":2,"44":1,"45":1,"46":1,"47":1,"48":1,"49":1,"50":1,"51":1,"52":1,"53":1,"54":1,"55":1,"56":1,"57":1,"58":2,"59":2,"60":2,"61":1,"62":2,"63":2,"64":2,"65":1,"66":2,"67":2,"68":1,"69":1,"70":1,"71":1,"72":1,"73":1,"74":1,"75":1,"76":1,"77":1,"78":1,"79":2,"80":1,"81":1,"82":1,"83":1,"84":1,"85":1,"86":1,"87":10,"88":10,"89":10,"90":8,"91":8,"92":8,"93":8,"94":8,"95":8,"96":12,"97":12,"98":12,"99":12,"100":4,"101":2,"102":1,"103":1,"104":1,"105":1,"106":1,"107":1,"108":1,"109":1,"110":1,"111":1,"112":1,"113":1,"114":1,"115":1,"116":1,"117":1,"118":1,"119":1,"120":1,"121":1},"b":{"1":[3,0],"2":[1,0],"3":[1,0],"4":[1,1],"5":[1,1],"6":[1,0],"7":[1,0],"8":[1,0],"9":[2,0],"10":[1,1],"11":[0,2],"12":[1,1],"13":[1,1],"14":[1,0],"15":[1,0],"16":[1,0],"17":[1,0],"18":[1,0],"19":[1,0],"20":[1,0],"21":[10,0],"22":[10,0],"23":[8,2],"24":[8,0],"25":[12,0],"26":[1,0],"27":[1,0],"28":[1,0],"29":[1,0],"30":[1,0],"31":[1,0],"32":[1,0],"33":[1,0]},"f":{"1":54,"2":2,"3":2,"4":30,"5":4,"6":18,"7":4,"8":2,"9":6,"10":3,"11":2,"12":1,"13":2,"14":2,"15":1,"16":1,"17":1,"18":1,"19":1,"20":2,"21":1,"22":10,"23":12,"24":4,"25":2,"26":1,"27":1,"28":1},"fnMap":{"1":{"name":"constructor","line":61,"loc":{"start":{"line":61,"column":4},"end":{"line":82,"column":4}}},"2":{"name":"name","line":84,"loc":{"start":{"line":84,"column":4},"end":{"line":87,"column":4}}},"3":{"name":"symbol","line":89,"loc":{"start":{"line":89,"column":4},"end":{"line":91,"column":4}}},"4":{"name":"decimals","line":93,"loc":{"start":{"line":93,"column":4},"end":{"line":95,"column":4}}},"5":{"name":"totalSupply","line":97,"loc":{"start":{"line":97,"column":4},"end":{"line":99,"column":4}}},"6":{"name":"balanceOf","line":101,"loc":{"start":{"line":101,"column":4},"end":{"line":103,"column":4}}},"7":{"name":"get_admin","line":105,"loc":{"start":{"line":105,"column":4},"end":{"line":107,"column":4}}},"8":{"name":"get_minter","line":109,"loc":{"start":{"line":109,"column":4},"end":{"line":111,"column":4}}},"9":{"name":"get_block_timestamp","line":113,"loc":{"start":{"line":113,"column":4},"end":{"line":115,"column":4}}},"10":{"name":"_update_mining_parameters","line":117,"loc":{"start":{"line":117,"column":4},"end":{"line":138,"column":4}}},"11":{"name":"totalSupplyAt","line":140,"loc":{"start":{"line":140,"column":4},"end":{"line":150,"column":4}}},"12":{"name":"update_mining_parameters","line":152,"loc":{"start":{"line":152,"column":4},"end":{"line":158,"column":4}}},"13":{"name":"start_epoch_time_write","line":160,"loc":{"start":{"line":160,"column":4},"end":{"line":170,"column":4}}},"14":{"name":"future_epoch_time_write","line":172,"loc":{"start":{"line":172,"column":4},"end":{"line":182,"column":4}}},"15":{"name":"_available_supply","line":184,"loc":{"start":{"line":184,"column":4},"end":{"line":186,"column":4}}},"16":{"name":"available_supply","line":188,"loc":{"start":{"line":188,"column":4},"end":{"line":192,"column":4}}},"17":{"name":"mintable_in_timeframe","line":195,"loc":{"start":{"line":195,"column":4},"end":{"line":240,"column":4}}},"18":{"name":"set_minter","line":242,"loc":{"start":{"line":242,"column":4},"end":{"line":250,"column":4}}},"19":{"name":"set_admin","line":252,"loc":{"start":{"line":252,"column":4},"end":{"line":259,"column":4}}},"20":{"name":"allowance","line":261,"loc":{"start":{"line":261,"column":4},"end":{"line":267,"column":4}}},"21":{"name":"transfer","line":269,"loc":{"start":{"line":269,"column":4},"end":{"line":285,"column":4}}},"22":{"name":"transferFrom","line":287,"loc":{"start":{"line":287,"column":4},"end":{"line":302,"column":4}}},"23":{"name":"approve","line":304,"loc":{"start":{"line":304,"column":4},"end":{"line":316,"column":4}}},"24":{"name":"uinttoint","line":318,"loc":{"start":{"line":318,"column":4},"end":{"line":320,"column":2}}},"25":{"name":"inttouint","line":322,"loc":{"start":{"line":322,"column":2},"end":{"line":324,"column":2}}},"26":{"name":"mint","line":326,"loc":{"start":{"line":326,"column":4},"end":{"line":342,"column":4}}},"27":{"name":"burn","line":344,"loc":{"start":{"line":344,"column":4},"end":{"line":358,"column":4}}},"28":{"name":"set_name","line":360,"loc":{"start":{"line":360,"column":4},"end":{"line":368,"column":4}}}},"statementMap":{"1":{"start":{"line":68,"column":8},"end":{"line":68,"column":62}},"2":{"start":{"line":69,"column":8},"end":{"line":69,"column":20}},"3":{"start":{"line":70,"column":8},"end":{"line":70,"column":24}},"4":{"start":{"line":71,"column":8},"end":{"line":71,"column":28}},"5":{"start":{"line":72,"column":8},"end":{"line":72,"column":41}},"6":{"start":{"line":73,"column":8},"end":{"line":73,"column":33}},"7":{"start":{"line":74,"column":8},"end":{"line":74,"column":25}},"8":{"start":{"line":75,"column":8},"end":{"line":75,"column":60}},"9":{"start":{"line":77,"column":8},"end":{"line":77,"column":81}},"10":{"start":{"line":78,"column":8},"end":{"line":78,"column":24}},"11":{"start":{"line":79,"column":8},"end":{"line":79,"column":15}},"12":{"start":{"line":80,"column":8},"end":{"line":80,"column":39}},"13":{"start":{"line":86,"column":8},"end":{"line":86,"column":20}},"14":{"start":{"line":90,"column":8},"end":{"line":90,"column":22}},"15":{"start":{"line":94,"column":8},"end":{"line":94,"column":24}},"16":{"start":{"line":98,"column":8},"end":{"line":98,"column":27}},"17":{"start":{"line":102,"column":8},"end":{"line":102,"column":31}},"18":{"start":{"line":106,"column":8},"end":{"line":106,"column":20}},"19":{"start":{"line":110,"column":8},"end":{"line":110,"column":21}},"20":{"start":{"line":114,"column":8},"end":{"line":114,"column":30}},"21":{"start":{"line":121,"column":8},"end":{"line":121,"column":28}},"22":{"start":{"line":122,"column":8},"end":{"line":122,"column":56}},"23":{"start":{"line":124,"column":8},"end":{"line":124,"column":46}},"24":{"start":{"line":125,"column":8},"end":{"line":125,"column":24}},"25":{"start":{"line":127,"column":8},"end":{"line":127,"column":3764}},"26":{"start":{"line":128,"column":12},"end":{"line":128,"column":31}},"27":{"start":{"line":130,"column":12},"end":{"line":130,"column":61}},"28":{"start":{"line":131,"column":12},"end":{"line":131,"column":51}},"29":{"start":{"line":132,"column":12},"end":{"line":132,"column":72}},"30":{"start":{"line":135,"column":8},"end":{"line":135,"column":19}},"31":{"start":{"line":137,"column":8},"end":{"line":137,"column":80}},"32":{"start":{"line":141,"column":8},"end":{"line":141,"column":32}},"33":{"start":{"line":142,"column":8},"end":{"line":142,"column":4279}},"34":{"start":{"line":143,"column":12},"end":{"line":143,"column":4365}},"35":{"start":{"line":144,"column":16},"end":{"line":144,"column":96}},"36":{"start":{"line":149,"column":8},"end":{"line":149,"column":65}},"37":{"start":{"line":156,"column":8},"end":{"line":156,"column":86}},"38":{"start":{"line":157,"column":8},"end":{"line":157,"column":34}},"39":{"start":{"line":164,"column":8},"end":{"line":164,"column":5411}},"40":{"start":{"line":165,"column":12},"end":{"line":165,"column":38}},"41":{"start":{"line":166,"column":12},"end":{"line":166,"column":35}},"42":{"start":{"line":168,"column":12},"end":{"line":168,"column":35}},"43":{"start":{"line":176,"column":8},"end":{"line":176,"column":5889}},"44":{"start":{"line":177,"column":12},"end":{"line":177,"column":38}},"45":{"start":{"line":178,"column":12},"end":{"line":178,"column":57}},"46":{"start":{"line":180,"column":12},"end":{"line":180,"column":57}},"47":{"start":{"line":185,"column":8},"end":{"line":185,"column":79}},"48":{"start":{"line":191,"column":8},"end":{"line":191,"column":34}},"49":{"start":{"line":200,"column":8},"end":{"line":200,"column":59}},"50":{"start":{"line":201,"column":8},"end":{"line":201,"column":27}},"51":{"start":{"line":202,"column":8},"end":{"line":202,"column":53}},"52":{"start":{"line":203,"column":8},"end":{"line":203,"column":35}},"53":{"start":{"line":206,"column":8},"end":{"line":206,"column":7173}},"54":{"start":{"line":207,"column":12},"end":{"line":207,"column":52}},"55":{"start":{"line":208,"column":12},"end":{"line":208,"column":86}},"56":{"start":{"line":211,"column":8},"end":{"line":211,"column":141}},"57":{"start":{"line":213,"column":8},"end":{"line":213,"column":7535}},"58":{"start":{"line":214,"column":12},"end":{"line":214,"column":7632}},"59":{"start":{"line":215,"column":16},"end":{"line":215,"column":41}},"60":{"start":{"line":216,"column":16},"end":{"line":216,"column":7728}},"61":{"start":{"line":217,"column":20},"end":{"line":217,"column":73}},"62":{"start":{"line":220,"column":16},"end":{"line":220,"column":45}},"63":{"start":{"line":221,"column":16},"end":{"line":221,"column":7948}},"64":{"start":{"line":223,"column":23},"end":{"line":223,"column":8107}},"65":{"start":{"line":224,"column":20},"end":{"line":224,"column":53}},"66":{"start":{"line":227,"column":16},"end":{"line":227,"column":70}},"67":{"start":{"line":229,"column":16},"end":{"line":229,"column":8314}},"68":{"start":{"line":234,"column":12},"end":{"line":234,"column":52}},"69":{"start":{"line":235,"column":12},"end":{"line":235,"column":86}},"70":{"start":{"line":236,"column":12},"end":{"line":236,"column":107}},"71":{"start":{"line":239,"column":8},"end":{"line":239,"column":22}},"72":{"start":{"line":246,"column":8},"end":{"line":246,"column":64}},"73":{"start":{"line":247,"column":8},"end":{"line":247,"column":69}},"74":{"start":{"line":248,"column":8},"end":{"line":248,"column":23}},"75":{"start":{"line":249,"column":8},"end":{"line":249,"column":31}},"76":{"start":{"line":256,"column":8},"end":{"line":256,"column":63}},"77":{"start":{"line":257,"column":8},"end":{"line":257,"column":21}},"78":{"start":{"line":258,"column":8},"end":{"line":258,"column":29}},"79":{"start":{"line":266,"column":8},"end":{"line":266,"column":43}},"80":{"start":{"line":276,"column":8},"end":{"line":276,"column":57}},"81":{"start":{"line":277,"column":8},"end":{"line":277,"column":60}},"82":{"start":{"line":279,"column":8},"end":{"line":279,"column":70}},"83":{"start":{"line":280,"column":8},"end":{"line":280,"column":36}},"84":{"start":{"line":281,"column":8},"end":{"line":281,"column":29}},"85":{"start":{"line":283,"column":8},"end":{"line":283,"column":45}},"86":{"start":{"line":284,"column":8},"end":{"line":284,"column":19}},"87":{"start":{"line":293,"column":8},"end":{"line":293,"column":61}},"88":{"start":{"line":294,"column":8},"end":{"line":294,"column":58}},"89":{"start":{"line":295,"column":8},"end":{"line":295,"column":81}},"90":{"start":{"line":296,"column":8},"end":{"line":296,"column":65}},"91":{"start":{"line":297,"column":8},"end":{"line":297,"column":32}},"92":{"start":{"line":298,"column":8},"end":{"line":298,"column":30}},"93":{"start":{"line":299,"column":8},"end":{"line":299,"column":46}},"94":{"start":{"line":300,"column":8},"end":{"line":300,"column":41}},"95":{"start":{"line":301,"column":8},"end":{"line":301,"column":19}},"96":{"start":{"line":312,"column":8},"end":{"line":312,"column":61}},"97":{"start":{"line":313,"column":8},"end":{"line":313,"column":48}},"98":{"start":{"line":314,"column":8},"end":{"line":314,"column":51}},"99":{"start":{"line":315,"column":8},"end":{"line":315,"column":19}},"100":{"start":{"line":319,"column":4},"end":{"line":319,"column":19}},"101":{"start":{"line":323,"column":4},"end":{"line":323,"column":20}},"102":{"start":{"line":332,"column":8},"end":{"line":332,"column":75}},"103":{"start":{"line":333,"column":8},"end":{"line":333,"column":57}},"104":{"start":{"line":334,"column":8},"end":{"line":334,"column":58}},"105":{"start":{"line":335,"column":8},"end":{"line":335,"column":58}},"106":{"start":{"line":336,"column":8},"end":{"line":336,"column":29}},"107":{"start":{"line":337,"column":8},"end":{"line":337,"column":30}},"108":{"start":{"line":338,"column":8},"end":{"line":338,"column":48}},"109":{"start":{"line":339,"column":8},"end":{"line":339,"column":96}},"110":{"start":{"line":341,"column":8},"end":{"line":341,"column":19}},"111":{"start":{"line":349,"column":8},"end":{"line":349,"column":75}},"112":{"start":{"line":350,"column":8},"end":{"line":350,"column":58}},"113":{"start":{"line":351,"column":8},"end":{"line":351,"column":70}},"114":{"start":{"line":352,"column":8},"end":{"line":352,"column":37}},"115":{"start":{"line":353,"column":8},"end":{"line":353,"column":29}},"116":{"start":{"line":354,"column":8},"end":{"line":354,"column":55}},"117":{"start":{"line":355,"column":8},"end":{"line":355,"column":101}},"118":{"start":{"line":357,"column":8},"end":{"line":357,"column":19}},"119":{"start":{"line":365,"column":8},"end":{"line":365,"column":75}},"120":{"start":{"line":366,"column":8},"end":{"line":366,"column":20}},"121":{"start":{"line":367,"column":8},"end":{"line":367,"column":24}}},"branchMap":{"1":{"line":127,"type":"if","locations":[{"start":{"line":127,"column":8},"end":{"line":127,"column":8}},{"start":{"line":127,"column":8},"end":{"line":127,"column":8}}]},"2":{"line":143,"type":"if","locations":[{"start":{"line":143,"column":12},"end":{"line":143,"column":12}},{"start":{"line":143,"column":12},"end":{"line":143,"column":12}}]},"3":{"line":156,"type":"if","locations":[{"start":{"line":156,"column":8},"end":{"line":156,"column":8}},{"start":{"line":156,"column":8},"end":{"line":156,"column":8}}]},"4":{"line":164,"type":"if","locations":[{"start":{"line":164,"column":8},"end":{"line":164,"column":8}},{"start":{"line":164,"column":8},"end":{"line":164,"column":8}}]},"5":{"line":176,"type":"if","locations":[{"start":{"line":176,"column":8},"end":{"line":176,"column":8}},{"start":{"line":176,"column":8},"end":{"line":176,"column":8}}]},"6":{"line":200,"type":"if","locations":[{"start":{"line":200,"column":8},"end":{"line":200,"column":8}},{"start":{"line":200,"column":8},"end":{"line":200,"column":8}}]},"7":{"line":206,"type":"if","locations":[{"start":{"line":206,"column":8},"end":{"line":206,"column":8}},{"start":{"line":206,"column":8},"end":{"line":206,"column":8}}]},"8":{"line":211,"type":"if","locations":[{"start":{"line":211,"column":8},"end":{"line":211,"column":8}},{"start":{"line":211,"column":8},"end":{"line":211,"column":8}}]},"9":{"line":214,"type":"if","locations":[{"start":{"line":214,"column":12},"end":{"line":214,"column":12}},{"start":{"line":214,"column":12},"end":{"line":214,"column":12}}]},"10":{"line":216,"type":"if","locations":[{"start":{"line":216,"column":16},"end":{"line":216,"column":16}},{"start":{"line":216,"column":16},"end":{"line":216,"column":16}}]},"11":{"line":221,"type":"if","locations":[{"start":{"line":221,"column":16},"end":{"line":221,"column":16}},{"start":{"line":221,"column":16},"end":{"line":221,"column":16}}]},"12":{"line":223,"type":"if","locations":[{"start":{"line":223,"column":23},"end":{"line":223,"column":23}},{"start":{"line":223,"column":23},"end":{"line":223,"column":23}}]},"13":{"line":229,"type":"if","locations":[{"start":{"line":229,"column":16},"end":{"line":229,"column":16}},{"start":{"line":229,"column":16},"end":{"line":229,"column":16}}]},"14":{"line":236,"type":"if","locations":[{"start":{"line":236,"column":12},"end":{"line":236,"column":12}},{"start":{"line":236,"column":12},"end":{"line":236,"column":12}}]},"15":{"line":246,"type":"if","locations":[{"start":{"line":246,"column":8},"end":{"line":246,"column":8}},{"start":{"line":246,"column":8},"end":{"line":246,"column":8}}]},"16":{"line":247,"type":"if","locations":[{"start":{"line":247,"column":8},"end":{"line":247,"column":8}},{"start":{"line":247,"column":8},"end":{"line":247,"column":8}}]},"17":{"line":256,"type":"if","locations":[{"start":{"line":256,"column":8},"end":{"line":256,"column":8}},{"start":{"line":256,"column":8},"end":{"line":256,"column":8}}]},"18":{"line":276,"type":"if","locations":[{"start":{"line":276,"column":8},"end":{"line":276,"column":8}},{"start":{"line":276,"column":8},"end":{"line":276,"column":8}}]},"19":{"line":277,"type":"if","locations":[{"start":{"line":277,"column":8},"end":{"line":277,"column":8}},{"start":{"line":277,"column":8},"end":{"line":277,"column":8}}]},"20":{"line":279,"type":"if","locations":[{"start":{"line":279,"column":8},"end":{"line":279,"column":8}},{"start":{"line":279,"column":8},"end":{"line":279,"column":8}}]},"21":{"line":293,"type":"if","locations":[{"start":{"line":293,"column":8},"end":{"line":293,"column":8}},{"start":{"line":293,"column":8},"end":{"line":293,"column":8}}]},"22":{"line":294,"type":"if","locations":[{"start":{"line":294,"column":8},"end":{"line":294,"column":8}},{"start":{"line":294,"column":8},"end":{"line":294,"column":8}}]},"23":{"line":295,"type":"if","locations":[{"start":{"line":295,"column":8},"end":{"line":295,"column":8}},{"start":{"line":295,"column":8},"end":{"line":295,"column":8}}]},"24":{"line":296,"type":"if","locations":[{"start":{"line":296,"column":8},"end":{"line":296,"column":8}},{"start":{"line":296,"column":8},"end":{"line":296,"column":8}}]},"25":{"line":312,"type":"if","locations":[{"start":{"line":312,"column":8},"end":{"line":312,"column":8}},{"start":{"line":312,"column":8},"end":{"line":312,"column":8}}]},"26":{"line":332,"type":"if","locations":[{"start":{"line":332,"column":8},"end":{"line":332,"column":8}},{"start":{"line":332,"column":8},"end":{"line":332,"column":8}}]},"27":{"line":333,"type":"if","locations":[{"start":{"line":333,"column":8},"end":{"line":333,"column":8}},{"start":{"line":333,"column":8},"end":{"line":333,"column":8}}]},"28":{"line":334,"type":"if","locations":[{"start":{"line":334,"column":8},"end":{"line":334,"column":8}},{"start":{"line":334,"column":8},"end":{"line":334,"column":8}}]},"29":{"line":335,"type":"if","locations":[{"start":{"line":335,"column":8},"end":{"line":335,"column":8}},{"start":{"line":335,"column":8},"end":{"line":335,"column":8}}]},"30":{"line":349,"type":"if","locations":[{"start":{"line":349,"column":8},"end":{"line":349,"column":8}},{"start":{"line":349,"column":8},"end":{"line":349,"column":8}}]},"31":{"line":350,"type":"if","locations":[{"start":{"line":350,"column":8},"end":{"line":350,"column":8}},{"start":{"line":350,"column":8},"end":{"line":350,"column":8}}]},"32":{"line":351,"type":"if","locations":[{"start":{"line":351,"column":8},"end":{"line":351,"column":8}},{"start":{"line":351,"column":8},"end":{"line":351,"column":8}}]},"33":{"line":365,"type":"if","locations":[{"start":{"line":365,"column":8},"end":{"line":365,"column":8}},{"start":{"line":365,"column":8},"end":{"line":365,"column":8}}]}}},
"contracts/VEDinterfaces.sol":{"l":{},"path":"/Users/gauravkumar/Documents/DAO/contracts/VEDinterfaces.sol","s":{},"b":{},"f":{},"fnMap":{},"statementMap":{},"branchMap":{}},
"contracts/VotingEscrow.sol":{"l":{"123":29,"124":29,"126":29,"134":29,"135":29,"137":29,"138":29,"139":29,"141":29,"142":29,"143":29,"156":2,"160":3,"168":0,"169":0,"170":0,"175":0,"176":0,"177":0,"178":0,"179":0,"183":1,"184":1,"188":1,"189":1,"193":10,"194":0,"195":0,"196":0,"202":44,"206":5,"210":0,"211":0,"215":0,"219":3,"229":8,"230":8,"231":8,"232":8,"233":8,"235":8,"238":8,"239":2,"240":2,"242":8,"243":8,"244":8,"250":8,"251":8,"252":8,"253":1,"255":7,"259":8,"260":8,"261":2,"263":8,"267":8,"268":8,"269":8,"270":0,"276":8,"277":8,"280":8,"281":8,"282":8,"283":8,"285":0,"287":8,"288":8,"289":8,"290":0,"292":8,"293":0,"295":8,"296":8,"297":8,"298":8,"299":8,"300":8,"301":8,"303":0,"307":8,"310":8,"313":8,"314":8,"315":8,"316":0,"318":8,"319":0,"323":8,"325":8,"329":8,"331":2,"332":2,"333":1,"335":2,"338":8,"339":8,"340":7,"341":7,"346":8,"348":8,"349":8,"350":8,"351":8,"363":10,"364":10,"366":10,"367":10,"369":10,"370":10,"371":9,"373":10,"375":10,"376":9,"383":8,"384":8,"385":8,"392":0,"405":0,"407":0,"408":0,"409":0,"411":0,"420":8,"421":8,"422":8,"428":8,"429":8,"430":8,"431":8,"433":8,"435":8,"437":6,"446":1,"447":1,"449":1,"450":1,"451":1,"453":1,"461":1,"462":1,"463":1,"465":1,"466":1,"467":1,"468":1,"470":1,"478":0,"479":0,"480":0,"482":0,"483":0,"484":0,"485":0,"486":0,"487":0,"492":0,"494":0,"496":0,"497":0,"508":0,"509":0,"510":0,"511":0,"512":0,"514":0,"515":0,"516":0,"518":0,"522":0,"526":1,"537":1,"538":1,"539":0,"541":1,"542":1,"543":1,"544":0,"546":1,"560":6,"561":6,"562":6,"563":2,"565":4,"566":4,"567":4,"568":0,"570":4,"584":0,"587":0,"588":0,"589":0,"590":0,"591":0,"593":0,"594":0,"595":0,"597":0,"601":0,"603":0,"604":0,"605":0,"606":0,"607":0,"608":0,"609":0,"610":0,"611":0,"613":0,"614":0,"616":0,"617":0,"618":0,"621":0,"622":0,"623":0,"625":0,"636":0,"637":0,"638":0,"639":0,"640":0,"641":0,"642":0,"644":0,"646":0,"647":0,"648":0,"650":0,"651":0,"655":0,"656":0,"658":0,"667":0,"668":0,"669":0,"678":0,"679":0,"680":0,"681":0,"690":0,"691":0,"692":0,"694":0,"695":0,"696":0,"697":0,"698":0,"699":0,"702":0,"703":0,"708":0,"715":3,"716":1},"path":"/Users/gauravkumar/Documents/DAO/contracts/VotingEscrow.sol","s":{"1":29,"2":29,"3":29,"4":29,"5":29,"6":29,"7":29,"8":29,"9":29,"10":29,"11":29,"12":2,"13":3,"14":0,"15":0,"16":0,"17":0,"18":0,"19":0,"20":0,"21":0,"22":1,"23":1,"24":1,"25":1,"26":10,"27":0,"28":0,"29":0,"30":44,"31":5,"32":0,"33":0,"34":0,"35":3,"36":8,"37":8,"38":8,"39":8,"40":8,"41":8,"42":8,"43":2,"44":2,"45":8,"46":8,"47":8,"48":8,"49":8,"50":8,"51":1,"52":7,"53":8,"54":8,"55":2,"56":8,"57":8,"58":8,"59":8,"60":0,"61":8,"62":8,"63":8,"64":8,"65":8,"66":8,"67":0,"68":8,"69":8,"70":8,"71":0,"72":8,"73":0,"74":8,"75":8,"76":8,"77":8,"78":8,"79":8,"80":0,"81":8,"82":8,"83":8,"84":8,"85":8,"86":0,"87":8,"88":0,"89":8,"90":8,"91":8,"92":2,"93":2,"94":1,"95":2,"96":8,"97":8,"98":7,"99":7,"100":8,"101":8,"102":8,"103":8,"104":8,"105":10,"106":10,"107":10,"108":10,"109":10,"110":10,"111":9,"112":10,"113":10,"114":9,"115":8,"116":8,"117":8,"118":0,"119":0,"120":0,"121":0,"122":0,"123":0,"124":8,"125":8,"126":8,"127":8,"128":8,"129":8,"130":8,"131":8,"132":8,"133":6,"134":1,"135":1,"136":1,"137":1,"138":1,"139":1,"140":1,"141":1,"142":1,"143":1,"144":1,"145":1,"146":1,"147":1,"148":0,"149":0,"150":0,"151":0,"152":0,"153":0,"154":0,"155":0,"156":0,"157":0,"158":0,"159":0,"160":0,"161":0,"162":0,"163":0,"164":0,"165":0,"166":0,"167":0,"168":0,"169":0,"170":1,"171":1,"172":1,"173":0,"174":1,"175":1,"176":1,"177":0,"178":1,"179":6,"180":6,"181":6,"182":2,"183":4,"184":4,"185":4,"186":0,"187":4,"188":0,"189":0,"190":0,"191":0,"192":0,"193":0,"194":0,"195":0,"196":0,"197":0,"198":0,"199":0,"200":0,"201":0,"202":0,"203":0,"204":0,"205":0,"206":0,"207":0,"208":0,"209":0,"210":0,"211":0,"212":0,"213":0,"214":0,"215":0,"216":0,"217":0,"218":0,"219":0,"220":0,"221":0,"222":0,"223":0,"224":0,"225":0,"226":0,"227":0,"228":0,"229":0,"230":0,"231":0,"232":0,"233":0,"234":0,"235":0,"236":0,"237":0,"238":0,"239":0,"240":0,"241":0,"242":0,"243":0,"244":0,"245":0,"246":0,"247":0,"248":0,"249":0,"250":3,"251":1},"b":{"1":[29,0],"2":[0,0],"3":[0,0],"4":[0,0],"5":[1,0],"6":[1,0],"7":[0,10],"8":[0,0],"9":[0,0],"10":[8,0],"11":[2,6],"12":[8,0],"13":[8,0],"14":[1,7],"15":[2,6],"16":[0,8],"17":[8,0],"18":[0,8],"19":[0,8],"20":[8,0],"21":[8,0],"22":[0,8],"23":[0,8],"24":[8,0],"25":[2,6],"26":[1,1],"27":[8,0],"28":[7,1],"29":[9,1],"30":[9,1],"31":[7,2],"32":[0,0],"33":[0,0],"34":[0,0],"35":[0,0],"36":[8,0],"37":[8,0],"38":[8,0],"39":[8,0],"40":[8,0],"41":[1,0],"42":[1,0],"43":[1,0],"44":[1,0],"45":[1,0],"46":[1,0],"47":[1,0],"48":[1,0],"49":[1,0],"50":[0,0],"51":[0,0],"52":[0,0],"53":[0,0],"54":[0,0],"55":[0,1],"56":[0,1],"57":[2,4],"58":[0,4],"59":[0,0],"60":[0,0],"61":[0,0],"62":[0,0],"63":[0,0],"64":[0,0],"65":[0,0],"66":[0,0],"67":[0,0],"68":[0,0],"69":[0,0],"70":[0,0],"71":[0,0],"72":[1,2]},"f":{"1":29,"2":2,"3":3,"4":0,"5":0,"6":1,"7":1,"8":10,"9":44,"10":5,"11":0,"12":0,"13":3,"14":8,"15":10,"16":0,"17":0,"18":8,"19":1,"20":1,"21":0,"22":0,"23":1,"24":1,"25":6,"26":0,"27":0,"28":0,"29":0,"30":0,"31":3},"fnMap":{"1":{"name":"constructor","line":115,"loc":{"start":{"line":115,"column":2},"end":{"line":144,"column":2}}},"2":{"name":"get_controller","line":155,"loc":{"start":{"line":155,"column":2},"end":{"line":157,"column":2}}},"3":{"name":"get_smart_wallet_checker","line":159,"loc":{"start":{"line":159,"column":2},"end":{"line":161,"column":2}}},"4":{"name":"commit_transfer_ownership","line":167,"loc":{"start":{"line":167,"column":2},"end":{"line":171,"column":2}}},"5":{"name":"apply_transfer_ownership","line":173,"loc":{"start":{"line":173,"column":2},"end":{"line":180,"column":2}}},"6":{"name":"commit_smart_wallet_checker","line":182,"loc":{"start":{"line":182,"column":2},"end":{"line":185,"column":2}}},"7":{"name":"apply_smart_wallet_checker","line":187,"loc":{"start":{"line":187,"column":2},"end":{"line":190,"column":2}}},"8":{"name":"assert_not_contract","line":192,"loc":{"start":{"line":192,"column":2},"end":{"line":199,"column":2}}},"9":{"name":"uinttoint","line":201,"loc":{"start":{"line":201,"column":2},"end":{"line":203,"column":2}}},"10":{"name":"inttouint","line":205,"loc":{"start":{"line":205,"column":2},"end":{"line":207,"column":2}}},"11":{"name":"get_last_user_slope","line":209,"loc":{"start":{"line":209,"column":2},"end":{"line":212,"column":2}}},"12":{"name":"user_point_history__ts","line":214,"loc":{"start":{"line":214,"column":2},"end":{"line":216,"column":2}}},"13":{"name":"locked__end","line":218,"loc":{"start":{"line":218,"column":2},"end":{"line":220,"column":2}}},"14":{"name":"_checkpoint","line":222,"loc":{"start":{"line":222,"column":2},"end":{"line":353,"column":2}}},"15":{"name":"_deposit_for","line":355,"loc":{"start":{"line":355,"column":2},"end":{"line":386,"column":2}}},"16":{"name":"checkpoint","line":388,"loc":{"start":{"line":388,"column":2},"end":{"line":393,"column":2}}},"17":{"name":"deposit_for","line":395,"loc":{"start":{"line":395,"column":2},"end":{"line":412,"column":2}}},"18":{"name":"create_lock","line":414,"loc":{"start":{"line":414,"column":2},"end":{"line":438,"column":2}}},"19":{"name":"increase_amount","line":440,"loc":{"start":{"line":440,"column":2},"end":{"line":454,"column":2}}},"20":{"name":"increase_unlock_time","line":456,"loc":{"start":{"line":456,"column":2},"end":{"line":471,"column":2}}},"21":{"name":"withdraw","line":473,"loc":{"start":{"line":473,"column":2},"end":{"line":498,"column":2}}},"22":{"name":"find_block_epoch","line":500,"loc":{"start":{"line":500,"column":2},"end":{"line":523,"column":2}}},"23":{"name":"getVotingPowerAt","line":525,"loc":{"start":{"line":525,"column":2},"end":{"line":527,"column":2}}},"24":{"name":"balanceOf","line":529,"loc":{"start":{"line":529,"column":2},"end":{"line":548,"column":2}}},"25":{"name":"balanceOf","line":552,"loc":{"start":{"line":552,"column":2},"end":{"line":572,"column":2}}},"26":{"name":"balanceOfAt","line":574,"loc":{"start":{"line":574,"column":2},"end":{"line":627,"column":2}}},"27":{"name":"supply_at","line":629,"loc":{"start":{"line":629,"column":2},"end":{"line":659,"column":2}}},"28":{"name":"totalSupplyAtEpoch","line":661,"loc":{"start":{"line":661,"column":2},"end":{"line":670,"column":2}}},"29":{"name":"totalSupply","line":672,"loc":{"start":{"line":672,"column":2},"end":{"line":682,"column":2}}},"30":{"name":"totalSupplyAt","line":684,"loc":{"start":{"line":684,"column":2},"end":{"line":709,"column":2}}},"31":{"name":"changeController","line":711,"loc":{"start":{"line":711,"column":2},"end":{"line":717,"column":2}}}},"statementMap":{"1":{"start":{"line":123,"column":4},"end":{"line":123,"column":21}},"2":{"start":{"line":124,"column":4},"end":{"line":124,"column":21}},"3":{"start":{"line":126,"column":4},"end":{"line":126,"column":3549}},"4":{"start":{"line":134,"column":4},"end":{"line":134,"column":26}},"5":{"start":{"line":135,"column":4},"end":{"line":135,"column":26}},"6":{"start":{"line":137,"column":4},"end":{"line":137,"column":52}},"7":{"start":{"line":138,"column":4},"end":{"line":138,"column":36}},"8":{"start":{"line":139,"column":4},"end":{"line":139,"column":23}},"9":{"start":{"line":141,"column":4},"end":{"line":141,"column":15}},"10":{"start":{"line":142,"column":4},"end":{"line":142,"column":19}},"11":{"start":{"line":143,"column":4},"end":{"line":143,"column":21}},"12":{"start":{"line":156,"column":4},"end":{"line":156,"column":21}},"13":{"start":{"line":160,"column":4},"end":{"line":160,"column":31}},"14":{"start":{"line":168,"column":4},"end":{"line":168,"column":75}},"15":{"start":{"line":169,"column":4},"end":{"line":169,"column":22}},"16":{"start":{"line":170,"column":4},"end":{"line":170,"column":30}},"17":{"start":{"line":175,"column":4},"end":{"line":175,"column":74}},"18":{"start":{"line":176,"column":4},"end":{"line":176,"column":33}},"19":{"start":{"line":177,"column":4},"end":{"line":177,"column":48}},"20":{"start":{"line":178,"column":4},"end":{"line":178,"column":17}},"21":{"start":{"line":179,"column":4},"end":{"line":179,"column":31}},"22":{"start":{"line":183,"column":4},"end":{"line":183,"column":77}},"23":{"start":{"line":184,"column":4},"end":{"line":184,"column":37}},"24":{"start":{"line":188,"column":4},"end":{"line":188,"column":76}},"25":{"start":{"line":189,"column":4},"end":{"line":189,"column":53}},"26":{"start":{"line":193,"column":4},"end":{"line":193,"column":5335}},"27":{"start":{"line":194,"column":6},"end":{"line":194,"column":44}},"28":{"start":{"line":195,"column":6},"end":{"line":195,"column":5413}},"29":{"start":{"line":196,"column":8},"end":{"line":196,"column":97}},"30":{"start":{"line":202,"column":4},"end":{"line":202,"column":19}},"31":{"start":{"line":206,"column":4},"end":{"line":206,"column":20}},"32":{"start":{"line":210,"column":4},"end":{"line":210,"column":43}},"33":{"start":{"line":211,"column":4},"end":{"line":211,"column":49}},"34":{"start":{"line":215,"column":4},"end":{"line":215,"column":45}},"35":{"start":{"line":219,"column":4},"end":{"line":219,"column":28}},"36":{"start":{"line":229,"column":4},"end":{"line":229,"column":39}},"37":{"start":{"line":230,"column":4},"end":{"line":230,"column":39}},"38":{"start":{"line":231,"column":4},"end":{"line":231,"column":25}},"39":{"start":{"line":232,"column":4},"end":{"line":232,"column":25}},"40":{"start":{"line":233,"column":4},"end":{"line":233,"column":26}},"41":{"start":{"line":235,"column":4},"end":{"line":235,"column":6742}},"42":{"start":{"line":238,"column":8},"end":{"line":238,"column":6861}},"43":{"start":{"line":239,"column":12},"end":{"line":239,"column":82}},"44":{"start":{"line":240,"column":12},"end":{"line":240,"column":100}},"45":{"start":{"line":242,"column":8},"end":{"line":242,"column":7131}},"46":{"start":{"line":243,"column":12},"end":{"line":243,"column":82}},"47":{"start":{"line":244,"column":12},"end":{"line":244,"column":100}},"48":{"start":{"line":250,"column":8},"end":{"line":250,"column":49}},"49":{"start":{"line":251,"column":8},"end":{"line":251,"column":7664}},"50":{"start":{"line":252,"column":12},"end":{"line":252,"column":7707}},"51":{"start":{"line":253,"column":16},"end":{"line":253,"column":38}},"52":{"start":{"line":255,"column":16},"end":{"line":255,"column":57}},"53":{"start":{"line":259,"column":4},"end":{"line":259,"column":96}},"54":{"start":{"line":260,"column":4},"end":{"line":260,"column":7993}},"55":{"start":{"line":261,"column":8},"end":{"line":261,"column":41}},"56":{"start":{"line":263,"column":4},"end":{"line":263,"column":43}},"57":{"start":{"line":267,"column":4},"end":{"line":267,"column":48}},"58":{"start":{"line":268,"column":4},"end":{"line":268,"column":28}},"59":{"start":{"line":269,"column":4},"end":{"line":269,"column":8405}},"60":{"start":{"line":270,"column":8},"end":{"line":270,"column":101}},"61":{"start":{"line":276,"column":4},"end":{"line":276,"column":50}},"62":{"start":{"line":277,"column":4},"end":{"line":277,"column":8808}},"63":{"start":{"line":280,"column":6},"end":{"line":280,"column":16}},"64":{"start":{"line":281,"column":6},"end":{"line":281,"column":24}},"65":{"start":{"line":282,"column":6},"end":{"line":282,"column":9051}},"66":{"start":{"line":283,"column":10},"end":{"line":283,"column":30}},"67":{"start":{"line":285,"column":10},"end":{"line":285,"column":37}},"68":{"start":{"line":287,"column":6},"end":{"line":287,"column":94}},"69":{"start":{"line":288,"column":6},"end":{"line":288,"column":32}},"70":{"start":{"line":289,"column":6},"end":{"line":289,"column":9314}},"71":{"start":{"line":290,"column":10},"end":{"line":290,"column":28}},"72":{"start":{"line":292,"column":6},"end":{"line":292,"column":9405}},"73":{"start":{"line":293,"column":10},"end":{"line":293,"column":29}},"74":{"start":{"line":295,"column":6},"end":{"line":295,"column":26}},"75":{"start":{"line":296,"column":6},"end":{"line":296,"column":24}},"76":{"start":{"line":297,"column":6},"end":{"line":297,"column":103}},"77":{"start":{"line":298,"column":6},"end":{"line":298,"column":16}},"78":{"start":{"line":299,"column":6},"end":{"line":299,"column":9698}},"79":{"start":{"line":300,"column":10},"end":{"line":300,"column":38}},"80":{"start":{"line":303,"column":10},"end":{"line":303,"column":43}},"81":{"start":{"line":307,"column":4},"end":{"line":307,"column":17}},"82":{"start":{"line":310,"column":4},"end":{"line":310,"column":9938}},"83":{"start":{"line":313,"column":8},"end":{"line":313,"column":54}},"84":{"start":{"line":314,"column":8},"end":{"line":314,"column":51}},"85":{"start":{"line":315,"column":8},"end":{"line":315,"column":10220}},"86":{"start":{"line":316,"column":12},"end":{"line":316,"column":31}},"87":{"start":{"line":318,"column":8},"end":{"line":318,"column":10300}},"88":{"start":{"line":319,"column":12},"end":{"line":319,"column":30}},"89":{"start":{"line":323,"column":4},"end":{"line":323,"column":37}},"90":{"start":{"line":325,"column":4},"end":{"line":325,"column":10462}},"91":{"start":{"line":329,"column":8},"end":{"line":329,"column":10674}},"92":{"start":{"line":331,"column":12},"end":{"line":331,"column":36}},"93":{"start":{"line":332,"column":12},"end":{"line":332,"column":10844}},"94":{"start":{"line":333,"column":16},"end":{"line":333,"column":40}},"95":{"start":{"line":335,"column":12},"end":{"line":335,"column":53}},"96":{"start":{"line":338,"column":8},"end":{"line":338,"column":11052}},"97":{"start":{"line":339,"column":12},"end":{"line":339,"column":11107}},"98":{"start":{"line":340,"column":16},"end":{"line":340,"column":40}},"99":{"start":{"line":341,"column":16},"end":{"line":341,"column":57}},"100":{"start":{"line":346,"column":8},"end":{"line":346,"column":42}},"101":{"start":{"line":348,"column":8},"end":{"line":348,"column":38}},"102":{"start":{"line":349,"column":8},"end":{"line":349,"column":33}},"103":{"start":{"line":350,"column":8},"end":{"line":350,"column":31}},"104":{"start":{"line":351,"column":8},"end":{"line":351,"column":47}},"105":{"start":{"line":363,"column":4},"end":{"line":363,"column":50}},"106":{"start":{"line":364,"column":4},"end":{"line":364,"column":34}},"107":{"start":{"line":366,"column":4},"end":{"line":366,"column":34}},"108":{"start":{"line":367,"column":4},"end":{"line":367,"column":51}},"109":{"start":{"line":369,"column":4},"end":{"line":369,"column":57}},"110":{"start":{"line":370,"column":4},"end":{"line":370,"column":12369}},"111":{"start":{"line":371,"column":8},"end":{"line":371,"column":32}},"112":{"start":{"line":373,"column":4},"end":{"line":373,"column":26}},"113":{"start":{"line":375,"column":4},"end":{"line":375,"column":12468}},"114":{"start":{"line":376,"column":8},"end":{"line":376,"column":71}},"115":{"start":{"line":383,"column":4},"end":{"line":383,"column":42}},"116":{"start":{"line":384,"column":4},"end":{"line":384,"column":68}},"117":{"start":{"line":385,"column":4},"end":{"line":385,"column":54}},"118":{"start":{"line":392,"column":4},"end":{"line":392,"column":66}},"119":{"start":{"line":405,"column":4},"end":{"line":405,"column":48}},"120":{"start":{"line":407,"column":4},"end":{"line":407,"column":42}},"121":{"start":{"line":408,"column":4},"end":{"line":408,"column":56}},"122":{"start":{"line":409,"column":4},"end":{"line":409,"column":81}},"123":{"start":{"line":411,"column":4},"end":{"line":411,"column":96}},"124":{"start":{"line":420,"column":4},"end":{"line":420,"column":34}},"125":{"start":{"line":421,"column":4},"end":{"line":421,"column":54}},"126":{"start":{"line":422,"column":4},"end":{"line":422,"column":53}},"127":{"start":{"line":428,"column":4},"end":{"line":428,"column":44}},"128":{"start":{"line":429,"column":4},"end":{"line":429,"column":60}},"129":{"start":{"line":430,"column":4},"end":{"line":430,"column":83}},"130":{"start":{"line":431,"column":4},"end":{"line":431,"column":86}},"131":{"start":{"line":433,"column":4},"end":{"line":433,"column":31}},"132":{"start":{"line":435,"column":4},"end":{"line":435,"column":75}},"133":{"start":{"line":437,"column":4},"end":{"line":437,"column":23}},"134":{"start":{"line":446,"column":4},"end":{"line":446,"column":34}},"135":{"start":{"line":447,"column":4},"end":{"line":447,"column":53}},"136":{"start":{"line":449,"column":4},"end":{"line":449,"column":44}},"137":{"start":{"line":450,"column":4},"end":{"line":450,"column":56}},"138":{"start":{"line":451,"column":4},"end":{"line":451,"column":81}},"139":{"start":{"line":453,"column":4},"end":{"line":453,"column":69}},"140":{"start":{"line":461,"column":4},"end":{"line":461,"column":34}},"141":{"start":{"line":462,"column":4},"end":{"line":462,"column":53}},"142":{"start":{"line":463,"column":4},"end":{"line":463,"column":55}},"143":{"start":{"line":465,"column":4},"end":{"line":465,"column":57}},"144":{"start":{"line":466,"column":4},"end":{"line":466,"column":51}},"145":{"start":{"line":467,"column":4},"end":{"line":467,"column":72}},"146":{"start":{"line":468,"column":4},"end":{"line":468,"column":86}},"147":{"start":{"line":470,"column":4},"end":{"line":470,"column":74}},"148":{"start":{"line":478,"column":4},"end":{"line":478,"column":53}},"149":{"start":{"line":479,"column":4},"end":{"line":479,"column":68}},"150":{"start":{"line":480,"column":4},"end":{"line":480,"column":45}},"151":{"start":{"line":482,"column":4},"end":{"line":482,"column":45}},"152":{"start":{"line":483,"column":4},"end":{"line":483,"column":18}},"153":{"start":{"line":484,"column":4},"end":{"line":484,"column":21}},"154":{"start":{"line":485,"column":4},"end":{"line":485,"column":31}},"155":{"start":{"line":486,"column":4},"end":{"line":486,"column":34}},"156":{"start":{"line":487,"column":4},"end":{"line":487,"column":33}},"157":{"start":{"line":492,"column":4},"end":{"line":492,"column":47}},"158":{"start":{"line":494,"column":4},"end":{"line":494,"column":52}},"159":{"start":{"line":496,"column":4},"end":{"line":496,"column":53}},"160":{"start":{"line":497,"column":4},"end":{"line":497,"column":53}},"161":{"start":{"line":508,"column":4},"end":{"line":508,"column":19}},"162":{"start":{"line":509,"column":4},"end":{"line":509,"column":28}},"163":{"start":{"line":510,"column":4},"end":{"line":510,"column":17559}},"164":{"start":{"line":511,"column":6},"end":{"line":511,"column":17603}},"165":{"start":{"line":514,"column":6},"end":{"line":514,"column":42}},"166":{"start":{"line":515,"column":6},"end":{"line":515,"column":17700}},"167":{"start":{"line":516,"column":8},"end":{"line":516,"column":18}},"168":{"start":{"line":518,"column":8},"end":{"line":518,"column":22}},"169":{"start":{"line":522,"column":4},"end":{"line":522,"column":15}},"170":{"start":{"line":526,"column":4},"end":{"line":526,"column":29}},"171":{"start":{"line":537,"column":4},"end":{"line":537,"column":43}},"172":{"start":{"line":538,"column":4},"end":{"line":538,"column":18378}},"173":{"start":{"line":539,"column":8},"end":{"line":539,"column":16}},"174":{"start":{"line":541,"column":8},"end":{"line":541,"column":66}},"175":{"start":{"line":542,"column":8},"end":{"line":542,"column":122}},"176":{"start":{"line":543,"column":8},"end":{"line":543,"column":18633}},"177":{"start":{"line":544,"column":12},"end":{"line":544,"column":30}},"178":{"start":{"line":546,"column":8},"end":{"line":546,"column":41}},"179":{"start":{"line":560,"column":4},"end":{"line":560,"column":32}},"180":{"start":{"line":561,"column":4},"end":{"line":561,"column":43}},"181":{"start":{"line":562,"column":4},"end":{"line":562,"column":19281}},"182":{"start":{"line":563,"column":8},"end":{"line":563,"column":16}},"183":{"start":{"line":565,"column":8},"end":{"line":565,"column":66}},"184":{"start":{"line":566,"column":8},"end":{"line":566,"column":93}},"185":{"start":{"line":567,"column":8},"end":{"line":567,"column":19507}},"186":{"start":{"line":568,"column":12},"end":{"line":568,"column":30}},"187":{"start":{"line":570,"column":8},"end":{"line":570,"column":41}},"188":{"start":{"line":584,"column":4},"end":{"line":584,"column":66}},"189":{"start":{"line":587,"column":4},"end":{"line":587,"column":20}},"190":{"start":{"line":588,"column":4},"end":{"line":588,"column":41}},"191":{"start":{"line":589,"column":4},"end":{"line":589,"column":20273}},"192":{"start":{"line":590,"column":6},"end":{"line":590,"column":20317}},"193":{"start":{"line":593,"column":6},"end":{"line":593,"column":42}},"194":{"start":{"line":594,"column":6},"end":{"line":594,"column":20414}},"195":{"start":{"line":595,"column":8},"end":{"line":595,"column":18}},"196":{"start":{"line":597,"column":8},"end":{"line":597,"column":22}},"197":{"start":{"line":601,"column":4},"end":{"line":601,"column":56}},"198":{"start":{"line":603,"column":4},"end":{"line":603,"column":29}},"199":{"start":{"line":604,"column":4},"end":{"line":604,"column":56}},"200":{"start":{"line":605,"column":4},"end":{"line":605,"column":48}},"201":{"start":{"line":606,"column":4},"end":{"line":606,"column":23}},"202":{"start":{"line":607,"column":4},"end":{"line":607,"column":19}},"203":{"start":{"line":608,"column":4},"end":{"line":608,"column":20794}},"204":{"start":{"line":609,"column":8},"end":{"line":609,"column":56}},"205":{"start":{"line":610,"column":8},"end":{"line":610,"column":42}},"206":{"start":{"line":611,"column":8},"end":{"line":611,"column":36}},"207":{"start":{"line":613,"column":8},"end":{"line":613,"column":43}},"208":{"start":{"line":614,"column":8},"end":{"line":614,"column":41}},"209":{"start":{"line":616,"column":4},"end":{"line":616,"column":35}},"210":{"start":{"line":617,"column":4},"end":{"line":617,"column":21112}},"211":{"start":{"line":618,"column":8},"end":{"line":618,"column":59}},"212":{"start":{"line":621,"column":4},"end":{"line":621,"column":85}},"213":{"start":{"line":622,"column":4},"end":{"line":622,"column":21293}},"214":{"start":{"line":623,"column":8},"end":{"line":623,"column":37}},"215":{"start":{"line":625,"column":8},"end":{"line":625,"column":16}},"216":{"start":{"line":636,"column":4},"end":{"line":636,"column":35}},"217":{"start":{"line":637,"column":4},"end":{"line":637,"column":47}},"218":{"start":{"line":638,"column":4},"end":{"line":638,"column":21834}},"219":{"start":{"line":639,"column":6},"end":{"line":639,"column":16}},"220":{"start":{"line":640,"column":6},"end":{"line":640,"column":24}},"221":{"start":{"line":641,"column":6},"end":{"line":641,"column":21923}},"222":{"start":{"line":642,"column":10},"end":{"line":642,"column":16}},"223":{"start":{"line":644,"column":10},"end":{"line":644,"column":37}},"224":{"start":{"line":646,"column":6},"end":{"line":646,"column":92}},"225":{"start":{"line":647,"column":6},"end":{"line":647,"column":22121}},"226":{"start":{"line":650,"column":6},"end":{"line":650,"column":32}},"227":{"start":{"line":651,"column":6},"end":{"line":651,"column":24}},"228":{"start":{"line":655,"column":4},"end":{"line":655,"column":22240}},"229":{"start":{"line":656,"column":8},"end":{"line":656,"column":26}},"230":{"start":{"line":658,"column":4},"end":{"line":658,"column":37}},"231":{"start":{"line":667,"column":4},"end":{"line":667,"column":27}},"232":{"start":{"line":668,"column":4},"end":{"line":668,"column":51}},"233":{"start":{"line":669,"column":4},"end":{"line":669,"column":35}},"234":{"start":{"line":678,"column":4},"end":{"line":678,"column":31}},"235":{"start":{"line":679,"column":4},"end":{"line":679,"column":27}},"236":{"start":{"line":680,"column":4},"end":{"line":680,"column":51}},"237":{"start":{"line":681,"column":4},"end":{"line":681,"column":35}},"238":{"start":{"line":690,"column":4},"end":{"line":690,"column":35}},"239":{"start":{"line":691,"column":4},"end":{"line":691,"column":26}},"240":{"start":{"line":692,"column":4},"end":{"line":692,"column":59}},"241":{"start":{"line":694,"column":4},"end":{"line":694,"column":52}},"242":{"start":{"line":695,"column":4},"end":{"line":695,"column":18}},"243":{"start":{"line":696,"column":4},"end":{"line":696,"column":23601}},"244":{"start":{"line":697,"column":8},"end":{"line":697,"column":64}},"245":{"start":{"line":698,"column":8},"end":{"line":698,"column":23708}},"246":{"start":{"line":699,"column":12},"end":{"line":699,"column":96}},"247":{"start":{"line":702,"column":8},"end":{"line":702,"column":23873}},"248":{"start":{"line":703,"column":12},"end":{"line":703,"column":96}},"249":{"start":{"line":708,"column":4},"end":{"line":708,"column":42}},"250":{"start":{"line":715,"column":4},"end":{"line":715,"column":77}},"251":{"start":{"line":716,"column":4},"end":{"line":716,"column":30}}},"branchMap":{"1":{"line":138,"type":"if","locations":[{"start":{"line":138,"column":4},"end":{"line":138,"column":4}},{"start":{"line":138,"column":4},"end":{"line":138,"column":4}}]},"2":{"line":168,"type":"if","locations":[{"start":{"line":168,"column":4},"end":{"line":168,"column":4}},{"start":{"line":168,"column":4},"end":{"line":168,"column":4}}]},"3":{"line":175,"type":"if","locations":[{"start":{"line":175,"column":4},"end":{"line":175,"column":4}},{"start":{"line":175,"column":4},"end":{"line":175,"column":4}}]},"4":{"line":177,"type":"if","locations":[{"start":{"line":177,"column":4},"end":{"line":177,"column":4}},{"start":{"line":177,"column":4},"end":{"line":177,"column":4}}]},"5":{"line":183,"type":"if","locations":[{"start":{"line":183,"column":4},"end":{"line":183,"column":4}},{"start":{"line":183,"column":4},"end":{"line":183,"column":4}}]},"6":{"line":188,"type":"if","locations":[{"start":{"line":188,"column":4},"end":{"line":188,"column":4}},{"start":{"line":188,"column":4},"end":{"line":188,"column":4}}]},"7":{"line":193,"type":"if","locations":[{"start":{"line":193,"column":4},"end":{"line":193,"column":4}},{"start":{"line":193,"column":4},"end":{"line":193,"column":4}}]},"8":{"line":195,"type":"if","locations":[{"start":{"line":195,"column":6},"end":{"line":195,"column":6}},{"start":{"line":195,"column":6},"end":{"line":195,"column":6}}]},"9":{"line":196,"type":"if","locations":[{"start":{"line":196,"column":8},"end":{"line":196,"column":8}},{"start":{"line":196,"column":8},"end":{"line":196,"column":8}}]},"10":{"line":235,"type":"if","locations":[{"start":{"line":235,"column":4},"end":{"line":235,"column":4}},{"start":{"line":235,"column":4},"end":{"line":235,"column":4}}]},"11":{"line":238,"type":"if","locations":[{"start":{"line":238,"column":8},"end":{"line":238,"column":8}},{"start":{"line":238,"column":8},"end":{"line":238,"column":8}}]},"12":{"line":242,"type":"if","locations":[{"start":{"line":242,"column":8},"end":{"line":242,"column":8}},{"start":{"line":242,"column":8},"end":{"line":242,"column":8}}]},"13":{"line":251,"type":"if","locations":[{"start":{"line":251,"column":8},"end":{"line":251,"column":8}},{"start":{"line":251,"column":8},"end":{"line":251,"column":8}}]},"14":{"line":252,"type":"if","locations":[{"start":{"line":252,"column":12},"end":{"line":252,"column":12}},{"start":{"line":252,"column":12},"end":{"line":252,"column":12}}]},"15":{"line":260,"type":"if","locations":[{"start":{"line":260,"column":4},"end":{"line":260,"column":4}},{"start":{"line":260,"column":4},"end":{"line":260,"column":4}}]},"16":{"line":269,"type":"if","locations":[{"start":{"line":269,"column":4},"end":{"line":269,"column":4}},{"start":{"line":269,"column":4},"end":{"line":269,"column":4}}]},"17":{"line":282,"type":"if","locations":[{"start":{"line":282,"column":6},"end":{"line":282,"column":6}},{"start":{"line":282,"column":6},"end":{"line":282,"column":6}}]},"18":{"line":289,"type":"if","locations":[{"start":{"line":289,"column":6},"end":{"line":289,"column":6}},{"start":{"line":289,"column":6},"end":{"line":289,"column":6}}]},"19":{"line":292,"type":"if","locations":[{"start":{"line":292,"column":6},"end":{"line":292,"column":6}},{"start":{"line":292,"column":6},"end":{"line":292,"column":6}}]},"20":{"line":299,"type":"if","locations":[{"start":{"line":299,"column":6},"end":{"line":299,"column":6}},{"start":{"line":299,"column":6},"end":{"line":299,"column":6}}]},"21":{"line":310,"type":"if","locations":[{"start":{"line":310,"column":4},"end":{"line":310,"column":4}},{"start":{"line":310,"column":4},"end":{"line":310,"column":4}}]},"22":{"line":315,"type":"if","locations":[{"start":{"line":315,"column":8},"end":{"line":315,"column":8}},{"start":{"line":315,"column":8},"end":{"line":315,"column":8}}]},"23":{"line":318,"type":"if","locations":[{"start":{"line":318,"column":8},"end":{"line":318,"column":8}},{"start":{"line":318,"column":8},"end":{"line":318,"column":8}}]},"24":{"line":325,"type":"if","locations":[{"start":{"line":325,"column":4},"end":{"line":325,"column":4}},{"start":{"line":325,"column":4},"end":{"line":325,"column":4}}]},"25":{"line":329,"type":"if","locations":[{"start":{"line":329,"column":8},"end":{"line":329,"column":8}},{"start":{"line":329,"column":8},"end":{"line":329,"column":8}}]},"26":{"line":332,"type":"if","locations":[{"start":{"line":332,"column":12},"end":{"line":332,"column":12}},{"start":{"line":332,"column":12},"end":{"line":332,"column":12}}]},"27":{"line":338,"type":"if","locations":[{"start":{"line":338,"column":8},"end":{"line":338,"column":8}},{"start":{"line":338,"column":8},"end":{"line":338,"column":8}}]},"28":{"line":339,"type":"if","locations":[{"start":{"line":339,"column":12},"end":{"line":339,"column":12}},{"start":{"line":339,"column":12},"end":{"line":339,"column":12}}]},"29":{"line":370,"type":"if","locations":[{"start":{"line":370,"column":4},"end":{"line":370,"column":4}},{"start":{"line":370,"column":4},"end":{"line":370,"column":4}}]},"30":{"line":375,"type":"if","locations":[{"start":{"line":375,"column":4},"end":{"line":375,"column":4}},{"start":{"line":375,"column":4},"end":{"line":375,"column":4}}]},"31":{"line":376,"type":"if","locations":[{"start":{"line":376,"column":8},"end":{"line":376,"column":8}},{"start":{"line":376,"column":8},"end":{"line":376,"column":8}}]},"32":{"line":395,"type":"if","locations":[{"start":{"line":395,"column":60},"end":{"line":395,"column":60}},{"start":{"line":395,"column":60},"end":{"line":395,"column":60}}]},"33":{"line":407,"type":"if","locations":[{"start":{"line":407,"column":4},"end":{"line":407,"column":4}},{"start":{"line":407,"column":4},"end":{"line":407,"column":4}}]},"34":{"line":408,"type":"if","locations":[{"start":{"line":408,"column":4},"end":{"line":408,"column":4}},{"start":{"line":408,"column":4},"end":{"line":408,"column":4}}]},"35":{"line":409,"type":"if","locations":[{"start":{"line":409,"column":4},"end":{"line":409,"column":4}},{"start":{"line":409,"column":4},"end":{"line":409,"column":4}}]},"36":{"line":414,"type":"if","locations":[{"start":{"line":414,"column":68},"end":{"line":414,"column":68}},{"start":{"line":414,"column":68},"end":{"line":414,"column":68}}]},"37":{"line":428,"type":"if","locations":[{"start":{"line":428,"column":4},"end":{"line":428,"column":4}},{"start":{"line":428,"column":4},"end":{"line":428,"column":4}}]},"38":{"line":429,"type":"if","locations":[{"start":{"line":429,"column":4},"end":{"line":429,"column":4}},{"start":{"line":429,"column":4},"end":{"line":429,"column":4}}]},"39":{"line":430,"type":"if","locations":[{"start":{"line":430,"column":4},"end":{"line":430,"column":4}},{"start":{"line":430,"column":4},"end":{"line":430,"column":4}}]},"40":{"line":431,"type":"if","locations":[{"start":{"line":431,"column":4},"end":{"line":431,"column":4}},{"start":{"line":431,"column":4},"end":{"line":431,"column":4}}]},"41":{"line":440,"type":"if","locations":[{"start":{"line":440,"column":50},"end":{"line":440,"column":50}},{"start":{"line":440,"column":50},"end":{"line":440,"column":50}}]},"42":{"line":449,"type":"if","locations":[{"start":{"line":449,"column":4},"end":{"line":449,"column":4}},{"start":{"line":449,"column":4},"end":{"line":449,"column":4}}]},"43":{"line":450,"type":"if","locations":[{"start":{"line":450,"column":4},"end":{"line":450,"column":4}},{"start":{"line":450,"column":4},"end":{"line":450,"column":4}}]},"44":{"line":451,"type":"if","locations":[{"start":{"line":451,"column":4},"end":{"line":451,"column":4}},{"start":{"line":451,"column":4},"end":{"line":451,"column":4}}]},"45":{"line":456,"type":"if","locations":[{"start":{"line":456,"column":61},"end":{"line":456,"column":61}},{"start":{"line":456,"column":61},"end":{"line":456,"column":61}}]},"46":{"line":465,"type":"if","locations":[{"start":{"line":465,"column":4},"end":{"line":465,"column":4}},{"start":{"line":465,"column":4},"end":{"line":465,"column":4}}]},"47":{"line":466,"type":"if","locations":[{"start":{"line":466,"column":4},"end":{"line":466,"column":4}},{"start":{"line":466,"column":4},"end":{"line":466,"column":4}}]},"48":{"line":467,"type":"if","locations":[{"start":{"line":467,"column":4},"end":{"line":467,"column":4}},{"start":{"line":467,"column":4},"end":{"line":467,"column":4}}]},"49":{"line":468,"type":"if","locations":[{"start":{"line":468,"column":4},"end":{"line":468,"column":4}},{"start":{"line":468,"column":4},"end":{"line":468,"column":4}}]},"50":{"line":473,"type":"if","locations":[{"start":{"line":473,"column":29},"end":{"line":473,"column":29}},{"start":{"line":473,"column":29},"end":{"line":473,"column":29}}]},"51":{"line":479,"type":"if","locations":[{"start":{"line":479,"column":4},"end":{"line":479,"column":4}},{"start":{"line":479,"column":4},"end":{"line":479,"column":4}}]},"52":{"line":494,"type":"if","locations":[{"start":{"line":494,"column":4},"end":{"line":494,"column":4}},{"start":{"line":494,"column":4},"end":{"line":494,"column":4}}]},"53":{"line":511,"type":"if","locations":[{"start":{"line":511,"column":6},"end":{"line":511,"column":6}},{"start":{"line":511,"column":6},"end":{"line":511,"column":6}}]},"54":{"line":515,"type":"if","locations":[{"start":{"line":515,"column":6},"end":{"line":515,"column":6}},{"start":{"line":515,"column":6},"end":{"line":515,"column":6}}]},"55":{"line":538,"type":"if","locations":[{"start":{"line":538,"column":4},"end":{"line":538,"column":4}},{"start":{"line":538,"column":4},"end":{"line":538,"column":4}}]},"56":{"line":543,"type":"if","locations":[{"start":{"line":543,"column":8},"end":{"line":543,"column":8}},{"start":{"line":543,"column":8},"end":{"line":543,"column":8}}]},"57":{"line":562,"type":"if","locations":[{"start":{"line":562,"column":4},"end":{"line":562,"column":4}},{"start":{"line":562,"column":4},"end":{"line":562,"column":4}}]},"58":{"line":567,"type":"if","locations":[{"start":{"line":567,"column":8},"end":{"line":567,"column":8}},{"start":{"line":567,"column":8},"end":{"line":567,"column":8}}]},"59":{"line":584,"type":"if","locations":[{"start":{"line":584,"column":4},"end":{"line":584,"column":4}},{"start":{"line":584,"column":4},"end":{"line":584,"column":4}}]},"60":{"line":590,"type":"if","locations":[{"start":{"line":590,"column":6},"end":{"line":590,"column":6}},{"start":{"line":590,"column":6},"end":{"line":590,"column":6}}]},"61":{"line":594,"type":"if","locations":[{"start":{"line":594,"column":6},"end":{"line":594,"column":6}},{"start":{"line":594,"column":6},"end":{"line":594,"column":6}}]},"62":{"line":608,"type":"if","locations":[{"start":{"line":608,"column":4},"end":{"line":608,"column":4}},{"start":{"line":608,"column":4},"end":{"line":608,"column":4}}]},"63":{"line":617,"type":"if","locations":[{"start":{"line":617,"column":4},"end":{"line":617,"column":4}},{"start":{"line":617,"column":4},"end":{"line":617,"column":4}}]},"64":{"line":622,"type":"if","locations":[{"start":{"line":622,"column":4},"end":{"line":622,"column":4}},{"start":{"line":622,"column":4},"end":{"line":622,"column":4}}]},"65":{"line":641,"type":"if","locations":[{"start":{"line":641,"column":6},"end":{"line":641,"column":6}},{"start":{"line":641,"column":6},"end":{"line":641,"column":6}}]},"66":{"line":647,"type":"if","locations":[{"start":{"line":647,"column":6},"end":{"line":647,"column":6}},{"start":{"line":647,"column":6},"end":{"line":647,"column":6}}]},"67":{"line":655,"type":"if","locations":[{"start":{"line":655,"column":4},"end":{"line":655,"column":4}},{"start":{"line":655,"column":4},"end":{"line":655,"column":4}}]},"68":{"line":690,"type":"if","locations":[{"start":{"line":690,"column":4},"end":{"line":690,"column":4}},{"start":{"line":690,"column":4},"end":{"line":690,"column":4}}]},"69":{"line":696,"type":"if","locations":[{"start":{"line":696,"column":4},"end":{"line":696,"column":4}},{"start":{"line":696,"column":4},"end":{"line":696,"column":4}}]},"70":{"line":698,"type":"if","locations":[{"start":{"line":698,"column":8},"end":{"line":698,"column":8}},{"start":{"line":698,"column":8},"end":{"line":698,"column":8}}]},"71":{"line":702,"type":"if","locations":[{"start":{"line":702,"column":8},"end":{"line":702,"column":8}},{"start":{"line":702,"column":8},"end":{"line":702,"column":8}}]},"72":{"line":715,"type":"if","locations":[{"start":{"line":715,"column":4},"end":{"line":715,"column":4}},{"start":{"line":715,"column":4},"end":{"line":715,"column":4}}]}}},
"contracts/VotingEscrowDelegation.sol":{"l":{"216":0,"220":0,"221":0,"222":0,"226":0,"233":2,"234":2,"242":1,"243":1,"255":0,"256":0,"262":16,"263":16,"264":16,"265":16,"266":16,"269":16,"279":4,"280":4,"281":4,"282":4,"283":4,"286":4,"287":1,"288":1,"289":1,"291":1,"293":1,"294":1,"295":1,"300":1,"301":1,"302":1,"305":1,"311":2,"312":2,"314":0,"316":0,"317":0,"319":0,"320":0,"323":0,"325":0,"327":0,"330":0,"331":0,"333":0,"334":0,"336":0,"337":0,"338":0,"340":0,"341":0,"343":0,"344":0,"345":0,"346":0,"354":1,"356":1,"357":1,"359":1,"360":1,"362":1,"365":1,"366":1,"367":1,"379":0,"381":0,"382":0,"383":0,"384":0,"385":0,"386":0,"391":1,"392":1,"394":1,"395":1,"398":0,"399":0,"401":0,"402":0,"403":0,"404":0,"407":0,"408":0,"409":0,"411":0,"413":0,"420":0,"423":0,"424":0,"426":0,"427":0,"428":0,"429":0,"433":0,"436":0,"437":0,"443":2,"444":2,"445":0,"451":1,"452":1,"482":0,"484":0,"486":0,"487":0,"490":0,"491":0,"492":0,"499":0,"506":0,"507":0,"509":0,"510":0,"512":0,"515":0,"518":0,"519":0,"522":0,"523":0,"524":0,"525":0,"544":0,"546":0,"547":0,"548":0,"551":0,"553":0,"555":0,"557":0,"562":0,"566":0,"571":0,"572":0,"574":0,"575":0,"578":0,"581":0,"585":0,"591":0,"592":0,"594":0,"595":0,"597":0,"600":0,"601":0,"604":0,"605":0,"606":0,"607":0,"615":1,"621":1,"631":1,"632":1,"633":1,"643":0,"654":0,"665":0},"path":"/Users/gauravkumar/Documents/DAO/contracts/VotingEscrowDelegation.sol","s":{"1":0,"2":0,"3":0,"4":0,"5":0,"6":2,"7":2,"8":1,"9":1,"10":0,"11":0,"12":16,"13":16,"14":16,"15":16,"16":16,"17":16,"18":4,"19":4,"20":4,"21":4,"22":4,"23":4,"24":1,"25":1,"26":1,"27":1,"28":1,"29":1,"30":1,"31":1,"32":1,"33":1,"34":1,"35":3,"36":2,"37":2,"38":0,"39":0,"40":0,"41":0,"42":0,"43":0,"44":0,"45":0,"46":0,"47":0,"48":0,"49":0,"50":0,"51":0,"52":0,"53":0,"54":0,"55":0,"56":0,"57":0,"58":0,"59":1,"60":1,"61":1,"62":1,"63":1,"64":1,"65":1,"66":1,"67":1,"68":0,"69":0,"70":0,"71":0,"72":0,"73":0,"74":0,"75":1,"76":1,"77":1,"78":1,"79":0,"80":0,"81":0,"82":0,"83":0,"84":0,"85":0,"86":0,"87":0,"88":0,"89":0,"90":0,"91":0,"92":0,"93":0,"94":0,"95":0,"96":0,"97":0,"98":0,"99":0,"100":2,"101":2,"102":0,"103":1,"104":1,"105":0,"106":0,"107":0,"108":0,"109":0,"110":0,"111":0,"112":0,"113":0,"114":0,"115":0,"116":0,"117":0,"118":0,"119":0,"120":0,"121":0,"122":0,"123":0,"124":0,"125":0,"126":0,"127":0,"128":0,"129":0,"130":0,"131":0,"132":0,"133":0,"134":0,"135":0,"136":0,"137":0,"138":0,"139":0,"1
[...]
:{"line":217,"column":0}}},"2":{"name":"transfer_boost_permission","line":219,"loc":{"start":{"line":219,"column":0},"end":{"line":223,"column":0}}},"3":{"name":"get_boost_token_dinfo","line":225,"loc":{"start":{"line":225,"column":0},"end":{"line":227,"column":0}}},"4":{"name":"commit_transfer_ownership","line":230,"loc":{"start":{"line":230,"column":0},"end":{"line":235,"column":0}}},"5":{"name":"accept_transfer_ownership","line":239,"loc":{"start":{"line":239,"column":0},"end":{"line":244,"column":0}}},"6":{"name":"set_base_uri","line":251,"loc":{"start":{"line":251,"column":0},"end":{"line":257,"column":0}}},"7":{"name":"constructor","line":261,"loc":{"start":{"line":261,"column":0},"end":{"line":271,"column":0}}},"8":{"name":"update_enumeration_data","line":278,"loc":{"start":{"line":278,"column":0},"end":{"line":372,"column":0}}},"9":{"name":"_mint_boost","line":376,"loc":{"start":{"line":376,"column":0},"end":{"line":387,"column":0}}},"10":{"name":"_burn_boost","line":390,"loc":{"start":{"line":390,"column":0},"end":{"line":438,"column":0}}},"11":{"name":"_transfer_boost","line":442,"loc":{"start":{"line":442,"column":0},"end":{"line":446,"column":0}}},"12":{"name":"_set_delegation_status","line":450,"loc":{"start":{"line":450,"column":0},"end":{"line":453,"column":0}}},"13":{"name":"create_boost","line":457,"loc":{"start":{"line":457,"column":0},"end":{"line":527,"column":0}}},"14":{"name":"extend_boost","line":531,"loc":{"start":{"line":531,"column":0},"end":{"line":610,"column":0}}},"15":{"name":"adjusted_balance_of","line":614,"loc":{"start":{"line":614,"column":0},"end":{"line":616,"column":0}}},"16":{"name":"received_boost","line":620,"loc":{"start":{"line":620,"column":0},"end":{"line":622,"column":0}}},"17":{"name":"token_boost","line":626,"loc":{"start":{"line":626,"column":0},"end":{"line":634,"column":0}}},"18":{"name":"token_expiry","line":638,"loc":{"start":{"line":638,"column":0},"end":{"line":644,"column":0}}},"19":{"name":"token_cancel_time","line":648,"loc":{"start":{"line":648,"column":0},"end":{"line":655,"column":0}}},"20":{"name":"calc_boost_bias_slope","line":659,"loc":{"start":{"line":659,"column":0},"end":{"line":667,"column":4}}}},"statementMap":{"1":{"start":{"line":216,"column":4},"end":{"line":216,"column":39}},"2":{"start":{"line":220,"column":4},"end":{"line":220,"column":65}},"3":{"start":{"line":221,"column":4},"end":{"line":221,"column":66}},"4":{"start":{"line":222,"column":4},"end":{"line":222,"column":81}},"5":{"start":{"line":226,"column":4},"end":{"line":226,"column":40}},"6":{"start":{"line":233,"column":4},"end":{"line":233,"column":45}},"7":{"start":{"line":234,"column":4},"end":{"line":234,"column":23}},"8":{"start":{"line":242,"column":4},"end":{"line":242,"column":59}},"9":{"start":{"line":243,"column":4},"end":{"line":243,"column":23}},"10":{"start":{"line":255,"column":4},"end":{"line":255,"column":45}},"11":{"start":{"line":256,"column":4},"end":{"line":256,"column":23}},"12":{"start":{"line":262,"column":4},"end":{"line":262,"column":15}},"13":{"start":{"line":263,"column":4},"end":{"line":263,"column":19}},"14":{"start":{"line":264,"column":4},"end":{"line":264,"column":23}},"15":{"start":{"line":265,"column":4},"end":{"line":265,"column":33}},"16":{"start":{"line":266,"column":4},"end":{"line":266,"column":17}},"17":{"start":{"line":269,"column":4},"end":{"line":269,"column":21}},"18":{"start":{"line":279,"column":8},"end":{"line":279,"column":87}},"19":{"start":{"line":280,"column":8},"end":{"line":280,"column":64}},"20":{"start":{"line":281,"column":8},"end":{"line":281,"column":52}},"21":{"start":{"line":282,"column":8},"end":{"line":282,"column":71}},"22":{"start":{"line":283,"column":8},"end":{"line":283,"column":90}},"23":{"start":{"line":286,"column":8},"end":{"line":286,"column":9212}},"24":{"start":{"line":287,"column":12},"end":{"line":287,"column":36}},"25":{"start":{"line":288,"column":12},"end":{"line":288,"column":35}},"26":{"start":{"line":289,"column":12},"end":{"line":289,"column":77}},"27":{"start":{"line":291,"column":12},"end":{"line":291,"column":50}},"28":{"start":{"line":293,"column":12},"end":{"line":293,"column":47}},"29":{"start":{"line":294,"column":12},"end":{"line":294,"column":58}},"30":{"start":{"line":295,"column":12},"end":{"line":295,"column":59}},"31":{"start":{"line":300,"column":12},"end":{"line":300,"column":113}},"32":{"start":{"line":301,"column":12},"end":{"line":301,"column":76}},"33":{"start":{"line":302,"column":12},"end":{"line":302,"column":54}},"34":{"start":{"line":305,"column":12},"end":{"line":305,"column":27}},"35":{"start":{"line":306,"column":15},"end":{"line":306,"column":10212}},"36":{"start":{"line":311,"column":12},"end":{"line":311,"column":51}},"37":{"start":{"line":312,"column":12},"end":{"line":312,"column":68}},"38":{"start":{"line":314,"column":12},"end":{"line":314,"column":10541}},"39":{"start":{"line":316,"column":16},"end":{"line":316,"column":75}},"40":{"start":{"line":317,"column":16},"end":{"line":317,"column":88}},"41":{"start":{"line":319,"column":16},"end":{"line":319,"column":133}},"42":{"start":{"line":320,"column":16},"end":{"line":320,"column":59}},"43":{"start":{"line":323,"column":12},"end":{"line":323,"column":46}},"44":{"start":{"line":325,"column":12},"end":{"line":325,"column":11204}},"45":{"start":{"line":327,"column":16},"end":{"line":327,"column":86}},"46":{"start":{"line":330,"column":16},"end":{"line":330,"column":147}},"47":{"start":{"line":331,"column":16},"end":{"line":331,"column":71}},"48":{"start":{"line":333,"column":12},"end":{"line":333,"column":58}},"49":{"start":{"line":334,"column":12},"end":{"line":334,"column":47}},"50":{"start":{"line":336,"column":12},"end":{"line":336,"column":11906}},"51":{"start":{"line":337,"column":16},"end":{"line":337,"column":105}},"52":{"start":{"line":338,"column":16},"end":{"line":338,"column":93}},"53":{"start":{"line":340,"column":16},"end":{"line":340,"column":141}},"54":{"start":{"line":341,"column":16},"end":{"line":341,"column":91}},"55":{"start":{"line":343,"column":12},"end":{"line":343,"column":73}},"56":{"start":{"line":344,"column":12},"end":{"line":344,"column":44}},"57":{"start":{"line":345,"column":12},"end":{"line":345,"column":55}},"58":{"start":{"line":346,"column":12},"end":{"line":346,"column":27}},"59":{"start":{"line":354,"column":12},"end":{"line":354,"column":12873}},"60":{"start":{"line":356,"column":16},"end":{"line":356,"column":86}},"61":{"start":{"line":357,"column":16},"end":{"line":357,"column":86}},"62":{"start":{"line":359,"column":16},"end":{"line":359,"column":128}},"63":{"start":{"line":360,"column":16},"end":{"line":360,"column":71}},"64":{"start":{"line":362,"column":12},"end":{"line":362,"column":58}},"65":{"start":{"line":365,"column":12},"end":{"line":365,"column":36}},"66":{"start":{"line":366,"column":12},"end":{"line":366,"column":58}},"67":{"start":{"line":367,"column":12},"end":{"line":367,"column":96}},"68":{"start":{"line":379,"column":4},"end":{"line":379,"column":110}},"69":{"start":{"line":381,"column":4},"end":{"line":381,"column":146}},"70":{"start":{"line":382,"column":4},"end":{"line":382,"column":38}},"71":{"start":{"line":383,"column":4},"end":{"line":383,"column":36}},"72":{"start":{"line":384,"column":4},"end":{"line":384,"column":38}},"73":{"start":{"line":385,"column":4},"end":{"line":385,"column":79}},"74":{"start":{"line":386,"column":4},"end":{"line":386,"column":53}},"75":{"start":{"line":391,"column":4},"end":{"line":391,"column":48}},"76":{"start":{"line":392,"column":4},"end":{"line":392,"column":43}},"77":{"start":{"line":394,"column":4},"end":{"line":394,"column":14880}},"78":{"start":{"line":395,"column":8},"end":{"line":395,"column":14}},"79":{"start":{"line":398,"column":4},"end":{"line":398,"column":44}},"80":{"start":{"line":399,"column":4},"end":{"line":399,"column":42}},"81":{"start":{"line":401,"column":4},"end":{"line":401,"column":17}},"82":{"start":{"line":402,"column":4},"end":{"line":402,"column":67}},"83":{"start":{"line":403,"column":4},"end":{"line":403,"column":24}},"84":{"start":{"line":404,"column":4},"end":{"line":404,"column":34}},"85":{"start":{"line":407,"column":4},"end":{"line":407,"column":55}},"86":{"start":{"line":408,"column":4},"end":{"line":408,"column":48}},"87":{"start":{"line":409,"column":4},"end":{"line":409,"column":77}},"88":{"start":{"line":411,"column":4},"end":{"line":411,"column":64}},"89":{"start":{"line":413,"column":4},"end":{"line":413,"column":15468}},"90":{"start":{"line":420,"column":8},"end":{"line":420,"column":15875}},"91":{"start":{"line":423,"column":12},"end":{"line":423,"column":16085}},"92":{"start":{"line":424,"column":16},"end":{"line":424,"column":59}},"93":{"start":{"line":426,"column":12},"end":{"line":426,"column":58}},"94":{"start":{"line":427,"column":12},"end":{"line":427,"column":16249}},"95":{"start":{"line":428,"column":16},"end":{"line":428,"column":36}},"96":{"start":{"line":432,"column":11},"end":{"line":432,"column":16387}},"97":{"start":{"line":433,"column":8},"end":{"line":433,"column":22}},"98":{"start":{"line":436,"column":4},"end":{"line":436,"column":95}},"99":{"start":{"line":437,"column":4},"end":{"line":437,"column":59}},"100":{"start":{"line":443,"column":4},"end":{"line":443,"column":136}},"101":{"start":{"line":444,"column":4},"end":{"line":444,"column":32}},"102":{"start":{"line":445,"column":4},"end":{"line":445,"column":30}},"103":{"start":{"line":451,"column":4},"end":{"line":451,"column":45}},"104":{"start":{"line":452,"column":4},"end":{"line":452,"column":56}},"105":{"start":{"line":482,"column":4},"end":{"line":482,"column":107}},"106":{"start":{"line":484,"column":4},"end":{"line":484,"column":66}},"107":{"start":{"line":486,"column":4},"end":{"line":486,"column":18769}},"108":{"start":{"line":487,"column":8},"end":{"line":487,"column":32}},"109":{"start":{"line":490,"column":4},"end":{"line":490,"column":83}},"110":{"start":{"line":491,"column":4},"end":{"line":491,"column":147}},"111":{"start":{"line":492,"column":4},"end":{"line":492,"column":45}},"112":{"start":{"line":499,"column":4},"end":{"line":499,"column":93}},"113":{"start":{"line":506,"column":4},"end":{"line":506,"column":82}},"114":{"start":{"line":507,"column":4},"end":{"line":507,"column":29}},"115":{"start":{"line":509,"column":4},"end":{"line":509,"column":130}},"116":{"start":{"line":510,"column":4},"end":{"line":510,"column":44}},"117":{"start":{"line":512,"column":4},"end":{"line":512,"column":77}},"118":{"start":{"line":515,"column":4},"end":{"line":515,"column":81}},"119":{"start":{"line":518,"column":4},"end":{"line":518,"column":20023}},"120":{"start":{"line":519,"column":8},"end":{"line":519,"column":32}},"121":{"start":{"line":522,"column":4},"end":{"line":522,"column":91}},"122":{"start":{"line":523,"column":4},"end":{"line":523,"column":99}},"123":{"start":{"line":524,"column":4},"end":{"line":524,"column":49}},"124":{"start":{"line":525,"column":4},"end":{"line":525,"column":113}},"125":{"start":{"line":544,"column":4},"end":{"line":544,"column":79}},"126":{"start":{"line":546,"column":4},"end":{"line":546,"column":36}},"127":{"start":{"line":547,"column":4},"end":{"line":547,"column":27}},"128":{"start":{"line":548,"column":4},"end":{"line":548,"column":61}},"129":{"start":{"line":551,"column":4},"end":{"line":551,"column":48}},"130":{"start":{"line":553,"column":4},"end":{"line":553,"column":106}},"131":{"start":{"line":555,"column":4},"end":{"line":555,"column":76}},"132":{"start":{"line":557,"column":4},"end":{"line":557,"column":60}},"133":{"start":{"line":562,"column":4},"end":{"line":562,"column":44}},"134":{"start":{"line":566,"column":4},"end":{"line":566,"column":51}},"135":{"start":{"line":571,"column":4},"end":{"line":571,"column":54}},"136":{"start":{"line":572,"column":4},"end":{"line":572,"column":65}},"137":{"start":{"line":574,"column":4},"end":{"line":574,"column":22893}},"138":{"start":{"line":575,"column":8},"end":{"line":575,"column":32}},"139":{"start":{"line":578,"column":4},"end":{"line":578,"column":41}},"140":{"start":{"line":581,"column":4},"end":{"line":581,"column":78}},"141":{"start":{"line":585,"column":4},"end":{"line":585,"column":81}},"142":{"start":{"line":591,"column":4},"end":{"line":591,"column":17}},"143":{"start":{"line":592,"column":4},"end":{"line":592,"column":50}},"144":{"start":{"line":594,"column":4},"end":{"line":594,"column":92}},"145":{"start":{"line":595,"column":4},"end":{"line":595,"column":27}},"146":{"start":{"line":597,"column":4},"end":{"line":597,"column":80}},"147":{"start":{"line":600,"column":4},"end":{"line":600,"column":24066}},"148":{"start":{"line":601,"column":8},"end":{"line":601,"column":32}},"149":{"start":{"line":604,"column":4},"end":{"line":604,"column":57}},"150":{"start":{"line":605,"column":4},"end":{"line":605,"column":48}},"151":{"start":{"line":606,"column":4},"end":{"line":606,"column":93}},"152":{"start":{"line":607,"column":4},"end":{"line":607,"column":109}},"153":{"start":{"line":615,"column":4},"end":{"line":615,"column":87}},"154":{"start":{"line":621,"column":4},"end":{"line":621,"column":67}},"155":{"start":{"line":631,"column":4},"end":{"line":631,"column":95}},"156":{"start":{"line":632,"column":4},"end":{"line":632,"column":60}},"157":{"start":{"line":633,"column":4},"end":{"line":633,"column":44}},"158":{"start":{"line":643,"column":4},"end":{"line":643,"column":46}},"159":{"start":{"line":654,"column":4},"end":{"line":654,"column":51}},"160":{"start":{"line":665,"column":4},"end":{"line":665,"column":185}}},"branchMap":{"1":{"line":222,"type":"if","locations":[{"start":{"line":222,"column":4},"end":{"line":222,"column":4}},{"start":{"line":222,"column":4},"end":{"line":222,"column":4}}]},"2":{"line":233,"type":"if","locations":[{"start":{"line":233,"column":4},"end":{"line":233,"column":4}},{"start":{"line":233,"column":4},"end":{"line":233,"column":4}}]},"3":{"line":242,"type":"if","locations":[{"start":{"line":242,"column":4},"end":{"line":242,"column":4}},{"start":{"line":242,"column":4},"end":{"line":242,"column":4}}]},"4":{"line":255,"type":"if","locations":[{"start":{"line":255,"column":4},"end":{"line":255,"column":4}},{"start":{"line":255,"column":4},"end":{"line":255,"column":4}}]},"5":{"line":286,"type":"if","locations":[{"start":{"line":286,"column":8},"end":{"line":286,"column":8}},{"start":{"line":286,"column":8},"end":{"line":286,"column":8}}]},"6":{"line":306,"type":"if","locations":[{"start":{"line":306,"column":15},"end":{"line":306,"column":15}},{"start":{"line":306,"column":15},"end":{"line":306,"column":15}}]},"7":{"line":314,"type":"if","locations":[{"start":{"line":314,"column":12},"end":{"line":314,"column":12}},{"start":{"line":314,"column":12},"end":{"line":314,"column":12}}]},"8":{"line":325,"type":"if","locations":[{"start":{"line":325,"column":12},"end":{"line":325,"column":12}},{"start":{"line":325,"column":12},"end":{"line":325,"column":12}}]},"9":{"line":336,"type":"if","locations":[{"start":{"line":336,"column":12},"end":{"line":336,"column":12}},{"start":{"line":336,"column":12},"end":{"line":336,"column":12}}]},"10":{"line":354,"type":"if","locations":[{"start":{"line":354,"column":12},"end":{"line":354,"column":12}},{"start":{"line":354,"column":12},"end":{"line":354,"column":12}}]},"11":{"line":379,"type":"if","locations":[{"start":{"line":379,"column":4},"end":{"line":379,"column":4}},{"start":{"line":379,"column":4},"end":{"line":379,"column":4}}]},"12":{"line":379,"type":"if","locations":[{"start":{"line":379,"column":53},"end":{"line":379,"column":53}},{"start":{"line":379,"column":57},"end":{"line":379,"column":57}}]},"13":{"line":379,"type":"if","locations":[{"start":{"line":379,"column":98},"end":{"line":379,"column":98}},{"start":{"line":379,"column":102},"end":{"line":379,"column":102}}]},"14":{"line":394,"type":"if","locations":[{"start":{"line":394,"column":4},"end":{"line":394,"column":4}},{"start":{"line":394,"column":4},"end":{"line":394,"column":4}}]},"15":{"line":413,"type":"if","locations":[{"start":{"line":413,"column":4},"end":{"line":413,"column":4}},{"start":{"line":413,"column":4},"end":{"line":413,"column":4}}]},"16":{"line":423,"type":"if","locations":[{"start":{"line":423,"column":12},"end":{"line":423,"column":12}},{"start":{"line":423,"column":12},"end":{"line":423,"column":12}}]},"17":{"line":424,"type":"if","locations":[{"start":{"line":424,"column":16},"end":{"line":424,"column":16}},{"start":{"line":424,"column":16},"end":{"line":424,"column":16}}]},"18":{"line":427,"type":"if","locations":[{"start":{"line":427,"column":12},"end":{"line":427,"column":12}},{"start":{"line":427,"column":12},"end":{"line":427,"column":12}}]},"19":{"line":432,"type":"if","locations":[{"start":{"line":432,"column":11},"end":{"line":432,"column":11}},{"start":{"line":432,"column":11},"end":{"line":432,"column":11}}]},"20":{"line":486,"type":"if","locations":[{"start":{"line":486,"column":4},"end":{"line":486,"column":4}},{"start":{"line":486,"column":4},"end":{"line":486,"column":4}}]},"21":{"line":490,"type":"if","locations":[{"start":{"line":490,"column":4},"end":{"line":490,"column":4}},{"start":{"line":490,"column":4},"end":{"line":490,"column":4}}]},"22":{"line":491,"type":"if","locations":[{"start":{"line":491,"column":4},"end":{"line":491,"column":4}},{"start":{"line":491,"column":4},"end":{"line":491,"column":4}}]},"23":{"line":492,"type":"if","locations":[{"start":{"line":492,"column":4},"end":{"line":492,"column":4}},{"start":{"line":492,"column":4},"end":{"line":492,"column":4}}]},"24":{"line":507,"type":"if","locations":[{"start":{"line":507,"column":4},"end":{"line":507,"column":4}},{"start":{"line":507,"column":4},"end":{"line":507,"column":4}}]},"25":{"line":510,"type":"if","locations":[{"start":{"line":510,"column":4},"end":{"line":510,"column":4}},{"start":{"line":510,"column":4},"end":{"line":510,"column":4}}]},"26":{"line":518,"type":"if","locations":[{"start":{"line":518,"column":4},"end":{"line":518,"column":4}},{"start":{"line":518,"column":4},"end":{"line":518,"column":4}}]},"27":{"line":546,"type":"if","locations":[{"start":{"line":546,"column":4},"end":{"line":546,"column":4}},{"start":{"line":546,"column":4},"end":{"line":546,"column":4}}]},"28":{"line":547,"type":"if","locations":[{"start":{"line":547,"column":4},"end":{"line":547,"column":4}},{"start":{"line":547,"column":4},"end":{"line":547,"column":4}}]},"29":{"line":548,"type":"if","locations":[{"start":{"line":548,"column":4},"end":{"line":548,"column":4}},{"start":{"line":548,"column":4},"end":{"line":548,"column":4}}]},"30":{"line":562,"type":"if","locations":[{"start":{"line":562,"column":4},"end":{"line":562,"column":4}},{"start":{"line":562,"column":4},"end":{"line":562,"column":4}}]},"31":{"line":566,"type":"if","locations":[{"start":{"line":566,"column":4},"end":{"line":566,"column":4}},{"start":{"line":566,"column":4},"end":{"line":566,"column":4}}]},"32":{"line":574,"type":"if","locations":[{"start":{"line":574,"column":4},"end":{"line":574,"column":4}},{"start":{"line":574,"column":4},"end":{"line":574,"column":4}}]},"33":{"line":578,"type":"if","locations":[{"start":{"line":578,"column":4},"end":{"line":578,"column":4}},{"start":{"line":578,"column":4},"end":{"line":578,"column":4}}]},"34":{"line":591,"type":"if","locations":[{"start":{"line":591,"column":4},"end":{"line":591,"column":4}},{"start":{"line":591,"column":4},"end":{"line":591,"column":4}}]},"35":{"line":592,"type":"if","locations":[{"start":{"line":592,"column":4},"end":{"line":592,"column":4}},{"start":{"line":592,"column":4},"end":{"line":592,"column":4}}]},"36":{"line":595,"type":"if","locations":[{"start":{"line":595,"column":4},"end":{"line":595,"column":4}},{"start":{"line":595,"column":4},"end":{"line":595,"column":4}}]},"37":{"line":600,"type":"if","locations":[{"start":{"line":600,"column":4},"end":{"line":600,"column":4}},{"start":{"line":600,"column":4},"end":{"line":600,"column":4}}]}}}}
