TN:
SF:/Users/gauravkumar/Documents/DAO/contracts/Delegation.sol
FN:224,getOwnershipAdmin
FN:228,getEmergencyAdmin
FN:232,getDelegation
FN:236,approve
FN:243,approve
FN:250,constructor
FN:264,tokenURI
FN:268,mint
FN:282,getbalance
FN:286,burn
FN:307,transfer
FN:340,cancel_boost
FN:351,safeTransferFrom
FN:380,setApproveForAll
FN:392,getowner
FN:397,adjusted_balance_of
FN:407,kill_delegation
FN:416,__set_delegation
FN:428,commit_set_admins
FN:438,apply_set_admins
FN:450,cancel_boost
FN:460,batch_cancel_boosts
FN:477,create_boost
FN:500,extend_boost
FN:512,set_delegation_status
FN:524,batch_set_delegation_status
FNF:26
FNH:1
FNDA:0,getOwnershipAdmin
FNDA:0,getEmergencyAdmin
FNDA:0,getDelegation
FNDA:0,approve
FNDA:0,approve
FNDA:3,constructor
FNDA:0,tokenURI
FNDA:0,mint
FNDA:0,getbalance
FNDA:0,burn
FNDA:0,transfer
FNDA:0,cancel_boost
FNDA:0,safeTransferFrom
FNDA:0,setApproveForAll
FNDA:0,getowner
FNDA:0,adjusted_balance_of
FNDA:0,kill_delegation
FNDA:0,__set_delegation
FNDA:0,commit_set_admins
FNDA:0,apply_set_admins
FNDA:0,cancel_boost
FNDA:0,batch_cancel_boosts
FNDA:0,create_boost
FNDA:0,extend_boost
FNDA:0,set_delegation_status
FNDA:0,batch_set_delegation_status
DA:225,0
DA:229,0
DA:233,0
DA:237,0
DA:238,0
DA:239,0
DA:240,0
DA:244,0
DA:245,0
DA:252,3
DA:253,3
DA:255,3
DA:256,3
DA:258,3
DA:259,3
DA:261,3
DA:265,0
DA:269,0
DA:270,0
DA:274,0
DA:275,0
DA:276,0
DA:277,0
DA:283,0
DA:287,0
DA:289,0
DA:291,0
DA:292,0
DA:295,0
DA:296,0
DA:297,0
DA:298,0
DA:299,0
DA:300,0
DA:301,0
DA:302,0
DA:304,0
DA:308,0
DA:309,0
DA:310,0
DA:312,0
DA:313,0
DA:316,0
DA:318,0
DA:319,0
DA:320,0
DA:321,0
DA:323,0
DA:324,0
DA:327,0
DA:328,0
DA:330,0
DA:331,0
DA:333,0
DA:334,0
DA:337,0
DA:341,0
DA:342,0
DA:343,0
DA:344,0
DA:345,0
DA:346,0
DA:347,0
DA:348,0
DA:366,0
DA:368,0
DA:369,0
DA:372,0
DA:373,0
DA:376,0
DA:386,0
DA:387,0
DA:393,0
DA:398,0
DA:399,0
DA:402,0
DA:409,0
DA:411,0
DA:412,0
DA:417,0
DA:420,0
DA:422,0
DA:423,0
DA:429,0
DA:431,0
DA:432,0
DA:434,0
DA:439,0
DA:440,0
DA:442,0
DA:444,0
DA:445,0
DA:447,0
DA:457,0
DA:468,0
DA:469,0
DA:470,0
DA:471,0
DA:473,0
DA:485,0
DA:486,0
DA:487,0
DA:488,0
DA:489,0
DA:501,0
DA:502,0
DA:504,0
DA:506,0
DA:507,0
DA:520,0
DA:521,0
DA:533,0
DA:535,0
DA:536,0
DA:537,0
DA:539,0
LF:116
LH:7
BRDA:238,1,0,0
BRDA:238,1,1,0
BRDA:238,2,0,0
BRDA:238,2,1,0
BRDA:269,3,0,0
BRDA:269,3,1,0
BRDA:270,4,0,0
BRDA:270,4,1,0
BRDA:299,5,0,0
BRDA:299,5,1,0
BRDA:309,6,0,0
BRDA:309,6,1,0
BRDA:310,7,0,0
BRDA:310,7,1,0
BRDA:327,8,0,0
BRDA:327,8,1,0
BRDA:344,9,0,0
BRDA:344,9,1,0
BRDA:346,10,0,0
BRDA:346,10,1,0
BRDA:346,11,0,0
BRDA:346,11,1,0
BRDA:346,12,0,0
BRDA:346,12,1,0
BRDA:368,13,0,0
BRDA:368,13,1,0
BRDA:376,14,0,0
BRDA:376,14,1,0
BRDA:398,15,0,0
BRDA:398,15,1,0
BRDA:409,16,0,0
BRDA:409,16,1,0
BRDA:409,17,0,0
BRDA:409,17,1,0
BRDA:417,18,0,0
BRDA:417,18,1,0
BRDA:429,19,0,0
BRDA:429,19,1,0
BRDA:442,20,0,0
BRDA:442,20,1,0
BRDA:470,21,0,0
BRDA:470,21,1,0
BRDA:485,22,0,0
BRDA:485,22,1,0
BRDA:486,23,0,0
BRDA:486,23,1,0
BRDA:486,24,0,0
BRDA:486,24,1,0
BRDA:504,25,0,0
BRDA:504,25,1,0
BRDA:504,26,0,0
BRDA:504,26,1,0
BRDA:520,27,0,0
BRDA:520,27,1,0
BRDA:520,28,0,0
BRDA:520,28,1,0
BRDA:533,29,0,0
BRDA:533,29,1,0
BRDA:533,30,0,0
BRDA:533,30,1,0
BRDA:536,31,0,0
BRDA:536,31,1,0
BRF:62
BRH:0
end_of_record
TN:
SF:/Users/gauravkumar/Documents/DAO/contracts/ERC20CRV.sol
FN:61,constructor
FN:84,name
FN:89,symbol
FN:93,decimals
FN:97,totalSupply
FN:101,balanceOf
FN:105,get_admin
FN:109,get_minter
FN:113,get_block_timestamp
FN:117,_update_mining_parameters
FN:140,totalSupplyAt
FN:152,update_mining_parameters
FN:160,start_epoch_time_write
FN:172,future_epoch_time_write
FN:184,_available_supply
FN:188,available_supply
FN:195,mintable_in_timeframe
FN:242,set_minter
FN:252,set_admin
FN:261,allowance
FN:269,transfer
FN:287,transferFrom
FN:304,approve
FN:318,uinttoint
FN:322,inttouint
FN:326,mint
FN:344,burn
FN:360,set_name
FNF:28
FNH:28
FNDA:54,constructor
FNDA:2,name
FNDA:2,symbol
FNDA:30,decimals
FNDA:4,totalSupply
FNDA:18,balanceOf
FNDA:4,get_admin
FNDA:2,get_minter
FNDA:6,get_block_timestamp
FNDA:3,_update_mining_parameters
FNDA:2,totalSupplyAt
FNDA:1,update_mining_parameters
FNDA:2,start_epoch_time_write
FNDA:2,future_epoch_time_write
FNDA:1,_available_supply
FNDA:1,available_supply
FNDA:1,mintable_in_timeframe
FNDA:1,set_minter
FNDA:1,set_admin
FNDA:2,allowance
FNDA:1,transfer
FNDA:10,transferFrom
FNDA:12,approve
FNDA:4,uinttoint
FNDA:2,inttouint
FNDA:1,mint
FNDA:1,burn
FNDA:1,set_name
DA:68,54
DA:69,54
DA:70,54
DA:71,54
DA:72,54
DA:73,54
DA:74,54
DA:75,54
DA:77,54
DA:78,54
DA:79,54
DA:80,54
DA:86,2
DA:90,2
DA:94,30
DA:98,4
DA:102,18
DA:106,4
DA:110,2
DA:114,6
DA:121,3
DA:122,3
DA:124,3
DA:125,3
DA:127,3
DA:128,3
DA:130,0
DA:131,0
DA:132,0
DA:135,3
DA:137,3
DA:141,2
DA:142,2
DA:143,1
DA:144,1
DA:146,0
DA:149,2
DA:156,1
DA:157,1
DA:164,2
DA:165,1
DA:166,1
DA:168,1
DA:176,2
DA:177,1
DA:178,1
DA:180,1
DA:185,1
DA:191,1
DA:200,1
DA:201,1
DA:202,1
DA:203,1
DA:206,1
DA:207,1
DA:208,1
DA:211,1
DA:213,1
DA:214,2
DA:215,2
DA:216,2
DA:217,1
DA:220,2
DA:221,2
DA:222,0
DA:224,1
DA:227,2
DA:229,2
DA:230,1
DA:234,1
DA:235,1
DA:236,1
DA:239,1
DA:246,1
DA:247,1
DA:248,1
DA:249,1
DA:256,1
DA:257,1
DA:258,1
DA:266,2
DA:276,1
DA:277,1
DA:279,1
DA:280,1
DA:281,1
DA:283,1
DA:284,1
DA:293,10
DA:294,10
DA:295,10
DA:296,8
DA:297,8
DA:298,8
DA:299,8
DA:300,8
DA:301,8
DA:312,12
DA:313,12
DA:314,12
DA:315,12
DA:319,4
DA:323,2
DA:332,1
DA:333,1
DA:334,1
DA:335,1
DA:336,1
DA:337,1
DA:338,1
DA:339,1
DA:340,1
DA:341,1
DA:349,1
DA:350,1
DA:351,1
DA:352,1
DA:353,1
DA:354,1
DA:355,1
DA:356,1
DA:357,1
DA:365,1
DA:366,1
DA:367,1
LF:125
LH:120
BRDA:127,1,0,3
BRDA:127,1,1,0
BRDA:143,2,0,1
BRDA:143,2,1,0
BRDA:156,3,0,1
BRDA:156,3,1,0
BRDA:164,4,0,1
BRDA:164,4,1,1
BRDA:176,5,0,1
BRDA:176,5,1,1
BRDA:200,6,0,1
BRDA:200,6,1,0
BRDA:206,7,0,1
BRDA:206,7,1,0
BRDA:211,8,0,1
BRDA:211,8,1,0
BRDA:214,9,0,2
BRDA:214,9,1,0
BRDA:216,10,0,1
BRDA:216,10,1,1
BRDA:221,11,0,0
BRDA:221,11,1,2
BRDA:223,12,0,1
BRDA:223,12,1,1
BRDA:229,13,0,1
BRDA:229,13,1,1
BRDA:236,14,0,1
BRDA:236,14,1,0
BRDA:246,15,0,1
BRDA:246,15,1,0
BRDA:247,16,0,1
BRDA:247,16,1,0
BRDA:256,17,0,1
BRDA:256,17,1,0
BRDA:276,18,0,1
BRDA:276,18,1,0
BRDA:277,19,0,1
BRDA:277,19,1,0
BRDA:279,20,0,1
BRDA:279,20,1,0
BRDA:293,21,0,10
BRDA:293,21,1,0
BRDA:294,22,0,10
BRDA:294,22,1,0
BRDA:295,23,0,8
BRDA:295,23,1,2
BRDA:296,24,0,8
BRDA:296,24,1,0
BRDA:312,25,0,12
BRDA:312,25,1,0
BRDA:332,26,0,1
BRDA:332,26,1,0
BRDA:333,27,0,1
BRDA:333,27,1,0
BRDA:334,28,0,1
BRDA:334,28,1,0
BRDA:335,29,0,1
BRDA:335,29,1,0
BRDA:349,30,0,1
BRDA:349,30,1,0
BRDA:350,31,0,1
BRDA:350,31,1,0
BRDA:351,32,0,1
BRDA:351,32,1,0
BRDA:365,33,0,1
BRDA:365,33,1,0
BRF:66
BRH:39
end_of_record
TN:
SF:/Users/gauravkumar/Documents/DAO/contracts/VEDinterfaces.sol
FNF:0
FNH:0
LF:0
LH:0
BRF:0
BRH:0
end_of_record
TN:
SF:/Users/gauravkumar/Documents/DAO/contracts/VotingEscrow.sol
FN:115,constructor
FN:155,get_controller
FN:159,get_smart_wallet_checker
FN:167,commit_transfer_ownership
FN:173,apply_transfer_ownership
FN:182,commit_smart_wallet_checker
FN:187,apply_smart_wallet_checker
FN:192,assert_not_contract
FN:201,uinttoint
FN:205,inttouint
FN:209,get_last_user_slope
FN:214,user_point_history__ts
FN:218,locked__end
FN:222,_checkpoint
FN:355,_deposit_for
FN:388,checkpoint
FN:395,deposit_for
FN:414,create_lock
FN:440,increase_amount
FN:456,increase_unlock_time
FN:473,withdraw
FN:500,find_block_epoch
FN:525,getVotingPowerAt
FN:529,balanceOf
FN:552,balanceOf
FN:574,balanceOfAt
FN:629,supply_at
FN:661,totalSupplyAtEpoch
FN:672,totalSupply
FN:684,totalSupplyAt
FN:711,changeController
FNF:31
FNH:18
FNDA:29,constructor
FNDA:2,get_controller
FNDA:3,get_smart_wallet_checker
FNDA:0,commit_transfer_ownership
FNDA:0,apply_transfer_ownership
FNDA:1,commit_smart_wallet_checker
FNDA:1,apply_smart_wallet_checker
FNDA:10,assert_not_contract
FNDA:44,uinttoint
FNDA:5,inttouint
FNDA:0,get_last_user_slope
FNDA:0,user_point_history__ts
FNDA:3,locked__end
FNDA:8,_checkpoint
FNDA:10,_deposit_for
FNDA:0,checkpoint
FNDA:0,deposit_for
FNDA:8,create_lock
FNDA:1,increase_amount
FNDA:1,increase_unlock_time
FNDA:0,withdraw
FNDA:0,find_block_epoch
FNDA:1,getVotingPowerAt
FNDA:1,balanceOf
FNDA:6,balanceOf
FNDA:0,balanceOfAt
FNDA:0,supply_at
FNDA:0,totalSupplyAtEpoch
FNDA:0,totalSupply
FNDA:0,totalSupplyAt
FNDA:3,changeController
DA:123,29
DA:124,29
DA:126,29
DA:134,29
DA:135,29
DA:137,29
DA:138,29
DA:139,29
DA:141,29
DA:142,29
DA:143,29
DA:156,2
DA:160,3
DA:168,0
DA:169,0
DA:170,0
DA:175,0
DA:176,0
DA:177,0
DA:178,0
DA:179,0
DA:183,1
DA:184,1
DA:188,1
DA:189,1
DA:193,10
DA:194,0
DA:195,0
DA:196,0
DA:202,44
DA:206,5
DA:210,0
DA:211,0
DA:215,0
DA:219,3
DA:229,8
DA:230,8
DA:231,8
DA:232,8
DA:233,8
DA:235,8
DA:238,8
DA:239,2
DA:240,2
DA:242,8
DA:243,8
DA:244,8
DA:250,8
DA:251,8
DA:252,8
DA:253,1
DA:255,7
DA:259,8
DA:260,8
DA:261,2
DA:263,8
DA:267,8
DA:268,8
DA:269,8
DA:270,0
DA:276,8
DA:277,8
DA:280,8
DA:281,8
DA:282,8
DA:283,8
DA:285,0
DA:287,8
DA:288,8
DA:289,8
DA:290,0
DA:292,8
DA:293,0
DA:295,8
DA:296,8
DA:297,8
DA:298,8
DA:299,8
DA:300,8
DA:301,8
DA:303,0
DA:307,8
DA:310,8
DA:313,8
DA:314,8
DA:315,8
DA:316,0
DA:318,8
DA:319,0
DA:323,8
DA:325,8
DA:329,8
DA:331,2
DA:332,2
DA:333,1
DA:335,2
DA:338,8
DA:339,8
DA:340,7
DA:341,7
DA:346,8
DA:348,8
DA:349,8
DA:350,8
DA:351,8
DA:363,10
DA:364,10
DA:366,10
DA:367,10
DA:369,10
DA:370,10
DA:371,9
DA:373,10
DA:375,10
DA:376,9
DA:383,8
DA:384,8
DA:385,8
DA:392,0
DA:405,0
DA:407,0
DA:408,0
DA:409,0
DA:411,0
DA:420,8
DA:421,8
DA:422,8
DA:428,8
DA:429,8
DA:430,8
DA:431,8
DA:433,8
DA:435,8
DA:437,6
DA:446,1
DA:447,1
DA:449,1
DA:450,1
DA:451,1
DA:453,1
DA:461,1
DA:462,1
DA:463,1
DA:465,1
DA:466,1
DA:467,1
DA:468,1
DA:470,1
DA:478,0
DA:479,0
DA:480,0
DA:482,0
DA:483,0
DA:484,0
DA:485,0
DA:486,0
DA:487,0
DA:492,0
DA:494,0
DA:496,0
DA:497,0
DA:508,0
DA:509,0
DA:510,0
DA:511,0
DA:512,0
DA:514,0
DA:515,0
DA:516,0
DA:518,0
DA:522,0
DA:526,1
DA:537,1
DA:538,1
DA:539,0
DA:541,1
DA:542,1
DA:543,1
DA:544,0
DA:546,1
DA:560,6
DA:561,6
DA:562,6
DA:563,2
DA:565,4
DA:566,4
DA:567,4
DA:568,0
DA:570,4
DA:584,0
DA:587,0
DA:588,0
DA:589,0
DA:590,0
DA:591,0
DA:593,0
DA:594,0
DA:595,0
DA:597,0
DA:601,0
DA:603,0
DA:604,0
DA:605,0
DA:606,0
DA:607,0
DA:608,0
DA:609,0
DA:610,0
DA:611,0
DA:613,0
DA:614,0
DA:616,0
DA:617,0
DA:618,0
DA:621,0
DA:622,0
DA:623,0
DA:625,0
DA:636,0
DA:637,0
DA:638,0
DA:639,0
DA:640,0
DA:641,0
DA:642,0
DA:644,0
DA:646,0
DA:647,0
DA:648,0
DA:650,0
DA:651,0
DA:655,0
DA:656,0
DA:658,0
DA:667,0
DA:668,0
DA:669,0
DA:678,0
DA:679,0
DA:680,0
DA:681,0
DA:690,0
DA:691,0
DA:692,0
DA:694,0
DA:695,0
DA:696,0
DA:697,0
DA:698,0
DA:699,0
DA:702,0
DA:703,0
DA:708,0
DA:715,3
DA:716,1
LF:255
LH:138
BRDA:138,1,0,29
BRDA:138,1,1,0
BRDA:168,2,0,0
BRDA:168,2,1,0
BRDA:175,3,0,0
BRDA:175,3,1,0
BRDA:177,4,0,0
BRDA:177,4,1,0
BRDA:183,5,0,1
BRDA:183,5,1,0
BRDA:188,6,0,1
BRDA:188,6,1,0
BRDA:193,7,0,0
BRDA:193,7,1,10
BRDA:195,8,0,0
BRDA:195,8,1,0
BRDA:196,9,0,0
BRDA:196,9,1,0
BRDA:235,10,0,8
BRDA:235,10,1,0
BRDA:238,11,0,2
BRDA:238,11,1,6
BRDA:242,12,0,8
BRDA:242,12,1,0
BRDA:251,13,0,8
BRDA:251,13,1,0
BRDA:252,14,0,1
BRDA:252,14,1,7
BRDA:260,15,0,2
BRDA:260,15,1,6
BRDA:269,16,0,0
BRDA:269,16,1,8
BRDA:282,17,0,8
BRDA:282,17,1,0
BRDA:289,18,0,0
BRDA:289,18,1,8
BRDA:292,19,0,0
BRDA:292,19,1,8
BRDA:299,20,0,8
BRDA:299,20,1,0
BRDA:310,21,0,8
BRDA:310,21,1,0
BRDA:315,22,0,0
BRDA:315,22,1,8
BRDA:318,23,0,0
BRDA:318,23,1,8
BRDA:325,24,0,8
BRDA:325,24,1,0
BRDA:329,25,0,2
BRDA:329,25,1,6
BRDA:332,26,0,1
BRDA:332,26,1,1
BRDA:338,27,0,8
BRDA:338,27,1,0
BRDA:339,28,0,7
BRDA:339,28,1,1
BRDA:370,29,0,9
BRDA:370,29,1,1
BRDA:375,30,0,9
BRDA:375,30,1,1
BRDA:376,31,0,7
BRDA:376,31,1,2
BRDA:395,32,0,0
BRDA:395,32,1,0
BRDA:407,33,0,0
BRDA:407,33,1,0
BRDA:408,34,0,0
BRDA:408,34,1,0
BRDA:409,35,0,0
BRDA:409,35,1,0
BRDA:414,36,0,8
BRDA:414,36,1,0
BRDA:428,37,0,8
BRDA:428,37,1,0
BRDA:429,38,0,8
BRDA:429,38,1,0
BRDA:430,39,0,8
BRDA:430,39,1,0
BRDA:431,40,0,8
BRDA:431,40,1,0
BRDA:440,41,0,1
BRDA:440,41,1,0
BRDA:449,42,0,1
BRDA:449,42,1,0
BRDA:450,43,0,1
BRDA:450,43,1,0
BRDA:451,44,0,1
BRDA:451,44,1,0
BRDA:456,45,0,1
BRDA:456,45,1,0
BRDA:465,46,0,1
BRDA:465,46,1,0
BRDA:466,47,0,1
BRDA:466,47,1,0
BRDA:467,48,0,1
BRDA:467,48,1,0
BRDA:468,49,0,1
BRDA:468,49,1,0
BRDA:473,50,0,0
BRDA:473,50,1,0
BRDA:479,51,0,0
BRDA:479,51,1,0
BRDA:494,52,0,0
BRDA:494,52,1,0
BRDA:511,53,0,0
BRDA:511,53,1,0
BRDA:515,54,0,0
BRDA:515,54,1,0
BRDA:538,55,0,0
BRDA:538,55,1,1
BRDA:543,56,0,0
BRDA:543,56,1,1
BRDA:562,57,0,2
BRDA:562,57,1,4
BRDA:567,58,0,0
BRDA:567,58,1,4
BRDA:584,59,0,0
BRDA:584,59,1,0
BRDA:590,60,0,0
BRDA:590,60,1,0
BRDA:594,61,0,0
BRDA:594,61,1,0
BRDA:608,62,0,0
BRDA:608,62,1,0
BRDA:617,63,0,0
BRDA:617,63,1,0
BRDA:622,64,0,0
BRDA:622,64,1,0
BRDA:641,65,0,0
BRDA:641,65,1,0
BRDA:647,66,0,0
BRDA:647,66,1,0
BRDA:655,67,0,0
BRDA:655,67,1,0
BRDA:690,68,0,0
BRDA:690,68,1,0
BRDA:696,69,0,0
BRDA:696,69,1,0
BRDA:698,70,0,0
BRDA:698,70,1,0
BRDA:702,71,0,0
BRDA:702,71,1,0
BRDA:715,72,0,1
BRDA:715,72,1,2
BRF:144
BRH:56
end_of_record
TN:
SF:/Users/gauravkumar/Documents/DAO/contracts/VotingEscrowDelegation.sol
FN:215,get_boost_token_data
FN:219,transfer_boost_permission
FN:225,get_boost_token_dinfo
FN:230,commit_transfer_ownership
FN:239,accept_transfer_ownership
FN:251,set_base_uri
FN:261,constructor
FN:278,update_enumeration_data
FN:376,_mint_boost
FN:390,_burn_boost
FN:442,_transfer_boost
FN:450,_set_delegation_status
FN:457,create_boost
FN:531,extend_boost
FN:614,adjusted_balance_of
FN:620,received_boost
FN:626,token_boost
FN:638,token_expiry
FN:648,token_cancel_time
FN:659,calc_boost_bias_slope
FNF:20
FNH:10
FNDA:0,get_boost_token_data
FNDA:0,transfer_boost_permission
FNDA:0,get_boost_token_dinfo
FNDA:2,commit_transfer_ownership
FNDA:1,accept_transfer_ownership
FNDA:0,set_base_uri
FNDA:16,constructor
FNDA:4,update_enumeration_data
FNDA:0,_mint_boost
FNDA:1,_burn_boost
FNDA:2,_transfer_boost
FNDA:1,_set_delegation_status
FNDA:0,create_boost
FNDA:0,extend_boost
FNDA:1,adjusted_balance_of
FNDA:1,received_boost
FNDA:1,token_boost
FNDA:0,token_expiry
FNDA:0,token_cancel_time
FNDA:0,calc_boost_bias_slope
DA:216,0
DA:220,0
DA:221,0
DA:222,0
DA:226,0
DA:233,2
DA:234,2
DA:242,1
DA:243,1
DA:255,0
DA:256,0
DA:262,16
DA:263,16
DA:264,16
DA:265,16
DA:266,16
DA:269,16
DA:279,4
DA:280,4
DA:281,4
DA:282,4
DA:283,4
DA:286,4
DA:287,1
DA:288,1
DA:289,1
DA:291,1
DA:293,1
DA:294,1
DA:295,1
DA:300,1
DA:301,1
DA:302,1
DA:305,1
DA:311,2
DA:312,2
DA:314,0
DA:316,0
DA:317,0
DA:319,0
DA:320,0
DA:323,0
DA:325,0
DA:327,0
DA:330,0
DA:331,0
DA:333,0
DA:334,0
DA:336,0
DA:337,0
DA:338,0
DA:340,0
DA:341,0
DA:343,0
DA:344,0
DA:345,0
DA:346,0
DA:354,1
DA:356,1
DA:357,1
DA:359,1
DA:360,1
DA:362,1
DA:365,1
DA:366,1
DA:367,1
DA:379,0
DA:381,0
DA:382,0
DA:383,0
DA:384,0
DA:385,0
DA:386,0
DA:391,1
DA:392,1
DA:394,1
DA:395,1
DA:398,0
DA:399,0
DA:401,0
DA:402,0
DA:403,0
DA:404,0
DA:407,0
DA:408,0
DA:409,0
DA:411,0
DA:413,0
DA:420,0
DA:423,0
DA:424,0
DA:426,0
DA:427,0
DA:428,0
DA:429,0
DA:433,0
DA:436,0
DA:437,0
DA:443,2
DA:444,2
DA:445,0
DA:451,1
DA:452,1
DA:482,0
DA:484,0
DA:486,0
DA:487,0
DA:490,0
DA:491,0
DA:492,0
DA:499,0
DA:506,0
DA:507,0
DA:509,0
DA:510,0
DA:512,0
DA:515,0
DA:518,0
DA:519,0
DA:522,0
DA:523,0
DA:524,0
DA:525,0
DA:544,0
DA:546,0
DA:547,0
DA:548,0
DA:551,0
DA:553,0
DA:555,0
DA:557,0
DA:562,0
DA:566,0
DA:571,0
DA:572,0
DA:574,0
DA:575,0
DA:578,0
DA:581,0
DA:585,0
DA:591,0
DA:592,0
DA:594,0
DA:595,0
DA:597,0
DA:600,0
DA:601,0
DA:604,0
DA:605,0
DA:606,0
DA:607,0
DA:615,1
DA:621,1
DA:631,1
DA:632,1
DA:633,1
DA:643,0
DA:654,0
DA:665,0
LF:159
LH:51
BRDA:222,1,0,0
BRDA:222,1,1,0
BRDA:233,2,0,2
BRDA:233,2,1,0
BRDA:242,3,0,1
BRDA:242,3,1,0
BRDA:255,4,0,0
BRDA:255,4,1,0
BRDA:286,5,0,1
BRDA:286,5,1,3
BRDA:306,6,0,2
BRDA:306,6,1,1
BRDA:314,7,0,0
BRDA:314,7,1,0
BRDA:325,8,0,0
BRDA:325,8,1,0
BRDA:336,9,0,0
BRDA:336,9,1,0
BRDA:354,10,0,1
BRDA:354,10,1,0
BRDA:379,11,0,0
BRDA:379,11,1,0
BRDA:379,12,0,0
BRDA:379,12,1,0
BRDA:379,13,0,0
BRDA:379,13,1,0
BRDA:394,14,0,1
BRDA:394,14,1,0
BRDA:413,15,0,0
BRDA:413,15,1,0
BRDA:423,16,0,0
BRDA:423,16,1,0
BRDA:424,17,0,0
BRDA:424,17,1,0
BRDA:427,18,0,0
BRDA:427,18,1,0
BRDA:432,19,0,0
BRDA:432,19,1,0
BRDA:486,20,0,0
BRDA:486,20,1,0
BRDA:490,21,0,0
BRDA:490,21,1,0
BRDA:491,22,0,0
BRDA:491,22,1,0
BRDA:492,23,0,0
BRDA:492,23,1,0
BRDA:507,24,0,0
BRDA:507,24,1,0
BRDA:510,25,0,0
BRDA:510,25,1,0
BRDA:518,26,0,0
BRDA:518,26,1,0
BRDA:546,27,0,0
BRDA:546,27,1,0
BRDA:547,28,0,0
BRDA:547,28,1,0
BRDA:548,29,0,0
BRDA:548,29,1,0
BRDA:562,30,0,0
BRDA:562,30,1,0
BRDA:566,31,0,0
BRDA:566,31,1,0
BRDA:574,32,0,0
BRDA:574,32,1,0
BRDA:578,33,0,0
BRDA:578,33,1,0
BRDA:591,34,0,0
BRDA:591,34,1,0
BRDA:592,35,0,0
BRDA:592,35,1,0
BRDA:595,36,0,0
BRDA:595,36,1,0
BRDA:600,37,0,0
BRDA:600,37,1,0
BRF:74
BRH:8
end_of_record
